Ablation: vit-tiny-cutmix
  spec: ViT-Tiny, optimizer: Adam
  lr: 0.000300, cosine: true, wd: 0.000100
  aug: true, label_smooth: 0.100000
ViT-Tiny-vit-tiny-cutmix: 5526346 params
Generating train step MLIR...
  762123 chars
Compiling vmfbs...
  forward compiled
  eval forward compiled
  train step compiled
  session loaded
  train: 9469 images (196608 floats/image)
  5526346 params + m + v (63 MB)
training: 295 batches/epoch, batch=32, Adam, lr=0.000300, cosine warmup=5, label_smooth=0.100000, wd=0.000100
  BN layers: 0, BN stat floats: 0
  step 0/295: loss=3.289335 (497ms)
  step 1/295: loss=2.905432 (459ms)
  step 2/295: loss=2.628573 (493ms)
  step 100/295: loss=2.234457 (434ms)
  step 200/295: loss=2.263271 (443ms)
Epoch 1/80: loss=2.151171 lr=0.000060 (131365ms)
  step 0/295: loss=1.858806 (436ms)
  step 1/295: loss=2.041976 (415ms)
  step 2/295: loss=2.181796 (434ms)
  step 100/295: loss=2.091430 (432ms)
  step 200/295: loss=1.958552 (430ms)
Epoch 2/80: loss=2.070791 lr=0.000120 (131726ms)
  step 0/295: loss=2.201745 (434ms)
  step 1/295: loss=2.284494 (438ms)
  step 2/295: loss=2.149720 (435ms)
  step 100/295: loss=1.796991 (443ms)
  step 200/295: loss=1.956223 (439ms)
Epoch 3/80: loss=1.999777 lr=0.000180 (131631ms)
  step 0/295: loss=2.068038 (435ms)
  step 1/295: loss=1.989685 (419ms)
  step 2/295: loss=2.090512 (448ms)
  step 100/295: loss=1.750752 (435ms)
  step 200/295: loss=2.033879 (432ms)
Epoch 4/80: loss=1.986746 lr=0.000240 (131943ms)
  step 0/295: loss=1.929613 (430ms)
  step 1/295: loss=1.810423 (420ms)
  step 2/295: loss=1.943646 (431ms)
  step 100/295: loss=1.878093 (451ms)
  step 200/295: loss=2.146793 (435ms)
Epoch 5/80: loss=1.964169 lr=0.000300 (132085ms)
  step 0/295: loss=1.969358 (428ms)
  step 1/295: loss=1.938338 (440ms)
  step 2/295: loss=2.018161 (447ms)
  step 100/295: loss=1.714512 (448ms)
  step 200/295: loss=1.893721 (434ms)
Epoch 6/80: loss=1.921769 lr=0.000300 (132309ms)
  step 0/295: loss=1.591517 (442ms)
  step 1/295: loss=2.139961 (439ms)
  step 2/295: loss=1.903113 (437ms)
  step 100/295: loss=1.808585 (433ms)
  step 200/295: loss=2.048558 (448ms)
Epoch 7/80: loss=1.898073 lr=0.000300 (132020ms)
  step 0/295: loss=2.050373 (448ms)
  step 1/295: loss=1.610254 (434ms)
  step 2/295: loss=1.937969 (440ms)
  step 100/295: loss=2.150951 (425ms)
  step 200/295: loss=1.847654 (428ms)
Epoch 8/80: loss=1.865885 lr=0.000299 (132213ms)
  step 0/295: loss=1.921585 (426ms)
  step 1/295: loss=1.907598 (444ms)
  step 2/295: loss=2.016595 (423ms)
  step 100/295: loss=1.785344 (420ms)
  step 200/295: loss=1.750175 (439ms)
Epoch 9/80: loss=1.866696 lr=0.000299 (132968ms)
  step 0/295: loss=1.872406 (456ms)
  step 1/295: loss=1.751726 (433ms)
  step 2/295: loss=1.464204 (439ms)
  step 100/295: loss=1.842292 (441ms)
  step 200/295: loss=1.944684 (426ms)
Epoch 10/80: loss=1.852115 lr=0.000298 (132613ms)
  val accuracy (running BN): 2100/3904 = 53.790984%
  step 0/295: loss=2.031378 (430ms)
  step 1/295: loss=1.452383 (421ms)
  step 2/295: loss=1.968745 (416ms)
  step 100/295: loss=2.117862 (437ms)
  step 200/295: loss=1.560882 (425ms)
Epoch 11/80: loss=1.828645 lr=0.000297 (132596ms)
  step 0/295: loss=1.930154 (429ms)
  step 1/295: loss=1.852012 (439ms)
  step 2/295: loss=1.840240 (442ms)
  step 100/295: loss=1.443117 (430ms)
  step 200/295: loss=1.520950 (426ms)
Epoch 12/80: loss=1.828130 lr=0.000295 (132469ms)
  step 0/295: loss=1.721771 (434ms)
  step 1/295: loss=1.827797 (442ms)
  step 2/295: loss=1.861889 (440ms)
  step 100/295: loss=2.171638 (439ms)
  step 200/295: loss=1.603134 (445ms)
Epoch 13/80: loss=1.824284 lr=0.000294 (132792ms)
  step 0/295: loss=1.652626 (425ms)
  step 1/295: loss=1.788841 (440ms)
  step 2/295: loss=1.816564 (435ms)
  step 100/295: loss=1.853528 (439ms)
  step 200/295: loss=1.898305 (439ms)
Epoch 14/80: loss=1.795672 lr=0.000292 (132512ms)
  step 0/295: loss=2.017425 (438ms)
  step 1/295: loss=2.049542 (432ms)
  step 2/295: loss=1.805016 (427ms)
  step 100/295: loss=1.818637 (427ms)
  step 200/295: loss=1.854731 (427ms)
Epoch 15/80: loss=1.807444 lr=0.000289 (132468ms)
  step 0/295: loss=1.658009 (434ms)
  step 1/295: loss=1.705607 (444ms)
  step 2/295: loss=1.531722 (429ms)
  step 100/295: loss=1.877465 (443ms)
  step 200/295: loss=1.980964 (432ms)
Epoch 16/80: loss=1.788028 lr=0.000287 (132436ms)
  step 0/295: loss=1.622940 (421ms)
  step 1/295: loss=1.880068 (440ms)
  step 2/295: loss=1.384995 (450ms)
  step 100/295: loss=1.725327 (421ms)
  step 200/295: loss=1.527013 (427ms)
Epoch 17/80: loss=1.784324 lr=0.000284 (132729ms)
  step 0/295: loss=1.398363 (457ms)
  step 1/295: loss=1.399546 (425ms)
  step 2/295: loss=1.515013 (436ms)
  step 100/295: loss=2.111357 (430ms)
  step 200/295: loss=1.556568 (429ms)
Epoch 18/80: loss=1.771862 lr=0.000281 (132243ms)
  step 0/295: loss=1.517170 (443ms)
  step 1/295: loss=1.925040 (454ms)
  step 2/295: loss=1.934564 (432ms)
  step 100/295: loss=1.339307 (439ms)
  step 200/295: loss=1.880571 (428ms)
Epoch 19/80: loss=1.767245 lr=0.000278 (132087ms)
  step 0/295: loss=2.009708 (438ms)
  step 1/295: loss=1.863060 (447ms)
  step 2/295: loss=1.819180 (412ms)
  step 100/295: loss=1.894281 (449ms)
  step 200/295: loss=1.584628 (436ms)
Epoch 20/80: loss=1.746854 lr=0.000275 (132435ms)
  val accuracy (running BN): 2412/3904 = 61.782787%
  step 0/295: loss=1.973194 (461ms)
  step 1/295: loss=1.651184 (422ms)
  step 2/295: loss=1.321213 (451ms)
  step 100/295: loss=1.843297 (426ms)
  step 200/295: loss=1.685402 (411ms)
Epoch 21/80: loss=1.753877 lr=0.000271 (132333ms)
  step 0/295: loss=1.920059 (405ms)
  step 1/295: loss=1.795479 (442ms)
  step 2/295: loss=1.867798 (433ms)
  step 100/295: loss=1.924429 (428ms)
  step 200/295: loss=1.500808 (444ms)
Epoch 22/80: loss=1.742090 lr=0.000268 (132286ms)
  step 0/295: loss=1.457430 (427ms)
  step 1/295: loss=1.847169 (435ms)
  step 2/295: loss=1.454600 (431ms)
  step 100/295: loss=1.701218 (443ms)
  step 200/295: loss=1.963938 (432ms)
Epoch 23/80: loss=1.737577 lr=0.000264 (132384ms)
  step 0/295: loss=1.796928 (442ms)
  step 1/295: loss=1.523660 (430ms)
  step 2/295: loss=1.713761 (423ms)
  step 100/295: loss=1.644432 (425ms)
  step 200/295: loss=1.702186 (429ms)
Epoch 24/80: loss=1.721118 lr=0.000259 (132509ms)
  step 0/295: loss=1.707842 (424ms)
  step 1/295: loss=1.942969 (424ms)
  step 2/295: loss=1.787298 (454ms)
  step 100/295: loss=1.467560 (432ms)
  step 200/295: loss=1.709708 (447ms)
Epoch 25/80: loss=1.712758 lr=0.000255 (132344ms)
  step 0/295: loss=1.695557 (407ms)
  step 1/295: loss=1.211093 (450ms)
  step 2/295: loss=1.558565 (425ms)
  step 100/295: loss=1.757528 (420ms)
  step 200/295: loss=1.654373 (431ms)
Epoch 26/80: loss=1.721234 lr=0.000250 (132378ms)
  step 0/295: loss=2.047209 (451ms)
  step 1/295: loss=1.814899 (417ms)
  step 2/295: loss=1.814759 (451ms)
  step 100/295: loss=1.806824 (429ms)
  step 200/295: loss=1.726821 (448ms)
Epoch 27/80: loss=1.726770 lr=0.000246 (132688ms)
  step 0/295: loss=1.847688 (435ms)
  step 1/295: loss=1.399349 (446ms)
  step 2/295: loss=1.392022 (431ms)
  step 100/295: loss=1.867233 (433ms)
  step 200/295: loss=1.812108 (438ms)
Epoch 28/80: loss=1.697110 lr=0.000241 (132695ms)
  step 0/295: loss=1.495960 (442ms)
  step 1/295: loss=1.334357 (430ms)
  step 2/295: loss=1.475617 (432ms)
  step 100/295: loss=1.903143 (441ms)
  step 200/295: loss=1.310690 (445ms)
Epoch 29/80: loss=1.692762 lr=0.000236 (132749ms)
  step 0/295: loss=1.683427 (440ms)
  step 1/295: loss=1.865332 (418ms)
  step 2/295: loss=1.708124 (427ms)
  step 100/295: loss=1.744787 (436ms)
  step 200/295: loss=1.223541 (444ms)
Epoch 30/80: loss=1.693677 lr=0.000230 (132447ms)
  val accuracy (running BN): 2668/3904 = 68.340164%
  step 0/295: loss=1.764578 (452ms)
  step 1/295: loss=1.648702 (428ms)
  step 2/295: loss=1.940559 (410ms)
  step 100/295: loss=1.728836 (442ms)
  step 200/295: loss=1.967460 (433ms)
Epoch 31/80: loss=1.674393 lr=0.000225 (132533ms)
  step 0/295: loss=1.989851 (430ms)
  step 1/295: loss=1.326543 (428ms)
  step 2/295: loss=1.857481 (422ms)
  step 100/295: loss=1.406203 (424ms)
  step 200/295: loss=1.829753 (436ms)
Epoch 32/80: loss=1.675640 lr=0.000219 (132485ms)
  step 0/295: loss=1.734411 (445ms)
  step 1/295: loss=1.687725 (423ms)
  step 2/295: loss=1.710945 (436ms)
  step 100/295: loss=1.487780 (432ms)
  step 200/295: loss=1.815150 (425ms)
Epoch 33/80: loss=1.656293 lr=0.000214 (132487ms)
  step 0/295: loss=1.365827 (452ms)
  step 1/295: loss=1.475110 (434ms)
  step 2/295: loss=1.077168 (428ms)
  step 100/295: loss=1.558132 (442ms)
  step 200/295: loss=1.784311 (444ms)
Epoch 34/80: loss=1.658298 lr=0.000208 (132581ms)
  step 0/295: loss=1.685079 (428ms)
  step 1/295: loss=1.880561 (430ms)
  step 2/295: loss=1.803511 (435ms)
  step 100/295: loss=1.535440 (443ms)
  step 200/295: loss=1.057711 (422ms)
Epoch 35/80: loss=1.667503 lr=0.000202 (132592ms)
  step 0/295: loss=1.824293 (440ms)
  step 1/295: loss=1.592645 (423ms)
  step 2/295: loss=1.619143 (440ms)
  step 100/295: loss=1.689792 (439ms)
  step 200/295: loss=1.757083 (438ms)
Epoch 36/80: loss=1.646115 lr=0.000196 (132318ms)
  step 0/295: loss=1.758521 (432ms)
  step 1/295: loss=1.692172 (434ms)
  step 2/295: loss=1.414855 (443ms)
  step 100/295: loss=1.874710 (433ms)
  step 200/295: loss=1.991526 (443ms)
Epoch 37/80: loss=1.645475 lr=0.000190 (132639ms)
  step 0/295: loss=1.891523 (440ms)
  step 1/295: loss=1.616060 (437ms)
  step 2/295: loss=1.833474 (426ms)
  step 100/295: loss=1.815678 (442ms)
  step 200/295: loss=1.759801 (434ms)
Epoch 38/80: loss=1.631896 lr=0.000184 (132305ms)
  step 0/295: loss=1.012731 (429ms)
  step 1/295: loss=1.948972 (421ms)
  step 2/295: loss=1.619459 (444ms)
  step 100/295: loss=1.652520 (433ms)
  step 200/295: loss=1.786878 (431ms)
Epoch 39/80: loss=1.634029 lr=0.000178 (132477ms)
  step 0/295: loss=1.375834 (418ms)
  step 1/295: loss=1.725637 (449ms)
  step 2/295: loss=1.533396 (443ms)
  step 100/295: loss=1.570415 (426ms)
  step 200/295: loss=1.356155 (412ms)
Epoch 40/80: loss=1.632529 lr=0.000172 (132382ms)
  val accuracy (running BN): 2795/3904 = 71.593238%
  step 0/295: loss=1.498148 (434ms)
  step 1/295: loss=1.365525 (426ms)
  step 2/295: loss=1.692551 (446ms)
  step 100/295: loss=1.552660 (420ms)
  step 200/295: loss=1.365300 (435ms)
Epoch 41/80: loss=1.612790 lr=0.000166 (132303ms)
  step 0/295: loss=1.657064 (453ms)
  step 1/295: loss=1.160268 (427ms)
  step 2/295: loss=1.310587 (437ms)
  step 100/295: loss=1.726048 (447ms)
  step 200/295: loss=1.785115 (436ms)
Epoch 42/80: loss=1.607917 lr=0.000159 (132134ms)
  step 0/295: loss=1.834029 (439ms)
  step 1/295: loss=1.861136 (436ms)
  step 2/295: loss=1.479345 (433ms)
  step 100/295: loss=1.538811 (448ms)
  step 200/295: loss=1.245057 (439ms)
Epoch 43/80: loss=1.597434 lr=0.000153 (132389ms)
  step 0/295: loss=1.199623 (424ms)
  step 1/295: loss=1.674395 (448ms)
  step 2/295: loss=1.500081 (416ms)
  step 100/295: loss=1.118155 (435ms)
  step 200/295: loss=1.699784 (420ms)
Epoch 44/80: loss=1.592140 lr=0.000147 (132277ms)
  step 0/295: loss=1.585547 (417ms)
  step 1/295: loss=1.221675 (442ms)
  step 2/295: loss=1.870327 (433ms)
  step 100/295: loss=1.513121 (430ms)
  step 200/295: loss=1.679206 (446ms)
Epoch 45/80: loss=1.583730 lr=0.000141 (132155ms)
  step 0/295: loss=1.749364 (414ms)
  step 1/295: loss=1.608574 (431ms)
  step 2/295: loss=1.744883 (443ms)
  step 100/295: loss=1.480875 (411ms)
  step 200/295: loss=1.224241 (418ms)
Epoch 46/80: loss=1.579405 lr=0.000134 (132432ms)
  step 0/295: loss=1.384905 (443ms)
  step 1/295: loss=1.677103 (445ms)
  step 2/295: loss=1.932106 (428ms)
  step 100/295: loss=1.653365 (435ms)
  step 200/295: loss=1.571774 (426ms)
Epoch 47/80: loss=1.586483 lr=0.000128 (132193ms)
  step 0/295: loss=1.874360 (454ms)
  step 1/295: loss=1.452064 (423ms)
  step 2/295: loss=1.514159 (432ms)
  step 100/295: loss=1.716618 (432ms)
  step 200/295: loss=1.565948 (450ms)
Epoch 48/80: loss=1.566855 lr=0.000122 (132541ms)
  step 0/295: loss=1.651730 (413ms)
  step 1/295: loss=1.286518 (413ms)
  step 2/295: loss=1.281286 (424ms)
  step 100/295: loss=1.648967 (432ms)
  step 200/295: loss=1.878960 (422ms)
Epoch 49/80: loss=1.567715 lr=0.000116 (132417ms)
  step 0/295: loss=1.529074 (417ms)
  step 1/295: loss=1.209617 (434ms)
  step 2/295: loss=1.377298 (458ms)
  step 100/295: loss=1.389355 (426ms)
  step 200/295: loss=1.828760 (421ms)
Epoch 50/80: loss=1.569028 lr=0.000110 (132266ms)
  val accuracy (running BN): 2846/3904 = 72.899590%
  step 0/295: loss=1.862558 (445ms)
  step 1/295: loss=1.481833 (425ms)
  step 2/295: loss=1.784646 (429ms)
  step 100/295: loss=1.480730 (418ms)
  step 200/295: loss=1.073129 (438ms)
Epoch 51/80: loss=1.564619 lr=0.000104 (132271ms)
  step 0/295: loss=1.113492 (447ms)
  step 1/295: loss=1.587401 (430ms)
  step 2/295: loss=1.909680 (433ms)
  step 100/295: loss=1.630531 (447ms)
  step 200/295: loss=1.504533 (445ms)
Epoch 52/80: loss=1.553384 lr=0.000098 (133400ms)
  step 0/295: loss=1.835197 (422ms)
  step 1/295: loss=1.705445 (426ms)
  step 2/295: loss=1.720350 (450ms)
  step 100/295: loss=1.662954 (449ms)
  step 200/295: loss=1.899500 (442ms)
Epoch 53/80: loss=1.562616 lr=0.000092 (132507ms)
  step 0/295: loss=1.381020 (421ms)
  step 1/295: loss=1.543090 (443ms)
  step 2/295: loss=1.823655 (431ms)
  step 100/295: loss=1.516809 (444ms)
  step 200/295: loss=1.306158 (434ms)
Epoch 54/80: loss=1.527844 lr=0.000086 (132573ms)
  step 0/295: loss=1.140774 (413ms)
  step 1/295: loss=1.335040 (432ms)
  step 2/295: loss=1.830595 (441ms)
  step 100/295: loss=1.354224 (449ms)
  step 200/295: loss=1.581498 (434ms)
Epoch 55/80: loss=1.539829 lr=0.000081 (132563ms)
  step 0/295: loss=1.781132 (457ms)
  step 1/295: loss=1.695593 (428ms)
  step 2/295: loss=1.483503 (436ms)
  step 100/295: loss=1.137426 (434ms)
  step 200/295: loss=1.139227 (422ms)
Epoch 56/80: loss=1.521888 lr=0.000075 (132405ms)
  step 0/295: loss=1.046102 (427ms)
  step 1/295: loss=1.365729 (432ms)
  step 2/295: loss=1.588480 (418ms)
  step 100/295: loss=1.430702 (436ms)
  step 200/295: loss=1.575897 (421ms)
Epoch 57/80: loss=1.534231 lr=0.000070 (132519ms)
  step 0/295: loss=1.618472 (430ms)
  step 1/295: loss=1.433306 (409ms)
  step 2/295: loss=0.972548 (437ms)
  step 100/295: loss=1.667777 (436ms)
  step 200/295: loss=1.489933 (424ms)
Epoch 58/80: loss=1.509184 lr=0.000064 (132700ms)
  step 0/295: loss=1.419632 (418ms)
  step 1/295: loss=1.836229 (440ms)
  step 2/295: loss=1.673767 (430ms)
  step 100/295: loss=1.107794 (430ms)
  step 200/295: loss=1.823392 (435ms)
Epoch 59/80: loss=1.514272 lr=0.000059 (132695ms)
  step 0/295: loss=1.379592 (445ms)
  step 1/295: loss=1.254294 (451ms)
  step 2/295: loss=1.536528 (423ms)
  step 100/295: loss=1.500554 (438ms)
  step 200/295: loss=1.658632 (445ms)
Epoch 60/80: loss=1.520282 lr=0.000054 (132591ms)
  val accuracy (running BN): 2914/3904 = 74.641393%
  step 0/295: loss=1.118155 (436ms)
  step 1/295: loss=1.732676 (417ms)
  step 2/295: loss=1.099798 (430ms)
  step 100/295: loss=1.674789 (408ms)
  step 200/295: loss=0.991315 (400ms)
Epoch 61/80: loss=1.488604 lr=0.000050 (123237ms)
  step 0/295: loss=1.559594 (393ms)
  step 1/295: loss=1.298103 (413ms)
  step 2/295: loss=1.274642 (399ms)
  step 100/295: loss=1.590769 (425ms)
  step 200/295: loss=1.823376 (408ms)
Epoch 62/80: loss=1.497034 lr=0.000045 (122717ms)
  step 0/295: loss=1.422053 (412ms)
  step 1/295: loss=1.382061 (405ms)
  step 2/295: loss=1.292085 (382ms)
  step 100/295: loss=1.659445 (411ms)
  step 200/295: loss=1.738358 (401ms)
Epoch 63/80: loss=1.494634 lr=0.000041 (123589ms)
  step 0/295: loss=1.665930 (393ms)
  step 1/295: loss=1.754048 (386ms)
  step 2/295: loss=1.781735 (385ms)
  step 100/295: loss=1.458898 (391ms)
  step 200/295: loss=1.651624 (382ms)
Epoch 64/80: loss=1.496764 lr=0.000036 (122407ms)
  step 0/295: loss=1.663365 (397ms)
  step 1/295: loss=1.405796 (393ms)
  step 2/295: loss=1.117889 (405ms)
  step 100/295: loss=1.645702 (416ms)
  step 200/295: loss=1.556114 (419ms)
Epoch 65/80: loss=1.489383 lr=0.000032 (122219ms)
  step 0/295: loss=1.629844 (385ms)
  step 1/295: loss=1.640553 (392ms)
  step 2/295: loss=1.567355 (388ms)
  step 100/295: loss=1.080056 (406ms)
  step 200/295: loss=0.951553 (396ms)
Epoch 66/80: loss=1.478285 lr=0.000029 (122761ms)
  step 0/295: loss=1.638441 (406ms)
  step 1/295: loss=1.223202 (409ms)
  step 2/295: loss=1.634981 (402ms)
  step 100/295: loss=1.625938 (410ms)
  step 200/295: loss=1.512328 (400ms)
Epoch 67/80: loss=1.485297 lr=0.000025 (122162ms)
  step 0/295: loss=1.347547 (398ms)
  step 1/295: loss=1.352092 (375ms)
  step 2/295: loss=0.944945 (392ms)
  step 100/295: loss=0.874254 (399ms)
  step 200/295: loss=1.820774 (384ms)
Epoch 68/80: loss=1.470540 lr=0.000022 (122159ms)
  step 0/295: loss=1.678746 (395ms)
  step 1/295: loss=1.472862 (401ms)
  step 2/295: loss=1.696148 (384ms)
  step 100/295: loss=1.214465 (409ms)
  step 200/295: loss=1.461970 (394ms)
Epoch 69/80: loss=1.462725 lr=0.000019 (122278ms)
  step 0/295: loss=1.673288 (388ms)
  step 1/295: loss=1.728694 (405ms)
  step 2/295: loss=0.874190 (388ms)
  step 100/295: loss=1.534315 (413ms)
  step 200/295: loss=1.525572 (402ms)
Epoch 70/80: loss=1.464548 lr=0.000016 (122143ms)
  val accuracy (running BN): 2976/3904 = 76.229508%
  step 0/295: loss=1.106105 (389ms)
  step 1/295: loss=1.572882 (394ms)
  step 2/295: loss=1.443051 (404ms)
  step 100/295: loss=1.408624 (407ms)
  step 200/295: loss=1.464739 (401ms)
Epoch 71/80: loss=1.447891 lr=0.000013 (122302ms)
  step 0/295: loss=1.646044 (395ms)
  step 1/295: loss=1.417360 (385ms)
  step 2/295: loss=1.469950 (385ms)
  step 100/295: loss=1.780346 (405ms)
  step 200/295: loss=1.328967 (409ms)
Epoch 72/80: loss=1.474161 lr=0.000011 (122449ms)
  step 0/295: loss=0.899733 (422ms)
  step 1/295: loss=1.328662 (388ms)
  step 2/295: loss=1.506227 (395ms)
  step 100/295: loss=1.478703 (386ms)
  step 200/295: loss=1.573371 (401ms)
Epoch 73/80: loss=1.470408 lr=0.000008 (121984ms)
  step 0/295: loss=1.413317 (390ms)
  step 1/295: loss=1.423831 (398ms)
  step 2/295: loss=1.576523 (407ms)
  step 100/295: loss=1.435530 (383ms)
  step 200/295: loss=1.630604 (411ms)
Epoch 74/80: loss=1.454965 lr=0.000006 (121951ms)
  step 0/295: loss=1.260505 (394ms)
  step 1/295: loss=1.499057 (395ms)
  step 2/295: loss=1.269352 (410ms)
  step 100/295: loss=0.918585 (411ms)
  step 200/295: loss=1.640433 (388ms)
Epoch 75/80: loss=1.481613 lr=0.000005 (122176ms)
  step 0/295: loss=1.428835 (398ms)
  step 1/295: loss=1.379581 (394ms)
  step 2/295: loss=1.041295 (391ms)
  step 100/295: loss=1.687064 (385ms)
  step 200/295: loss=1.461478 (403ms)
Epoch 76/80: loss=1.441091 lr=0.000003 (121787ms)
  step 0/295: loss=1.555522 (402ms)
  step 1/295: loss=1.653157 (408ms)
  step 2/295: loss=1.431039 (415ms)
  step 100/295: loss=1.790273 (397ms)
  step 200/295: loss=1.127569 (397ms)
Epoch 77/80: loss=1.474618 lr=0.000002 (122338ms)
  step 0/295: loss=1.282194 (419ms)
  step 1/295: loss=1.189390 (397ms)
  step 2/295: loss=1.271570 (390ms)
  step 100/295: loss=1.519701 (410ms)
  step 200/295: loss=1.558962 (422ms)
Epoch 78/80: loss=1.447001 lr=0.000001 (122614ms)
  step 0/295: loss=1.817773 (413ms)
  step 1/295: loss=0.929623 (399ms)
  step 2/295: loss=1.438218 (421ms)
  step 100/295: loss=1.182887 (388ms)
  step 200/295: loss=1.522768 (403ms)
Epoch 79/80: loss=1.457016 lr=0.000001 (122765ms)
  step 0/295: loss=1.602174 (407ms)
  step 1/295: loss=1.293747 (417ms)
  step 2/295: loss=1.444542 (393ms)
  step 100/295: loss=1.239423 (393ms)
  step 200/295: loss=0.943885 (390ms)
Epoch 80/80: loss=1.459818 lr=0.000000 (122252ms)
  val accuracy (running BN): 3010/3904 = 77.100410%
Saved params + BN stats.
