Ablation: vit-tiny-erase
  spec: ViT-Tiny, optimizer: Adam
  lr: 0.000300, cosine: true, wd: 0.000100
  aug: true, label_smooth: 0.100000
ViT-Tiny-vit-tiny-erase: 5526346 params
Generating train step MLIR...
  762594 chars
Compiling vmfbs...
  forward compiled
  eval forward compiled
  train step compiled
  session loaded
  train: 9469 images (196608 floats/image)
  5526346 params + m + v (63 MB)
training: 295 batches/epoch, batch=32, Adam, lr=0.000300, cosine warmup=5, label_smooth=0.100000, wd=0.000100
  BN layers: 0, BN stat floats: 0
  step 0/295: loss=3.312917 (385ms)
  step 1/295: loss=2.920650 (360ms)
  step 2/295: loss=2.679700 (362ms)
  step 100/295: loss=1.996849 (313ms)
  step 200/295: loss=2.155976 (327ms)
Epoch 1/80: loss=1.940094 lr=0.000060 (100617ms)
  step 0/295: loss=1.698294 (330ms)
  step 1/295: loss=1.564045 (325ms)
  step 2/295: loss=1.683535 (327ms)
  step 100/295: loss=1.835522 (323ms)
  step 200/295: loss=1.594953 (321ms)
Epoch 2/80: loss=1.742725 lr=0.000120 (100441ms)
  step 0/295: loss=1.832590 (323ms)
  step 1/295: loss=1.885329 (317ms)
  step 2/295: loss=1.793732 (330ms)
  step 100/295: loss=1.524756 (319ms)
  step 200/295: loss=1.428206 (311ms)
Epoch 3/80: loss=1.625398 lr=0.000180 (100487ms)
  step 0/295: loss=1.805323 (330ms)
  step 1/295: loss=1.588462 (308ms)
  step 2/295: loss=1.834684 (321ms)
  step 100/295: loss=1.655488 (316ms)
  step 200/295: loss=1.449698 (330ms)
Epoch 4/80: loss=1.568433 lr=0.000240 (100303ms)
  step 0/295: loss=1.297924 (336ms)
  step 1/295: loss=1.735798 (321ms)
  step 2/295: loss=1.445589 (340ms)
  step 100/295: loss=1.545195 (316ms)
  step 200/295: loss=1.533528 (324ms)
Epoch 5/80: loss=1.521607 lr=0.000300 (100326ms)
  step 0/295: loss=1.548505 (326ms)
  step 1/295: loss=1.173657 (310ms)
  step 2/295: loss=1.408440 (318ms)
  step 100/295: loss=1.303062 (321ms)
  step 200/295: loss=1.927206 (316ms)
Epoch 6/80: loss=1.462152 lr=0.000300 (100440ms)
  step 0/295: loss=1.298216 (334ms)
  step 1/295: loss=1.561755 (309ms)
  step 2/295: loss=1.541916 (316ms)
  step 100/295: loss=1.231313 (320ms)
  step 200/295: loss=1.545340 (328ms)
Epoch 7/80: loss=1.431973 lr=0.000300 (100441ms)
  step 0/295: loss=1.373599 (333ms)
  step 1/295: loss=1.468050 (328ms)
  step 2/295: loss=1.515670 (305ms)
  step 100/295: loss=1.584869 (332ms)
  step 200/295: loss=1.195995 (320ms)
Epoch 8/80: loss=1.393618 lr=0.000299 (100480ms)
  step 0/295: loss=1.358441 (321ms)
  step 1/295: loss=1.393832 (307ms)
  step 2/295: loss=1.371726 (305ms)
  step 100/295: loss=1.271113 (323ms)
  step 200/295: loss=1.274641 (334ms)
Epoch 9/80: loss=1.369958 lr=0.000299 (100297ms)
  step 0/295: loss=1.182208 (333ms)
  step 1/295: loss=1.363861 (327ms)
  step 2/295: loss=1.259907 (326ms)
  step 100/295: loss=1.443047 (314ms)
  step 200/295: loss=1.356154 (319ms)
Epoch 10/80: loss=1.333156 lr=0.000298 (100499ms)
  val accuracy (running BN): 2304/3904 = 59.016393%
  step 0/295: loss=1.408991 (318ms)
  step 1/295: loss=0.981979 (323ms)
  step 2/295: loss=1.092705 (315ms)
  step 100/295: loss=1.555361 (329ms)
  step 200/295: loss=1.204498 (330ms)
Epoch 11/80: loss=1.315806 lr=0.000297 (100229ms)
  step 0/295: loss=1.232476 (330ms)
  step 1/295: loss=1.349597 (324ms)
  step 2/295: loss=1.230435 (330ms)
  step 100/295: loss=1.230862 (328ms)
  step 200/295: loss=1.209394 (333ms)
Epoch 12/80: loss=1.300796 lr=0.000295 (100411ms)
  step 0/295: loss=1.596256 (330ms)
  step 1/295: loss=1.240670 (325ms)
  step 2/295: loss=1.322876 (320ms)
  step 100/295: loss=1.345634 (309ms)
  step 200/295: loss=1.502975 (332ms)
Epoch 13/80: loss=1.288133 lr=0.000294 (100470ms)
  step 0/295: loss=1.079986 (335ms)
  step 1/295: loss=1.273790 (315ms)
  step 2/295: loss=1.170514 (334ms)
  step 100/295: loss=1.416798 (322ms)
  step 200/295: loss=1.399932 (325ms)
Epoch 14/80: loss=1.264506 lr=0.000292 (100167ms)
  step 0/295: loss=1.256056 (340ms)
  step 1/295: loss=1.419413 (325ms)
  step 2/295: loss=1.087741 (311ms)
  step 100/295: loss=1.156359 (304ms)
  step 200/295: loss=1.340525 (323ms)
Epoch 15/80: loss=1.251422 lr=0.000289 (100225ms)
  step 0/295: loss=1.500362 (332ms)
  step 1/295: loss=1.112435 (320ms)
  step 2/295: loss=1.229027 (335ms)
  step 100/295: loss=1.220746 (333ms)
  step 200/295: loss=1.109042 (330ms)
Epoch 16/80: loss=1.235914 lr=0.000287 (100553ms)
  step 0/295: loss=1.018035 (334ms)
  step 1/295: loss=1.638341 (322ms)
  step 2/295: loss=1.020782 (322ms)
  step 100/295: loss=0.972874 (301ms)
  step 200/295: loss=1.135858 (326ms)
Epoch 17/80: loss=1.216208 lr=0.000284 (100477ms)
  step 0/295: loss=1.057615 (309ms)
  step 1/295: loss=1.088667 (327ms)
  step 2/295: loss=1.242524 (308ms)
  step 100/295: loss=1.267056 (328ms)
  step 200/295: loss=0.903040 (319ms)
Epoch 18/80: loss=1.205966 lr=0.000281 (100015ms)
  step 0/295: loss=1.175229 (337ms)
  step 1/295: loss=1.068730 (311ms)
  step 2/295: loss=1.277751 (326ms)
  step 100/295: loss=1.000609 (326ms)
  step 200/295: loss=1.299502 (333ms)
Epoch 19/80: loss=1.163236 lr=0.000278 (100365ms)
  step 0/295: loss=1.157890 (310ms)
  step 1/295: loss=1.256552 (321ms)
  step 2/295: loss=1.164535 (325ms)
  step 100/295: loss=1.062443 (306ms)
  step 200/295: loss=1.142321 (331ms)
Epoch 20/80: loss=1.159863 lr=0.000275 (100323ms)
  val accuracy (running BN): 2572/3904 = 65.881148%
  step 0/295: loss=1.202729 (328ms)
  step 1/295: loss=0.984948 (321ms)
  step 2/295: loss=1.032397 (315ms)
  step 100/295: loss=1.050974 (331ms)
  step 200/295: loss=1.173647 (317ms)
Epoch 21/80: loss=1.147579 lr=0.000271 (100433ms)
  step 0/295: loss=1.308668 (338ms)
  step 1/295: loss=1.258397 (328ms)
  step 2/295: loss=1.058509 (324ms)
  step 100/295: loss=1.407273 (315ms)
  step 200/295: loss=1.112405 (326ms)
Epoch 22/80: loss=1.137449 lr=0.000268 (100495ms)
  step 0/295: loss=1.202025 (329ms)
  step 1/295: loss=1.153679 (327ms)
  step 2/295: loss=0.932889 (317ms)
  step 100/295: loss=1.074284 (321ms)
  step 200/295: loss=1.300233 (335ms)
Epoch 23/80: loss=1.103992 lr=0.000264 (100521ms)
  step 0/295: loss=1.336838 (341ms)
  step 1/295: loss=1.370347 (318ms)
  step 2/295: loss=1.087526 (320ms)
  step 100/295: loss=1.269274 (322ms)
  step 200/295: loss=1.420943 (306ms)
Epoch 24/80: loss=1.090223 lr=0.000259 (100574ms)
  step 0/295: loss=0.950226 (326ms)
  step 1/295: loss=1.199565 (336ms)
  step 2/295: loss=0.928558 (315ms)
  step 100/295: loss=0.959511 (331ms)
  step 200/295: loss=0.941534 (320ms)
Epoch 25/80: loss=1.083921 lr=0.000255 (100661ms)
  step 0/295: loss=0.874808 (318ms)
  step 1/295: loss=1.001607 (321ms)
  step 2/295: loss=1.084277 (292ms)
  step 100/295: loss=0.843177 (329ms)
  step 200/295: loss=1.144467 (331ms)
Epoch 26/80: loss=1.058736 lr=0.000250 (100725ms)
  step 0/295: loss=1.122321 (326ms)
  step 1/295: loss=0.921389 (309ms)
  step 2/295: loss=1.108605 (334ms)
  step 100/295: loss=0.828978 (325ms)
  step 200/295: loss=0.947280 (308ms)
Epoch 27/80: loss=1.045143 lr=0.000246 (100133ms)
  step 0/295: loss=0.908969 (329ms)
  step 1/295: loss=1.107577 (330ms)
  step 2/295: loss=1.211972 (334ms)
  step 100/295: loss=1.274346 (310ms)
  step 200/295: loss=1.192708 (324ms)
Epoch 28/80: loss=1.029031 lr=0.000241 (100307ms)
  step 0/295: loss=1.038897 (322ms)
  step 1/295: loss=0.951862 (337ms)
  step 2/295: loss=0.842109 (315ms)
  step 100/295: loss=0.927808 (329ms)
  step 200/295: loss=0.871245 (329ms)
Epoch 29/80: loss=1.014434 lr=0.000236 (100210ms)
  step 0/295: loss=1.012800 (325ms)
  step 1/295: loss=1.104603 (329ms)
  step 2/295: loss=1.021314 (328ms)
  step 100/295: loss=1.110971 (334ms)
  step 200/295: loss=1.200850 (336ms)
Epoch 30/80: loss=1.003083 lr=0.000230 (100384ms)
  val accuracy (running BN): 2587/3904 = 66.265369%
  step 0/295: loss=1.149127 (320ms)
  step 1/295: loss=0.968784 (308ms)
  step 2/295: loss=1.088617 (316ms)
  step 100/295: loss=0.834794 (334ms)
  step 200/295: loss=1.040771 (325ms)
Epoch 31/80: loss=0.972417 lr=0.000225 (100385ms)
  step 0/295: loss=1.008750 (322ms)
  step 1/295: loss=1.085868 (320ms)
  step 2/295: loss=0.991964 (325ms)
  step 100/295: loss=0.935690 (296ms)
  step 200/295: loss=1.068598 (332ms)
Epoch 32/80: loss=0.964018 lr=0.000219 (100377ms)
  step 0/295: loss=0.820114 (315ms)
  step 1/295: loss=0.842784 (327ms)
  step 2/295: loss=0.809388 (313ms)
  step 100/295: loss=1.077490 (313ms)
  step 200/295: loss=1.191758 (326ms)
Epoch 33/80: loss=0.925885 lr=0.000214 (100311ms)
  step 0/295: loss=0.837825 (331ms)
  step 1/295: loss=0.892844 (317ms)
  step 2/295: loss=0.791387 (331ms)
  step 100/295: loss=0.825112 (310ms)
  step 200/295: loss=0.933099 (313ms)
Epoch 34/80: loss=0.922720 lr=0.000208 (100194ms)
  step 0/295: loss=0.798783 (337ms)
  step 1/295: loss=0.918479 (313ms)
  step 2/295: loss=0.979739 (335ms)
  step 100/295: loss=0.886245 (313ms)
  step 200/295: loss=0.753097 (319ms)
Epoch 35/80: loss=0.899342 lr=0.000202 (100373ms)
  step 0/295: loss=0.905908 (323ms)
  step 1/295: loss=0.772090 (319ms)
  step 2/295: loss=0.626136 (327ms)
  step 100/295: loss=0.764238 (321ms)
  step 200/295: loss=0.898546 (331ms)
Epoch 36/80: loss=0.876544 lr=0.000196 (100178ms)
  step 0/295: loss=0.943343 (330ms)
  step 1/295: loss=0.864724 (334ms)
  step 2/295: loss=0.921471 (310ms)
  step 100/295: loss=0.977900 (322ms)
  step 200/295: loss=1.118038 (320ms)
Epoch 37/80: loss=0.874509 lr=0.000190 (100466ms)
  step 0/295: loss=0.749836 (325ms)
  step 1/295: loss=0.809716 (332ms)
  step 2/295: loss=0.622189 (324ms)
  step 100/295: loss=0.877847 (324ms)
  step 200/295: loss=0.994580 (319ms)
Epoch 38/80: loss=0.852492 lr=0.000184 (100389ms)
  step 0/295: loss=0.659544 (324ms)
  step 1/295: loss=0.773350 (333ms)
  step 2/295: loss=0.772241 (320ms)
  step 100/295: loss=0.865729 (328ms)
  step 200/295: loss=0.912280 (325ms)
Epoch 39/80: loss=0.831583 lr=0.000178 (100245ms)
  step 0/295: loss=0.787377 (317ms)
  step 1/295: loss=0.706865 (336ms)
  step 2/295: loss=0.770080 (326ms)
  step 100/295: loss=0.772645 (328ms)
  step 200/295: loss=0.764263 (333ms)
Epoch 40/80: loss=0.800342 lr=0.000172 (100468ms)
  val accuracy (running BN): 2721/3904 = 69.697746%
  step 0/295: loss=0.707150 (342ms)
  step 1/295: loss=0.710024 (311ms)
  step 2/295: loss=0.737109 (334ms)
  step 100/295: loss=0.650791 (330ms)
  step 200/295: loss=0.806894 (310ms)
Epoch 41/80: loss=0.793766 lr=0.000166 (100364ms)
  step 0/295: loss=0.692554 (321ms)
  step 1/295: loss=0.657706 (330ms)
  step 2/295: loss=0.912813 (321ms)
  step 100/295: loss=0.684894 (324ms)
  step 200/295: loss=0.703328 (326ms)
Epoch 42/80: loss=0.779673 lr=0.000159 (100399ms)
  step 0/295: loss=0.697698 (324ms)
  step 1/295: loss=0.625364 (324ms)
  step 2/295: loss=0.720579 (325ms)
  step 100/295: loss=0.717945 (308ms)
  step 200/295: loss=0.773450 (315ms)
Epoch 43/80: loss=0.768583 lr=0.000153 (100593ms)
  step 0/295: loss=0.711138 (313ms)
  step 1/295: loss=0.653070 (333ms)
  step 2/295: loss=0.624455 (313ms)
  step 100/295: loss=0.668417 (321ms)
  step 200/295: loss=0.882054 (306ms)
Epoch 44/80: loss=0.758077 lr=0.000147 (100426ms)
  step 0/295: loss=0.678752 (319ms)
  step 1/295: loss=0.780535 (327ms)
  step 2/295: loss=0.857571 (302ms)
  step 100/295: loss=0.753524 (334ms)
  step 200/295: loss=0.644912 (325ms)
Epoch 45/80: loss=0.738109 lr=0.000141 (100508ms)
  step 0/295: loss=0.727055 (311ms)
  step 1/295: loss=0.637367 (332ms)
  step 2/295: loss=0.692764 (324ms)
  step 100/295: loss=0.794312 (318ms)
  step 200/295: loss=0.730344 (322ms)
Epoch 46/80: loss=0.721460 lr=0.000134 (100576ms)
  step 0/295: loss=0.625468 (331ms)
  step 1/295: loss=0.556875 (316ms)
  step 2/295: loss=0.968858 (327ms)
  step 100/295: loss=0.814209 (318ms)
  step 200/295: loss=0.660167 (317ms)
Epoch 47/80: loss=0.710162 lr=0.000128 (100683ms)
  step 0/295: loss=0.653624 (338ms)
  step 1/295: loss=0.632419 (322ms)
  step 2/295: loss=0.750106 (320ms)
  step 100/295: loss=0.750814 (323ms)
  step 200/295: loss=0.680864 (314ms)
Epoch 48/80: loss=0.697640 lr=0.000122 (100303ms)
  step 0/295: loss=0.671839 (336ms)
  step 1/295: loss=0.602736 (315ms)
  step 2/295: loss=0.667212 (326ms)
  step 100/295: loss=0.680951 (322ms)
  step 200/295: loss=0.733442 (327ms)
Epoch 49/80: loss=0.685696 lr=0.000116 (100870ms)
  step 0/295: loss=0.664727 (320ms)
  step 1/295: loss=0.569999 (328ms)
  step 2/295: loss=0.718393 (324ms)
  step 100/295: loss=0.550086 (331ms)
  step 200/295: loss=0.732168 (318ms)
Epoch 50/80: loss=0.674805 lr=0.000110 (100204ms)
  val accuracy (running BN): 2718/3904 = 69.620902%
  step 0/295: loss=0.662945 (330ms)
  step 1/295: loss=0.652113 (324ms)
  step 2/295: loss=0.705263 (322ms)
  step 100/295: loss=0.568196 (292ms)
  step 200/295: loss=0.656410 (316ms)
Epoch 51/80: loss=0.662651 lr=0.000104 (100552ms)
  step 0/295: loss=0.717348 (327ms)
  step 1/295: loss=0.651368 (330ms)
  step 2/295: loss=0.615400 (323ms)
  step 100/295: loss=0.636299 (319ms)
  step 200/295: loss=0.772502 (318ms)
Epoch 52/80: loss=0.650510 lr=0.000098 (100270ms)
  step 0/295: loss=0.616983 (302ms)
  step 1/295: loss=0.599659 (320ms)
  step 2/295: loss=0.656906 (314ms)
  step 100/295: loss=0.838150 (329ms)
  step 200/295: loss=0.598384 (329ms)
Epoch 53/80: loss=0.650688 lr=0.000092 (99994ms)
  step 0/295: loss=0.634360 (308ms)
  step 1/295: loss=0.697346 (330ms)
  step 2/295: loss=0.652672 (315ms)
  step 100/295: loss=0.607546 (333ms)
  step 200/295: loss=0.577023 (316ms)
Epoch 54/80: loss=0.637955 lr=0.000086 (100278ms)
  step 0/295: loss=0.655473 (332ms)
  step 1/295: loss=0.560696 (325ms)
  step 2/295: loss=0.646876 (317ms)
  step 100/295: loss=0.640096 (312ms)
  step 200/295: loss=0.609142 (327ms)
Epoch 55/80: loss=0.631052 lr=0.000081 (100443ms)
  step 0/295: loss=0.645046 (314ms)
  step 1/295: loss=0.597691 (325ms)
  step 2/295: loss=0.654341 (307ms)
  step 100/295: loss=0.649851 (334ms)
  step 200/295: loss=0.720727 (335ms)
Epoch 56/80: loss=0.626076 lr=0.000075 (100502ms)
  step 0/295: loss=0.596666 (328ms)
  step 1/295: loss=0.609439 (329ms)
  step 2/295: loss=0.604141 (311ms)
  step 100/295: loss=0.719970 (316ms)
  step 200/295: loss=0.648423 (323ms)
Epoch 57/80: loss=0.616009 lr=0.000070 (100668ms)
  step 0/295: loss=0.565637 (326ms)
  step 1/295: loss=0.548285 (334ms)
  step 2/295: loss=0.539045 (332ms)
  step 100/295: loss=0.626144 (327ms)
  step 200/295: loss=0.601860 (335ms)
Epoch 58/80: loss=0.606744 lr=0.000064 (100225ms)
  step 0/295: loss=0.579516 (331ms)
  step 1/295: loss=0.609875 (326ms)
  step 2/295: loss=0.563984 (322ms)
  step 100/295: loss=0.560150 (319ms)
  step 200/295: loss=0.568001 (313ms)
Epoch 59/80: loss=0.605667 lr=0.000059 (100072ms)
  step 0/295: loss=0.575194 (344ms)
  step 1/295: loss=0.621469 (327ms)
  step 2/295: loss=0.627412 (336ms)
  step 100/295: loss=0.580307 (321ms)
  step 200/295: loss=0.603086 (325ms)
Epoch 60/80: loss=0.595146 lr=0.000054 (100470ms)
  val accuracy (running BN): 2733/3904 = 70.005123%
  step 0/295: loss=0.553776 (321ms)
  step 1/295: loss=0.587961 (313ms)
  step 2/295: loss=0.652601 (332ms)
  step 100/295: loss=0.587559 (329ms)
  step 200/295: loss=0.530773 (329ms)
Epoch 61/80: loss=0.593066 lr=0.000050 (100396ms)
  step 0/295: loss=0.594797 (322ms)
  step 1/295: loss=0.626966 (329ms)
  step 2/295: loss=0.546906 (321ms)
  step 100/295: loss=0.673649 (331ms)
  step 200/295: loss=0.588171 (329ms)
Epoch 62/80: loss=0.590606 lr=0.000045 (100366ms)
  step 0/295: loss=0.539204 (314ms)
  step 1/295: loss=0.545747 (324ms)
  step 2/295: loss=0.564985 (317ms)
  step 100/295: loss=0.543838 (322ms)
  step 200/295: loss=0.547563 (326ms)
Epoch 63/80: loss=0.585863 lr=0.000041 (100639ms)
  step 0/295: loss=0.545204 (337ms)
  step 1/295: loss=0.650716 (328ms)
  step 2/295: loss=0.603655 (328ms)
  step 100/295: loss=0.585905 (301ms)
  step 200/295: loss=0.538972 (291ms)
Epoch 64/80: loss=0.581446 lr=0.000036 (100474ms)
  step 0/295: loss=0.604314 (327ms)
  step 1/295: loss=0.538072 (316ms)
  step 2/295: loss=0.559054 (331ms)
  step 100/295: loss=0.595136 (318ms)
  step 200/295: loss=0.607668 (335ms)
Epoch 65/80: loss=0.576176 lr=0.000032 (100226ms)
  step 0/295: loss=0.589682 (329ms)
  step 1/295: loss=0.572068 (312ms)
  step 2/295: loss=0.526219 (333ms)
  step 100/295: loss=0.548031 (331ms)
  step 200/295: loss=0.557657 (301ms)
Epoch 66/80: loss=0.579753 lr=0.000029 (100258ms)
  step 0/295: loss=0.543656 (306ms)
  step 1/295: loss=0.555841 (332ms)
  step 2/295: loss=0.596589 (328ms)
  step 100/295: loss=0.540563 (315ms)
  step 200/295: loss=0.533835 (322ms)
Epoch 67/80: loss=0.574473 lr=0.000025 (100254ms)
  step 0/295: loss=0.532983 (321ms)
  step 1/295: loss=0.567080 (331ms)
  step 2/295: loss=0.526148 (321ms)
  step 100/295: loss=0.525753 (318ms)
  step 200/295: loss=0.642987 (312ms)
Epoch 68/80: loss=0.571313 lr=0.000022 (100293ms)
  step 0/295: loss=0.546069 (325ms)
  step 1/295: loss=0.572319 (304ms)
  step 2/295: loss=0.543447 (334ms)
  step 100/295: loss=0.527160 (294ms)
  step 200/295: loss=0.586325 (331ms)
Epoch 69/80: loss=0.571509 lr=0.000019 (100066ms)
  step 0/295: loss=0.834751 (324ms)
  step 1/295: loss=0.547374 (326ms)
  step 2/295: loss=0.521046 (320ms)
  step 100/295: loss=0.565008 (327ms)
  step 200/295: loss=0.520431 (327ms)
Epoch 70/80: loss=0.563767 lr=0.000016 (100109ms)
  val accuracy (running BN): 2762/3904 = 70.747951%
  step 0/295: loss=0.532496 (332ms)
  step 1/295: loss=0.549327 (323ms)
  step 2/295: loss=0.521892 (326ms)
  step 100/295: loss=0.557755 (314ms)
  step 200/295: loss=0.526670 (330ms)
Epoch 71/80: loss=0.560533 lr=0.000013 (99962ms)
  step 0/295: loss=0.540898 (327ms)
  step 1/295: loss=0.532992 (318ms)
  step 2/295: loss=0.549059 (325ms)
  step 100/295: loss=0.583669 (325ms)
  step 200/295: loss=0.526695 (314ms)
Epoch 72/80: loss=0.560935 lr=0.000011 (100330ms)
  step 0/295: loss=0.602840 (327ms)
  step 1/295: loss=0.575439 (312ms)
  step 2/295: loss=0.523894 (327ms)
  step 100/295: loss=0.519461 (323ms)
  step 200/295: loss=0.530086 (321ms)
Epoch 73/80: loss=0.557163 lr=0.000008 (100151ms)
  step 0/295: loss=0.624258 (330ms)
  step 1/295: loss=0.572945 (326ms)
  step 2/295: loss=0.687173 (325ms)
  step 100/295: loss=0.556626 (325ms)
  step 200/295: loss=0.540922 (326ms)
Epoch 74/80: loss=0.557681 lr=0.000006 (100159ms)
  step 0/295: loss=0.639605 (325ms)
  step 1/295: loss=0.542000 (325ms)
  step 2/295: loss=0.545537 (323ms)
  step 100/295: loss=0.563133 (305ms)
  step 200/295: loss=0.594635 (323ms)
Epoch 75/80: loss=0.556074 lr=0.000005 (100387ms)
  step 0/295: loss=0.525694 (321ms)
  step 1/295: loss=0.517617 (326ms)
  step 2/295: loss=0.538032 (322ms)
  step 100/295: loss=0.640978 (306ms)
  step 200/295: loss=0.534348 (326ms)
Epoch 76/80: loss=0.557171 lr=0.000003 (100301ms)
  step 0/295: loss=0.536556 (326ms)
  step 1/295: loss=0.553014 (318ms)
  step 2/295: loss=0.597383 (321ms)
  step 100/295: loss=0.563407 (327ms)
  step 200/295: loss=0.566317 (325ms)
Epoch 77/80: loss=0.556789 lr=0.000002 (100416ms)
  step 0/295: loss=0.538428 (324ms)
  step 1/295: loss=0.570058 (321ms)
  step 2/295: loss=0.534362 (326ms)
  step 100/295: loss=0.524666 (330ms)
  step 200/295: loss=0.577588 (328ms)
Epoch 78/80: loss=0.558583 lr=0.000001 (100397ms)
  step 0/295: loss=0.544304 (338ms)
  step 1/295: loss=0.525929 (321ms)
  step 2/295: loss=0.537441 (332ms)
  step 100/295: loss=0.646749 (314ms)
  step 200/295: loss=0.536323 (320ms)
Epoch 79/80: loss=0.554025 lr=0.000001 (100361ms)
  step 0/295: loss=0.518613 (325ms)
  step 1/295: loss=0.577489 (324ms)
  step 2/295: loss=0.533669 (315ms)
  step 100/295: loss=0.611998 (317ms)
  step 200/295: loss=0.566407 (321ms)
Epoch 80/80: loss=0.558862 lr=0.000000 (99851ms)
  val accuracy (running BN): 2757/3904 = 70.619877%
Saved params + BN stats.
