Ablation: vit-tiny-full
  spec: ViT-Tiny, optimizer: Adam
  lr: 0.000300, cosine: true, wd: 0.000100
  aug: true, label_smooth: 0.100000
ViT-Tiny-vit-tiny-full: 5526346 params
Generating train step MLIR...
  762119 chars
Compiling vmfbs...
  forward compiled
  eval forward compiled
  train step compiled
  session loaded
  train: 9469 images (196608 floats/image)
  5526346 params + m + v (63 MB)
training: 295 batches/epoch, batch=32, Adam, lr=0.000300, cosine warmup=5, label_smooth=0.100000, wd=0.000100
  BN layers: 0, BN stat floats: 0
  step 0/295: loss=3.280836 (508ms)
  step 1/295: loss=3.063166 (458ms)
  step 2/295: loss=2.688563 (471ms)
  step 100/295: loss=2.166416 (420ms)
  step 200/295: loss=2.210782 (439ms)
Epoch 1/80: loss=2.125319 lr=0.000060 (133706ms)
  step 0/295: loss=2.001770 (402ms)
  step 1/295: loss=1.862735 (431ms)
  step 2/295: loss=1.853306 (439ms)
  step 100/295: loss=1.940725 (427ms)
  step 200/295: loss=1.937221 (442ms)
Epoch 2/80: loss=2.004167 lr=0.000120 (133820ms)
  step 0/295: loss=2.225581 (420ms)
  step 1/295: loss=2.155501 (440ms)
  step 2/295: loss=1.856225 (435ms)
  step 100/295: loss=1.916889 (420ms)
  step 200/295: loss=1.645782 (424ms)
Epoch 3/80: loss=1.945075 lr=0.000180 (134372ms)
  step 0/295: loss=1.973601 (411ms)
  step 1/295: loss=1.672671 (416ms)
  step 2/295: loss=2.225752 (429ms)
  step 100/295: loss=1.893652 (423ms)
  step 200/295: loss=1.869645 (449ms)
Epoch 4/80: loss=1.908820 lr=0.000240 (134550ms)
  step 0/295: loss=1.908288 (425ms)
  step 1/295: loss=1.846769 (449ms)
  step 2/295: loss=1.667761 (423ms)
  step 100/295: loss=1.987098 (426ms)
  step 200/295: loss=1.969947 (440ms)
Epoch 5/80: loss=1.864697 lr=0.000300 (134457ms)
  step 0/295: loss=1.536770 (434ms)
  step 1/295: loss=1.934925 (440ms)
  step 2/295: loss=1.641182 (429ms)
  step 100/295: loss=1.541886 (421ms)
  step 200/295: loss=1.978204 (424ms)
Epoch 6/80: loss=1.823861 lr=0.000300 (133847ms)
  step 0/295: loss=1.513070 (444ms)
  step 1/295: loss=1.857014 (412ms)
  step 2/295: loss=2.008052 (427ms)
  step 100/295: loss=1.974377 (445ms)
  step 200/295: loss=2.178692 (430ms)
Epoch 7/80: loss=1.814756 lr=0.000300 (133716ms)
  step 0/295: loss=1.742720 (439ms)
  step 1/295: loss=1.588066 (434ms)
  step 2/295: loss=1.940917 (431ms)
  step 100/295: loss=1.776999 (449ms)
  step 200/295: loss=2.047618 (431ms)
Epoch 8/80: loss=1.783583 lr=0.000299 (134238ms)
  step 0/295: loss=1.741489 (448ms)
  step 1/295: loss=1.616006 (417ms)
  step 2/295: loss=1.692351 (428ms)
  step 100/295: loss=1.876597 (435ms)
  step 200/295: loss=1.491334 (433ms)
Epoch 9/80: loss=1.789156 lr=0.000299 (134106ms)
  step 0/295: loss=1.862327 (420ms)
  step 1/295: loss=1.708584 (437ms)
  step 2/295: loss=1.536639 (441ms)
  step 100/295: loss=1.696460 (441ms)
  step 200/295: loss=1.952850 (426ms)
Epoch 10/80: loss=1.752138 lr=0.000298 (134007ms)
  val accuracy (running BN): 2183/3904 = 55.917008%
  step 0/295: loss=1.826685 (428ms)
  step 1/295: loss=1.676214 (415ms)
  step 2/295: loss=1.337952 (442ms)
  step 100/295: loss=1.877716 (425ms)
  step 200/295: loss=1.751665 (446ms)
Epoch 11/80: loss=1.752465 lr=0.000297 (134309ms)
  step 0/295: loss=1.893607 (453ms)
  step 1/295: loss=1.524940 (415ms)
  step 2/295: loss=1.859538 (448ms)
  step 100/295: loss=1.995626 (438ms)
  step 200/295: loss=1.900253 (434ms)
Epoch 12/80: loss=1.742194 lr=0.000295 (134421ms)
  step 0/295: loss=1.968875 (434ms)
  step 1/295: loss=2.082381 (417ms)
  step 2/295: loss=1.833301 (431ms)
  step 100/295: loss=1.714248 (424ms)
  step 200/295: loss=2.016370 (417ms)
Epoch 13/80: loss=1.718927 lr=0.000294 (134108ms)
  step 0/295: loss=1.511926 (451ms)
  step 1/295: loss=1.486493 (418ms)
  step 2/295: loss=1.845084 (436ms)
  step 100/295: loss=1.303277 (420ms)
  step 200/295: loss=1.567948 (448ms)
Epoch 14/80: loss=1.720236 lr=0.000292 (133907ms)
  step 0/295: loss=1.980705 (439ms)
  step 1/295: loss=1.567662 (433ms)
  step 2/295: loss=1.689121 (433ms)
  step 100/295: loss=2.038176 (434ms)
  step 200/295: loss=1.429749 (442ms)
Epoch 15/80: loss=1.702558 lr=0.000289 (133881ms)
  step 0/295: loss=1.894400 (400ms)
  step 1/295: loss=1.301280 (417ms)
  step 2/295: loss=1.427029 (447ms)
  step 100/295: loss=1.744383 (439ms)
  step 200/295: loss=1.467251 (423ms)
Epoch 16/80: loss=1.699916 lr=0.000287 (134020ms)
  step 0/295: loss=1.317607 (436ms)
  step 1/295: loss=1.875059 (435ms)
  step 2/295: loss=1.506536 (429ms)
  step 100/295: loss=1.787173 (423ms)
  step 200/295: loss=1.710170 (436ms)
Epoch 17/80: loss=1.696524 lr=0.000284 (134328ms)
  step 0/295: loss=1.669998 (447ms)
  step 1/295: loss=1.377285 (427ms)
  step 2/295: loss=1.949486 (422ms)
  step 100/295: loss=1.549210 (438ms)
  step 200/295: loss=1.591042 (452ms)
Epoch 18/80: loss=1.690103 lr=0.000281 (134323ms)
  step 0/295: loss=1.747728 (416ms)
  step 1/295: loss=1.741412 (435ms)
  step 2/295: loss=1.936318 (442ms)
  step 100/295: loss=1.909065 (445ms)
  step 200/295: loss=2.084711 (438ms)
Epoch 19/80: loss=1.650551 lr=0.000278 (134218ms)
  step 0/295: loss=1.701900 (403ms)
  step 1/295: loss=2.057123 (432ms)
  step 2/295: loss=1.453605 (445ms)
  step 100/295: loss=1.752527 (417ms)
  step 200/295: loss=1.983247 (436ms)
Epoch 20/80: loss=1.661907 lr=0.000275 (134164ms)
  val accuracy (running BN): 2442/3904 = 62.551230%
  step 0/295: loss=2.050725 (416ms)
  step 1/295: loss=1.403296 (439ms)
  step 2/295: loss=1.745371 (434ms)
  step 100/295: loss=1.903375 (427ms)
  step 200/295: loss=1.498857 (448ms)
Epoch 21/80: loss=1.667905 lr=0.000271 (134089ms)
  step 0/295: loss=1.830199 (436ms)
  step 1/295: loss=1.880529 (430ms)
  step 2/295: loss=1.367722 (441ms)
  step 100/295: loss=1.972415 (443ms)
  step 200/295: loss=1.892911 (416ms)
Epoch 22/80: loss=1.654893 lr=0.000268 (134090ms)
  step 0/295: loss=1.832832 (446ms)
  step 1/295: loss=1.838105 (434ms)
  step 2/295: loss=1.435323 (430ms)
  step 100/295: loss=1.268664 (431ms)
  step 200/295: loss=2.013508 (444ms)
Epoch 23/80: loss=1.645256 lr=0.000264 (133955ms)
  step 0/295: loss=1.567672 (425ms)
  step 1/295: loss=1.839766 (439ms)
  step 2/295: loss=1.455276 (447ms)
  step 100/295: loss=1.838846 (435ms)
  step 200/295: loss=1.553161 (439ms)
Epoch 24/80: loss=1.640939 lr=0.000259 (134224ms)
  step 0/295: loss=1.676112 (447ms)
  step 1/295: loss=1.469263 (433ms)
  step 2/295: loss=1.642408 (421ms)
  step 100/295: loss=1.527437 (431ms)
  step 200/295: loss=0.961799 (452ms)
Epoch 25/80: loss=1.614484 lr=0.000255 (134184ms)
  step 0/295: loss=1.414850 (433ms)
  step 1/295: loss=1.502549 (424ms)
  step 2/295: loss=1.688132 (434ms)
  step 100/295: loss=1.324893 (427ms)
  step 200/295: loss=1.467070 (428ms)
Epoch 26/80: loss=1.616187 lr=0.000250 (134103ms)
  step 0/295: loss=1.901672 (441ms)
  step 1/295: loss=1.831876 (433ms)
  step 2/295: loss=1.169250 (417ms)
  step 100/295: loss=1.614350 (425ms)
  step 200/295: loss=2.015129 (433ms)
Epoch 27/80: loss=1.607876 lr=0.000246 (134081ms)
  step 0/295: loss=1.269152 (432ms)
  step 1/295: loss=1.796414 (436ms)
  step 2/295: loss=1.888164 (437ms)
  step 100/295: loss=1.595488 (431ms)
  step 200/295: loss=1.846696 (432ms)
Epoch 28/80: loss=1.601153 lr=0.000241 (133996ms)
  step 0/295: loss=1.542378 (433ms)
  step 1/295: loss=1.026677 (438ms)
  step 2/295: loss=1.429704 (430ms)
  step 100/295: loss=1.172909 (433ms)
  step 200/295: loss=1.012738 (435ms)
Epoch 29/80: loss=1.596609 lr=0.000236 (134073ms)
  step 0/295: loss=1.331180 (433ms)
  step 1/295: loss=1.961876 (440ms)
  step 2/295: loss=1.679461 (419ms)
  step 100/295: loss=1.563108 (412ms)
  step 200/295: loss=1.635896 (427ms)
Epoch 30/80: loss=1.610690 lr=0.000230 (134226ms)
  val accuracy (running BN): 2632/3904 = 67.418033%
  step 0/295: loss=1.398831 (438ms)
  step 1/295: loss=1.639706 (440ms)
  step 2/295: loss=1.268821 (446ms)
  step 100/295: loss=1.739287 (431ms)
  step 200/295: loss=1.821360 (437ms)
Epoch 31/80: loss=1.585425 lr=0.000225 (134238ms)
  step 0/295: loss=1.665013 (418ms)
  step 1/295: loss=1.623700 (427ms)
  step 2/295: loss=1.572811 (440ms)
  step 100/295: loss=1.680983 (446ms)
  step 200/295: loss=1.945504 (450ms)
Epoch 32/80: loss=1.584887 lr=0.000219 (134357ms)
  step 0/295: loss=1.288535 (422ms)
  step 1/295: loss=1.386265 (425ms)
  step 2/295: loss=1.101838 (441ms)
  step 100/295: loss=1.807235 (426ms)
  step 200/295: loss=1.915748 (422ms)
Epoch 33/80: loss=1.567321 lr=0.000214 (134405ms)
  step 0/295: loss=1.574043 (434ms)
  step 1/295: loss=1.982443 (434ms)
  step 2/295: loss=1.278599 (449ms)
  step 100/295: loss=1.523674 (433ms)
  step 200/295: loss=1.260257 (429ms)
Epoch 34/80: loss=1.574516 lr=0.000208 (134591ms)
  step 0/295: loss=1.367450 (443ms)
  step 1/295: loss=1.664970 (436ms)
  step 2/295: loss=1.571979 (416ms)
  step 100/295: loss=1.216351 (417ms)
  step 200/295: loss=1.469074 (431ms)
Epoch 35/80: loss=1.545218 lr=0.000202 (134500ms)
  step 0/295: loss=1.217380 (434ms)
  step 1/295: loss=1.092608 (432ms)
  step 2/295: loss=1.343830 (429ms)
  step 100/295: loss=1.846900 (410ms)
  step 200/295: loss=1.544382 (431ms)
Epoch 36/80: loss=1.540523 lr=0.000196 (134535ms)
  step 0/295: loss=1.551660 (429ms)
  step 1/295: loss=1.814075 (436ms)
  step 2/295: loss=1.806162 (415ms)
  step 100/295: loss=1.158891 (437ms)
  step 200/295: loss=1.929940 (429ms)
Epoch 37/80: loss=1.530284 lr=0.000190 (134477ms)
  step 0/295: loss=1.764387 (443ms)
  step 1/295: loss=1.279947 (426ms)
  step 2/295: loss=1.190760 (445ms)
  step 100/295: loss=1.179920 (440ms)
  step 200/295: loss=1.513116 (430ms)
Epoch 38/80: loss=1.524195 lr=0.000184 (134188ms)
  step 0/295: loss=1.664618 (442ms)
  step 1/295: loss=1.204238 (426ms)
  step 2/295: loss=1.193933 (447ms)
  step 100/295: loss=1.632667 (415ms)
  step 200/295: loss=1.130362 (441ms)
Epoch 39/80: loss=1.511082 lr=0.000178 (134027ms)
  step 0/295: loss=1.479284 (432ms)
  step 1/295: loss=1.672787 (430ms)
  step 2/295: loss=1.011368 (441ms)
  step 100/295: loss=1.735078 (444ms)
  step 200/295: loss=1.080723 (440ms)
Epoch 40/80: loss=1.531066 lr=0.000172 (133976ms)
  val accuracy (running BN): 2681/3904 = 68.673156%
  step 0/295: loss=1.293413 (428ms)
  step 1/295: loss=1.113294 (428ms)
  step 2/295: loss=1.445921 (427ms)
  step 100/295: loss=1.076763 (422ms)
  step 200/295: loss=1.306038 (438ms)
Epoch 41/80: loss=1.496090 lr=0.000166 (134032ms)
  step 0/295: loss=1.796246 (431ms)
  step 1/295: loss=1.637376 (432ms)
  step 2/295: loss=1.533260 (431ms)
  step 100/295: loss=0.978329 (434ms)
  step 200/295: loss=1.844396 (440ms)
Epoch 42/80: loss=1.500139 lr=0.000159 (134181ms)
  step 0/295: loss=1.751073 (456ms)
  step 1/295: loss=1.951678 (431ms)
  step 2/295: loss=1.239455 (435ms)
  step 100/295: loss=1.061710 (429ms)
  step 200/295: loss=1.725382 (424ms)
Epoch 43/80: loss=1.508106 lr=0.000153 (134296ms)
  step 0/295: loss=1.651357 (405ms)
  step 1/295: loss=1.686843 (448ms)
  step 2/295: loss=1.454289 (421ms)
  step 100/295: loss=1.391150 (418ms)
  step 200/295: loss=1.210421 (430ms)
Epoch 44/80: loss=1.487567 lr=0.000147 (134516ms)
  step 0/295: loss=1.743730 (436ms)
  step 1/295: loss=1.200795 (425ms)
  step 2/295: loss=1.275680 (433ms)
  step 100/295: loss=1.118128 (439ms)
  step 200/295: loss=1.705902 (419ms)
Epoch 45/80: loss=1.485351 lr=0.000141 (134280ms)
  step 0/295: loss=1.881422 (410ms)
  step 1/295: loss=1.646338 (434ms)
  step 2/295: loss=1.686610 (444ms)
  step 100/295: loss=1.194804 (435ms)
  step 200/295: loss=1.052890 (431ms)
Epoch 46/80: loss=1.464907 lr=0.000134 (134006ms)
  step 0/295: loss=1.662577 (442ms)
  step 1/295: loss=1.108706 (429ms)
  step 2/295: loss=2.084899 (437ms)
  step 100/295: loss=1.708589 (444ms)
  step 200/295: loss=1.693265 (449ms)
Epoch 47/80: loss=1.453457 lr=0.000128 (134199ms)
  step 0/295: loss=1.836438 (433ms)
  step 1/295: loss=1.996379 (436ms)
  step 2/295: loss=0.946616 (434ms)
  step 100/295: loss=1.765599 (440ms)
  step 200/295: loss=1.245497 (417ms)
Epoch 48/80: loss=1.452303 lr=0.000122 (134197ms)
  step 0/295: loss=1.101807 (438ms)
  step 1/295: loss=1.238388 (429ms)
  step 2/295: loss=1.632022 (427ms)
  step 100/295: loss=1.208894 (429ms)
  step 200/295: loss=1.232966 (441ms)
Epoch 49/80: loss=1.458344 lr=0.000116 (134386ms)
  step 0/295: loss=1.054560 (451ms)
  step 1/295: loss=1.775375 (418ms)
  step 2/295: loss=1.605423 (419ms)
  step 100/295: loss=1.474846 (433ms)
  step 200/295: loss=1.280107 (429ms)
Epoch 50/80: loss=1.443436 lr=0.000110 (134173ms)
  val accuracy (running BN): 2806/3904 = 71.875000%
  step 0/295: loss=1.536315 (461ms)
  step 1/295: loss=0.964437 (429ms)
  step 2/295: loss=1.684272 (424ms)
  step 100/295: loss=1.346844 (425ms)
  step 200/295: loss=1.491300 (447ms)
Epoch 51/80: loss=1.434115 lr=0.000104 (134166ms)
  step 0/295: loss=0.876713 (403ms)
  step 1/295: loss=1.204494 (428ms)
  step 2/295: loss=1.577534 (451ms)
  step 100/295: loss=0.918170 (433ms)
  step 200/295: loss=0.952358 (430ms)
Epoch 52/80: loss=1.421632 lr=0.000098 (134061ms)
  step 0/295: loss=1.747181 (430ms)
  step 1/295: loss=1.015672 (424ms)
  step 2/295: loss=1.416184 (451ms)
  step 100/295: loss=1.828366 (427ms)
  step 200/295: loss=0.918630 (455ms)
Epoch 53/80: loss=1.413442 lr=0.000092 (134264ms)
  step 0/295: loss=0.672041 (438ms)
  step 1/295: loss=1.491884 (438ms)
  step 2/295: loss=0.955225 (429ms)
  step 100/295: loss=1.611646 (436ms)
  step 200/295: loss=1.812605 (435ms)
Epoch 54/80: loss=1.422627 lr=0.000086 (134223ms)
  step 0/295: loss=0.948069 (441ms)
  step 1/295: loss=1.131118 (427ms)
  step 2/295: loss=1.128909 (417ms)
  step 100/295: loss=1.539690 (439ms)
  step 200/295: loss=1.727010 (413ms)
Epoch 55/80: loss=1.399884 lr=0.000081 (133976ms)
  step 0/295: loss=1.395354 (449ms)
  step 1/295: loss=1.537663 (417ms)
  step 2/295: loss=1.907441 (439ms)
  step 100/295: loss=1.590709 (445ms)
  step 200/295: loss=1.588326 (440ms)
Epoch 56/80: loss=1.392533 lr=0.000075 (134230ms)
  step 0/295: loss=1.721932 (453ms)
  step 1/295: loss=0.941756 (426ms)
  step 2/295: loss=1.797328 (445ms)
  step 100/295: loss=1.428819 (442ms)
  step 200/295: loss=1.765161 (445ms)
Epoch 57/80: loss=1.390897 lr=0.000070 (134158ms)
  step 0/295: loss=1.022069 (440ms)
  step 1/295: loss=1.010742 (443ms)
  step 2/295: loss=1.479327 (425ms)
  step 100/295: loss=1.388321 (438ms)
  step 200/295: loss=1.016064 (440ms)
Epoch 58/80: loss=1.401450 lr=0.000064 (134188ms)
  step 0/295: loss=1.668641 (454ms)
  step 1/295: loss=1.660278 (420ms)
  step 2/295: loss=1.578744 (437ms)
  step 100/295: loss=1.136821 (434ms)
  step 200/295: loss=0.785885 (420ms)
Epoch 59/80: loss=1.390618 lr=0.000059 (134427ms)
  step 0/295: loss=1.381603 (433ms)
  step 1/295: loss=0.933616 (418ms)
  step 2/295: loss=1.180695 (443ms)
  step 100/295: loss=1.803588 (436ms)
  step 200/295: loss=1.820668 (420ms)
Epoch 60/80: loss=1.373255 lr=0.000054 (134228ms)
  val accuracy (running BN): 2851/3904 = 73.027664%
  step 0/295: loss=1.007074 (453ms)
  step 1/295: loss=1.707820 (432ms)
  step 2/295: loss=0.967000 (438ms)
  step 100/295: loss=0.858182 (410ms)
  step 200/295: loss=0.901246 (405ms)
Epoch 61/80: loss=1.375542 lr=0.000050 (125341ms)
  step 0/295: loss=1.635446 (396ms)
  step 1/295: loss=1.704049 (413ms)
  step 2/295: loss=1.099165 (396ms)
  step 100/295: loss=1.588634 (416ms)
  step 200/295: loss=1.777152 (399ms)
Epoch 62/80: loss=1.365050 lr=0.000045 (124737ms)
  step 0/295: loss=1.321704 (386ms)
  step 1/295: loss=1.203111 (388ms)
  step 2/295: loss=1.264385 (400ms)
  step 100/295: loss=1.308021 (401ms)
  step 200/295: loss=1.686543 (396ms)
Epoch 63/80: loss=1.356627 lr=0.000041 (124590ms)
  step 0/295: loss=1.754683 (398ms)
  step 1/295: loss=1.824332 (412ms)
  step 2/295: loss=0.906586 (401ms)
  step 100/295: loss=1.342127 (396ms)
  step 200/295: loss=1.645856 (399ms)
Epoch 64/80: loss=1.374846 lr=0.000036 (124298ms)
  step 0/295: loss=1.760512 (399ms)
  step 1/295: loss=1.882007 (394ms)
  step 2/295: loss=0.883298 (408ms)
  step 100/295: loss=1.813694 (380ms)
  step 200/295: loss=1.825917 (420ms)
Epoch 65/80: loss=1.350160 lr=0.000032 (124138ms)
  step 0/295: loss=1.066367 (413ms)
  step 1/295: loss=1.818419 (395ms)
  step 2/295: loss=1.596616 (427ms)
  step 100/295: loss=1.030783 (393ms)
  step 200/295: loss=1.805830 (407ms)
Epoch 66/80: loss=1.343499 lr=0.000029 (124547ms)
  step 0/295: loss=1.019352 (384ms)
  step 1/295: loss=1.030683 (405ms)
  step 2/295: loss=1.594452 (421ms)
  step 100/295: loss=1.219052 (407ms)
  step 200/295: loss=1.626148 (405ms)
Epoch 67/80: loss=1.347804 lr=0.000025 (124523ms)
  step 0/295: loss=1.614450 (393ms)
  step 1/295: loss=1.591158 (409ms)
  step 2/295: loss=1.613526 (390ms)
  step 100/295: loss=0.906392 (410ms)
  step 200/295: loss=0.941150 (391ms)
Epoch 68/80: loss=1.343943 lr=0.000022 (124683ms)
  step 0/295: loss=0.880809 (410ms)
  step 1/295: loss=1.656078 (398ms)
  step 2/295: loss=1.704507 (399ms)
  step 100/295: loss=1.183181 (395ms)
  step 200/295: loss=1.232570 (401ms)
Epoch 69/80: loss=1.344685 lr=0.000019 (124464ms)
  step 0/295: loss=1.645204 (392ms)
  step 1/295: loss=1.752856 (402ms)
  step 2/295: loss=0.834185 (389ms)
  step 100/295: loss=1.647832 (405ms)
  step 200/295: loss=1.190203 (421ms)
Epoch 70/80: loss=1.335692 lr=0.000016 (124599ms)
  val accuracy (running BN): 2873/3904 = 73.591189%
  step 0/295: loss=1.718325 (379ms)
  step 1/295: loss=1.447328 (393ms)
  step 2/295: loss=1.062593 (393ms)
  step 100/295: loss=1.615779 (386ms)
  step 200/295: loss=1.355876 (405ms)
Epoch 71/80: loss=1.344054 lr=0.000013 (123649ms)
  step 0/295: loss=1.727019 (401ms)
  step 1/295: loss=1.540959 (403ms)
  step 2/295: loss=0.977291 (414ms)
  step 100/295: loss=1.178060 (403ms)
  step 200/295: loss=0.952131 (395ms)
Epoch 72/80: loss=1.347045 lr=0.000011 (123844ms)
  step 0/295: loss=0.736407 (381ms)
  step 1/295: loss=1.240593 (387ms)
  step 2/295: loss=1.036975 (408ms)
  step 100/295: loss=1.257075 (396ms)
  step 200/295: loss=1.027458 (408ms)
Epoch 73/80: loss=1.332488 lr=0.000008 (124152ms)
  step 0/295: loss=1.375781 (396ms)
  step 1/295: loss=1.396298 (408ms)
  step 2/295: loss=0.883679 (393ms)
  step 100/295: loss=1.582868 (389ms)
  step 200/295: loss=1.893628 (419ms)
Epoch 74/80: loss=1.346240 lr=0.000006 (123488ms)
  step 0/295: loss=0.943832 (410ms)
  step 1/295: loss=0.837774 (394ms)
  step 2/295: loss=1.239675 (410ms)
  step 100/295: loss=1.091260 (392ms)
  step 200/295: loss=1.188264 (392ms)
Epoch 75/80: loss=1.306158 lr=0.000005 (123442ms)
  step 0/295: loss=1.506423 (396ms)
  step 1/295: loss=1.484634 (398ms)
  step 2/295: loss=0.794288 (399ms)
  step 100/295: loss=0.827919 (426ms)
  step 200/295: loss=0.773876 (398ms)
Epoch 76/80: loss=1.323048 lr=0.000003 (125293ms)
  step 0/295: loss=1.484527 (412ms)
  step 1/295: loss=0.912718 (398ms)
  step 2/295: loss=0.951619 (406ms)
  step 100/295: loss=1.614184 (405ms)
  step 200/295: loss=1.542629 (405ms)
Epoch 77/80: loss=1.341272 lr=0.000002 (125065ms)
  step 0/295: loss=1.637545 (414ms)
  step 1/295: loss=1.711899 (412ms)
  step 2/295: loss=1.577536 (415ms)
  step 100/295: loss=0.935131 (408ms)
  step 200/295: loss=0.860420 (420ms)
Epoch 78/80: loss=1.325467 lr=0.000001 (127859ms)
  step 0/295: loss=1.327344 (404ms)
  step 1/295: loss=1.676281 (415ms)
  step 2/295: loss=0.641371 (420ms)
  step 100/295: loss=1.494621 (435ms)
  step 200/295: loss=1.701342 (402ms)
Epoch 79/80: loss=1.322614 lr=0.000001 (127374ms)
  step 0/295: loss=1.082197 (397ms)
  step 1/295: loss=1.958244 (404ms)
  step 2/295: loss=0.987547 (401ms)
  step 100/295: loss=1.727143 (409ms)
  step 200/295: loss=1.747447 (398ms)
Epoch 80/80: loss=1.335292 lr=0.000000 (127661ms)
  val accuracy (running BN): 2898/3904 = 74.231557%
Saved params + BN stats.
