Ablation: vit-tiny-mixup
  spec: ViT-Tiny, optimizer: Adam
  lr: 0.000300, cosine: true, wd: 0.000100
  aug: true, label_smooth: 0.100000
ViT-Tiny-vit-tiny-mixup: 5526346 params
Generating train step MLIR...
  762121 chars
Compiling vmfbs...
  forward compiled
  eval forward compiled
  train step compiled
  session loaded
  train: 9469 images (196608 floats/image)
  5526346 params + m + v (63 MB)
training: 295 batches/epoch, batch=32, Adam, lr=0.000300, cosine warmup=5, label_smooth=0.100000, wd=0.000100
  BN layers: 0, BN stat floats: 0
  step 0/295: loss=3.311125 (365ms)
  step 1/295: loss=3.157646 (336ms)
  step 2/295: loss=2.716506 (330ms)
  step 100/295: loss=2.163141 (308ms)
  step 200/295: loss=2.132902 (306ms)
Epoch 1/80: loss=2.112574 lr=0.000060 (94682ms)
  step 0/295: loss=1.985875 (315ms)
  step 1/295: loss=1.866254 (328ms)
  step 2/295: loss=1.857175 (326ms)
  step 100/295: loss=1.964944 (327ms)
  step 200/295: loss=1.942125 (319ms)
Epoch 2/80: loss=1.984986 lr=0.000120 (100421ms)
  step 0/295: loss=2.200098 (284ms)
  step 1/295: loss=2.163038 (316ms)
  step 2/295: loss=1.849969 (316ms)
  step 100/295: loss=1.858721 (328ms)
  step 200/295: loss=1.639846 (327ms)
Epoch 3/80: loss=1.924667 lr=0.000180 (100353ms)
  step 0/295: loss=1.960828 (336ms)
  step 1/295: loss=1.565330 (303ms)
  step 2/295: loss=2.291691 (334ms)
  step 100/295: loss=1.890679 (330ms)
  step 200/295: loss=1.838867 (333ms)
Epoch 4/80: loss=1.881958 lr=0.000240 (100207ms)
  step 0/295: loss=1.814993 (336ms)
  step 1/295: loss=1.953207 (332ms)
  step 2/295: loss=1.680999 (337ms)
  step 100/295: loss=1.878407 (331ms)
  step 200/295: loss=1.951041 (310ms)
Epoch 5/80: loss=1.843095 lr=0.000300 (100432ms)
  step 0/295: loss=1.556257 (327ms)
  step 1/295: loss=1.916954 (325ms)
  step 2/295: loss=1.647701 (336ms)
  step 100/295: loss=1.429789 (323ms)
  step 200/295: loss=1.956382 (327ms)
Epoch 6/80: loss=1.800568 lr=0.000300 (100293ms)
  step 0/295: loss=1.581701 (328ms)
  step 1/295: loss=1.854889 (337ms)
  step 2/295: loss=1.882345 (318ms)
  step 100/295: loss=1.939316 (327ms)
  step 200/295: loss=2.179090 (295ms)
Epoch 7/80: loss=1.789411 lr=0.000300 (100355ms)
  step 0/295: loss=1.722406 (310ms)
  step 1/295: loss=1.627991 (330ms)
  step 2/295: loss=1.875837 (322ms)
  step 100/295: loss=1.698696 (334ms)
  step 200/295: loss=2.160013 (327ms)
Epoch 8/80: loss=1.761469 lr=0.000299 (100528ms)
  step 0/295: loss=1.631341 (317ms)
  step 1/295: loss=1.613203 (328ms)
  step 2/295: loss=1.698965 (319ms)
  step 100/295: loss=1.877449 (329ms)
  step 200/295: loss=1.510092 (340ms)
Epoch 9/80: loss=1.766272 lr=0.000299 (100378ms)
  step 0/295: loss=1.890869 (330ms)
  step 1/295: loss=1.755963 (311ms)
  step 2/295: loss=1.535088 (315ms)
  step 100/295: loss=1.679812 (338ms)
  step 200/295: loss=1.980127 (321ms)
Epoch 10/80: loss=1.730931 lr=0.000298 (100366ms)
  val accuracy (running BN): 2215/3904 = 56.736680%
  step 0/295: loss=1.866234 (323ms)
  step 1/295: loss=1.646394 (323ms)
  step 2/295: loss=1.461989 (304ms)
  step 100/295: loss=1.793847 (325ms)
  step 200/295: loss=1.725076 (312ms)
Epoch 11/80: loss=1.728016 lr=0.000297 (100292ms)
  step 0/295: loss=1.797621 (329ms)
  step 1/295: loss=1.515609 (324ms)
  step 2/295: loss=1.838744 (303ms)
  step 100/295: loss=1.927594 (319ms)
  step 200/295: loss=1.873004 (322ms)
Epoch 12/80: loss=1.716150 lr=0.000295 (100284ms)
  step 0/295: loss=2.056261 (315ms)
  step 1/295: loss=1.989611 (334ms)
  step 2/295: loss=1.941608 (324ms)
  step 100/295: loss=1.668540 (331ms)
  step 200/295: loss=1.998385 (331ms)
Epoch 13/80: loss=1.698229 lr=0.000294 (100421ms)
  step 0/295: loss=1.517131 (338ms)
  step 1/295: loss=1.550821 (332ms)
  step 2/295: loss=1.908761 (327ms)
  step 100/295: loss=1.303252 (325ms)
  step 200/295: loss=1.490163 (307ms)
Epoch 14/80: loss=1.697959 lr=0.000292 (99876ms)
  step 0/295: loss=2.003466 (302ms)
  step 1/295: loss=1.525041 (337ms)
  step 2/295: loss=1.762994 (322ms)
  step 100/295: loss=2.010982 (331ms)
  step 200/295: loss=1.318285 (324ms)
Epoch 15/80: loss=1.683062 lr=0.000289 (100042ms)
  step 0/295: loss=1.871330 (325ms)
  step 1/295: loss=1.159053 (334ms)
  step 2/295: loss=1.411732 (322ms)
  step 100/295: loss=1.782747 (310ms)
  step 200/295: loss=1.451673 (315ms)
Epoch 16/80: loss=1.680282 lr=0.000287 (100205ms)
  step 0/295: loss=1.289779 (309ms)
  step 1/295: loss=1.648470 (323ms)
  step 2/295: loss=1.454716 (301ms)
  step 100/295: loss=1.833505 (314ms)
  step 200/295: loss=1.640497 (331ms)
Epoch 17/80: loss=1.672173 lr=0.000284 (99800ms)
  step 0/295: loss=1.753033 (313ms)
  step 1/295: loss=1.334832 (330ms)
  step 2/295: loss=1.913541 (326ms)
  step 100/295: loss=1.386336 (328ms)
  step 200/295: loss=1.627229 (332ms)
Epoch 18/80: loss=1.665718 lr=0.000281 (100193ms)
  step 0/295: loss=1.677308 (314ms)
  step 1/295: loss=1.756770 (339ms)
  step 2/295: loss=1.933698 (313ms)
  step 100/295: loss=1.917827 (335ms)
  step 200/295: loss=2.019049 (306ms)
Epoch 19/80: loss=1.630753 lr=0.000278 (100400ms)
  step 0/295: loss=1.701454 (337ms)
  step 1/295: loss=1.990902 (318ms)
  step 2/295: loss=1.283051 (334ms)
  step 100/295: loss=1.747485 (329ms)
  step 200/295: loss=1.993183 (315ms)
Epoch 20/80: loss=1.642212 lr=0.000275 (99904ms)
  val accuracy (running BN): 2517/3904 = 64.472336%
  step 0/295: loss=2.021745 (320ms)
  step 1/295: loss=1.336082 (300ms)
  step 2/295: loss=1.615637 (319ms)
  step 100/295: loss=1.798144 (331ms)
  step 200/295: loss=1.464799 (325ms)
Epoch 21/80: loss=1.648125 lr=0.000271 (99638ms)
  step 0/295: loss=1.840037 (312ms)
  step 1/295: loss=1.864446 (334ms)
  step 2/295: loss=1.209351 (329ms)
  step 100/295: loss=1.969904 (319ms)
  step 200/295: loss=1.860874 (325ms)
Epoch 22/80: loss=1.633744 lr=0.000268 (100164ms)
  step 0/295: loss=1.759019 (328ms)
  step 1/295: loss=1.857352 (323ms)
  step 2/295: loss=1.410660 (326ms)
  step 100/295: loss=1.255137 (330ms)
  step 200/295: loss=1.985693 (318ms)
Epoch 23/80: loss=1.626242 lr=0.000264 (99984ms)
  step 0/295: loss=1.537574 (333ms)
  step 1/295: loss=1.798056 (329ms)
  step 2/295: loss=1.322931 (333ms)
  step 100/295: loss=1.746162 (329ms)
  step 200/295: loss=1.480386 (325ms)
Epoch 24/80: loss=1.618237 lr=0.000259 (100243ms)
  step 0/295: loss=1.592652 (336ms)
  step 1/295: loss=1.412252 (316ms)
  step 2/295: loss=1.549057 (322ms)
  step 100/295: loss=1.446428 (338ms)
  step 200/295: loss=1.005790 (332ms)
Epoch 25/80: loss=1.586850 lr=0.000255 (100037ms)
  step 0/295: loss=1.444758 (337ms)
  step 1/295: loss=1.484028 (324ms)
  step 2/295: loss=1.655017 (311ms)
  step 100/295: loss=1.259042 (321ms)
  step 200/295: loss=1.454149 (314ms)
Epoch 26/80: loss=1.600068 lr=0.000250 (99864ms)
  step 0/295: loss=1.762750 (333ms)
  step 1/295: loss=1.829054 (311ms)
  step 2/295: loss=1.171729 (316ms)
  step 100/295: loss=1.596384 (324ms)
  step 200/295: loss=1.964333 (318ms)
Epoch 27/80: loss=1.583875 lr=0.000246 (100066ms)
  step 0/295: loss=1.237204 (332ms)
  step 1/295: loss=1.794770 (334ms)
  step 2/295: loss=1.947767 (326ms)
  step 100/295: loss=1.612778 (324ms)
  step 200/295: loss=1.872269 (323ms)
Epoch 28/80: loss=1.574241 lr=0.000241 (99843ms)
  step 0/295: loss=1.456555 (329ms)
  step 1/295: loss=1.229787 (312ms)
  step 2/295: loss=1.461945 (328ms)
  step 100/295: loss=1.150480 (306ms)
  step 200/295: loss=1.044632 (322ms)
Epoch 29/80: loss=1.571653 lr=0.000236 (99978ms)
  step 0/295: loss=1.168411 (334ms)
  step 1/295: loss=1.902248 (324ms)
  step 2/295: loss=1.658669 (307ms)
  step 100/295: loss=1.563990 (327ms)
  step 200/295: loss=1.642506 (308ms)
Epoch 30/80: loss=1.584026 lr=0.000230 (100067ms)
  val accuracy (running BN): 2642/3904 = 67.674180%
  step 0/295: loss=1.359779 (325ms)
  step 1/295: loss=1.602574 (321ms)
  step 2/295: loss=1.117372 (303ms)
  step 100/295: loss=1.612362 (320ms)
  step 200/295: loss=1.895508 (328ms)
Epoch 31/80: loss=1.553401 lr=0.000225 (100114ms)
  step 0/295: loss=1.580822 (327ms)
  step 1/295: loss=1.507218 (315ms)
  step 2/295: loss=1.535718 (330ms)
  step 100/295: loss=1.562765 (331ms)
  step 200/295: loss=1.928405 (335ms)
Epoch 32/80: loss=1.554960 lr=0.000219 (100028ms)
  step 0/295: loss=1.236862 (330ms)
  step 1/295: loss=1.356052 (326ms)
  step 2/295: loss=1.075867 (323ms)
  step 100/295: loss=1.720850 (327ms)
  step 200/295: loss=1.857244 (319ms)
Epoch 33/80: loss=1.542045 lr=0.000214 (100015ms)
  step 0/295: loss=1.510553 (336ms)
  step 1/295: loss=1.845932 (319ms)
  step 2/295: loss=1.219091 (327ms)
  step 100/295: loss=1.389114 (330ms)
  step 200/295: loss=1.252227 (308ms)
Epoch 34/80: loss=1.539427 lr=0.000208 (100026ms)
  step 0/295: loss=1.359336 (325ms)
  step 1/295: loss=1.663696 (330ms)
  step 2/295: loss=1.530418 (323ms)
  step 100/295: loss=1.198545 (323ms)
  step 200/295: loss=1.469621 (312ms)
Epoch 35/80: loss=1.516036 lr=0.000202 (100141ms)
  step 0/295: loss=1.232716 (322ms)
  step 1/295: loss=1.066103 (327ms)
  step 2/295: loss=1.350693 (322ms)
  step 100/295: loss=1.996185 (319ms)
  step 200/295: loss=1.592233 (333ms)
Epoch 36/80: loss=1.511162 lr=0.000196 (99919ms)
  step 0/295: loss=1.549023 (339ms)
  step 1/295: loss=1.771538 (309ms)
  step 2/295: loss=1.810671 (329ms)
  step 100/295: loss=1.111811 (311ms)
  step 200/295: loss=1.932294 (321ms)
Epoch 37/80: loss=1.497074 lr=0.000190 (100292ms)
  step 0/295: loss=1.773858 (330ms)
  step 1/295: loss=1.245816 (333ms)
  step 2/295: loss=1.179745 (326ms)
  step 100/295: loss=1.132305 (323ms)
  step 200/295: loss=1.436248 (325ms)
Epoch 38/80: loss=1.495265 lr=0.000184 (100264ms)
  step 0/295: loss=1.674033 (339ms)
  step 1/295: loss=1.050364 (318ms)
  step 2/295: loss=1.140986 (289ms)
  step 100/295: loss=1.647968 (329ms)
  step 200/295: loss=1.190817 (303ms)
Epoch 39/80: loss=1.476499 lr=0.000178 (100164ms)
  step 0/295: loss=1.453020 (300ms)
  step 1/295: loss=1.764567 (332ms)
  step 2/295: loss=0.951730 (327ms)
  step 100/295: loss=1.735866 (331ms)
  step 200/295: loss=0.934190 (316ms)
Epoch 40/80: loss=1.498624 lr=0.000172 (99995ms)
  val accuracy (running BN): 2773/3904 = 71.029713%
  step 0/295: loss=1.278937 (331ms)
  step 1/295: loss=1.009929 (335ms)
  step 2/295: loss=1.382698 (329ms)
  step 100/295: loss=1.113411 (302ms)
  step 200/295: loss=1.332326 (320ms)
Epoch 41/80: loss=1.461454 lr=0.000166 (99912ms)
  step 0/295: loss=1.784174 (327ms)
  step 1/295: loss=1.651406 (335ms)
  step 2/295: loss=1.503947 (305ms)
  step 100/295: loss=1.140209 (323ms)
  step 200/295: loss=1.823020 (314ms)
Epoch 42/80: loss=1.470077 lr=0.000159 (100180ms)
  step 0/295: loss=1.779658 (324ms)
  step 1/295: loss=1.992447 (330ms)
  step 2/295: loss=1.154001 (322ms)
  step 100/295: loss=0.946508 (339ms)
  step 200/295: loss=1.772774 (335ms)
Epoch 43/80: loss=1.471073 lr=0.000153 (99936ms)
  step 0/295: loss=1.630233 (333ms)
  step 1/295: loss=1.726398 (330ms)
  step 2/295: loss=1.420408 (321ms)
  step 100/295: loss=1.456408 (297ms)
  step 200/295: loss=1.069020 (323ms)
Epoch 44/80: loss=1.451552 lr=0.000147 (100190ms)
  step 0/295: loss=1.702668 (324ms)
  step 1/295: loss=1.135217 (325ms)
  step 2/295: loss=1.239869 (316ms)
  step 100/295: loss=1.135132 (320ms)
  step 200/295: loss=1.695506 (323ms)
Epoch 45/80: loss=1.442927 lr=0.000141 (100449ms)
  step 0/295: loss=1.843565 (336ms)
  step 1/295: loss=1.583548 (320ms)
  step 2/295: loss=1.669993 (335ms)
  step 100/295: loss=1.117538 (313ms)
  step 200/295: loss=1.102563 (326ms)
Epoch 46/80: loss=1.431459 lr=0.000134 (99883ms)
  step 0/295: loss=1.613604 (329ms)
  step 1/295: loss=1.118721 (327ms)
  step 2/295: loss=2.084864 (319ms)
  step 100/295: loss=1.724388 (329ms)
  step 200/295: loss=1.688864 (318ms)
Epoch 47/80: loss=1.409872 lr=0.000128 (100195ms)
  step 0/295: loss=1.838123 (305ms)
  step 1/295: loss=1.899242 (335ms)
  step 2/295: loss=0.931684 (316ms)
  step 100/295: loss=1.705243 (320ms)
  step 200/295: loss=1.261407 (314ms)
Epoch 48/80: loss=1.411775 lr=0.000122 (100259ms)
  step 0/295: loss=0.997173 (333ms)
  step 1/295: loss=1.126347 (321ms)
  step 2/295: loss=1.555874 (315ms)
  step 100/295: loss=1.205675 (318ms)
  step 200/295: loss=1.022939 (326ms)
Epoch 49/80: loss=1.417957 lr=0.000116 (100173ms)
  step 0/295: loss=1.046159 (329ms)
  step 1/295: loss=1.715164 (331ms)
  step 2/295: loss=1.515118 (329ms)
  step 100/295: loss=1.461562 (327ms)
  step 200/295: loss=1.234734 (311ms)
Epoch 50/80: loss=1.413259 lr=0.000110 (99973ms)
  val accuracy (running BN): 2841/3904 = 72.771516%
  step 0/295: loss=1.420346 (337ms)
  step 1/295: loss=1.005891 (337ms)
  step 2/295: loss=1.620578 (310ms)
  step 100/295: loss=1.358147 (329ms)
  step 200/295: loss=1.370287 (329ms)
Epoch 51/80: loss=1.394187 lr=0.000104 (99917ms)
  step 0/295: loss=0.757637 (336ms)
  step 1/295: loss=1.134812 (306ms)
  step 2/295: loss=1.581958 (320ms)
  step 100/295: loss=0.898685 (315ms)
  step 200/295: loss=0.887232 (330ms)
Epoch 52/80: loss=1.382071 lr=0.000098 (99978ms)
  step 0/295: loss=1.745313 (317ms)
  step 1/295: loss=0.940106 (337ms)
  step 2/295: loss=1.376064 (324ms)
  step 100/295: loss=1.764337 (331ms)
  step 200/295: loss=0.861459 (333ms)
Epoch 53/80: loss=1.367190 lr=0.000092 (100192ms)
  step 0/295: loss=0.680243 (315ms)
  step 1/295: loss=1.462892 (317ms)
  step 2/295: loss=0.873406 (314ms)
  step 100/295: loss=1.596984 (316ms)
  step 200/295: loss=1.803593 (328ms)
Epoch 54/80: loss=1.386767 lr=0.000086 (100153ms)
  step 0/295: loss=0.945755 (329ms)
  step 1/295: loss=1.079120 (331ms)
  step 2/295: loss=0.952451 (316ms)
  step 100/295: loss=1.469539 (322ms)
  step 200/295: loss=1.699043 (298ms)
Epoch 55/80: loss=1.363245 lr=0.000081 (100068ms)
  step 0/295: loss=1.343519 (334ms)
  step 1/295: loss=1.364704 (327ms)
  step 2/295: loss=1.837698 (328ms)
  step 100/295: loss=1.530333 (318ms)
  step 200/295: loss=1.595639 (335ms)
Epoch 56/80: loss=1.353605 lr=0.000075 (100094ms)
  step 0/295: loss=1.642634 (337ms)
  step 1/295: loss=0.972375 (317ms)
  step 2/295: loss=1.708560 (336ms)
  step 100/295: loss=1.333465 (331ms)
  step 200/295: loss=1.732421 (318ms)
Epoch 57/80: loss=1.352745 lr=0.000070 (99869ms)
  step 0/295: loss=0.940086 (302ms)
  step 1/295: loss=1.004117 (314ms)
  step 2/295: loss=1.436038 (317ms)
  step 100/295: loss=1.340647 (327ms)
  step 200/295: loss=0.905380 (329ms)
Epoch 58/80: loss=1.354821 lr=0.000064 (99934ms)
  step 0/295: loss=1.669065 (328ms)
  step 1/295: loss=1.597481 (324ms)
  step 2/295: loss=1.523206 (331ms)
  step 100/295: loss=1.035439 (330ms)
  step 200/295: loss=0.758503 (326ms)
Epoch 59/80: loss=1.351569 lr=0.000059 (99984ms)
  step 0/295: loss=1.318188 (325ms)
  step 1/295: loss=0.938590 (333ms)
  step 2/295: loss=1.175928 (311ms)
  step 100/295: loss=1.870521 (323ms)
  step 200/295: loss=1.842340 (321ms)
Epoch 60/80: loss=1.329467 lr=0.000054 (100112ms)
  val accuracy (running BN): 2880/3904 = 73.770492%
  step 0/295: loss=0.962232 (335ms)
  step 1/295: loss=1.661610 (314ms)
  step 2/295: loss=0.910632 (332ms)
  step 100/295: loss=0.887422 (322ms)
  step 200/295: loss=0.858046 (331ms)
Epoch 61/80: loss=1.339637 lr=0.000050 (99867ms)
  step 0/295: loss=1.689427 (321ms)
  step 1/295: loss=1.656868 (297ms)
  step 2/295: loss=1.117534 (324ms)
  step 100/295: loss=1.548728 (334ms)
  step 200/295: loss=1.747720 (321ms)
Epoch 62/80: loss=1.320572 lr=0.000045 (100170ms)
  step 0/295: loss=1.374862 (338ms)
  step 1/295: loss=1.226704 (322ms)
  step 2/295: loss=1.162002 (332ms)
  step 100/295: loss=1.260314 (335ms)
  step 200/295: loss=1.652303 (317ms)
Epoch 63/80: loss=1.322725 lr=0.000041 (100210ms)
  step 0/295: loss=1.770611 (332ms)
  step 1/295: loss=1.744292 (297ms)
  step 2/295: loss=0.738222 (324ms)
  step 100/295: loss=1.294789 (326ms)
  step 200/295: loss=1.658092 (329ms)
Epoch 64/80: loss=1.334124 lr=0.000036 (100172ms)
  step 0/295: loss=1.732876 (328ms)
  step 1/295: loss=1.782370 (322ms)
  step 2/295: loss=0.921808 (332ms)
  step 100/295: loss=1.806321 (331ms)
  step 200/295: loss=1.826099 (318ms)
Epoch 65/80: loss=1.312948 lr=0.000032 (99967ms)
  step 0/295: loss=0.992873 (334ms)
  step 1/295: loss=1.812809 (322ms)
  step 2/295: loss=1.529399 (317ms)
  step 100/295: loss=0.981283 (328ms)
  step 200/295: loss=1.758739 (329ms)
Epoch 66/80: loss=1.301234 lr=0.000029 (100371ms)
  step 0/295: loss=0.860637 (323ms)
  step 1/295: loss=1.012450 (322ms)
  step 2/295: loss=1.608177 (333ms)
  step 100/295: loss=1.176844 (325ms)
  step 200/295: loss=1.608102 (313ms)
Epoch 67/80: loss=1.306271 lr=0.000025 (100024ms)
  step 0/295: loss=1.628859 (327ms)
  step 1/295: loss=1.539901 (323ms)
  step 2/295: loss=1.550435 (324ms)
  step 100/295: loss=0.872222 (336ms)
  step 200/295: loss=0.891924 (304ms)
Epoch 68/80: loss=1.302985 lr=0.000022 (100221ms)
  step 0/295: loss=0.799562 (314ms)
  step 1/295: loss=1.612463 (324ms)
  step 2/295: loss=1.705302 (332ms)
  step 100/295: loss=1.081942 (327ms)
  step 200/295: loss=1.131095 (322ms)
Epoch 69/80: loss=1.302761 lr=0.000019 (100334ms)
  step 0/295: loss=1.607521 (325ms)
  step 1/295: loss=1.710773 (311ms)
  step 2/295: loss=0.884961 (321ms)
  step 100/295: loss=1.670109 (329ms)
  step 200/295: loss=1.114327 (328ms)
Epoch 70/80: loss=1.295649 lr=0.000016 (99971ms)
  val accuracy (running BN): 2880/3904 = 73.770492%
  step 0/295: loss=1.729549 (318ms)
  step 1/295: loss=1.384355 (320ms)
  step 2/295: loss=0.942381 (327ms)
  step 100/295: loss=1.613526 (331ms)
  step 200/295: loss=1.315068 (330ms)
Epoch 71/80: loss=1.304679 lr=0.000013 (100197ms)
  step 0/295: loss=1.675587 (328ms)
  step 1/295: loss=1.609007 (321ms)
  step 2/295: loss=0.878322 (326ms)
  step 100/295: loss=1.104252 (323ms)
  step 200/295: loss=0.877123 (334ms)
Epoch 72/80: loss=1.304146 lr=0.000011 (100306ms)
  step 0/295: loss=0.757825 (316ms)
  step 1/295: loss=1.156617 (329ms)
  step 2/295: loss=0.996931 (325ms)
  step 100/295: loss=1.208751 (334ms)
  step 200/295: loss=0.959538 (328ms)
Epoch 73/80: loss=1.298515 lr=0.000008 (100249ms)
  step 0/295: loss=1.335289 (331ms)
  step 1/295: loss=1.370237 (332ms)
  step 2/295: loss=0.730155 (333ms)
  step 100/295: loss=1.524616 (329ms)
  step 200/295: loss=1.848577 (333ms)
Epoch 74/80: loss=1.300510 lr=0.000006 (100268ms)
  step 0/295: loss=0.738353 (337ms)
  step 1/295: loss=0.771766 (307ms)
  step 2/295: loss=1.229160 (326ms)
  step 100/295: loss=1.090780 (305ms)
  step 200/295: loss=1.150455 (316ms)
Epoch 75/80: loss=1.265891 lr=0.000005 (99915ms)
  step 0/295: loss=1.547150 (331ms)
  step 1/295: loss=1.469731 (330ms)
  step 2/295: loss=0.678234 (322ms)
  step 100/295: loss=0.642486 (331ms)
  step 200/295: loss=0.688460 (327ms)
Epoch 76/80: loss=1.277518 lr=0.000003 (99998ms)
  step 0/295: loss=1.453178 (339ms)
  step 1/295: loss=0.857675 (313ms)
  step 2/295: loss=0.896209 (333ms)
  step 100/295: loss=1.697637 (328ms)
  step 200/295: loss=1.517712 (330ms)
Epoch 77/80: loss=1.303590 lr=0.000002 (100236ms)
  step 0/295: loss=1.715585 (329ms)
  step 1/295: loss=1.670643 (316ms)
  step 2/295: loss=1.462965 (324ms)
  step 100/295: loss=0.823119 (336ms)
  step 200/295: loss=0.821339 (316ms)
Epoch 78/80: loss=1.280687 lr=0.000001 (100449ms)
  step 0/295: loss=1.251052 (316ms)
  step 1/295: loss=1.676809 (314ms)
  step 2/295: loss=0.601222 (334ms)
  step 100/295: loss=1.450227 (323ms)
  step 200/295: loss=1.671097 (332ms)
Epoch 79/80: loss=1.276607 lr=0.000001 (99917ms)
  step 0/295: loss=1.062638 (317ms)
  step 1/295: loss=1.959422 (308ms)
  step 2/295: loss=0.917504 (329ms)
  step 100/295: loss=1.643711 (331ms)
  step 200/295: loss=1.762987 (335ms)
Epoch 80/80: loss=1.294432 lr=0.000000 (99822ms)
  val accuracy (running BN): 2916/3904 = 74.692623%
Saved params + BN stats.
