Ablation: enet-b0-relu
  spec: EfficientNet-B0-ReLU, optimizer: Adam
  lr: 0.001000, cosine: true, wd: 0.000100
  aug: true, label_smooth: 0.100000
EfficientNet-B0-ReLU-enet-b0-relu: 7155658 params
Generating train step MLIR...
  978499 chars
Compiling vmfbs...
  forward compiled
  eval forward compiled
  train step compiled
  session loaded
  train: 9469 images (196608 floats/image)
  7155658 params + m + v (81 MB)
training: 295 batches/epoch, batch=32, Adam, lr=0.001000, cosine warmup=3, label_smooth=0.100000, wd=0.000100
  BN layers: 49, BN stat floats: 42016
  step 0/295: loss=2.334134 (1043ms)
  step 1/295: loss=2.547411 (1062ms)
  step 2/295: loss=2.532531 (1072ms)
  step 100/295: loss=2.155540 (1020ms)
  step 200/295: loss=1.854063 (1024ms)
Epoch 1/80: loss=1.988617 lr=0.000333 (300294ms)
  step 0/295: loss=1.999881 (1019ms)
  step 1/295: loss=1.529483 (1042ms)
  step 2/295: loss=1.458630 (1039ms)
  step 100/295: loss=1.596957 (997ms)
  step 200/295: loss=1.444179 (988ms)
Epoch 2/80: loss=1.738865 lr=0.000667 (300860ms)
  step 0/295: loss=1.537674 (988ms)
  step 1/295: loss=2.274140 (999ms)
  step 2/295: loss=1.701930 (997ms)
  step 100/295: loss=1.562594 (1025ms)
  step 200/295: loss=1.238670 (1012ms)
Epoch 3/80: loss=1.584928 lr=0.001000 (301801ms)
  step 0/295: loss=1.428678 (975ms)
  step 1/295: loss=1.151938 (987ms)
  step 2/295: loss=1.588257 (993ms)
  step 100/295: loss=1.437065 (1024ms)
  step 200/295: loss=1.420207 (1001ms)
Epoch 4/80: loss=1.440534 lr=0.001000 (302152ms)
  step 0/295: loss=1.368122 (992ms)
  step 1/295: loss=1.498168 (992ms)
  step 2/295: loss=1.338042 (1013ms)
  step 100/295: loss=1.519597 (1049ms)
  step 200/295: loss=1.285596 (998ms)
Epoch 5/80: loss=1.324408 lr=0.001000 (302403ms)
  step 0/295: loss=1.187304 (991ms)
  step 1/295: loss=1.219909 (1012ms)
  step 2/295: loss=1.167232 (1007ms)
  step 100/295: loss=1.348253 (1025ms)
  step 200/295: loss=1.434208 (1002ms)
Epoch 6/80: loss=1.221391 lr=0.000998 (302329ms)
  step 0/295: loss=1.116227 (1005ms)
  step 1/295: loss=1.169441 (1003ms)
  step 2/295: loss=1.169458 (992ms)
  step 100/295: loss=1.299955 (1025ms)
  step 200/295: loss=1.169203 (1023ms)
Epoch 7/80: loss=1.179226 lr=0.000996 (301753ms)
  step 0/295: loss=1.045758 (1042ms)
  step 1/295: loss=1.185801 (1029ms)
  step 2/295: loss=1.447675 (1046ms)
  step 100/295: loss=1.260959 (1005ms)
  step 200/295: loss=1.227754 (983ms)
Epoch 8/80: loss=1.117265 lr=0.000993 (301906ms)
  step 0/295: loss=1.032581 (1031ms)
  step 1/295: loss=0.917934 (1032ms)
  step 2/295: loss=1.049934 (1042ms)
  step 100/295: loss=1.097799 (1036ms)
  step 200/295: loss=1.166642 (999ms)
Epoch 9/80: loss=1.081516 lr=0.000990 (302405ms)
  step 0/295: loss=1.049880 (1004ms)
  step 1/295: loss=0.922684 (1009ms)
  step 2/295: loss=0.876904 (1006ms)
  step 100/295: loss=1.063486 (1026ms)
  step 200/295: loss=0.937518 (994ms)
Epoch 10/80: loss=1.050035 lr=0.000985 (301985ms)
  val accuracy (running BN): 2991/3904 = 76.613730%
  step 0/295: loss=1.044431 (1031ms)
  step 1/295: loss=0.851880 (1007ms)
  step 2/295: loss=0.960109 (1003ms)
  step 100/295: loss=1.329725 (996ms)
  step 200/295: loss=0.931261 (998ms)
Epoch 11/80: loss=1.015611 lr=0.000980 (301448ms)
  step 0/295: loss=1.055715 (1017ms)
  step 1/295: loss=0.902087 (1005ms)
  step 2/295: loss=0.857967 (996ms)
  step 100/295: loss=0.836363 (1007ms)
  step 200/295: loss=0.884360 (1001ms)
Epoch 12/80: loss=0.977539 lr=0.000974 (301971ms)
  step 0/295: loss=1.199061 (1028ms)
  step 1/295: loss=0.984574 (1016ms)
  step 2/295: loss=1.155750 (1005ms)
  step 100/295: loss=1.087756 (1026ms)
  step 200/295: loss=1.056530 (1044ms)
Epoch 13/80: loss=0.956371 lr=0.000967 (302147ms)
  step 0/295: loss=0.780567 (1026ms)
  step 1/295: loss=0.908114 (995ms)
  step 2/295: loss=0.838574 (1018ms)
  step 100/295: loss=0.936656 (1044ms)
  step 200/295: loss=1.104519 (1021ms)
Epoch 14/80: loss=0.934116 lr=0.000959 (304552ms)
  step 0/295: loss=0.903180 (1031ms)
  step 1/295: loss=0.900372 (1024ms)
  step 2/295: loss=0.715391 (1032ms)
  step 100/295: loss=0.935316 (1030ms)
  step 200/295: loss=0.767545 (1039ms)
Epoch 15/80: loss=0.907166 lr=0.000950 (302767ms)
  step 0/295: loss=1.124013 (1016ms)
  step 1/295: loss=0.831416 (1000ms)
  step 2/295: loss=0.784359 (1022ms)
  step 100/295: loss=0.899124 (1016ms)
  step 200/295: loss=0.710197 (1008ms)
Epoch 16/80: loss=0.885960 lr=0.000941 (303483ms)
  step 0/295: loss=0.822820 (987ms)
  step 1/295: loss=0.866323 (1006ms)
  step 2/295: loss=0.868670 (1017ms)
  step 100/295: loss=0.686592 (1043ms)
  step 200/295: loss=0.951075 (1041ms)
Epoch 17/80: loss=0.861283 lr=0.000931 (302901ms)
  step 0/295: loss=0.774346 (989ms)
  step 1/295: loss=0.698413 (996ms)
  step 2/295: loss=0.835207 (989ms)
  step 100/295: loss=0.861300 (1007ms)
  step 200/295: loss=0.673852 (1033ms)
Epoch 18/80: loss=0.829481 lr=0.000921 (302803ms)
  step 0/295: loss=0.808037 (997ms)
  step 1/295: loss=0.676797 (1016ms)
  step 2/295: loss=0.790762 (1035ms)
  step 100/295: loss=0.731596 (1045ms)
  step 200/295: loss=0.941463 (1035ms)
Epoch 19/80: loss=0.816373 lr=0.000909 (302340ms)
  step 0/295: loss=0.763061 (1024ms)
  step 1/295: loss=0.846763 (1011ms)
  step 2/295: loss=0.848984 (1019ms)
  step 100/295: loss=0.751309 (1013ms)
  step 200/295: loss=0.697730 (1021ms)
Epoch 20/80: loss=0.790742 lr=0.000897 (302621ms)
  val accuracy (running BN): 3134/3904 = 80.276639%
  step 0/295: loss=0.768952 (1039ms)
  step 1/295: loss=0.732625 (1037ms)
  step 2/295: loss=0.708759 (1019ms)
  step 100/295: loss=0.796603 (1044ms)
  step 200/295: loss=0.626183 (977ms)
Epoch 21/80: loss=0.783785 lr=0.000884 (302024ms)
  step 0/295: loss=0.685308 (1012ms)
  step 1/295: loss=0.974143 (1038ms)
  step 2/295: loss=0.803927 (1048ms)
  step 100/295: loss=0.911167 (1019ms)
  step 200/295: loss=0.747457 (1015ms)
Epoch 22/80: loss=0.763920 lr=0.000871 (302279ms)
  step 0/295: loss=0.851054 (990ms)
  step 1/295: loss=0.731842 (999ms)
  step 2/295: loss=0.649085 (1009ms)
  step 100/295: loss=0.805965 (996ms)
  step 200/295: loss=0.918934 (975ms)
Epoch 23/80: loss=0.746510 lr=0.000857 (302302ms)
  step 0/295: loss=0.892282 (1017ms)
  step 1/295: loss=0.842177 (1019ms)
  step 2/295: loss=0.708943 (1011ms)
  step 100/295: loss=0.872187 (1008ms)
  step 200/295: loss=0.826870 (1017ms)
Epoch 24/80: loss=0.734930 lr=0.000843 (302219ms)
  step 0/295: loss=0.650209 (988ms)
  step 1/295: loss=0.783660 (997ms)
  step 2/295: loss=0.883009 (995ms)
  step 100/295: loss=0.707502 (988ms)
  step 200/295: loss=0.684094 (1016ms)
Epoch 25/80: loss=0.713593 lr=0.000827 (302056ms)
  step 0/295: loss=0.741191 (1016ms)
  step 1/295: loss=0.704119 (996ms)
  step 2/295: loss=0.799680 (990ms)
  step 100/295: loss=0.744272 (1005ms)
  step 200/295: loss=0.780005 (1043ms)
Epoch 26/80: loss=0.695163 lr=0.000812 (302315ms)
  step 0/295: loss=0.686978 (1034ms)
  step 1/295: loss=0.654042 (1038ms)
  step 2/295: loss=0.624919 (1016ms)
  step 100/295: loss=0.649164 (1040ms)
  step 200/295: loss=0.734417 (1041ms)
Epoch 27/80: loss=0.696478 lr=0.000796 (301747ms)
  step 0/295: loss=0.572205 (996ms)
  step 1/295: loss=0.645738 (985ms)
  step 2/295: loss=0.698247 (1009ms)
  step 100/295: loss=0.742251 (1003ms)
  step 200/295: loss=0.737003 (1018ms)
Epoch 28/80: loss=0.673620 lr=0.000779 (302944ms)
  step 0/295: loss=0.590451 (1007ms)
  step 1/295: loss=0.720327 (1000ms)
  step 2/295: loss=0.585571 (1001ms)
  step 100/295: loss=0.712623 (1043ms)
  step 200/295: loss=0.575763 (999ms)
Epoch 29/80: loss=0.663222 lr=0.000762 (303221ms)
  step 0/295: loss=0.643213 (1029ms)
  step 1/295: loss=0.759493 (1036ms)
  step 2/295: loss=0.670727 (1041ms)
  step 100/295: loss=0.593023 (1036ms)
  step 200/295: loss=0.777780 (1001ms)
Epoch 30/80: loss=0.661003 lr=0.000744 (302513ms)
  val accuracy (running BN): 3281/3904 = 84.042008%
  step 0/295: loss=0.634252 (1009ms)
  step 1/295: loss=0.810451 (1011ms)
  step 2/295: loss=0.782570 (980ms)
  step 100/295: loss=0.839696 (983ms)
  step 200/295: loss=0.598931 (1022ms)
Epoch 31/80: loss=0.647062 lr=0.000726 (301575ms)
  step 0/295: loss=0.586834 (1037ms)
  step 1/295: loss=0.839248 (1006ms)
  step 2/295: loss=0.598523 (989ms)
  step 100/295: loss=0.577999 (984ms)
  step 200/295: loss=0.633852 (978ms)
Epoch 32/80: loss=0.630573 lr=0.000708 (302431ms)
  step 0/295: loss=0.613806 (1022ms)
  step 1/295: loss=0.605752 (1001ms)
  step 2/295: loss=0.561844 (1008ms)
  step 100/295: loss=0.632627 (992ms)
  step 200/295: loss=0.661571 (1010ms)
Epoch 33/80: loss=0.626364 lr=0.000689 (302494ms)
  step 0/295: loss=0.569609 (986ms)
  step 1/295: loss=0.662677 (996ms)
  step 2/295: loss=0.562532 (1001ms)
  step 100/295: loss=0.609845 (1014ms)
  step 200/295: loss=0.579670 (1026ms)
Epoch 34/80: loss=0.612760 lr=0.000670 (302348ms)
  step 0/295: loss=0.596866 (1039ms)
  step 1/295: loss=0.566831 (1025ms)
  step 2/295: loss=0.544474 (1029ms)
  step 100/295: loss=0.581352 (1027ms)
  step 200/295: loss=0.528472 (1016ms)
Epoch 35/80: loss=0.611707 lr=0.000651 (301773ms)
  step 0/295: loss=0.598691 (992ms)
  step 1/295: loss=0.578158 (1014ms)
  step 2/295: loss=0.566680 (1009ms)
  step 100/295: loss=0.600373 (1000ms)
  step 200/295: loss=0.674944 (1007ms)
Epoch 36/80: loss=0.603559 lr=0.000631 (302048ms)
  step 0/295: loss=0.578050 (1037ms)
  step 1/295: loss=0.595733 (1010ms)
  step 2/295: loss=0.563497 (1004ms)
  step 100/295: loss=0.567124 (998ms)
  step 200/295: loss=0.595954 (1035ms)
Epoch 37/80: loss=0.597031 lr=0.000611 (302753ms)
  step 0/295: loss=0.556131 (1005ms)
  step 1/295: loss=0.566884 (1018ms)
  step 2/295: loss=0.530139 (1024ms)
  step 100/295: loss=0.578946 (1011ms)
  step 200/295: loss=0.543585 (969ms)
Epoch 38/80: loss=0.591072 lr=0.000591 (302551ms)
  step 0/295: loss=0.531569 (1003ms)
  step 1/295: loss=0.577005 (1035ms)
  step 2/295: loss=0.563277 (1009ms)
  step 100/295: loss=0.558532 (1054ms)
  step 200/295: loss=0.612491 (1025ms)
Epoch 39/80: loss=0.584547 lr=0.000571 (302304ms)
  step 0/295: loss=0.607226 (1036ms)
  step 1/295: loss=0.587343 (996ms)
  step 2/295: loss=0.530010 (1041ms)
  step 100/295: loss=0.608231 (1031ms)
  step 200/295: loss=0.554504 (1009ms)
Epoch 40/80: loss=0.576932 lr=0.000551 (302184ms)
  val accuracy (running BN): 3349/3904 = 85.783811%
  step 0/295: loss=0.580650 (1012ms)
  step 1/295: loss=0.531980 (978ms)
  step 2/295: loss=0.538743 (977ms)
  step 100/295: loss=0.582242 (986ms)
  step 200/295: loss=0.551410 (1009ms)
Epoch 41/80: loss=0.562107 lr=0.000531 (301971ms)
  step 0/295: loss=0.533695 (1015ms)
  step 1/295: loss=0.543632 (1016ms)
  step 2/295: loss=0.529418 (971ms)
  step 100/295: loss=0.592309 (991ms)
  step 200/295: loss=0.541318 (1028ms)
Epoch 42/80: loss=0.569803 lr=0.000510 (302292ms)
  step 0/295: loss=0.556726 (988ms)
  step 1/295: loss=0.556415 (1008ms)
  step 2/295: loss=0.529920 (997ms)
  step 100/295: loss=0.527320 (991ms)
  step 200/295: loss=0.544374 (1011ms)
Epoch 43/80: loss=0.555305 lr=0.000490 (301879ms)
  step 0/295: loss=0.543381 (1018ms)
  step 1/295: loss=0.580829 (1014ms)
  step 2/295: loss=0.538964 (1006ms)
  step 100/295: loss=0.526236 (1015ms)
  step 200/295: loss=0.528197 (1013ms)
Epoch 44/80: loss=0.553992 lr=0.000469 (302163ms)
  step 0/295: loss=0.547632 (1009ms)
  step 1/295: loss=0.546709 (1008ms)
  step 2/295: loss=0.540025 (993ms)
  step 100/295: loss=0.541078 (1061ms)
  step 200/295: loss=0.530356 (1021ms)
Epoch 45/80: loss=0.553225 lr=0.000449 (301136ms)
  step 0/295: loss=0.567207 (1037ms)
  step 1/295: loss=0.529298 (1016ms)
  step 2/295: loss=0.552090 (1002ms)
  step 100/295: loss=0.565303 (1038ms)
  step 200/295: loss=0.552862 (978ms)
Epoch 46/80: loss=0.553174 lr=0.000429 (302570ms)
  step 0/295: loss=0.523570 (1040ms)
  step 1/295: loss=0.566876 (1034ms)
  step 2/295: loss=0.598508 (1017ms)
  step 100/295: loss=0.528382 (1012ms)
  step 200/295: loss=0.526695 (1038ms)
Epoch 47/80: loss=0.548071 lr=0.000409 (302019ms)
  step 0/295: loss=0.560623 (1027ms)
  step 1/295: loss=0.528323 (1033ms)
  step 2/295: loss=0.528722 (1014ms)
  step 100/295: loss=0.519619 (1016ms)
  step 200/295: loss=0.556426 (999ms)
Epoch 48/80: loss=0.541035 lr=0.000389 (301932ms)
  step 0/295: loss=0.518117 (1050ms)
  step 1/295: loss=0.542026 (1041ms)
  step 2/295: loss=0.537518 (1041ms)
  step 100/295: loss=0.524451 (1025ms)
  step 200/295: loss=0.521554 (1032ms)
Epoch 49/80: loss=0.539964 lr=0.000369 (302265ms)
  step 0/295: loss=0.545747 (1004ms)
  step 1/295: loss=0.573850 (964ms)
  step 2/295: loss=0.601910 (1005ms)
  step 100/295: loss=0.515000 (1028ms)
  step 200/295: loss=0.533057 (994ms)
Epoch 50/80: loss=0.541463 lr=0.000349 (302132ms)
  val accuracy (running BN): 3410/3904 = 87.346311%
  step 0/295: loss=0.517471 (997ms)
  step 1/295: loss=0.527546 (1013ms)
  step 2/295: loss=0.517830 (1017ms)
  step 100/295: loss=0.538668 (1037ms)
  step 200/295: loss=0.630073 (1052ms)
Epoch 51/80: loss=0.538750 lr=0.000330 (302885ms)
  step 0/295: loss=0.516678 (1039ms)
  step 1/295: loss=0.556111 (1030ms)
  step 2/295: loss=0.557222 (1022ms)
  step 100/295: loss=0.530405 (1006ms)
  step 200/295: loss=0.517724 (1024ms)
Epoch 52/80: loss=0.532939 lr=0.000311 (304368ms)
  step 0/295: loss=0.556905 (1034ms)
  step 1/295: loss=0.606614 (1025ms)
  step 2/295: loss=0.519238 (1025ms)
  step 100/295: loss=0.533923 (996ms)
  step 200/295: loss=0.560783 (999ms)
Epoch 53/80: loss=0.532265 lr=0.000292 (302517ms)
  step 0/295: loss=0.524479 (1025ms)
  step 1/295: loss=0.544246 (1036ms)
  step 2/295: loss=0.547680 (1053ms)
  step 100/295: loss=0.513132 (1031ms)
  step 200/295: loss=0.519678 (1005ms)
Epoch 54/80: loss=0.529626 lr=0.000274 (302371ms)
  step 0/295: loss=0.551901 (992ms)
  step 1/295: loss=0.559548 (980ms)
  step 2/295: loss=0.530151 (1003ms)
  step 100/295: loss=0.518236 (1008ms)
  step 200/295: loss=0.568155 (1036ms)
Epoch 55/80: loss=0.524360 lr=0.000256 (302309ms)
  step 0/295: loss=0.517433 (1034ms)
  step 1/295: loss=0.520579 (1038ms)
  step 2/295: loss=0.511364 (1032ms)
  step 100/295: loss=0.530050 (1016ms)
  step 200/295: loss=0.511554 (1002ms)
Epoch 56/80: loss=0.523352 lr=0.000238 (303712ms)
  step 0/295: loss=0.512358 (1019ms)
  step 1/295: loss=0.516272 (1019ms)
  step 2/295: loss=0.514446 (1013ms)
  step 100/295: loss=0.535550 (1000ms)
  step 200/295: loss=0.517971 (1016ms)
Epoch 57/80: loss=0.523389 lr=0.000221 (303196ms)
  step 0/295: loss=0.593356 (999ms)
  step 1/295: loss=0.551580 (1027ms)
  step 2/295: loss=0.512891 (1007ms)
  step 100/295: loss=0.532841 (991ms)
  step 200/295: loss=0.510529 (1013ms)
Epoch 58/80: loss=0.524014 lr=0.000204 (302970ms)
  step 0/295: loss=0.514993 (1039ms)
  step 1/295: loss=0.524926 (1031ms)
  step 2/295: loss=0.515279 (1017ms)
  step 100/295: loss=0.511408 (1008ms)
  step 200/295: loss=0.554577 (1027ms)
Epoch 59/80: loss=0.521241 lr=0.000188 (303100ms)
  step 0/295: loss=0.510565 (1035ms)
  step 1/295: loss=0.523204 (1038ms)
  step 2/295: loss=0.582232 (1034ms)
  step 100/295: loss=0.510975 (977ms)
  step 200/295: loss=0.513024 (1007ms)
Epoch 60/80: loss=0.521607 lr=0.000173 (303039ms)
  val accuracy (running BN): 3418/3904 = 87.551230%
  step 0/295: loss=0.550699 (1024ms)
  step 1/295: loss=0.510109 (1001ms)
  step 2/295: loss=0.521617 (1004ms)
  step 100/295: loss=0.514168 (983ms)
  step 200/295: loss=0.543577 (990ms)
Epoch 61/80: loss=0.518732 lr=0.000157 (302551ms)
  step 0/295: loss=0.514247 (1055ms)
  step 1/295: loss=0.508135 (1043ms)
  step 2/295: loss=0.518855 (1040ms)
  step 100/295: loss=0.531349 (1018ms)
  step 200/295: loss=0.514793 (1036ms)
Epoch 62/80: loss=0.519433 lr=0.000143 (302235ms)
  step 0/295: loss=0.509988 (988ms)
  step 1/295: loss=0.508488 (1019ms)
  step 2/295: loss=0.510683 (1006ms)
  step 100/295: loss=0.568127 (1000ms)
  step 200/295: loss=0.513270 (982ms)
Epoch 63/80: loss=0.517009 lr=0.000129 (302729ms)
  step 0/295: loss=0.510652 (1054ms)
  step 1/295: loss=0.516008 (1027ms)
  step 2/295: loss=0.525565 (1036ms)
  step 100/295: loss=0.513071 (1019ms)
  step 200/295: loss=0.508925 (1043ms)
Epoch 64/80: loss=0.515111 lr=0.000116 (302053ms)
  step 0/295: loss=0.513228 (1040ms)
  step 1/295: loss=0.513968 (1035ms)
  step 2/295: loss=0.507104 (1026ms)
  step 100/295: loss=0.509201 (1038ms)
  step 200/295: loss=0.505514 (989ms)
Epoch 65/80: loss=0.513475 lr=0.000103 (302570ms)
  step 0/295: loss=0.507832 (1003ms)
  step 1/295: loss=0.506423 (981ms)
  step 2/295: loss=0.506129 (1007ms)
  step 100/295: loss=0.511563 (1010ms)
  step 200/295: loss=0.506951 (1041ms)
Epoch 66/80: loss=0.512369 lr=0.000091 (302806ms)
  step 0/295: loss=0.510177 (1009ms)
  step 1/295: loss=0.509146 (993ms)
  step 2/295: loss=0.505814 (1015ms)
  step 100/295: loss=0.511424 (1010ms)
  step 200/295: loss=0.510479 (1023ms)
Epoch 67/80: loss=0.511853 lr=0.000079 (302949ms)
  step 0/295: loss=0.508630 (1011ms)
  step 1/295: loss=0.507379 (1019ms)
  step 2/295: loss=0.509529 (1007ms)
  step 100/295: loss=0.507379 (1000ms)
  step 200/295: loss=0.507827 (1034ms)
Epoch 68/80: loss=0.512648 lr=0.000069 (302547ms)
  step 0/295: loss=0.520680 (1048ms)
  step 1/295: loss=0.509469 (1016ms)
  step 2/295: loss=0.509930 (1029ms)
  step 100/295: loss=0.507493 (1009ms)
  step 200/295: loss=0.543414 (993ms)
Epoch 69/80: loss=0.511136 lr=0.000059 (302731ms)
  step 0/295: loss=0.507139 (1027ms)
  step 1/295: loss=0.506661 (1040ms)
  step 2/295: loss=0.523582 (1028ms)
  step 100/295: loss=0.507924 (1035ms)
  step 200/295: loss=0.507315 (990ms)
Epoch 70/80: loss=0.511213 lr=0.000050 (302772ms)
  val accuracy (running BN): 3428/3904 = 87.807377%
  step 0/295: loss=0.508385 (1023ms)
  step 1/295: loss=0.507687 (980ms)
  step 2/295: loss=0.508580 (978ms)
  step 100/295: loss=0.508149 (995ms)
  step 200/295: loss=0.506513 (999ms)
Epoch 71/80: loss=0.511868 lr=0.000041 (301894ms)
  step 0/295: loss=0.504580 (1027ms)
  step 1/295: loss=0.526734 (1054ms)
  step 2/295: loss=0.515057 (1043ms)
  step 100/295: loss=0.510348 (1006ms)
  step 200/295: loss=0.521251 (1047ms)
Epoch 72/80: loss=0.511430 lr=0.000033 (302210ms)
  step 0/295: loss=0.514390 (1002ms)
  step 1/295: loss=0.510481 (1006ms)
  step 2/295: loss=0.507464 (1017ms)
  step 100/295: loss=0.507281 (1011ms)
  step 200/295: loss=0.506152 (1016ms)
Epoch 73/80: loss=0.509872 lr=0.000026 (301889ms)
  step 0/295: loss=0.523587 (1001ms)
  step 1/295: loss=0.511021 (1006ms)
  step 2/295: loss=0.505733 (991ms)
  step 100/295: loss=0.505520 (986ms)
  step 200/295: loss=0.508889 (1002ms)
Epoch 74/80: loss=0.510352 lr=0.000020 (302120ms)
  step 0/295: loss=0.505513 (1021ms)
  step 1/295: loss=0.505233 (1029ms)
  step 2/295: loss=0.507686 (1020ms)
  step 100/295: loss=0.505817 (1027ms)
  step 200/295: loss=0.504905 (1021ms)
Epoch 75/80: loss=0.509413 lr=0.000015 (301930ms)
  step 0/295: loss=0.505728 (996ms)
  step 1/295: loss=0.507801 (996ms)
  step 2/295: loss=0.505887 (989ms)
  step 100/295: loss=0.522208 (993ms)
  step 200/295: loss=0.506474 (978ms)
Epoch 76/80: loss=0.508105 lr=0.000010 (297272ms)
  step 0/295: loss=0.504802 (991ms)
  step 1/295: loss=0.509761 (984ms)
  step 2/295: loss=0.507790 (990ms)
  step 100/295: loss=0.513120 (983ms)
  step 200/295: loss=0.506003 (996ms)
Epoch 77/80: loss=0.509159 lr=0.000007 (296676ms)
  step 0/295: loss=0.504840 (993ms)
  step 1/295: loss=0.517683 (978ms)
  step 2/295: loss=0.510487 (992ms)
  step 100/295: loss=0.522485 (997ms)
  step 200/295: loss=0.510399 (995ms)
Epoch 78/80: loss=0.508812 lr=0.000004 (296686ms)
  step 0/295: loss=0.512051 (1006ms)
  step 1/295: loss=0.504839 (1006ms)
  step 2/295: loss=0.506838 (1000ms)
  step 100/295: loss=0.504073 (978ms)
  step 200/295: loss=0.505701 (1008ms)
Epoch 79/80: loss=0.508932 lr=0.000002 (296624ms)
  step 0/295: loss=0.511915 (998ms)
  step 1/295: loss=0.504780 (971ms)
  step 2/295: loss=0.511083 (987ms)
  step 100/295: loss=0.504478 (1000ms)
  step 200/295: loss=0.507597 (1000ms)
Epoch 80/80: loss=0.508891 lr=0.000000 (297318ms)
  val accuracy (running BN): 3427/3904 = 87.781762%
Saved params + BN stats.
