Ablation: enet-b0-swish
  spec: EfficientNet-B0-Swish, optimizer: Adam
  lr: 0.001000, cosine: true, wd: 0.000100
  aug: true, label_smooth: 0.100000
EfficientNet-B0-Swish-enet-b0-swish: 7155658 params
Generating train step MLIR...
  982595 chars
Compiling vmfbs...
  forward compiled
  eval forward compiled
  train step compiled
  session loaded
  train: 9469 images (196608 floats/image)
  7155658 params + m + v (81 MB)
training: 295 batches/epoch, batch=32, Adam, lr=0.001000, cosine warmup=3, label_smooth=0.100000, wd=0.000100
  BN layers: 49, BN stat floats: 42016
  step 0/295: loss=2.345573 (981ms)
  step 1/295: loss=2.570625 (974ms)
  step 2/295: loss=2.498208 (986ms)
  step 100/295: loss=2.114047 (960ms)
  step 200/295: loss=1.941790 (952ms)
Epoch 1/80: loss=1.985674 lr=0.000333 (286288ms)
  step 0/295: loss=1.794206 (954ms)
  step 1/295: loss=1.383840 (956ms)
  step 2/295: loss=1.571169 (947ms)
  step 100/295: loss=1.538563 (955ms)
  step 200/295: loss=1.472806 (955ms)
Epoch 2/80: loss=1.643593 lr=0.000667 (286668ms)
  step 0/295: loss=1.564039 (930ms)
  step 1/295: loss=2.175424 (976ms)
  step 2/295: loss=1.706029 (958ms)
  step 100/295: loss=1.471014 (983ms)
  step 200/295: loss=1.193878 (973ms)
Epoch 3/80: loss=1.471913 lr=0.001000 (289352ms)
  step 0/295: loss=1.504083 (982ms)
  step 1/295: loss=0.968010 (976ms)
  step 2/295: loss=1.274461 (963ms)
  step 100/295: loss=1.531964 (979ms)
  step 200/295: loss=1.369443 (976ms)
Epoch 4/80: loss=1.297722 lr=0.001000 (289338ms)
  step 0/295: loss=1.129309 (949ms)
  step 1/295: loss=1.480550 (969ms)
  step 2/295: loss=1.239231 (953ms)
  step 100/295: loss=1.386263 (965ms)
  step 200/295: loss=1.167648 (961ms)
Epoch 5/80: loss=1.196072 lr=0.001000 (289717ms)
  step 0/295: loss=1.109330 (991ms)
  step 1/295: loss=1.002723 (956ms)
  step 2/295: loss=1.058416 (989ms)
  step 100/295: loss=1.299992 (952ms)
  step 200/295: loss=1.383208 (980ms)
Epoch 6/80: loss=1.113508 lr=0.000998 (289377ms)
  step 0/295: loss=0.992927 (941ms)
  step 1/295: loss=1.136072 (953ms)
  step 2/295: loss=1.141216 (958ms)
  step 100/295: loss=1.179561 (980ms)
  step 200/295: loss=0.985039 (992ms)
Epoch 7/80: loss=1.069063 lr=0.000996 (289584ms)
  step 0/295: loss=0.997560 (975ms)
  step 1/295: loss=1.034302 (973ms)
  step 2/295: loss=1.325235 (970ms)
  step 100/295: loss=0.993164 (967ms)
  step 200/295: loss=1.117538 (974ms)
Epoch 8/80: loss=1.015210 lr=0.000993 (289517ms)
  step 0/295: loss=0.827363 (973ms)
  step 1/295: loss=0.848688 (955ms)
  step 2/295: loss=1.007759 (966ms)
  step 100/295: loss=0.860870 (967ms)
  step 200/295: loss=1.091721 (961ms)
Epoch 9/80: loss=0.982072 lr=0.000990 (289849ms)
  step 0/295: loss=0.886256 (952ms)
  step 1/295: loss=0.863550 (974ms)
  step 2/295: loss=0.752619 (964ms)
  step 100/295: loss=1.124593 (958ms)
  step 200/295: loss=0.756363 (963ms)
Epoch 10/80: loss=0.947504 lr=0.000985 (289357ms)
  val accuracy (running BN): 3077/3904 = 78.816598%
  step 0/295: loss=0.875983 (968ms)
  step 1/295: loss=0.781679 (984ms)
  step 2/295: loss=0.791823 (972ms)
  step 100/295: loss=1.262909 (970ms)
  step 200/295: loss=0.761230 (954ms)
Epoch 11/80: loss=0.916345 lr=0.000980 (289920ms)
  step 0/295: loss=0.942006 (979ms)
  step 1/295: loss=0.809635 (966ms)
  step 2/295: loss=0.749114 (973ms)
  step 100/295: loss=0.790679 (957ms)
  step 200/295: loss=0.751655 (973ms)
Epoch 12/80: loss=0.885115 lr=0.000974 (289456ms)
  step 0/295: loss=0.949354 (957ms)
  step 1/295: loss=0.807829 (964ms)
  step 2/295: loss=0.862782 (944ms)
  step 100/295: loss=0.908088 (930ms)
  step 200/295: loss=0.948894 (944ms)
Epoch 13/80: loss=0.864141 lr=0.000967 (289595ms)
  step 0/295: loss=0.697089 (964ms)
  step 1/295: loss=0.847207 (974ms)
  step 2/295: loss=0.784689 (982ms)
  step 100/295: loss=0.689445 (961ms)
  step 200/295: loss=0.923959 (987ms)
Epoch 14/80: loss=0.832720 lr=0.000959 (289864ms)
  step 0/295: loss=0.858761 (949ms)
  step 1/295: loss=0.899091 (955ms)
  step 2/295: loss=0.740496 (959ms)
  step 100/295: loss=0.822875 (993ms)
  step 200/295: loss=0.716663 (976ms)
Epoch 15/80: loss=0.812127 lr=0.000950 (289357ms)
  step 0/295: loss=1.137522 (986ms)
  step 1/295: loss=0.770975 (974ms)
  step 2/295: loss=0.784692 (967ms)
  step 100/295: loss=0.656641 (961ms)
  step 200/295: loss=0.665694 (973ms)
Epoch 16/80: loss=0.793213 lr=0.000941 (291179ms)
  step 0/295: loss=0.717104 (992ms)
  step 1/295: loss=0.814501 (979ms)
  step 2/295: loss=0.705929 (962ms)
  step 100/295: loss=0.630664 (953ms)
  step 200/295: loss=0.758629 (983ms)
Epoch 17/80: loss=0.773931 lr=0.000931 (290286ms)
  step 0/295: loss=0.656156 (945ms)
  step 1/295: loss=0.583264 (968ms)
  step 2/295: loss=0.677306 (953ms)
  step 100/295: loss=0.726121 (999ms)
  step 200/295: loss=0.680050 (963ms)
Epoch 18/80: loss=0.743236 lr=0.000921 (290418ms)
  step 0/295: loss=0.647386 (980ms)
  step 1/295: loss=0.569866 (985ms)
  step 2/295: loss=0.625807 (976ms)
  step 100/295: loss=0.621236 (965ms)
  step 200/295: loss=0.808498 (985ms)
Epoch 19/80: loss=0.728638 lr=0.000909 (290549ms)
  step 0/295: loss=0.672669 (945ms)
  step 1/295: loss=0.631452 (955ms)
  step 2/295: loss=0.822666 (955ms)
  step 100/295: loss=0.779925 (979ms)
  step 200/295: loss=0.642652 (979ms)
Epoch 20/80: loss=0.711379 lr=0.000897 (290178ms)
  val accuracy (running BN): 3208/3904 = 82.172131%
  step 0/295: loss=0.696173 (966ms)
  step 1/295: loss=0.573234 (961ms)
  step 2/295: loss=0.582038 (966ms)
  step 100/295: loss=0.592027 (965ms)
  step 200/295: loss=0.591968 (986ms)
Epoch 21/80: loss=0.696863 lr=0.000884 (290229ms)
  step 0/295: loss=0.561464 (979ms)
  step 1/295: loss=0.766015 (988ms)
  step 2/295: loss=0.722457 (985ms)
  step 100/295: loss=0.770193 (989ms)
  step 200/295: loss=0.645318 (971ms)
Epoch 22/80: loss=0.688384 lr=0.000871 (289773ms)
  step 0/295: loss=0.721353 (977ms)
  step 1/295: loss=0.547942 (989ms)
  step 2/295: loss=0.615252 (975ms)
  step 100/295: loss=0.725520 (980ms)
  step 200/295: loss=0.653639 (946ms)
Epoch 23/80: loss=0.663465 lr=0.000857 (289956ms)
  step 0/295: loss=0.739320 (956ms)
  step 1/295: loss=0.747689 (944ms)
  step 2/295: loss=0.669755 (959ms)
  step 100/295: loss=0.841268 (990ms)
  step 200/295: loss=0.695817 (976ms)
Epoch 24/80: loss=0.659958 lr=0.000843 (289660ms)
  step 0/295: loss=0.600922 (938ms)
  step 1/295: loss=0.702327 (945ms)
  step 2/295: loss=0.607284 (978ms)
  step 100/295: loss=0.564808 (974ms)
  step 200/295: loss=0.713249 (991ms)
Epoch 25/80: loss=0.644513 lr=0.000827 (289814ms)
  step 0/295: loss=0.671118 (968ms)
  step 1/295: loss=0.635145 (976ms)
  step 2/295: loss=0.694087 (958ms)
  step 100/295: loss=0.622097 (960ms)
  step 200/295: loss=0.751746 (957ms)
Epoch 26/80: loss=0.626474 lr=0.000812 (289882ms)
  step 0/295: loss=0.589902 (980ms)
  step 1/295: loss=0.683263 (954ms)
  step 2/295: loss=0.566758 (971ms)
  step 100/295: loss=0.653527 (942ms)
  step 200/295: loss=0.735761 (963ms)
Epoch 27/80: loss=0.633839 lr=0.000796 (290164ms)
  step 0/295: loss=0.603263 (988ms)
  step 1/295: loss=0.599753 (993ms)
  step 2/295: loss=0.576035 (980ms)
  step 100/295: loss=0.553185 (961ms)
  step 200/295: loss=0.758348 (927ms)
Epoch 28/80: loss=0.621532 lr=0.000779 (289443ms)
  step 0/295: loss=0.531709 (980ms)
  step 1/295: loss=0.568941 (948ms)
  step 2/295: loss=0.572472 (954ms)
  step 100/295: loss=0.554517 (970ms)
  step 200/295: loss=0.538829 (992ms)
Epoch 29/80: loss=0.605544 lr=0.000762 (289458ms)
  step 0/295: loss=0.556959 (963ms)
  step 1/295: loss=0.585830 (987ms)
  step 2/295: loss=0.660409 (965ms)
  step 100/295: loss=0.555331 (953ms)
  step 200/295: loss=0.687580 (933ms)
Epoch 30/80: loss=0.604595 lr=0.000744 (289841ms)
  val accuracy (running BN): 3282/3904 = 84.067623%
  step 0/295: loss=0.676543 (983ms)
  step 1/295: loss=0.641997 (991ms)
  step 2/295: loss=0.537264 (991ms)
  step 100/295: loss=0.683498 (958ms)
  step 200/295: loss=0.576632 (973ms)
Epoch 31/80: loss=0.595972 lr=0.000726 (289969ms)
  step 0/295: loss=0.564749 (953ms)
  step 1/295: loss=0.690767 (956ms)
  step 2/295: loss=0.563058 (980ms)
  step 100/295: loss=0.570830 (987ms)
  step 200/295: loss=0.522331 (945ms)
Epoch 32/80: loss=0.578542 lr=0.000708 (290273ms)
  step 0/295: loss=0.533567 (981ms)
  step 1/295: loss=0.579795 (970ms)
  step 2/295: loss=0.515987 (967ms)
  step 100/295: loss=0.574359 (955ms)
  step 200/295: loss=0.688350 (976ms)
Epoch 33/80: loss=0.587245 lr=0.000689 (290150ms)
  step 0/295: loss=0.522131 (956ms)
  step 1/295: loss=0.527242 (965ms)
  step 2/295: loss=0.517483 (942ms)
  step 100/295: loss=0.531597 (987ms)
  step 200/295: loss=0.568250 (934ms)
Epoch 34/80: loss=0.571161 lr=0.000670 (289958ms)
  step 0/295: loss=0.620017 (949ms)
  step 1/295: loss=0.568813 (950ms)
  step 2/295: loss=0.520123 (953ms)
  step 100/295: loss=0.527281 (956ms)
  step 200/295: loss=0.518568 (970ms)
Epoch 35/80: loss=0.569240 lr=0.000651 (290125ms)
  step 0/295: loss=0.522635 (998ms)
  step 1/295: loss=0.617052 (989ms)
  step 2/295: loss=0.525636 (984ms)
  step 100/295: loss=0.535031 (965ms)
  step 200/295: loss=0.563348 (956ms)
Epoch 36/80: loss=0.562915 lr=0.000631 (290130ms)
  step 0/295: loss=0.516374 (972ms)
  step 1/295: loss=0.512651 (931ms)
  step 2/295: loss=0.515126 (960ms)
  step 100/295: loss=0.527380 (966ms)
  step 200/295: loss=0.524145 (969ms)
Epoch 37/80: loss=0.558949 lr=0.000611 (290064ms)
  step 0/295: loss=0.592434 (939ms)
  step 1/295: loss=0.584994 (947ms)
  step 2/295: loss=0.513210 (947ms)
  step 100/295: loss=0.631118 (950ms)
  step 200/295: loss=0.512095 (964ms)
Epoch 38/80: loss=0.567621 lr=0.000591 (289555ms)
  step 0/295: loss=0.521700 (943ms)
  step 1/295: loss=0.549051 (958ms)
  step 2/295: loss=0.561041 (960ms)
  step 100/295: loss=0.539913 (961ms)
  step 200/295: loss=0.552714 (971ms)
Epoch 39/80: loss=0.553929 lr=0.000571 (289573ms)
  step 0/295: loss=0.578092 (976ms)
  step 1/295: loss=0.518478 (956ms)
  step 2/295: loss=0.514647 (957ms)
  step 100/295: loss=0.520575 (958ms)
  step 200/295: loss=0.540993 (982ms)
Epoch 40/80: loss=0.548946 lr=0.000551 (289819ms)
  val accuracy (running BN): 3363/3904 = 86.142418%
  step 0/295: loss=0.615875 (973ms)
  step 1/295: loss=0.509747 (970ms)
  step 2/295: loss=0.568980 (975ms)
  step 100/295: loss=0.531129 (992ms)
  step 200/295: loss=0.510677 (949ms)
Epoch 41/80: loss=0.545014 lr=0.000531 (289535ms)
  step 0/295: loss=0.517357 (940ms)
  step 1/295: loss=0.529660 (965ms)
  step 2/295: loss=0.544772 (957ms)
  step 100/295: loss=0.556806 (954ms)
  step 200/295: loss=0.520629 (978ms)
Epoch 42/80: loss=0.541513 lr=0.000510 (289612ms)
  step 0/295: loss=0.519477 (966ms)
  step 1/295: loss=0.588211 (975ms)
  step 2/295: loss=0.509948 (972ms)
  step 100/295: loss=0.524446 (993ms)
  step 200/295: loss=0.521787 (951ms)
Epoch 43/80: loss=0.542595 lr=0.000490 (289823ms)
  step 0/295: loss=0.600272 (981ms)
  step 1/295: loss=0.515824 (984ms)
  step 2/295: loss=0.507532 (984ms)
  step 100/295: loss=0.594613 (975ms)
  step 200/295: loss=0.508723 (969ms)
Epoch 44/80: loss=0.530570 lr=0.000469 (289766ms)
  step 0/295: loss=0.509814 (966ms)
  step 1/295: loss=0.506691 (972ms)
  step 2/295: loss=0.514828 (955ms)
  step 100/295: loss=0.535938 (954ms)
  step 200/295: loss=0.515117 (967ms)
Epoch 45/80: loss=0.533937 lr=0.000449 (289954ms)
  step 0/295: loss=0.514338 (959ms)
  step 1/295: loss=0.524685 (941ms)
  step 2/295: loss=0.511227 (952ms)
  step 100/295: loss=0.556904 (939ms)
  step 200/295: loss=0.541826 (979ms)
Epoch 46/80: loss=0.533277 lr=0.000429 (289607ms)
  step 0/295: loss=0.504904 (974ms)
  step 1/295: loss=0.518003 (958ms)
  step 2/295: loss=0.591850 (965ms)
  step 100/295: loss=0.508491 (944ms)
  step 200/295: loss=0.507274 (969ms)
Epoch 47/80: loss=0.529256 lr=0.000409 (289766ms)
  step 0/295: loss=0.519501 (970ms)
  step 1/295: loss=0.568654 (982ms)
  step 2/295: loss=0.507582 (972ms)
  step 100/295: loss=0.513575 (966ms)
  step 200/295: loss=0.542297 (961ms)
Epoch 48/80: loss=0.526383 lr=0.000389 (289945ms)
  step 0/295: loss=0.507913 (959ms)
  step 1/295: loss=0.507256 (930ms)
  step 2/295: loss=0.511071 (929ms)
  step 100/295: loss=0.556968 (970ms)
  step 200/295: loss=0.507513 (985ms)
Epoch 49/80: loss=0.522567 lr=0.000369 (289515ms)
  step 0/295: loss=0.506026 (976ms)
  step 1/295: loss=0.544694 (980ms)
  step 2/295: loss=0.507647 (987ms)
  step 100/295: loss=0.504235 (991ms)
  step 200/295: loss=0.506482 (941ms)
Epoch 50/80: loss=0.523369 lr=0.000349 (289661ms)
  val accuracy (running BN): 3373/3904 = 86.398566%
  step 0/295: loss=0.506688 (971ms)
  step 1/295: loss=0.509480 (927ms)
  step 2/295: loss=0.509746 (964ms)
  step 100/295: loss=0.516212 (977ms)
  step 200/295: loss=0.550380 (958ms)
Epoch 51/80: loss=0.518793 lr=0.000330 (289572ms)
  step 0/295: loss=0.506246 (966ms)
  step 1/295: loss=0.594002 (949ms)
  step 2/295: loss=0.643683 (944ms)
  step 100/295: loss=0.511979 (942ms)
  step 200/295: loss=0.504412 (986ms)
Epoch 52/80: loss=0.523531 lr=0.000311 (289481ms)
  step 0/295: loss=0.506489 (958ms)
  step 1/295: loss=0.520997 (960ms)
  step 2/295: loss=0.503768 (969ms)
  step 100/295: loss=0.525284 (958ms)
  step 200/295: loss=0.519538 (962ms)
Epoch 53/80: loss=0.515640 lr=0.000292 (289942ms)
  step 0/295: loss=0.510523 (974ms)
  step 1/295: loss=0.516254 (936ms)
  step 2/295: loss=0.510980 (961ms)
  step 100/295: loss=0.515485 (963ms)
  step 200/295: loss=0.506943 (979ms)
Epoch 54/80: loss=0.514446 lr=0.000274 (289916ms)
  step 0/295: loss=0.504575 (989ms)
  step 1/295: loss=0.508680 (973ms)
  step 2/295: loss=0.531309 (982ms)
  step 100/295: loss=0.520546 (980ms)
  step 200/295: loss=0.543557 (981ms)
Epoch 55/80: loss=0.513967 lr=0.000256 (290972ms)
  step 0/295: loss=0.505002 (965ms)
  step 1/295: loss=0.510219 (958ms)
  step 2/295: loss=0.503419 (962ms)
  step 100/295: loss=0.505218 (991ms)
  step 200/295: loss=0.522894 (973ms)
Epoch 56/80: loss=0.514933 lr=0.000238 (291613ms)
  step 0/295: loss=0.507374 (972ms)
  step 1/295: loss=0.508033 (963ms)
  step 2/295: loss=0.505251 (940ms)
  step 100/295: loss=0.508981 (965ms)
  step 200/295: loss=0.503913 (993ms)
Epoch 57/80: loss=0.512095 lr=0.000221 (289726ms)
  step 0/295: loss=0.511096 (951ms)
  step 1/295: loss=0.522445 (974ms)
  step 2/295: loss=0.505561 (978ms)
  step 100/295: loss=0.505166 (983ms)
  step 200/295: loss=0.504265 (975ms)
Epoch 58/80: loss=0.513536 lr=0.000204 (290202ms)
  step 0/295: loss=0.502981 (957ms)
  step 1/295: loss=0.506960 (947ms)
  step 2/295: loss=0.505693 (931ms)
  step 100/295: loss=0.506508 (967ms)
  step 200/295: loss=0.516156 (974ms)
Epoch 59/80: loss=0.512802 lr=0.000188 (289950ms)
  step 0/295: loss=0.504130 (971ms)
  step 1/295: loss=0.557591 (971ms)
  step 2/295: loss=0.526247 (963ms)
  step 100/295: loss=0.504603 (992ms)
  step 200/295: loss=0.505135 (985ms)
Epoch 60/80: loss=0.512627 lr=0.000173 (290955ms)
  val accuracy (running BN): 3410/3904 = 87.346311%
  step 0/295: loss=0.516769 (963ms)
  step 1/295: loss=0.503493 (948ms)
  step 2/295: loss=0.504606 (955ms)
  step 100/295: loss=0.502970 (971ms)
  step 200/295: loss=0.506659 (973ms)
Epoch 61/80: loss=0.508916 lr=0.000157 (289992ms)
  step 0/295: loss=0.506730 (971ms)
  step 1/295: loss=0.503125 (974ms)
  step 2/295: loss=0.504604 (976ms)
  step 100/295: loss=0.565210 (963ms)
  step 200/295: loss=0.514680 (980ms)
Epoch 62/80: loss=0.508745 lr=0.000143 (290395ms)
  step 0/295: loss=0.505557 (976ms)
  step 1/295: loss=0.502719 (966ms)
  step 2/295: loss=0.503075 (958ms)
  step 100/295: loss=0.504742 (965ms)
  step 200/295: loss=0.502953 (985ms)
Epoch 63/80: loss=0.506055 lr=0.000129 (290443ms)
  step 0/295: loss=0.503013 (978ms)
  step 1/295: loss=0.508473 (969ms)
  step 2/295: loss=0.502496 (960ms)
  step 100/295: loss=0.504394 (973ms)
  step 200/295: loss=0.504229 (957ms)
Epoch 64/80: loss=0.505555 lr=0.000116 (290158ms)
  step 0/295: loss=0.503182 (973ms)
  step 1/295: loss=0.503196 (980ms)
  step 2/295: loss=0.502411 (965ms)
  step 100/295: loss=0.509950 (967ms)
  step 200/295: loss=0.503141 (958ms)
Epoch 65/80: loss=0.506664 lr=0.000103 (289986ms)
  step 0/295: loss=0.503238 (971ms)
  step 1/295: loss=0.503679 (949ms)
  step 2/295: loss=0.503046 (950ms)
  step 100/295: loss=0.548828 (990ms)
  step 200/295: loss=0.502376 (996ms)
Epoch 66/80: loss=0.505594 lr=0.000091 (290308ms)
  step 0/295: loss=0.503379 (965ms)
  step 1/295: loss=0.504459 (963ms)
  step 2/295: loss=0.502794 (973ms)
  step 100/295: loss=0.503143 (947ms)
  step 200/295: loss=0.509332 (971ms)
Epoch 67/80: loss=0.505552 lr=0.000079 (289968ms)
  step 0/295: loss=0.503628 (975ms)
  step 1/295: loss=0.503363 (944ms)
  step 2/295: loss=0.503963 (974ms)
  step 100/295: loss=0.502456 (952ms)
  step 200/295: loss=0.502689 (968ms)
Epoch 68/80: loss=0.505209 lr=0.000069 (290231ms)
  step 0/295: loss=0.505561 (963ms)
  step 1/295: loss=0.504549 (952ms)
  step 2/295: loss=0.502977 (962ms)
  step 100/295: loss=0.503013 (944ms)
  step 200/295: loss=0.514655 (950ms)
Epoch 69/80: loss=0.505098 lr=0.000059 (290440ms)
  step 0/295: loss=0.507292 (981ms)
  step 1/295: loss=0.503363 (971ms)
  step 2/295: loss=0.503061 (977ms)
  step 100/295: loss=0.504032 (959ms)
  step 200/295: loss=0.503552 (959ms)
Epoch 70/80: loss=0.505003 lr=0.000050 (290084ms)
  val accuracy (running BN): 3408/3904 = 87.295082%
  step 0/295: loss=0.502234 (975ms)
  step 1/295: loss=0.502185 (984ms)
  step 2/295: loss=0.511252 (983ms)
  step 100/295: loss=0.503188 (997ms)
  step 200/295: loss=0.502282 (996ms)
Epoch 71/80: loss=0.504069 lr=0.000041 (290532ms)
  step 0/295: loss=0.503032 (998ms)
  step 1/295: loss=0.503361 (994ms)
  step 2/295: loss=0.504263 (968ms)
  step 100/295: loss=0.502952 (975ms)
  step 200/295: loss=0.503387 (955ms)
Epoch 72/80: loss=0.504724 lr=0.000033 (290126ms)
  step 0/295: loss=0.503438 (973ms)
  step 1/295: loss=0.502669 (975ms)
  step 2/295: loss=0.502923 (947ms)
  step 100/295: loss=0.504640 (962ms)
  step 200/295: loss=0.501718 (987ms)
Epoch 73/80: loss=0.504161 lr=0.000026 (289944ms)
  step 0/295: loss=0.504112 (968ms)
  step 1/295: loss=0.503737 (978ms)
  step 2/295: loss=0.501690 (968ms)
  step 100/295: loss=0.503368 (925ms)
  step 200/295: loss=0.502307 (972ms)
Epoch 74/80: loss=0.503889 lr=0.000020 (290167ms)
  step 0/295: loss=0.502170 (984ms)
  step 1/295: loss=0.504692 (966ms)
  step 2/295: loss=0.502276 (980ms)
  step 100/295: loss=0.501821 (996ms)
  step 200/295: loss=0.502344 (961ms)
Epoch 75/80: loss=0.504242 lr=0.000015 (290311ms)
  step 0/295: loss=0.507092 (953ms)
  step 1/295: loss=0.502515 (971ms)
  step 2/295: loss=0.502911 (960ms)
  step 100/295: loss=0.504921 (959ms)
  step 200/295: loss=0.501605 (957ms)
Epoch 76/80: loss=0.503593 lr=0.000010 (289805ms)
  step 0/295: loss=0.501818 (938ms)
  step 1/295: loss=0.503552 (955ms)
  step 2/295: loss=0.502240 (940ms)
  step 100/295: loss=0.503809 (974ms)
  step 200/295: loss=0.501970 (981ms)
Epoch 77/80: loss=0.503513 lr=0.000007 (289941ms)
  step 0/295: loss=0.503390 (959ms)
  step 1/295: loss=0.503028 (955ms)
  step 2/295: loss=0.502864 (935ms)
  step 100/295: loss=0.502005 (938ms)
  step 200/295: loss=0.503538 (964ms)
Epoch 78/80: loss=0.503402 lr=0.000004 (289732ms)
  step 0/295: loss=0.502020 (991ms)
  step 1/295: loss=0.502712 (990ms)
  step 2/295: loss=0.502371 (993ms)
  step 100/295: loss=0.501662 (988ms)
  step 200/295: loss=0.502172 (963ms)
Epoch 79/80: loss=0.503326 lr=0.000002 (290115ms)
  step 0/295: loss=0.502573 (956ms)
  step 1/295: loss=0.501942 (950ms)
  step 2/295: loss=0.502905 (952ms)
  step 100/295: loss=0.502552 (986ms)
  step 200/295: loss=0.502725 (994ms)
Epoch 80/80: loss=0.503827 lr=0.000000 (289874ms)
  val accuracy (running BN): 3419/3904 = 87.576844%
Saved params + BN stats.
