Ablation: r34-no-adam
  spec: ResNet-34, optimizer: SGD
  lr: 0.010000, cosine: true, wd: 0.000100
  aug: true, label_smooth: 0.100000
ResNet-34-r34-no-adam: 21289802 params
Generating train step MLIR...
  407268 chars
Compiling vmfbs...
  forward compiled
  eval forward compiled
  train step compiled
  session loaded
  train: 9469 images (196608 floats/image)
  21289802 params + m + v (243 MB)
training: 295 batches/epoch, batch=32, SGD+momentum, lr=0.010000, cosine warmup=3, label_smooth=0.100000, wd=0.000100
  BN layers: 36, BN stat floats: 17024
  step 0/295: loss=3.581499 (1517ms)
  step 1/295: loss=3.413122 (1523ms)
  step 2/295: loss=2.756465 (1409ms)
  step 100/295: loss=2.059646 (1431ms)
  step 200/295: loss=1.701042 (1441ms)
Epoch 1/80: loss=2.027372 lr=0.003333 (426880ms)
  step 0/295: loss=1.786402 (1412ms)
  step 1/295: loss=1.579871 (1411ms)
  step 2/295: loss=1.629791 (1414ms)
  step 100/295: loss=1.773333 (1397ms)
  step 200/295: loss=1.544183 (1409ms)
Epoch 2/80: loss=1.759200 lr=0.006667 (428083ms)
  step 0/295: loss=1.787943 (1435ms)
  step 1/295: loss=1.926467 (1435ms)
  step 2/295: loss=1.631064 (1438ms)
  step 100/295: loss=1.414809 (1441ms)
  step 200/295: loss=1.296417 (1421ms)
Epoch 3/80: loss=1.547961 lr=0.010000 (427965ms)
  step 0/295: loss=1.364090 (1415ms)
  step 1/295: loss=1.117720 (1414ms)
  step 2/295: loss=1.361434 (1419ms)
  step 100/295: loss=1.398999 (1460ms)
  step 200/295: loss=1.388435 (1404ms)
Epoch 4/80: loss=1.345452 lr=0.010000 (428652ms)
  step 0/295: loss=1.234850 (1421ms)
  step 1/295: loss=1.521257 (1446ms)
  step 2/295: loss=1.153938 (1435ms)
  step 100/295: loss=1.361012 (1429ms)
  step 200/295: loss=1.071778 (1419ms)
Epoch 5/80: loss=1.221683 lr=0.009996 (428507ms)
  step 0/295: loss=1.174989 (1434ms)
  step 1/295: loss=0.968420 (1421ms)
  step 2/295: loss=1.081697 (1443ms)
  step 100/295: loss=1.109802 (1408ms)
  step 200/295: loss=1.238666 (1439ms)
Epoch 6/80: loss=1.113726 lr=0.009983 (428017ms)
  step 0/295: loss=0.979563 (1414ms)
  step 1/295: loss=1.205106 (1401ms)
  step 2/295: loss=1.075808 (1404ms)
  step 100/295: loss=1.055846 (1442ms)
  step 200/295: loss=1.040826 (1409ms)
Epoch 7/80: loss=1.063072 lr=0.009963 (428075ms)
  step 0/295: loss=0.844260 (1431ms)
  step 1/295: loss=1.067847 (1416ms)
  step 2/295: loss=1.272925 (1416ms)
  step 100/295: loss=1.123569 (1446ms)
  step 200/295: loss=1.025911 (1451ms)
Epoch 8/80: loss=1.030030 lr=0.009934 (428958ms)
  step 0/295: loss=1.051943 (1452ms)
  step 1/295: loss=0.901067 (1430ms)
  step 2/295: loss=1.094719 (1456ms)
  step 100/295: loss=0.798502 (1427ms)
  step 200/295: loss=1.087964 (1406ms)
Epoch 9/80: loss=0.979720 lr=0.009896 (427580ms)
  step 0/295: loss=0.824351 (1437ms)
  step 1/295: loss=0.985357 (1429ms)
  step 2/295: loss=0.880960 (1438ms)
  step 100/295: loss=0.964661 (1450ms)
  step 200/295: loss=0.838206 (1398ms)
Epoch 10/80: loss=0.943955 lr=0.009851 (427646ms)
  val accuracy (running BN): 2969/3904 = 76.050205%
  step 0/295: loss=1.088653 (1445ms)
  step 1/295: loss=0.821266 (1444ms)
  step 2/295: loss=0.854963 (1434ms)
  step 100/295: loss=1.172066 (1423ms)
  step 200/295: loss=0.896637 (1419ms)
Epoch 11/80: loss=0.912804 lr=0.009797 (428797ms)
  step 0/295: loss=0.991696 (1421ms)
  step 1/295: loss=0.745312 (1422ms)
  step 2/295: loss=0.864535 (1424ms)
  step 100/295: loss=0.866497 (1442ms)
  step 200/295: loss=0.756437 (1459ms)
Epoch 12/80: loss=0.876436 lr=0.009736 (428631ms)
  step 0/295: loss=1.096506 (1455ms)
  step 1/295: loss=0.854668 (1421ms)
  step 2/295: loss=0.911209 (1422ms)
  step 100/295: loss=0.934800 (1420ms)
  step 200/295: loss=0.874988 (1417ms)
Epoch 13/80: loss=0.853777 lr=0.009667 (429164ms)
  step 0/295: loss=0.710475 (1458ms)
  step 1/295: loss=0.796356 (1468ms)
  step 2/295: loss=0.771861 (1430ms)
  step 100/295: loss=0.789540 (1408ms)
  step 200/295: loss=0.788746 (1389ms)
Epoch 14/80: loss=0.826595 lr=0.009590 (429893ms)
  step 0/295: loss=0.823511 (1408ms)
  step 1/295: loss=0.818933 (1430ms)
  step 2/295: loss=0.714942 (1435ms)
  step 100/295: loss=0.824459 (1427ms)
  step 200/295: loss=0.726683 (1443ms)
Epoch 15/80: loss=0.800214 lr=0.009505 (430349ms)
  step 0/295: loss=0.940708 (1415ms)
  step 1/295: loss=0.838997 (1433ms)
  step 2/295: loss=0.715260 (1416ms)
  step 100/295: loss=0.687070 (1424ms)
  step 200/295: loss=0.614073 (1427ms)
Epoch 16/80: loss=0.770109 lr=0.009413 (429498ms)
  step 0/295: loss=0.727640 (1386ms)
  step 1/295: loss=0.769780 (1384ms)
  step 2/295: loss=0.787535 (1425ms)
  step 100/295: loss=0.698107 (1404ms)
  step 200/295: loss=0.774971 (1457ms)
Epoch 17/80: loss=0.756187 lr=0.009313 (428634ms)
  step 0/295: loss=0.645131 (1424ms)
  step 1/295: loss=0.635428 (1422ms)
  step 2/295: loss=0.770130 (1444ms)
  step 100/295: loss=0.738681 (1414ms)
  step 200/295: loss=0.640418 (1415ms)
Epoch 18/80: loss=0.724839 lr=0.009206 (429779ms)
  step 0/295: loss=0.672975 (1460ms)
  step 1/295: loss=0.590834 (1440ms)
  step 2/295: loss=0.623914 (1420ms)
  step 100/295: loss=0.582747 (1415ms)
  step 200/295: loss=0.720830 (1443ms)
Epoch 19/80: loss=0.704704 lr=0.009093 (430894ms)
  step 0/295: loss=0.638188 (1402ms)
  step 1/295: loss=0.714312 (1418ms)
  step 2/295: loss=0.686686 (1408ms)
  step 100/295: loss=0.648925 (1447ms)
  step 200/295: loss=0.580610 (1415ms)
Epoch 20/80: loss=0.685104 lr=0.008972 (428566ms)
  val accuracy (running BN): 3214/3904 = 82.325820%
  step 0/295: loss=0.705182 (1439ms)
  step 1/295: loss=0.635065 (1444ms)
  step 2/295: loss=0.673600 (1445ms)
  step 100/295: loss=0.588613 (1426ms)
  step 200/295: loss=0.616525 (1451ms)
Epoch 21/80: loss=0.675861 lr=0.008845 (430302ms)
  step 0/295: loss=0.612108 (1431ms)
  step 1/295: loss=0.790530 (1439ms)
  step 2/295: loss=0.788092 (1430ms)
  step 100/295: loss=0.757974 (1437ms)
  step 200/295: loss=0.644389 (1429ms)
Epoch 22/80: loss=0.662834 lr=0.008711 (430576ms)
  step 0/295: loss=0.698265 (1435ms)
  step 1/295: loss=0.551963 (1457ms)
  step 2/295: loss=0.598087 (1443ms)
  step 100/295: loss=0.638781 (1444ms)
  step 200/295: loss=0.673479 (1430ms)
Epoch 23/80: loss=0.644179 lr=0.008571 (429753ms)
  step 0/295: loss=0.684052 (1453ms)
  step 1/295: loss=0.726571 (1416ms)
  step 2/295: loss=0.624538 (1423ms)
  step 100/295: loss=0.616454 (1438ms)
  step 200/295: loss=0.655072 (1449ms)
Epoch 24/80: loss=0.634978 lr=0.008426 (430528ms)
  step 0/295: loss=0.577950 (1431ms)
  step 1/295: loss=0.668975 (1422ms)
  step 2/295: loss=0.672262 (1424ms)
  step 100/295: loss=0.591353 (1442ms)
  step 200/295: loss=0.629968 (1417ms)
Epoch 25/80: loss=0.617925 lr=0.008274 (429530ms)
  step 0/295: loss=0.615979 (1440ms)
  step 1/295: loss=0.573985 (1434ms)
  step 2/295: loss=0.575787 (1435ms)
  step 100/295: loss=0.631343 (1448ms)
  step 200/295: loss=0.694395 (1458ms)
Epoch 26/80: loss=0.603738 lr=0.008117 (430600ms)
  step 0/295: loss=0.588174 (1428ms)
  step 1/295: loss=0.560274 (1416ms)
  step 2/295: loss=0.625001 (1429ms)
  step 100/295: loss=0.558017 (1417ms)
  step 200/295: loss=0.581558 (1437ms)
Epoch 27/80: loss=0.598299 lr=0.007955 (429809ms)
  step 0/295: loss=0.558858 (1452ms)
  step 1/295: loss=0.576033 (1405ms)
  step 2/295: loss=0.573283 (1430ms)
  step 100/295: loss=0.570485 (1430ms)
  step 200/295: loss=0.557846 (1419ms)
Epoch 28/80: loss=0.580599 lr=0.007788 (430166ms)
  step 0/295: loss=0.560667 (1423ms)
  step 1/295: loss=0.562057 (1424ms)
  step 2/295: loss=0.546137 (1421ms)
  step 100/295: loss=0.593982 (1424ms)
  step 200/295: loss=0.584745 (1447ms)
Epoch 29/80: loss=0.571311 lr=0.007617 (429287ms)
  step 0/295: loss=0.546729 (1431ms)
  step 1/295: loss=0.648335 (1429ms)
  step 2/295: loss=0.576468 (1400ms)
  step 100/295: loss=0.547667 (1416ms)
  step 200/295: loss=0.592684 (1436ms)
Epoch 30/80: loss=0.566966 lr=0.007441 (430135ms)
  val accuracy (running BN): 3294/3904 = 84.375000%
  step 0/295: loss=0.563267 (1449ms)
  step 1/295: loss=0.587428 (1454ms)
  step 2/295: loss=0.590464 (1462ms)
  step 100/295: loss=0.647303 (1419ms)
  step 200/295: loss=0.544874 (1460ms)
Epoch 31/80: loss=0.564252 lr=0.007261 (429540ms)
  step 0/295: loss=0.553185 (1446ms)
  step 1/295: loss=0.553784 (1411ms)
  step 2/295: loss=0.552277 (1446ms)
  step 100/295: loss=0.540971 (1441ms)
  step 200/295: loss=0.576950 (1430ms)
Epoch 32/80: loss=0.556754 lr=0.007077 (430381ms)
  step 0/295: loss=0.537358 (1438ms)
  step 1/295: loss=0.545649 (1412ms)
  step 2/295: loss=0.548902 (1419ms)
  step 100/295: loss=0.549881 (1423ms)
  step 200/295: loss=0.573818 (1427ms)
Epoch 33/80: loss=0.556236 lr=0.006890 (429216ms)
  step 0/295: loss=0.523251 (1440ms)
  step 1/295: loss=0.565798 (1433ms)
  step 2/295: loss=0.530967 (1450ms)
  step 100/295: loss=0.527375 (1433ms)
  step 200/295: loss=0.538537 (1416ms)
Epoch 34/80: loss=0.550583 lr=0.006699 (430322ms)
  step 0/295: loss=0.550489 (1455ms)
  step 1/295: loss=0.549226 (1426ms)
  step 2/295: loss=0.537907 (1416ms)
  step 100/295: loss=0.539383 (1432ms)
  step 200/295: loss=0.527234 (1453ms)
Epoch 35/80: loss=0.546365 lr=0.006506 (431456ms)
  step 0/295: loss=0.542957 (1424ms)
  step 1/295: loss=0.538986 (1421ms)
  step 2/295: loss=0.532759 (1401ms)
  step 100/295: loss=0.554856 (1432ms)
  step 200/295: loss=0.534379 (1449ms)
Epoch 36/80: loss=0.543849 lr=0.006311 (430887ms)
  step 0/295: loss=0.530828 (1448ms)
  step 1/295: loss=0.540242 (1462ms)
  step 2/295: loss=0.529004 (1451ms)
  step 100/295: loss=0.558460 (1417ms)
  step 200/295: loss=0.540933 (1446ms)
Epoch 37/80: loss=0.541562 lr=0.006113 (430776ms)
  step 0/295: loss=0.522006 (1440ms)
  step 1/295: loss=0.541350 (1465ms)
  step 2/295: loss=0.532313 (1442ms)
  step 100/295: loss=0.527588 (1434ms)
  step 200/295: loss=0.531432 (1453ms)
Epoch 38/80: loss=0.540555 lr=0.005913 (430723ms)
  step 0/295: loss=0.553179 (1404ms)
  step 1/295: loss=0.532387 (1429ms)
  step 2/295: loss=0.534227 (1450ms)
  step 100/295: loss=0.537808 (1436ms)
  step 200/295: loss=0.535749 (1433ms)
Epoch 39/80: loss=0.537647 lr=0.005712 (430655ms)
  step 0/295: loss=0.555186 (1428ms)
  step 1/295: loss=0.521460 (1417ms)
  step 2/295: loss=0.544887 (1415ms)
  step 100/295: loss=0.532899 (1448ms)
  step 200/295: loss=0.526543 (1403ms)
Epoch 40/80: loss=0.533895 lr=0.005509 (429781ms)
  val accuracy (running BN): 3361/3904 = 86.091189%
  step 0/295: loss=0.532567 (1438ms)
  step 1/295: loss=0.521340 (1432ms)
  step 2/295: loss=0.518527 (1410ms)
  step 100/295: loss=0.524304 (1441ms)
  step 200/295: loss=0.529797 (1404ms)
Epoch 41/80: loss=0.530386 lr=0.005306 (430495ms)
  step 0/295: loss=0.524897 (1453ms)
  step 1/295: loss=0.521207 (1413ms)
  step 2/295: loss=0.523040 (1415ms)
  step 100/295: loss=0.531426 (1401ms)
  step 200/295: loss=0.525780 (1420ms)
Epoch 42/80: loss=0.531423 lr=0.005102 (428632ms)
  step 0/295: loss=0.527869 (1414ms)
  step 1/295: loss=0.526997 (1431ms)
  step 2/295: loss=0.520307 (1424ms)
  step 100/295: loss=0.523940 (1421ms)
  step 200/295: loss=0.521113 (1421ms)
Epoch 43/80: loss=0.529517 lr=0.004898 (430084ms)
  step 0/295: loss=0.527325 (1431ms)
  step 1/295: loss=0.527682 (1429ms)
  step 2/295: loss=0.525996 (1445ms)
  step 100/295: loss=0.516125 (1459ms)
  step 200/295: loss=0.519570 (1445ms)
Epoch 44/80: loss=0.528227 lr=0.004694 (430490ms)
  step 0/295: loss=0.525268 (1448ms)
  step 1/295: loss=0.523813 (1438ms)
  step 2/295: loss=0.529864 (1432ms)
  step 100/295: loss=0.531623 (1446ms)
  step 200/295: loss=0.519055 (1410ms)
Epoch 45/80: loss=0.526313 lr=0.004491 (430861ms)
  step 0/295: loss=0.523166 (1426ms)
  step 1/295: loss=0.524007 (1405ms)
  step 2/295: loss=0.520175 (1415ms)
  step 100/295: loss=0.530189 (1423ms)
  step 200/295: loss=0.544993 (1437ms)
Epoch 46/80: loss=0.526169 lr=0.004288 (430184ms)
  step 0/295: loss=0.518375 (1411ms)
  step 1/295: loss=0.536779 (1415ms)
  step 2/295: loss=0.532761 (1406ms)
  step 100/295: loss=0.521065 (1452ms)
  step 200/295: loss=0.548894 (1432ms)
Epoch 47/80: loss=0.525266 lr=0.004087 (430398ms)
  step 0/295: loss=0.524995 (1434ms)
  step 1/295: loss=0.522029 (1416ms)
  step 2/295: loss=0.519212 (1428ms)
  step 100/295: loss=0.517636 (1435ms)
  step 200/295: loss=0.534624 (1420ms)
Epoch 48/80: loss=0.523344 lr=0.003887 (430154ms)
  step 0/295: loss=0.528724 (1441ms)
  step 1/295: loss=0.517957 (1448ms)
  step 2/295: loss=0.521592 (1457ms)
  step 100/295: loss=0.534291 (1443ms)
  step 200/295: loss=0.515537 (1443ms)
Epoch 49/80: loss=0.523873 lr=0.003689 (429547ms)
  step 0/295: loss=0.521515 (1420ms)
  step 1/295: loss=0.519797 (1429ms)
  step 2/295: loss=0.524793 (1433ms)
  step 100/295: loss=0.514894 (1415ms)
  step 200/295: loss=0.522421 (1428ms)
Epoch 50/80: loss=0.522430 lr=0.003494 (430068ms)
  val accuracy (running BN): 3380/3904 = 86.577869%
  step 0/295: loss=0.517091 (1428ms)
  step 1/295: loss=0.518219 (1415ms)
  step 2/295: loss=0.513211 (1434ms)
  step 100/295: loss=0.520237 (1427ms)
  step 200/295: loss=0.549269 (1442ms)
Epoch 51/80: loss=0.522172 lr=0.003301 (429575ms)
  step 0/295: loss=0.524099 (1428ms)
  step 1/295: loss=0.523041 (1439ms)
  step 2/295: loss=0.527987 (1428ms)
  step 100/295: loss=0.519184 (1428ms)
  step 200/295: loss=0.519478 (1430ms)
Epoch 52/80: loss=0.521037 lr=0.003110 (430643ms)
  step 0/295: loss=0.520708 (1428ms)
  step 1/295: loss=0.531926 (1439ms)
  step 2/295: loss=0.516717 (1428ms)
  step 100/295: loss=0.518218 (1458ms)
  step 200/295: loss=0.535212 (1408ms)
Epoch 53/80: loss=0.520904 lr=0.002923 (430035ms)
  step 0/295: loss=0.518781 (1451ms)
  step 1/295: loss=0.526727 (1436ms)
  step 2/295: loss=0.532478 (1413ms)
  step 100/295: loss=0.516570 (1461ms)
  step 200/295: loss=0.528031 (1455ms)
Epoch 54/80: loss=0.519692 lr=0.002739 (430583ms)
  step 0/295: loss=0.523667 (1453ms)
  step 1/295: loss=0.525420 (1463ms)
  step 2/295: loss=0.519996 (1444ms)
  step 100/295: loss=0.520806 (1445ms)
  step 200/295: loss=0.527890 (1429ms)
Epoch 55/80: loss=0.518787 lr=0.002559 (430026ms)
  step 0/295: loss=0.512973 (1435ms)
  step 1/295: loss=0.518245 (1429ms)
  step 2/295: loss=0.520633 (1437ms)
  step 100/295: loss=0.511600 (1430ms)
  step 200/295: loss=0.520646 (1447ms)
Epoch 56/80: loss=0.518873 lr=0.002383 (430720ms)
  step 0/295: loss=0.511802 (1441ms)
  step 1/295: loss=0.519841 (1439ms)
  step 2/295: loss=0.518535 (1419ms)
  step 100/295: loss=0.522969 (1413ms)
  step 200/295: loss=0.513479 (1446ms)
Epoch 57/80: loss=0.519386 lr=0.002212 (429328ms)
  step 0/295: loss=0.531648 (1436ms)
  step 1/295: loss=0.515456 (1431ms)
  step 2/295: loss=0.513712 (1444ms)
  step 100/295: loss=0.520637 (1436ms)
  step 200/295: loss=0.511179 (1431ms)
Epoch 58/80: loss=0.519926 lr=0.002045 (429734ms)
  step 0/295: loss=0.512362 (1452ms)
  step 1/295: loss=0.525562 (1445ms)
  step 2/295: loss=0.529016 (1432ms)
  step 100/295: loss=0.515693 (1427ms)
  step 200/295: loss=0.515583 (1436ms)
Epoch 59/80: loss=0.518423 lr=0.001883 (429189ms)
  step 0/295: loss=0.523631 (1449ms)
  step 1/295: loss=0.523675 (1426ms)
  step 2/295: loss=0.537492 (1440ms)
  step 100/295: loss=0.514372 (1453ms)
  step 200/295: loss=0.522031 (1442ms)
Epoch 60/80: loss=0.518603 lr=0.001726 (430432ms)
  val accuracy (running BN): 3385/3904 = 86.705943%
  step 0/295: loss=0.539039 (1465ms)
  step 1/295: loss=0.517808 (1473ms)
  step 2/295: loss=0.509279 (1443ms)
  step 100/295: loss=0.519190 (1456ms)
  step 200/295: loss=0.520044 (1421ms)
Epoch 61/80: loss=0.517603 lr=0.001574 (430039ms)
  step 0/295: loss=0.517055 (1408ms)
  step 1/295: loss=0.510236 (1446ms)
  step 2/295: loss=0.515776 (1449ms)
  step 100/295: loss=0.512305 (1412ms)
  step 200/295: loss=0.526229 (1422ms)
Epoch 62/80: loss=0.517421 lr=0.001429 (430557ms)
  step 0/295: loss=0.512821 (1405ms)
  step 1/295: loss=0.510805 (1422ms)
  step 2/295: loss=0.512416 (1404ms)
  step 100/295: loss=0.523494 (1402ms)
  step 200/295: loss=0.518615 (1430ms)
Epoch 63/80: loss=0.517409 lr=0.001289 (429152ms)
  step 0/295: loss=0.511753 (1409ms)
  step 1/295: loss=0.516784 (1441ms)
  step 2/295: loss=0.517710 (1433ms)
  step 100/295: loss=0.516738 (1444ms)
  step 200/295: loss=0.515176 (1433ms)
Epoch 64/80: loss=0.517114 lr=0.001155 (430835ms)
  step 0/295: loss=0.513221 (1427ms)
  step 1/295: loss=0.513728 (1448ms)
  step 2/295: loss=0.516224 (1436ms)
  step 100/295: loss=0.516158 (1434ms)
  step 200/295: loss=0.516637 (1446ms)
Epoch 65/80: loss=0.517250 lr=0.001028 (430603ms)
  step 0/295: loss=0.513204 (1439ms)
  step 1/295: loss=0.517126 (1445ms)
  step 2/295: loss=0.509604 (1453ms)
  step 100/295: loss=0.518631 (1419ms)
  step 200/295: loss=0.515185 (1415ms)
Epoch 66/80: loss=0.516741 lr=0.000907 (430549ms)
  step 0/295: loss=0.515265 (1439ms)
  step 1/295: loss=0.518558 (1431ms)
  step 2/295: loss=0.521414 (1417ms)
  step 100/295: loss=0.514291 (1441ms)
  step 200/295: loss=0.521470 (1426ms)
Epoch 67/80: loss=0.516095 lr=0.000794 (430394ms)
  step 0/295: loss=0.520641 (1435ms)
  step 1/295: loss=0.515953 (1450ms)
  step 2/295: loss=0.515445 (1421ms)
  step 100/295: loss=0.519473 (1422ms)
  step 200/295: loss=0.518050 (1409ms)
Epoch 68/80: loss=0.516722 lr=0.000687 (429927ms)
  step 0/295: loss=0.518656 (1420ms)
  step 1/295: loss=0.522349 (1442ms)
  step 2/295: loss=0.515034 (1433ms)
  step 100/295: loss=0.513945 (1430ms)
  step 200/295: loss=0.512266 (1417ms)
Epoch 69/80: loss=0.516147 lr=0.000587 (430375ms)
  step 0/295: loss=0.512893 (1415ms)
  step 1/295: loss=0.508757 (1433ms)
  step 2/295: loss=0.512137 (1435ms)
  step 100/295: loss=0.516136 (1400ms)
  step 200/295: loss=0.511388 (1423ms)
Epoch 70/80: loss=0.515727 lr=0.000495 (429981ms)
  val accuracy (running BN): 3399/3904 = 87.064549%
  step 0/295: loss=0.508349 (1453ms)
  step 1/295: loss=0.514321 (1414ms)
  step 2/295: loss=0.522704 (1436ms)
  step 100/295: loss=0.520461 (1417ms)
  step 200/295: loss=0.510110 (1410ms)
Epoch 71/80: loss=0.515995 lr=0.000410 (430281ms)
  step 0/295: loss=0.509012 (1430ms)
  step 1/295: loss=0.518484 (1446ms)
  step 2/295: loss=0.523678 (1445ms)
  step 100/295: loss=0.514677 (1386ms)
  step 200/295: loss=0.512839 (1443ms)
Epoch 72/80: loss=0.516520 lr=0.000333 (430251ms)
  step 0/295: loss=0.518866 (1438ms)
  step 1/295: loss=0.513086 (1460ms)
  step 2/295: loss=0.515441 (1429ms)
  step 100/295: loss=0.517279 (1424ms)
  step 200/295: loss=0.512144 (1432ms)
Epoch 73/80: loss=0.515907 lr=0.000264 (430439ms)
  step 0/295: loss=0.512757 (1453ms)
  step 1/295: loss=0.510431 (1433ms)
  step 2/295: loss=0.513759 (1416ms)
  step 100/295: loss=0.510548 (1445ms)
  step 200/295: loss=0.510804 (1453ms)
Epoch 74/80: loss=0.515926 lr=0.000203 (430835ms)
  step 0/295: loss=0.516936 (1436ms)
  step 1/295: loss=0.512900 (1424ms)
  step 2/295: loss=0.512512 (1437ms)
  step 100/295: loss=0.513148 (1451ms)
  step 200/295: loss=0.514663 (1418ms)
Epoch 75/80: loss=0.516435 lr=0.000149 (430164ms)
  step 0/295: loss=0.512370 (1451ms)
  step 1/295: loss=0.514194 (1449ms)
  step 2/295: loss=0.518585 (1417ms)
  step 100/295: loss=0.523619 (1424ms)
  step 200/295: loss=0.511280 (1440ms)
Epoch 76/80: loss=0.515377 lr=0.000104 (431142ms)
  step 0/295: loss=0.512175 (1449ms)
  step 1/295: loss=0.518746 (1460ms)
  step 2/295: loss=0.513937 (1449ms)
  step 100/295: loss=0.525365 (1421ms)
  step 200/295: loss=0.513344 (1410ms)
Epoch 77/80: loss=0.515943 lr=0.000066 (429824ms)
  step 0/295: loss=0.516792 (1433ms)
  step 1/295: loss=0.531802 (1429ms)
  step 2/295: loss=0.518799 (1423ms)
  step 100/295: loss=0.510476 (1413ms)
  step 200/295: loss=0.513978 (1442ms)
Epoch 78/80: loss=0.515653 lr=0.000037 (429713ms)
  step 0/295: loss=0.518430 (1439ms)
  step 1/295: loss=0.515775 (1425ms)
  step 2/295: loss=0.512334 (1433ms)
  step 100/295: loss=0.508644 (1446ms)
  step 200/295: loss=0.513954 (1418ms)
Epoch 79/80: loss=0.515639 lr=0.000017 (429428ms)
  step 0/295: loss=0.518938 (1433ms)
  step 1/295: loss=0.508286 (1421ms)
  step 2/295: loss=0.515728 (1410ms)
  step 100/295: loss=0.513000 (1430ms)
  step 200/295: loss=0.517491 (1429ms)
Epoch 80/80: loss=0.516100 lr=0.000004 (427504ms)
  val accuracy (running BN): 3398/3904 = 87.038934%
Saved params + BN stats.
