Ablation: r34-no-cosine
  spec: ResNet-34, optimizer: Adam
  lr: 0.001000, cosine: false, wd: 0.000100
  aug: true, label_smooth: 0.100000
ResNet-34-r34-no-cosine: 21289802 params
Generating train step MLIR...
  549659 chars
Compiling vmfbs...
  forward compiled
  eval forward compiled
  train step compiled
  session loaded
  train: 9469 images (196608 floats/image)
  21289802 params + m + v (243 MB)
training: 295 batches/epoch, batch=32, Adam, lr=0.001000, cosine warmup=3, label_smooth=0.100000, wd=0.000100
  BN layers: 36, BN stat floats: 17024
  step 0/295: loss=3.581499 (1533ms)
  step 1/295: loss=6.855969 (1569ms)
  step 2/295: loss=2.983350 (1441ms)
  step 100/295: loss=2.326540 (1412ms)
  step 200/295: loss=1.589892 (1393ms)
Epoch 1/80: loss=1.970818 lr=0.001000 (422514ms)
  step 0/295: loss=1.791153 (1399ms)
  step 1/295: loss=1.611503 (1408ms)
  step 2/295: loss=1.340096 (1402ms)
  step 100/295: loss=1.504950 (1404ms)
  step 200/295: loss=1.545740 (1401ms)
Epoch 2/80: loss=1.557515 lr=0.001000 (420561ms)
  step 0/295: loss=1.323735 (1410ms)
  step 1/295: loss=1.718055 (1383ms)
  step 2/295: loss=1.556012 (1381ms)
  step 100/295: loss=1.225513 (1409ms)
  step 200/295: loss=1.168091 (1423ms)
Epoch 3/80: loss=1.398618 lr=0.001000 (418302ms)
  step 0/295: loss=1.331738 (1430ms)
  step 1/295: loss=0.934450 (1422ms)
  step 2/295: loss=1.329468 (1386ms)
  step 100/295: loss=1.431173 (1386ms)
  step 200/295: loss=1.454862 (1403ms)
Epoch 4/80: loss=1.302732 lr=0.001000 (419720ms)
  step 0/295: loss=1.118861 (1411ms)
  step 1/295: loss=1.481004 (1408ms)
  step 2/295: loss=1.273034 (1420ms)
  step 100/295: loss=1.425981 (1374ms)
  step 200/295: loss=1.220078 (1403ms)
Epoch 5/80: loss=1.206953 lr=0.001000 (419431ms)
  step 0/295: loss=1.103427 (1403ms)
  step 1/295: loss=1.027025 (1375ms)
  step 2/295: loss=1.043288 (1381ms)
  step 100/295: loss=1.270927 (1386ms)
  step 200/295: loss=1.360690 (1387ms)
Epoch 6/80: loss=1.157443 lr=0.001000 (419142ms)
  step 0/295: loss=1.118450 (1395ms)
  step 1/295: loss=1.204940 (1394ms)
  step 2/295: loss=1.108436 (1372ms)
  step 100/295: loss=1.219869 (1371ms)
  step 200/295: loss=1.297494 (1388ms)
Epoch 7/80: loss=1.196013 lr=0.001000 (420034ms)
  step 0/295: loss=1.102930 (1411ms)
  step 1/295: loss=1.208630 (1394ms)
  step 2/295: loss=1.319008 (1382ms)
  step 100/295: loss=1.217916 (1392ms)
  step 200/295: loss=1.123937 (1404ms)
Epoch 8/80: loss=1.117343 lr=0.001000 (419650ms)
  step 0/295: loss=0.972356 (1413ms)
  step 1/295: loss=0.892764 (1424ms)
  step 2/295: loss=1.004970 (1378ms)
  step 100/295: loss=0.983898 (1409ms)
  step 200/295: loss=1.120236 (1390ms)
Epoch 9/80: loss=1.073715 lr=0.001000 (420061ms)
  step 0/295: loss=0.998635 (1393ms)
  step 1/295: loss=0.881629 (1411ms)
  step 2/295: loss=0.959605 (1411ms)
  step 100/295: loss=1.201681 (1389ms)
  step 200/295: loss=0.912656 (1393ms)
Epoch 10/80: loss=1.038848 lr=0.001000 (420798ms)
  val accuracy (running BN): 2735/3904 = 70.056352%
  step 0/295: loss=0.944333 (1386ms)
  step 1/295: loss=0.930161 (1382ms)
  step 2/295: loss=1.040435 (1371ms)
  step 100/295: loss=1.159145 (1415ms)
  step 200/295: loss=0.862192 (1393ms)
Epoch 11/80: loss=1.023455 lr=0.001000 (420376ms)
  step 0/295: loss=1.160229 (1388ms)
  step 1/295: loss=0.848153 (1399ms)
  step 2/295: loss=0.939124 (1415ms)
  step 100/295: loss=0.933724 (1389ms)
  step 200/295: loss=0.921791 (1382ms)
Epoch 12/80: loss=0.986377 lr=0.001000 (420422ms)
  step 0/295: loss=1.321834 (1407ms)
  step 1/295: loss=1.060387 (1401ms)
  step 2/295: loss=1.055677 (1395ms)
  step 100/295: loss=1.019496 (1380ms)
  step 200/295: loss=0.949777 (1399ms)
Epoch 13/80: loss=0.957334 lr=0.001000 (420872ms)
  step 0/295: loss=0.839060 (1373ms)
  step 1/295: loss=0.883396 (1376ms)
  step 2/295: loss=0.856380 (1417ms)
  step 100/295: loss=0.955821 (1384ms)
  step 200/295: loss=0.951432 (1427ms)
Epoch 14/80: loss=0.946589 lr=0.001000 (420360ms)
  step 0/295: loss=0.955101 (1414ms)
  step 1/295: loss=1.025281 (1418ms)
  step 2/295: loss=0.791636 (1421ms)
  step 100/295: loss=0.940138 (1375ms)
  step 200/295: loss=0.854493 (1356ms)
Epoch 15/80: loss=0.922891 lr=0.001000 (421280ms)
  step 0/295: loss=1.083908 (1433ms)
  step 1/295: loss=0.925488 (1395ms)
  step 2/295: loss=0.662395 (1394ms)
  step 100/295: loss=0.719342 (1401ms)
  step 200/295: loss=0.692028 (1395ms)
Epoch 16/80: loss=0.896492 lr=0.001000 (420204ms)
  step 0/295: loss=0.886392 (1392ms)
  step 1/295: loss=0.998868 (1402ms)
  step 2/295: loss=0.944005 (1376ms)
  step 100/295: loss=0.644823 (1387ms)
  step 200/295: loss=0.856754 (1379ms)
Epoch 17/80: loss=0.916147 lr=0.001000 (420654ms)
  step 0/295: loss=0.710946 (1386ms)
  step 1/295: loss=0.636594 (1388ms)
  step 2/295: loss=0.898049 (1396ms)
  step 100/295: loss=0.843185 (1418ms)
  step 200/295: loss=0.733492 (1387ms)
Epoch 18/80: loss=0.855271 lr=0.001000 (421376ms)
  step 0/295: loss=0.889917 (1423ms)
  step 1/295: loss=0.600121 (1416ms)
  step 2/295: loss=0.842240 (1410ms)
  step 100/295: loss=0.700162 (1419ms)
  step 200/295: loss=0.901901 (1395ms)
Epoch 19/80: loss=0.840153 lr=0.001000 (420734ms)
  step 0/295: loss=0.857817 (1387ms)
  step 1/295: loss=0.876772 (1392ms)
  step 2/295: loss=0.934748 (1394ms)
  step 100/295: loss=0.825746 (1392ms)
  step 200/295: loss=0.637729 (1385ms)
Epoch 20/80: loss=0.832620 lr=0.001000 (420787ms)
  val accuracy (running BN): 3215/3904 = 82.351434%
  step 0/295: loss=0.736752 (1415ms)
  step 1/295: loss=0.713570 (1418ms)
  step 2/295: loss=0.787444 (1405ms)
  step 100/295: loss=0.770728 (1413ms)
  step 200/295: loss=0.743772 (1406ms)
Epoch 21/80: loss=0.807823 lr=0.001000 (421720ms)
  step 0/295: loss=0.669247 (1406ms)
  step 1/295: loss=0.844650 (1415ms)
  step 2/295: loss=0.855611 (1427ms)
  step 100/295: loss=0.886424 (1372ms)
  step 200/295: loss=0.855524 (1401ms)
Epoch 22/80: loss=0.789327 lr=0.001000 (420568ms)
  step 0/295: loss=0.815506 (1398ms)
  step 1/295: loss=0.684298 (1395ms)
  step 2/295: loss=0.696031 (1395ms)
  step 100/295: loss=0.766033 (1388ms)
  step 200/295: loss=0.775518 (1430ms)
Epoch 23/80: loss=0.774008 lr=0.001000 (419950ms)
  step 0/295: loss=0.950649 (1366ms)
  step 1/295: loss=0.857004 (1357ms)
  step 2/295: loss=0.709873 (1355ms)
  step 100/295: loss=0.767991 (1397ms)
  step 200/295: loss=0.785372 (1378ms)
Epoch 24/80: loss=0.754282 lr=0.001000 (420987ms)
  step 0/295: loss=0.613238 (1389ms)
  step 1/295: loss=0.761070 (1407ms)
  step 2/295: loss=0.715280 (1422ms)
  step 100/295: loss=0.724852 (1412ms)
  step 200/295: loss=0.769967 (1379ms)
Epoch 25/80: loss=0.739123 lr=0.001000 (420556ms)
  step 0/295: loss=0.707606 (1399ms)
  step 1/295: loss=0.658482 (1409ms)
  step 2/295: loss=0.645026 (1403ms)
  step 100/295: loss=0.676645 (1418ms)
  step 200/295: loss=0.840369 (1389ms)
Epoch 26/80: loss=0.722433 lr=0.001000 (419452ms)
  step 0/295: loss=0.752891 (1405ms)
  step 1/295: loss=0.674039 (1391ms)
  step 2/295: loss=0.628413 (1377ms)
  step 100/295: loss=0.699114 (1399ms)
  step 200/295: loss=0.771165 (1376ms)
Epoch 27/80: loss=0.720972 lr=0.001000 (420910ms)
  step 0/295: loss=0.614535 (1427ms)
  step 1/295: loss=0.648176 (1430ms)
  step 2/295: loss=0.695826 (1434ms)
  step 100/295: loss=0.702588 (1436ms)
  step 200/295: loss=0.881922 (1385ms)
Epoch 28/80: loss=0.697779 lr=0.001000 (421495ms)
  step 0/295: loss=0.690147 (1407ms)
  step 1/295: loss=0.626886 (1396ms)
  step 2/295: loss=0.611444 (1382ms)
  step 100/295: loss=0.707451 (1403ms)
  step 200/295: loss=0.672266 (1395ms)
Epoch 29/80: loss=0.693988 lr=0.001000 (420425ms)
  step 0/295: loss=0.635413 (1404ms)
  step 1/295: loss=0.737538 (1418ms)
  step 2/295: loss=0.670174 (1393ms)
  step 100/295: loss=0.587701 (1417ms)
  step 200/295: loss=0.825324 (1407ms)
Epoch 30/80: loss=0.683448 lr=0.001000 (419854ms)
  val accuracy (running BN): 3160/3904 = 80.942623%
  step 0/295: loss=0.675875 (1426ms)
  step 1/295: loss=0.954906 (1434ms)
  step 2/295: loss=0.671823 (1433ms)
  step 100/295: loss=0.751137 (1402ms)
  step 200/295: loss=0.588125 (1399ms)
Epoch 31/80: loss=0.672572 lr=0.001000 (419841ms)
  step 0/295: loss=0.635744 (1393ms)
  step 1/295: loss=0.724365 (1405ms)
  step 2/295: loss=0.734952 (1399ms)
  step 100/295: loss=0.672618 (1400ms)
  step 200/295: loss=0.601842 (1414ms)
Epoch 32/80: loss=0.656113 lr=0.001000 (420804ms)
  step 0/295: loss=0.592735 (1416ms)
  step 1/295: loss=0.604246 (1414ms)
  step 2/295: loss=0.572571 (1413ms)
  step 100/295: loss=0.731189 (1412ms)
  step 200/295: loss=0.636678 (1393ms)
Epoch 33/80: loss=0.653740 lr=0.001000 (420102ms)
  step 0/295: loss=0.550474 (1389ms)
  step 1/295: loss=0.630243 (1383ms)
  step 2/295: loss=0.581958 (1401ms)
  step 100/295: loss=0.564256 (1395ms)
  step 200/295: loss=0.664025 (1413ms)
Epoch 34/80: loss=0.642686 lr=0.001000 (420785ms)
  step 0/295: loss=0.589076 (1383ms)
  step 1/295: loss=0.678448 (1379ms)
  step 2/295: loss=0.557900 (1382ms)
  step 100/295: loss=0.599328 (1396ms)
  step 200/295: loss=0.598623 (1413ms)
Epoch 35/80: loss=0.643476 lr=0.001000 (420615ms)
  step 0/295: loss=0.585815 (1426ms)
  step 1/295: loss=0.621239 (1417ms)
  step 2/295: loss=0.577077 (1405ms)
  step 100/295: loss=0.564433 (1389ms)
  step 200/295: loss=0.651388 (1431ms)
Epoch 36/80: loss=0.625187 lr=0.001000 (420351ms)
  step 0/295: loss=0.625242 (1425ms)
  step 1/295: loss=0.551400 (1404ms)
  step 2/295: loss=0.584167 (1399ms)
  step 100/295: loss=0.567005 (1394ms)
  step 200/295: loss=0.562195 (1370ms)
Epoch 37/80: loss=0.617685 lr=0.001000 (419782ms)
  step 0/295: loss=0.552661 (1393ms)
  step 1/295: loss=0.636864 (1391ms)
  step 2/295: loss=0.556639 (1398ms)
  step 100/295: loss=0.557064 (1376ms)
  step 200/295: loss=0.566564 (1395ms)
Epoch 38/80: loss=0.614275 lr=0.001000 (420337ms)
  step 0/295: loss=0.539819 (1394ms)
  step 1/295: loss=0.711128 (1430ms)
  step 2/295: loss=0.565041 (1426ms)
  step 100/295: loss=0.558928 (1390ms)
  step 200/295: loss=0.636037 (1428ms)
Epoch 39/80: loss=0.608875 lr=0.001000 (420368ms)
  step 0/295: loss=0.621187 (1379ms)
  step 1/295: loss=0.587141 (1388ms)
  step 2/295: loss=0.561118 (1390ms)
  step 100/295: loss=0.554078 (1387ms)
  step 200/295: loss=0.527909 (1424ms)
Epoch 40/80: loss=0.603030 lr=0.001000 (421005ms)
  val accuracy (running BN): 3330/3904 = 85.297131%
  step 0/295: loss=0.602475 (1432ms)
  step 1/295: loss=0.570031 (1421ms)
  step 2/295: loss=0.583546 (1422ms)
  step 100/295: loss=0.558585 (1397ms)
  step 200/295: loss=0.609883 (1396ms)
Epoch 41/80: loss=0.596689 lr=0.001000 (420169ms)
  step 0/295: loss=0.541188 (1413ms)
  step 1/295: loss=0.538058 (1404ms)
  step 2/295: loss=0.538000 (1396ms)
  step 100/295: loss=0.602242 (1381ms)
  step 200/295: loss=0.546607 (1383ms)
Epoch 42/80: loss=0.585252 lr=0.001000 (420473ms)
  step 0/295: loss=0.549806 (1387ms)
  step 1/295: loss=0.605356 (1392ms)
  step 2/295: loss=0.563390 (1412ms)
  step 100/295: loss=0.602854 (1412ms)
  step 200/295: loss=0.579846 (1392ms)
Epoch 43/80: loss=0.583307 lr=0.001000 (419987ms)
  step 0/295: loss=0.540276 (1404ms)
  step 1/295: loss=0.550792 (1418ms)
  step 2/295: loss=0.555336 (1391ms)
  step 100/295: loss=0.605299 (1424ms)
  step 200/295: loss=0.550010 (1403ms)
Epoch 44/80: loss=0.586707 lr=0.001000 (420457ms)
  step 0/295: loss=0.535910 (1377ms)
  step 1/295: loss=0.567559 (1379ms)
  step 2/295: loss=0.600275 (1378ms)
  step 100/295: loss=0.671907 (1388ms)
  step 200/295: loss=0.631185 (1417ms)
Epoch 45/80: loss=0.578469 lr=0.001000 (419691ms)
  step 0/295: loss=0.566551 (1407ms)
  step 1/295: loss=0.528793 (1409ms)
  step 2/295: loss=0.577818 (1410ms)
  step 100/295: loss=0.550384 (1384ms)
  step 200/295: loss=0.593423 (1427ms)
Epoch 46/80: loss=0.579080 lr=0.001000 (420506ms)
  step 0/295: loss=0.568722 (1388ms)
  step 1/295: loss=0.618202 (1387ms)
  step 2/295: loss=0.621383 (1408ms)
  step 100/295: loss=0.532254 (1383ms)
  step 200/295: loss=0.540114 (1423ms)
Epoch 47/80: loss=0.577164 lr=0.001000 (420193ms)
  step 0/295: loss=0.549257 (1392ms)
  step 1/295: loss=0.552954 (1392ms)
  step 2/295: loss=0.628992 (1359ms)
  step 100/295: loss=0.611855 (1423ms)
  step 200/295: loss=0.523348 (1403ms)
Epoch 48/80: loss=0.567329 lr=0.001000 (419610ms)
  step 0/295: loss=0.566276 (1389ms)
  step 1/295: loss=0.526508 (1430ms)
  step 2/295: loss=0.538390 (1410ms)
  step 100/295: loss=0.568050 (1413ms)
  step 200/295: loss=0.515113 (1412ms)
Epoch 49/80: loss=0.562414 lr=0.001000 (420129ms)
  step 0/295: loss=0.550058 (1371ms)
  step 1/295: loss=0.611655 (1395ms)
  step 2/295: loss=0.599622 (1384ms)
  step 100/295: loss=0.519600 (1384ms)
  step 200/295: loss=0.556226 (1414ms)
Epoch 50/80: loss=0.565799 lr=0.001000 (421093ms)
  val accuracy (running BN): 3348/3904 = 85.758197%
  step 0/295: loss=0.603796 (1382ms)
  step 1/295: loss=0.523820 (1404ms)
  step 2/295: loss=0.519329 (1414ms)
  step 100/295: loss=0.596222 (1381ms)
  step 200/295: loss=0.633325 (1385ms)
Epoch 51/80: loss=0.558695 lr=0.001000 (420799ms)
  step 0/295: loss=0.546637 (1431ms)
  step 1/295: loss=0.600890 (1404ms)
  step 2/295: loss=0.557009 (1405ms)
  step 100/295: loss=0.578672 (1383ms)
  step 200/295: loss=0.527981 (1386ms)
Epoch 52/80: loss=0.555522 lr=0.001000 (420369ms)
  step 0/295: loss=0.517716 (1417ms)
  step 1/295: loss=0.526275 (1416ms)
  step 2/295: loss=0.520509 (1409ms)
  step 100/295: loss=0.527339 (1396ms)
  step 200/295: loss=0.547209 (1384ms)
Epoch 53/80: loss=0.556041 lr=0.001000 (421126ms)
  step 0/295: loss=0.525909 (1404ms)
  step 1/295: loss=0.532339 (1395ms)
  step 2/295: loss=0.527931 (1398ms)
  step 100/295: loss=0.517901 (1398ms)
  step 200/295: loss=0.641350 (1388ms)
Epoch 54/80: loss=0.548405 lr=0.001000 (421174ms)
  step 0/295: loss=0.580413 (1404ms)
  step 1/295: loss=0.584790 (1411ms)
  step 2/295: loss=0.586645 (1376ms)
  step 100/295: loss=0.529745 (1383ms)
  step 200/295: loss=0.563503 (1396ms)
Epoch 55/80: loss=0.557852 lr=0.001000 (420894ms)
  step 0/295: loss=0.519730 (1393ms)
  step 1/295: loss=0.618166 (1401ms)
  step 2/295: loss=0.549166 (1400ms)
  step 100/295: loss=0.515652 (1429ms)
  step 200/295: loss=0.611323 (1422ms)
Epoch 56/80: loss=0.560859 lr=0.001000 (420906ms)
  step 0/295: loss=0.516697 (1392ms)
  step 1/295: loss=0.531819 (1375ms)
  step 2/295: loss=0.534596 (1423ms)
  step 100/295: loss=0.535439 (1390ms)
  step 200/295: loss=0.514938 (1418ms)
Epoch 57/80: loss=0.544856 lr=0.001000 (422019ms)
  step 0/295: loss=0.580803 (1384ms)
  step 1/295: loss=0.527561 (1378ms)
  step 2/295: loss=0.536264 (1390ms)
  step 100/295: loss=0.529282 (1396ms)
  step 200/295: loss=0.561609 (1406ms)
Epoch 58/80: loss=0.557658 lr=0.001000 (420760ms)
  step 0/295: loss=0.517772 (1433ms)
  step 1/295: loss=0.694620 (1413ms)
  step 2/295: loss=0.547825 (1391ms)
  step 100/295: loss=0.629645 (1401ms)
  step 200/295: loss=0.518997 (1410ms)
Epoch 59/80: loss=0.550821 lr=0.001000 (420473ms)
  step 0/295: loss=0.518385 (1401ms)
  step 1/295: loss=0.536901 (1393ms)
  step 2/295: loss=0.568424 (1421ms)
  step 100/295: loss=0.516326 (1401ms)
  step 200/295: loss=0.549557 (1387ms)
Epoch 60/80: loss=0.544694 lr=0.001000 (421460ms)
  val accuracy (running BN): 3395/3904 = 86.962090%
  step 0/295: loss=0.521851 (1381ms)
  step 1/295: loss=0.541445 (1353ms)
  step 2/295: loss=0.514216 (1378ms)
  step 100/295: loss=0.520744 (1387ms)
  step 200/295: loss=0.533955 (1401ms)
Epoch 61/80: loss=0.540834 lr=0.001000 (419998ms)
  step 0/295: loss=0.521744 (1411ms)
  step 1/295: loss=0.528317 (1407ms)
  step 2/295: loss=0.538463 (1411ms)
  step 100/295: loss=0.598540 (1415ms)
  step 200/295: loss=0.547025 (1389ms)
Epoch 62/80: loss=0.540471 lr=0.001000 (421773ms)
  step 0/295: loss=0.525146 (1396ms)
  step 1/295: loss=0.517333 (1384ms)
  step 2/295: loss=0.510996 (1372ms)
  step 100/295: loss=0.539514 (1394ms)
  step 200/295: loss=0.532141 (1415ms)
Epoch 63/80: loss=0.549818 lr=0.001000 (420621ms)
  step 0/295: loss=0.521190 (1399ms)
  step 1/295: loss=0.567805 (1388ms)
  step 2/295: loss=0.526866 (1390ms)
  step 100/295: loss=0.511519 (1385ms)
  step 200/295: loss=0.524240 (1399ms)
Epoch 64/80: loss=0.546989 lr=0.001000 (420557ms)
  step 0/295: loss=0.509498 (1429ms)
  step 1/295: loss=0.531995 (1398ms)
  step 2/295: loss=0.526594 (1393ms)
  step 100/295: loss=0.520162 (1383ms)
  step 200/295: loss=0.535111 (1428ms)
Epoch 65/80: loss=0.541657 lr=0.001000 (422467ms)
  step 0/295: loss=0.516409 (1392ms)
  step 1/295: loss=0.543954 (1391ms)
  step 2/295: loss=0.510864 (1350ms)
  step 100/295: loss=0.527148 (1406ms)
  step 200/295: loss=0.516551 (1404ms)
Epoch 66/80: loss=0.545562 lr=0.001000 (420396ms)
  step 0/295: loss=0.516897 (1402ms)
  step 1/295: loss=0.513631 (1402ms)
  step 2/295: loss=0.525042 (1396ms)
  step 100/295: loss=0.549170 (1397ms)
  step 200/295: loss=0.532053 (1364ms)
Epoch 67/80: loss=0.532561 lr=0.001000 (420336ms)
  step 0/295: loss=0.564080 (1386ms)
  step 1/295: loss=0.506568 (1415ms)
  step 2/295: loss=0.517385 (1384ms)
  step 100/295: loss=0.513045 (1432ms)
  step 200/295: loss=0.574186 (1406ms)
Epoch 68/80: loss=0.539049 lr=0.001000 (421135ms)
  step 0/295: loss=0.536560 (1421ms)
  step 1/295: loss=0.609086 (1395ms)
  step 2/295: loss=0.515481 (1411ms)
  step 100/295: loss=0.514513 (1395ms)
  step 200/295: loss=0.510723 (1418ms)
Epoch 69/80: loss=0.542736 lr=0.001000 (420433ms)
  step 0/295: loss=0.510566 (1389ms)
  step 1/295: loss=0.515665 (1378ms)
  step 2/295: loss=0.526230 (1388ms)
  step 100/295: loss=0.535027 (1408ms)
  step 200/295: loss=0.512807 (1401ms)
Epoch 70/80: loss=0.533514 lr=0.001000 (421213ms)
  val accuracy (running BN): 3400/3904 = 87.090164%
  step 0/295: loss=0.508507 (1408ms)
  step 1/295: loss=0.510918 (1397ms)
  step 2/295: loss=0.515549 (1373ms)
  step 100/295: loss=0.535329 (1419ms)
  step 200/295: loss=0.530468 (1414ms)
Epoch 71/80: loss=0.536886 lr=0.001000 (421809ms)
  step 0/295: loss=0.623991 (1421ms)
  step 1/295: loss=0.560800 (1412ms)
  step 2/295: loss=0.535607 (1395ms)
  step 100/295: loss=0.520022 (1375ms)
  step 200/295: loss=0.520810 (1387ms)
Epoch 72/80: loss=0.541452 lr=0.001000 (420861ms)
  step 0/295: loss=0.529679 (1388ms)
  step 1/295: loss=0.520287 (1378ms)
  step 2/295: loss=0.516848 (1381ms)
  step 100/295: loss=0.507983 (1401ms)
  step 200/295: loss=0.512017 (1427ms)
Epoch 73/80: loss=0.528718 lr=0.001000 (421132ms)
  step 0/295: loss=0.604707 (1397ms)
  step 1/295: loss=0.552416 (1393ms)
  step 2/295: loss=0.522302 (1395ms)
  step 100/295: loss=0.511667 (1385ms)
  step 200/295: loss=0.549520 (1394ms)
Epoch 74/80: loss=0.534759 lr=0.001000 (419942ms)
  step 0/295: loss=0.533657 (1391ms)
  step 1/295: loss=0.506702 (1392ms)
  step 2/295: loss=0.507239 (1412ms)
  step 100/295: loss=0.510101 (1416ms)
  step 200/295: loss=0.513435 (1377ms)
Epoch 75/80: loss=0.529781 lr=0.001000 (420940ms)
  step 0/295: loss=0.505899 (1375ms)
  step 1/295: loss=0.529138 (1357ms)
  step 2/295: loss=0.519977 (1405ms)
  step 100/295: loss=0.548539 (1388ms)
  step 200/295: loss=0.507450 (1384ms)
Epoch 76/80: loss=0.536322 lr=0.001000 (419653ms)
  step 0/295: loss=0.510104 (1422ms)
  step 1/295: loss=0.530393 (1411ms)
  step 2/295: loss=0.512664 (1386ms)
  step 100/295: loss=0.599916 (1386ms)
  step 200/295: loss=0.526629 (1389ms)
Epoch 77/80: loss=0.540310 lr=0.001000 (420685ms)
  step 0/295: loss=0.527973 (1390ms)
  step 1/295: loss=0.586626 (1400ms)
  step 2/295: loss=0.580116 (1407ms)
  step 100/295: loss=0.511144 (1416ms)
  step 200/295: loss=0.574473 (1395ms)
Epoch 78/80: loss=0.533712 lr=0.001000 (420890ms)
  step 0/295: loss=0.540747 (1408ms)
  step 1/295: loss=0.530173 (1420ms)
  step 2/295: loss=0.507752 (1417ms)
  step 100/295: loss=0.512810 (1383ms)
  step 200/295: loss=0.510175 (1387ms)
Epoch 79/80: loss=0.531824 lr=0.001000 (420894ms)
  step 0/295: loss=0.517088 (1383ms)
  step 1/295: loss=0.512531 (1393ms)
  step 2/295: loss=0.520092 (1387ms)
  step 100/295: loss=0.529165 (1407ms)
  step 200/295: loss=0.508609 (1387ms)
Epoch 80/80: loss=0.528883 lr=0.001000 (420157ms)
  val accuracy (running BN): 3389/3904 = 86.808402%
Saved params + BN stats.
