Ablation: r34-no-smooth
  spec: ResNet-34, optimizer: Adam
  lr: 0.001000, cosine: true, wd: 0.000100
  aug: true, label_smooth: 0.000000
ResNet-34-r34-no-smooth: 21289802 params
Generating train step MLIR...
  549659 chars
Compiling vmfbs...
  forward compiled
  eval forward compiled
  train step compiled
  session loaded
  train: 9469 images (196608 floats/image)
  21289802 params + m + v (243 MB)
training: 295 batches/epoch, batch=32, Adam, lr=0.001000, cosine warmup=3, label_smooth=0.000000, wd=0.000100
  BN layers: 36, BN stat floats: 17024
  step 0/295: loss=3.608930 (1546ms)
  step 1/295: loss=4.857727 (1524ms)
  step 2/295: loss=2.900098 (1421ms)
  step 100/295: loss=2.156907 (1404ms)
  step 200/295: loss=1.329382 (1417ms)
Epoch 1/80: loss=1.687528 lr=0.000333 (428827ms)
  step 0/295: loss=1.573902 (1446ms)
  step 1/295: loss=1.460173 (1416ms)
  step 2/295: loss=0.805826 (1418ms)
  step 100/295: loss=1.249853 (1429ms)
  step 200/295: loss=1.138500 (1426ms)
Epoch 2/80: loss=1.324960 lr=0.000667 (430386ms)
  step 0/295: loss=1.141965 (1444ms)
  step 1/295: loss=1.682535 (1438ms)
  step 2/295: loss=1.145814 (1442ms)
  step 100/295: loss=1.068784 (1412ms)
  step 200/295: loss=0.718031 (1403ms)
Epoch 3/80: loss=1.174962 lr=0.001000 (427975ms)
  step 0/295: loss=1.201801 (1416ms)
  step 1/295: loss=0.622815 (1423ms)
  step 2/295: loss=0.909062 (1433ms)
  step 100/295: loss=0.912107 (1438ms)
  step 200/295: loss=1.079272 (1443ms)
Epoch 4/80: loss=0.999215 lr=0.001000 (428773ms)
  step 0/295: loss=0.711438 (1444ms)
  step 1/295: loss=1.129618 (1414ms)
  step 2/295: loss=0.902826 (1437ms)
  step 100/295: loss=1.174191 (1428ms)
  step 200/295: loss=0.652058 (1409ms)
Epoch 5/80: loss=0.884705 lr=0.001000 (429036ms)
  step 0/295: loss=0.558530 (1406ms)
  step 1/295: loss=0.565989 (1420ms)
  step 2/295: loss=0.645136 (1425ms)
  step 100/295: loss=1.121768 (1414ms)
  step 200/295: loss=1.137617 (1421ms)
Epoch 6/80: loss=0.784944 lr=0.000998 (429486ms)
  step 0/295: loss=0.691664 (1433ms)
  step 1/295: loss=0.864055 (1425ms)
  step 2/295: loss=0.904704 (1415ms)
  step 100/295: loss=0.824504 (1419ms)
  step 200/295: loss=0.618538 (1437ms)
Epoch 7/80: loss=0.752707 lr=0.000996 (429133ms)
  step 0/295: loss=0.539341 (1452ms)
  step 1/295: loss=0.769122 (1461ms)
  step 2/295: loss=0.909890 (1469ms)
  step 100/295: loss=0.641040 (1414ms)
  step 200/295: loss=0.721980 (1445ms)
Epoch 8/80: loss=0.712870 lr=0.000993 (430299ms)
  step 0/295: loss=0.728054 (1455ms)
  step 1/295: loss=0.451199 (1458ms)
  step 2/295: loss=0.713804 (1454ms)
  step 100/295: loss=0.387011 (1403ms)
  step 200/295: loss=0.627768 (1424ms)
Epoch 9/80: loss=0.672498 lr=0.000990 (430318ms)
  step 0/295: loss=0.657686 (1442ms)
  step 1/295: loss=0.660144 (1417ms)
  step 2/295: loss=0.458304 (1418ms)
  step 100/295: loss=0.952749 (1420ms)
  step 200/295: loss=0.536542 (1412ms)
Epoch 10/80: loss=0.647630 lr=0.000985 (430221ms)
  val accuracy (running BN): 2881/3904 = 73.796107%
  step 0/295: loss=0.597758 (1444ms)
  step 1/295: loss=0.386482 (1414ms)
  step 2/295: loss=0.439027 (1414ms)
  step 100/295: loss=0.961440 (1405ms)
  step 200/295: loss=0.333827 (1431ms)
Epoch 11/80: loss=0.593171 lr=0.000980 (428557ms)
  step 0/295: loss=0.614386 (1437ms)
  step 1/295: loss=0.304239 (1434ms)
  step 2/295: loss=0.611391 (1421ms)
  step 100/295: loss=0.483144 (1415ms)
  step 200/295: loss=0.311585 (1440ms)
Epoch 12/80: loss=0.556540 lr=0.000974 (429067ms)
  step 0/295: loss=0.833200 (1416ms)
  step 1/295: loss=0.525591 (1435ms)
  step 2/295: loss=0.680921 (1464ms)
  step 100/295: loss=0.536170 (1442ms)
  step 200/295: loss=0.545434 (1423ms)
Epoch 13/80: loss=0.533413 lr=0.000967 (429038ms)
  step 0/295: loss=0.300009 (1411ms)
  step 1/295: loss=0.260393 (1401ms)
  step 2/295: loss=0.453001 (1398ms)
  step 100/295: loss=0.553725 (1425ms)
  step 200/295: loss=0.597715 (1410ms)
Epoch 14/80: loss=0.517505 lr=0.000959 (429016ms)
  step 0/295: loss=0.487722 (1377ms)
  step 1/295: loss=0.436083 (1401ms)
  step 2/295: loss=0.311035 (1419ms)
  step 100/295: loss=0.473399 (1416ms)
  step 200/295: loss=0.257568 (1419ms)
Epoch 15/80: loss=0.475490 lr=0.000950 (428314ms)
  step 0/295: loss=0.689239 (1406ms)
  step 1/295: loss=0.480968 (1414ms)
  step 2/295: loss=0.324076 (1410ms)
  step 100/295: loss=0.413122 (1448ms)
  step 200/295: loss=0.139885 (1461ms)
Epoch 16/80: loss=0.462108 lr=0.000941 (430224ms)
  step 0/295: loss=0.388880 (1439ms)
  step 1/295: loss=0.597493 (1438ms)
  step 2/295: loss=0.397036 (1434ms)
  step 100/295: loss=0.075640 (1432ms)
  step 200/295: loss=0.532259 (1427ms)
Epoch 17/80: loss=0.431009 lr=0.000931 (429747ms)
  step 0/295: loss=0.320462 (1441ms)
  step 1/295: loss=0.169364 (1411ms)
  step 2/295: loss=0.410518 (1414ms)
  step 100/295: loss=0.281708 (1430ms)
  step 200/295: loss=0.429025 (1422ms)
Epoch 18/80: loss=0.408047 lr=0.000921 (429295ms)
  step 0/295: loss=0.330191 (1440ms)
  step 1/295: loss=0.101017 (1432ms)
  step 2/295: loss=0.235836 (1433ms)
  step 100/295: loss=0.222915 (1433ms)
  step 200/295: loss=0.499107 (1415ms)
Epoch 19/80: loss=0.378531 lr=0.000909 (429764ms)
  step 0/295: loss=0.433554 (1438ms)
  step 1/295: loss=0.448503 (1412ms)
  step 2/295: loss=0.477578 (1418ms)
  step 100/295: loss=0.417389 (1429ms)
  step 200/295: loss=0.158738 (1415ms)
Epoch 20/80: loss=0.360958 lr=0.000897 (429836ms)
  val accuracy (running BN): 3094/3904 = 79.252049%
  step 0/295: loss=0.330059 (1452ms)
  step 1/295: loss=0.218477 (1449ms)
  step 2/295: loss=0.173780 (1429ms)
  step 100/295: loss=0.126702 (1424ms)
  step 200/295: loss=0.225076 (1404ms)
Epoch 21/80: loss=0.345737 lr=0.000884 (429505ms)
  step 0/295: loss=0.229366 (1425ms)
  step 1/295: loss=0.464849 (1423ms)
  step 2/295: loss=0.329910 (1435ms)
  step 100/295: loss=0.497021 (1446ms)
  step 200/295: loss=0.261315 (1435ms)
Epoch 22/80: loss=0.315232 lr=0.000871 (429197ms)
  step 0/295: loss=0.396311 (1438ms)
  step 1/295: loss=0.122248 (1438ms)
  step 2/295: loss=0.262819 (1421ms)
  step 100/295: loss=0.387130 (1443ms)
  step 200/295: loss=0.460191 (1412ms)
Epoch 23/80: loss=0.315252 lr=0.000857 (429046ms)
  step 0/295: loss=0.500803 (1404ms)
  step 1/295: loss=0.242770 (1420ms)
  step 2/295: loss=0.163518 (1466ms)
  step 100/295: loss=0.156361 (1463ms)
  step 200/295: loss=0.297481 (1462ms)
Epoch 24/80: loss=0.267925 lr=0.000843 (430309ms)
  step 0/295: loss=0.186336 (1450ms)
  step 1/295: loss=0.282188 (1437ms)
  step 2/295: loss=0.228388 (1430ms)
  step 100/295: loss=0.135855 (1432ms)
  step 200/295: loss=0.327859 (1412ms)
Epoch 25/80: loss=0.260990 lr=0.000827 (429087ms)
  step 0/295: loss=0.381891 (1419ms)
  step 1/295: loss=0.233860 (1437ms)
  step 2/295: loss=0.196666 (1430ms)
  step 100/295: loss=0.258062 (1456ms)
  step 200/295: loss=0.181612 (1428ms)
Epoch 26/80: loss=0.234098 lr=0.000812 (428783ms)
  step 0/295: loss=0.303335 (1443ms)
  step 1/295: loss=0.183119 (1425ms)
  step 2/295: loss=0.127674 (1437ms)
  step 100/295: loss=0.065292 (1426ms)
  step 200/295: loss=0.098581 (1423ms)
Epoch 27/80: loss=0.235060 lr=0.000796 (428874ms)
  step 0/295: loss=0.077403 (1443ms)
  step 1/295: loss=0.118833 (1430ms)
  step 2/295: loss=0.192604 (1444ms)
  step 100/295: loss=0.120963 (1425ms)
  step 200/295: loss=0.342335 (1447ms)
Epoch 28/80: loss=0.205221 lr=0.000779 (430478ms)
  step 0/295: loss=0.055844 (1429ms)
  step 1/295: loss=0.261306 (1435ms)
  step 2/295: loss=0.147774 (1427ms)
  step 100/295: loss=0.153534 (1439ms)
  step 200/295: loss=0.117187 (1436ms)
Epoch 29/80: loss=0.189467 lr=0.000762 (429848ms)
  step 0/295: loss=0.064842 (1423ms)
  step 1/295: loss=0.177928 (1438ms)
  step 2/295: loss=0.166178 (1446ms)
  step 100/295: loss=0.127014 (1420ms)
  step 200/295: loss=0.400729 (1437ms)
Epoch 30/80: loss=0.186161 lr=0.000744 (429324ms)
  val accuracy (running BN): 3260/3904 = 83.504098%
  step 0/295: loss=0.108255 (1431ms)
  step 1/295: loss=0.302508 (1410ms)
  step 2/295: loss=0.154164 (1413ms)
  step 100/295: loss=0.213600 (1416ms)
  step 200/295: loss=0.129707 (1437ms)
Epoch 31/80: loss=0.171640 lr=0.000726 (430206ms)
  step 0/295: loss=0.124783 (1440ms)
  step 1/295: loss=0.111825 (1406ms)
  step 2/295: loss=0.209802 (1429ms)
  step 100/295: loss=0.048392 (1416ms)
  step 200/295: loss=0.171333 (1436ms)
Epoch 32/80: loss=0.149256 lr=0.000708 (430585ms)
  step 0/295: loss=0.023951 (1394ms)
  step 1/295: loss=0.119788 (1401ms)
  step 2/295: loss=0.030204 (1389ms)
  step 100/295: loss=0.124363 (1419ms)
  step 200/295: loss=0.220162 (1431ms)
Epoch 33/80: loss=0.141273 lr=0.000689 (429786ms)
  step 0/295: loss=0.140695 (1461ms)
  step 1/295: loss=0.168447 (1465ms)
  step 2/295: loss=0.043304 (1444ms)
  step 100/295: loss=0.083126 (1414ms)
  step 200/295: loss=0.149601 (1423ms)
Epoch 34/80: loss=0.120667 lr=0.000670 (429727ms)
  step 0/295: loss=0.151605 (1435ms)
  step 1/295: loss=0.072622 (1468ms)
  step 2/295: loss=0.045165 (1463ms)
  step 100/295: loss=0.167214 (1421ms)
  step 200/295: loss=0.051868 (1422ms)
Epoch 35/80: loss=0.120853 lr=0.000651 (429216ms)
  step 0/295: loss=0.092770 (1462ms)
  step 1/295: loss=0.256668 (1461ms)
  step 2/295: loss=0.125845 (1458ms)
  step 100/295: loss=0.130302 (1428ms)
  step 200/295: loss=0.159758 (1409ms)
Epoch 36/80: loss=0.114280 lr=0.000631 (429761ms)
  step 0/295: loss=0.010933 (1443ms)
  step 1/295: loss=0.042388 (1437ms)
  step 2/295: loss=0.061075 (1441ms)
  step 100/295: loss=0.256884 (1439ms)
  step 200/295: loss=0.056563 (1442ms)
Epoch 37/80: loss=0.103944 lr=0.000611 (430606ms)
  step 0/295: loss=0.323469 (1447ms)
  step 1/295: loss=0.112517 (1426ms)
  step 2/295: loss=0.030652 (1441ms)
  step 100/295: loss=0.042518 (1435ms)
  step 200/295: loss=0.063842 (1421ms)
Epoch 38/80: loss=0.094147 lr=0.000591 (430418ms)
  step 0/295: loss=0.089206 (1457ms)
  step 1/295: loss=0.080710 (1452ms)
  step 2/295: loss=0.038353 (1417ms)
  step 100/295: loss=0.099853 (1425ms)
  step 200/295: loss=0.078461 (1459ms)
Epoch 39/80: loss=0.085779 lr=0.000571 (429600ms)
  step 0/295: loss=0.025113 (1408ms)
  step 1/295: loss=0.033194 (1428ms)
  step 2/295: loss=0.100430 (1411ms)
  step 100/295: loss=0.014819 (1427ms)
  step 200/295: loss=0.012309 (1432ms)
Epoch 40/80: loss=0.065893 lr=0.000551 (430136ms)
  val accuracy (running BN): 3329/3904 = 85.271516%
  step 0/295: loss=0.072911 (1460ms)
  step 1/295: loss=0.015236 (1444ms)
  step 2/295: loss=0.185270 (1420ms)
  step 100/295: loss=0.007631 (1444ms)
  step 200/295: loss=0.013451 (1412ms)
Epoch 41/80: loss=0.075419 lr=0.000531 (430400ms)
  step 0/295: loss=0.031051 (1425ms)
  step 1/295: loss=0.008455 (1442ms)
  step 2/295: loss=0.147586 (1419ms)
  step 100/295: loss=0.087054 (1455ms)
  step 200/295: loss=0.040714 (1419ms)
Epoch 42/80: loss=0.066989 lr=0.000510 (429923ms)
  step 0/295: loss=0.048338 (1396ms)
  step 1/295: loss=0.107027 (1393ms)
  step 2/295: loss=0.012149 (1408ms)
  step 100/295: loss=0.001513 (1430ms)
  step 200/295: loss=0.015419 (1455ms)
Epoch 43/80: loss=0.048613 lr=0.000490 (429134ms)
  step 0/295: loss=0.021722 (1459ms)
  step 1/295: loss=0.018470 (1447ms)
  step 2/295: loss=0.027294 (1445ms)
  step 100/295: loss=0.081419 (1439ms)
  step 200/295: loss=0.001993 (1432ms)
Epoch 44/80: loss=0.045649 lr=0.000469 (430020ms)
  step 0/295: loss=0.009174 (1447ms)
  step 1/295: loss=0.007640 (1422ms)
  step 2/295: loss=0.163074 (1450ms)
  step 100/295: loss=0.032060 (1432ms)
  step 200/295: loss=0.046339 (1425ms)
Epoch 45/80: loss=0.050425 lr=0.000449 (429721ms)
  step 0/295: loss=0.099014 (1441ms)
  step 1/295: loss=0.004805 (1428ms)
  step 2/295: loss=0.005950 (1462ms)
  step 100/295: loss=0.010889 (1436ms)
  step 200/295: loss=0.060499 (1456ms)
Epoch 46/80: loss=0.048181 lr=0.000429 (429134ms)
  step 0/295: loss=0.015952 (1442ms)
  step 1/295: loss=0.045561 (1438ms)
  step 2/295: loss=0.016094 (1423ms)
  step 100/295: loss=0.009222 (1414ms)
  step 200/295: loss=0.006857 (1437ms)
Epoch 47/80: loss=0.028208 lr=0.000409 (430975ms)
  step 0/295: loss=0.347059 (1410ms)
  step 1/295: loss=0.008144 (1446ms)
  step 2/295: loss=0.002126 (1441ms)
  step 100/295: loss=0.096696 (1418ms)
  step 200/295: loss=0.119826 (1418ms)
Epoch 48/80: loss=0.040259 lr=0.000389 (428696ms)
  step 0/295: loss=0.027979 (1415ms)
  step 1/295: loss=0.004133 (1408ms)
  step 2/295: loss=0.001817 (1421ms)
  step 100/295: loss=0.046984 (1434ms)
  step 200/295: loss=0.004292 (1439ms)
Epoch 49/80: loss=0.028277 lr=0.000369 (429254ms)
  step 0/295: loss=0.015265 (1439ms)
  step 1/295: loss=0.060328 (1411ms)
  step 2/295: loss=0.024455 (1417ms)
  step 100/295: loss=0.003428 (1444ms)
  step 200/295: loss=0.001696 (1453ms)
Epoch 50/80: loss=0.040672 lr=0.000349 (428709ms)
  val accuracy (running BN): 3407/3904 = 87.269467%
  step 0/295: loss=0.015547 (1428ms)
  step 1/295: loss=0.010416 (1454ms)
  step 2/295: loss=0.003386 (1424ms)
  step 100/295: loss=0.056749 (1425ms)
  step 200/295: loss=0.052600 (1412ms)
Epoch 51/80: loss=0.023672 lr=0.000330 (429999ms)
  step 0/295: loss=0.001493 (1420ms)
  step 1/295: loss=0.083760 (1437ms)
  step 2/295: loss=0.018489 (1424ms)
  step 100/295: loss=0.005825 (1424ms)
  step 200/295: loss=0.000880 (1413ms)
Epoch 52/80: loss=0.018755 lr=0.000311 (430242ms)
  step 0/295: loss=0.000930 (1451ms)
  step 1/295: loss=0.057283 (1417ms)
  step 2/295: loss=0.001224 (1408ms)
  step 100/295: loss=0.020347 (1466ms)
  step 200/295: loss=0.021249 (1413ms)
Epoch 53/80: loss=0.022172 lr=0.000292 (430913ms)
  step 0/295: loss=0.000871 (1414ms)
  step 1/295: loss=0.046838 (1418ms)
  step 2/295: loss=0.036404 (1430ms)
  step 100/295: loss=0.013082 (1427ms)
  step 200/295: loss=0.000762 (1469ms)
Epoch 54/80: loss=0.017203 lr=0.000274 (429747ms)
  step 0/295: loss=0.054067 (1459ms)
  step 1/295: loss=0.004139 (1453ms)
  step 2/295: loss=0.001782 (1448ms)
  step 100/295: loss=0.003120 (1444ms)
  step 200/295: loss=0.012589 (1413ms)
Epoch 55/80: loss=0.011465 lr=0.000256 (430366ms)
  step 0/295: loss=0.000780 (1412ms)
  step 1/295: loss=0.000727 (1414ms)
  step 2/295: loss=0.002230 (1432ms)
  step 100/295: loss=0.000337 (1427ms)
  step 200/295: loss=0.000261 (1429ms)
Epoch 56/80: loss=0.014668 lr=0.000238 (430100ms)
  step 0/295: loss=0.000943 (1431ms)
  step 1/295: loss=0.006150 (1431ms)
  step 2/295: loss=0.002831 (1421ms)
  step 100/295: loss=0.011582 (1428ms)
  step 200/295: loss=0.000406 (1419ms)
Epoch 57/80: loss=0.014478 lr=0.000221 (430025ms)
  step 0/295: loss=0.002313 (1458ms)
  step 1/295: loss=0.001248 (1436ms)
  step 2/295: loss=0.001572 (1421ms)
  step 100/295: loss=0.002792 (1422ms)
  step 200/295: loss=0.000254 (1432ms)
Epoch 58/80: loss=0.011804 lr=0.000204 (429417ms)
  step 0/295: loss=0.000168 (1432ms)
  step 1/295: loss=0.041803 (1408ms)
  step 2/295: loss=0.069573 (1420ms)
  step 100/295: loss=0.001050 (1430ms)
  step 200/295: loss=0.004843 (1428ms)
Epoch 59/80: loss=0.012117 lr=0.000188 (429468ms)
  step 0/295: loss=0.000604 (1436ms)
  step 1/295: loss=0.000782 (1420ms)
  step 2/295: loss=0.000940 (1416ms)
  step 100/295: loss=0.000948 (1412ms)
  step 200/295: loss=0.008898 (1439ms)
Epoch 60/80: loss=0.011194 lr=0.000173 (430391ms)
  val accuracy (running BN): 3466/3904 = 88.780738%
  step 0/295: loss=0.073064 (1435ms)
  step 1/295: loss=0.002931 (1418ms)
  step 2/295: loss=0.005858 (1412ms)
  step 100/295: loss=0.005755 (1449ms)
  step 200/295: loss=0.000825 (1448ms)
Epoch 61/80: loss=0.006857 lr=0.000157 (429951ms)
  step 0/295: loss=0.001277 (1468ms)
  step 1/295: loss=0.000391 (1446ms)
  step 2/295: loss=0.001201 (1472ms)
  step 100/295: loss=0.000515 (1437ms)
  step 200/295: loss=0.018742 (1438ms)
Epoch 62/80: loss=0.007134 lr=0.000143 (430840ms)
  step 0/295: loss=0.003702 (1457ms)
  step 1/295: loss=0.000865 (1435ms)
  step 2/295: loss=0.011781 (1437ms)
  step 100/295: loss=0.006330 (1442ms)
  step 200/295: loss=0.003640 (1422ms)
Epoch 63/80: loss=0.004949 lr=0.000129 (429807ms)
  step 0/295: loss=0.000332 (1439ms)
  step 1/295: loss=0.004970 (1456ms)
  step 2/295: loss=0.001626 (1455ms)
  step 100/295: loss=0.002630 (1424ms)
  step 200/295: loss=0.000110 (1431ms)
Epoch 64/80: loss=0.004341 lr=0.000116 (429879ms)
  step 0/295: loss=0.000117 (1437ms)
  step 1/295: loss=0.005532 (1432ms)
  step 2/295: loss=0.053316 (1426ms)
  step 100/295: loss=0.000306 (1431ms)
  step 200/295: loss=0.000067 (1437ms)
Epoch 65/80: loss=0.004381 lr=0.000103 (429786ms)
  step 0/295: loss=0.000297 (1442ms)
  step 1/295: loss=0.000102 (1409ms)
  step 2/295: loss=0.000011 (1418ms)
  step 100/295: loss=0.001100 (1419ms)
  step 200/295: loss=0.000120 (1454ms)
Epoch 66/80: loss=0.005508 lr=0.000091 (431038ms)
  step 0/295: loss=0.002719 (1418ms)
  step 1/295: loss=0.000485 (1418ms)
  step 2/295: loss=0.001923 (1427ms)
  step 100/295: loss=0.000218 (1430ms)
  step 200/295: loss=0.000540 (1425ms)
Epoch 67/80: loss=0.003257 lr=0.000079 (429542ms)
  step 0/295: loss=0.002189 (1451ms)
  step 1/295: loss=0.005491 (1429ms)
  step 2/295: loss=0.000422 (1426ms)
  step 100/295: loss=0.003730 (1438ms)
  step 200/295: loss=0.000148 (1417ms)
Epoch 68/80: loss=0.003503 lr=0.000069 (430010ms)
  step 0/295: loss=0.002452 (1411ms)
  step 1/295: loss=0.000813 (1412ms)
  step 2/295: loss=0.000153 (1411ms)
  step 100/295: loss=0.000373 (1446ms)
  step 200/295: loss=0.000123 (1439ms)
Epoch 69/80: loss=0.002791 lr=0.000059 (429971ms)
  step 0/295: loss=0.006234 (1418ms)
  step 1/295: loss=0.000274 (1441ms)
  step 2/295: loss=0.003587 (1414ms)
  step 100/295: loss=0.003138 (1441ms)
  step 200/295: loss=0.003276 (1430ms)
Epoch 70/80: loss=0.003122 lr=0.000050 (432092ms)
  val accuracy (running BN): 3499/3904 = 89.626025%
  step 0/295: loss=0.000217 (1453ms)
  step 1/295: loss=0.003057 (1438ms)
  step 2/295: loss=0.001721 (1439ms)
  step 100/295: loss=0.000513 (1426ms)
  step 200/295: loss=0.000277 (1425ms)
Epoch 71/80: loss=0.002383 lr=0.000041 (430582ms)
  step 0/295: loss=0.000298 (1444ms)
  step 1/295: loss=0.000573 (1409ms)
  step 2/295: loss=0.001035 (1418ms)
  step 100/295: loss=0.000455 (1443ms)
  step 200/295: loss=0.003030 (1427ms)
Epoch 72/80: loss=0.002701 lr=0.000033 (430451ms)
  step 0/295: loss=0.013634 (1424ms)
  step 1/295: loss=0.000415 (1402ms)
  step 2/295: loss=0.000226 (1426ms)
  step 100/295: loss=0.000336 (1424ms)
  step 200/295: loss=0.000023 (1443ms)
Epoch 73/80: loss=0.001813 lr=0.000026 (430866ms)
  step 0/295: loss=0.001818 (1432ms)
  step 1/295: loss=0.000028 (1430ms)
  step 2/295: loss=0.000157 (1435ms)
  step 100/295: loss=0.000011 (1425ms)
  step 200/295: loss=0.001260 (1447ms)
Epoch 74/80: loss=0.001831 lr=0.000020 (430877ms)
  step 0/295: loss=0.002303 (1407ms)
  step 1/295: loss=0.000322 (1428ms)
  step 2/295: loss=0.000167 (1417ms)
  step 100/295: loss=0.000037 (1447ms)
  step 200/295: loss=0.000146 (1446ms)
Epoch 75/80: loss=0.001471 lr=0.000015 (430398ms)
  step 0/295: loss=0.000168 (1455ms)
  step 1/295: loss=0.000304 (1414ms)
  step 2/295: loss=0.000210 (1420ms)
  step 100/295: loss=0.010667 (1415ms)
  step 200/295: loss=0.000013 (1403ms)
Epoch 76/80: loss=0.001588 lr=0.000010 (428330ms)
  step 0/295: loss=0.000671 (1451ms)
  step 1/295: loss=0.000441 (1443ms)
  step 2/295: loss=0.000029 (1425ms)
  step 100/295: loss=0.006216 (1449ms)
  step 200/295: loss=0.000292 (1419ms)
Epoch 77/80: loss=0.001092 lr=0.000007 (428245ms)
  step 0/295: loss=0.000646 (1444ms)
  step 1/295: loss=0.000125 (1441ms)
  step 2/295: loss=0.011052 (1413ms)
  step 100/295: loss=0.000081 (1463ms)
  step 200/295: loss=0.002475 (1426ms)
Epoch 78/80: loss=0.001397 lr=0.000004 (430037ms)
  step 0/295: loss=0.000225 (1449ms)
  step 1/295: loss=0.000303 (1437ms)
  step 2/295: loss=0.000123 (1444ms)
  step 100/295: loss=0.000189 (1412ms)
  step 200/295: loss=0.001927 (1424ms)
Epoch 79/80: loss=0.002249 lr=0.000002 (429970ms)
  step 0/295: loss=0.000130 (1450ms)
  step 1/295: loss=0.000023 (1434ms)
  step 2/295: loss=0.028414 (1451ms)
  step 100/295: loss=0.000204 (1437ms)
  step 200/295: loss=0.004992 (1418ms)
Epoch 80/80: loss=0.001981 lr=0.000000 (429828ms)
  val accuracy (running BN): 3484/3904 = 89.241803%
Saved params + BN stats.
