Ablation: r34-no-warmup
  spec: ResNet-34, optimizer: Adam
  lr: 0.001000, cosine: true, wd: 0.000100
  aug: true, label_smooth: 0.100000
ResNet-34-r34-no-warmup: 21289802 params
Generating train step MLIR...
  549659 chars
Compiling vmfbs...
  forward compiled
  eval forward compiled
  train step compiled
  session loaded
  train: 9469 images (196608 floats/image)
  21289802 params + m + v (243 MB)
training: 295 batches/epoch, batch=32, Adam, lr=0.001000, cosine warmup=0, label_smooth=0.100000, wd=0.000100
  BN layers: 36, BN stat floats: 17024
  step 0/295: loss=3.581499 (1579ms)
  step 1/295: loss=6.855969 (1562ms)
  step 2/295: loss=2.983350 (1426ms)
  step 100/295: loss=2.326540 (1419ms)
  step 200/295: loss=1.589892 (1422ms)
Epoch 1/80: loss=1.970818 lr=0.001000 (426861ms)
  step 0/295: loss=1.791153 (1415ms)
  step 1/295: loss=1.611514 (1420ms)
  step 2/295: loss=1.340096 (1415ms)
  step 100/295: loss=1.511497 (1447ms)
  step 200/295: loss=1.499404 (1435ms)
Epoch 2/80: loss=1.569842 lr=0.001000 (427687ms)
  step 0/295: loss=1.357110 (1408ms)
  step 1/295: loss=1.882422 (1400ms)
  step 2/295: loss=1.570363 (1406ms)
  step 100/295: loss=1.334259 (1415ms)
  step 200/295: loss=1.102072 (1409ms)
Epoch 3/80: loss=1.400753 lr=0.000998 (427786ms)
  step 0/295: loss=1.446557 (1440ms)
  step 1/295: loss=0.962593 (1442ms)
  step 2/295: loss=1.246392 (1443ms)
  step 100/295: loss=1.697261 (1416ms)
  step 200/295: loss=1.413701 (1417ms)
Epoch 4/80: loss=1.296726 lr=0.000997 (428176ms)
  step 0/295: loss=1.140879 (1426ms)
  step 1/295: loss=1.453726 (1421ms)
  step 2/295: loss=1.288840 (1410ms)
  step 100/295: loss=1.419399 (1418ms)
  step 200/295: loss=1.210917 (1443ms)
Epoch 5/80: loss=1.219197 lr=0.000994 (428387ms)
  step 0/295: loss=1.134096 (1456ms)
  step 1/295: loss=1.006798 (1446ms)
  step 2/295: loss=1.287195 (1453ms)
  step 100/295: loss=1.297971 (1414ms)
  step 200/295: loss=1.260024 (1409ms)
Epoch 6/80: loss=1.156958 lr=0.000990 (428739ms)
  step 0/295: loss=1.141579 (1429ms)
  step 1/295: loss=1.214289 (1429ms)
  step 2/295: loss=1.132617 (1447ms)
  step 100/295: loss=1.091941 (1420ms)
  step 200/295: loss=1.203505 (1424ms)
Epoch 7/80: loss=1.132105 lr=0.000986 (427758ms)
  step 0/295: loss=0.944663 (1446ms)
  step 1/295: loss=1.086225 (1452ms)
  step 2/295: loss=1.276729 (1407ms)
  step 100/295: loss=1.130835 (1411ms)
  step 200/295: loss=1.145844 (1434ms)
Epoch 8/80: loss=1.100070 lr=0.000981 (428809ms)
  step 0/295: loss=1.091287 (1445ms)
  step 1/295: loss=0.881788 (1438ms)
  step 2/295: loss=1.049050 (1416ms)
  step 100/295: loss=0.910431 (1445ms)
  step 200/295: loss=1.115700 (1412ms)
Epoch 9/80: loss=1.098419 lr=0.000976 (428925ms)
  step 0/295: loss=1.219610 (1451ms)
  step 1/295: loss=0.949409 (1456ms)
  step 2/295: loss=1.032177 (1441ms)
  step 100/295: loss=1.144618 (1395ms)
  step 200/295: loss=0.930799 (1415ms)
Epoch 10/80: loss=1.041230 lr=0.000969 (428760ms)
  val accuracy (running BN): 2905/3904 = 74.410861%
  step 0/295: loss=1.011296 (1444ms)
  step 1/295: loss=0.876123 (1432ms)
  step 2/295: loss=0.947811 (1431ms)
  step 100/295: loss=1.233664 (1414ms)
  step 200/295: loss=0.983152 (1413ms)
Epoch 11/80: loss=1.005468 lr=0.000962 (429462ms)
  step 0/295: loss=1.107892 (1422ms)
  step 1/295: loss=0.832371 (1425ms)
  step 2/295: loss=0.917709 (1415ms)
  step 100/295: loss=0.941013 (1410ms)
  step 200/295: loss=0.898799 (1392ms)
Epoch 12/80: loss=0.982180 lr=0.000954 (428138ms)
  step 0/295: loss=1.297436 (1417ms)
  step 1/295: loss=0.987590 (1418ms)
  step 2/295: loss=1.008666 (1454ms)
  step 100/295: loss=1.037572 (1421ms)
  step 200/295: loss=0.962951 (1426ms)
Epoch 13/80: loss=0.967203 lr=0.000946 (429945ms)
  step 0/295: loss=0.870397 (1415ms)
  step 1/295: loss=0.890794 (1397ms)
  step 2/295: loss=0.928252 (1427ms)
  step 100/295: loss=0.998309 (1456ms)
  step 200/295: loss=0.905268 (1445ms)
Epoch 14/80: loss=0.961176 lr=0.000936 (429767ms)
  step 0/295: loss=0.960079 (1431ms)
  step 1/295: loss=1.059490 (1455ms)
  step 2/295: loss=0.911386 (1440ms)
  step 100/295: loss=0.918585 (1436ms)
  step 200/295: loss=0.866320 (1434ms)
Epoch 15/80: loss=0.911553 lr=0.000926 (429119ms)
  step 0/295: loss=1.119819 (1442ms)
  step 1/295: loss=0.965628 (1413ms)
  step 2/295: loss=0.671348 (1414ms)
  step 100/295: loss=0.733119 (1442ms)
  step 200/295: loss=0.687985 (1436ms)
Epoch 16/80: loss=0.881386 lr=0.000916 (429603ms)
  step 0/295: loss=0.824083 (1430ms)
  step 1/295: loss=0.914522 (1424ms)
  step 2/295: loss=0.776278 (1409ms)
  step 100/295: loss=0.646097 (1410ms)
  step 200/295: loss=0.932152 (1418ms)
Epoch 17/80: loss=0.873741 lr=0.000905 (428860ms)
  step 0/295: loss=0.795552 (1409ms)
  step 1/295: loss=0.755017 (1423ms)
  step 2/295: loss=0.872290 (1416ms)
  step 100/295: loss=0.778332 (1421ms)
  step 200/295: loss=0.754953 (1449ms)
Epoch 18/80: loss=0.840869 lr=0.000893 (430403ms)
  step 0/295: loss=0.880573 (1417ms)
  step 1/295: loss=0.621398 (1418ms)
  step 2/295: loss=0.800673 (1399ms)
  step 100/295: loss=0.653877 (1440ms)
  step 200/295: loss=0.933391 (1426ms)
Epoch 19/80: loss=0.827826 lr=0.000880 (429866ms)
  step 0/295: loss=0.895033 (1413ms)
  step 1/295: loss=0.870367 (1427ms)
  step 2/295: loss=0.947814 (1421ms)
  step 100/295: loss=0.804134 (1431ms)
  step 200/295: loss=0.697384 (1418ms)
Epoch 20/80: loss=0.814926 lr=0.000867 (429484ms)
  val accuracy (running BN): 3183/3904 = 81.531762%
  step 0/295: loss=0.758811 (1434ms)
  step 1/295: loss=0.716014 (1414ms)
  step 2/295: loss=0.773281 (1402ms)
  step 100/295: loss=0.693343 (1443ms)
  step 200/295: loss=0.694194 (1454ms)
Epoch 21/80: loss=0.794161 lr=0.000854 (429195ms)
  step 0/295: loss=0.688572 (1406ms)
  step 1/295: loss=0.903394 (1421ms)
  step 2/295: loss=0.717873 (1433ms)
  step 100/295: loss=0.825500 (1470ms)
  step 200/295: loss=0.728935 (1439ms)
Epoch 22/80: loss=0.776447 lr=0.000839 (428285ms)
  step 0/295: loss=0.919936 (1421ms)
  step 1/295: loss=0.660117 (1408ms)
  step 2/295: loss=0.656553 (1409ms)
  step 100/295: loss=0.760342 (1435ms)
  step 200/295: loss=0.775826 (1427ms)
Epoch 23/80: loss=0.754756 lr=0.000825 (428588ms)
  step 0/295: loss=0.882215 (1448ms)
  step 1/295: loss=0.819372 (1432ms)
  step 2/295: loss=0.703004 (1435ms)
  step 100/295: loss=0.692543 (1462ms)
  step 200/295: loss=0.821186 (1438ms)
Epoch 24/80: loss=0.734793 lr=0.000810 (429727ms)
  step 0/295: loss=0.680565 (1420ms)
  step 1/295: loss=0.769382 (1426ms)
  step 2/295: loss=0.694226 (1412ms)
  step 100/295: loss=0.665650 (1422ms)
  step 200/295: loss=0.677574 (1421ms)
Epoch 25/80: loss=0.724983 lr=0.000794 (429897ms)
  step 0/295: loss=0.723964 (1414ms)
  step 1/295: loss=0.757059 (1417ms)
  step 2/295: loss=0.614086 (1441ms)
  step 100/295: loss=0.653984 (1432ms)
  step 200/295: loss=0.910062 (1429ms)
Epoch 26/80: loss=0.700982 lr=0.000778 (429070ms)
  step 0/295: loss=0.656411 (1420ms)
  step 1/295: loss=0.700319 (1409ms)
  step 2/295: loss=0.618008 (1421ms)
  step 100/295: loss=0.589948 (1442ms)
  step 200/295: loss=0.686083 (1413ms)
Epoch 27/80: loss=0.700449 lr=0.000761 (429160ms)
  step 0/295: loss=0.567290 (1441ms)
  step 1/295: loss=0.606048 (1446ms)
  step 2/295: loss=0.665135 (1449ms)
  step 100/295: loss=0.660491 (1466ms)
  step 200/295: loss=0.783705 (1396ms)
Epoch 28/80: loss=0.680460 lr=0.000744 (429339ms)
  step 0/295: loss=0.641564 (1422ms)
  step 1/295: loss=0.636193 (1433ms)
  step 2/295: loss=0.635294 (1432ms)
  step 100/295: loss=0.726288 (1436ms)
  step 200/295: loss=0.602862 (1469ms)
Epoch 29/80: loss=0.675891 lr=0.000727 (428934ms)
  step 0/295: loss=0.622470 (1420ms)
  step 1/295: loss=0.712604 (1438ms)
  step 2/295: loss=0.642172 (1427ms)
  step 100/295: loss=0.602788 (1403ms)
  step 200/295: loss=0.719199 (1467ms)
Epoch 30/80: loss=0.658116 lr=0.000709 (429661ms)
  val accuracy (running BN): 3361/3904 = 86.091189%
  step 0/295: loss=0.680170 (1452ms)
  step 1/295: loss=0.788983 (1439ms)
  step 2/295: loss=0.633494 (1421ms)
  step 100/295: loss=0.676520 (1421ms)
  step 200/295: loss=0.724614 (1415ms)
Epoch 31/80: loss=0.648911 lr=0.000691 (429891ms)
  step 0/295: loss=0.630617 (1424ms)
  step 1/295: loss=0.699885 (1428ms)
  step 2/295: loss=0.795915 (1419ms)
  step 100/295: loss=0.647087 (1429ms)
  step 200/295: loss=0.568980 (1442ms)
Epoch 32/80: loss=0.633236 lr=0.000673 (428869ms)
  step 0/295: loss=0.563608 (1430ms)
  step 1/295: loss=0.596864 (1436ms)
  step 2/295: loss=0.562490 (1441ms)
  step 100/295: loss=0.629998 (1455ms)
  step 200/295: loss=0.628933 (1432ms)
Epoch 33/80: loss=0.623480 lr=0.000655 (428899ms)
  step 0/295: loss=0.532897 (1415ms)
  step 1/295: loss=0.635141 (1436ms)
  step 2/295: loss=0.551320 (1409ms)
  step 100/295: loss=0.551551 (1415ms)
  step 200/295: loss=0.631753 (1443ms)
Epoch 34/80: loss=0.613758 lr=0.000636 (429061ms)
  step 0/295: loss=0.560406 (1418ms)
  step 1/295: loss=0.601263 (1425ms)
  step 2/295: loss=0.539376 (1413ms)
  step 100/295: loss=0.579156 (1414ms)
  step 200/295: loss=0.536081 (1392ms)
Epoch 35/80: loss=0.601651 lr=0.000617 (428729ms)
  step 0/295: loss=0.563256 (1438ms)
  step 1/295: loss=0.667803 (1434ms)
  step 2/295: loss=0.562479 (1432ms)
  step 100/295: loss=0.531713 (1434ms)
  step 200/295: loss=0.600423 (1399ms)
Epoch 36/80: loss=0.596535 lr=0.000598 (428547ms)
  step 0/295: loss=0.540087 (1436ms)
  step 1/295: loss=0.542809 (1428ms)
  step 2/295: loss=0.593579 (1419ms)
  step 100/295: loss=0.554198 (1438ms)
  step 200/295: loss=0.553367 (1434ms)
Epoch 37/80: loss=0.591927 lr=0.000578 (429526ms)
  step 0/295: loss=0.594862 (1449ms)
  step 1/295: loss=0.621702 (1449ms)
  step 2/295: loss=0.542570 (1433ms)
  step 100/295: loss=0.528911 (1405ms)
  step 200/295: loss=0.546882 (1402ms)
Epoch 38/80: loss=0.576957 lr=0.000559 (430405ms)
  step 0/295: loss=0.540463 (1410ms)
  step 1/295: loss=0.538493 (1445ms)
  step 2/295: loss=0.528633 (1444ms)
  step 100/295: loss=0.541855 (1458ms)
  step 200/295: loss=0.548615 (1443ms)
Epoch 39/80: loss=0.567278 lr=0.000539 (429289ms)
  step 0/295: loss=0.532447 (1431ms)
  step 1/295: loss=0.541461 (1421ms)
  step 2/295: loss=0.548852 (1421ms)
  step 100/295: loss=0.559609 (1421ms)
  step 200/295: loss=0.563099 (1448ms)
Epoch 40/80: loss=0.565211 lr=0.000520 (429705ms)
  val accuracy (running BN): 3410/3904 = 87.346311%
  step 0/295: loss=0.563539 (1438ms)
  step 1/295: loss=0.526367 (1412ms)
  step 2/295: loss=0.519540 (1427ms)
  step 100/295: loss=0.525178 (1415ms)
  step 200/295: loss=0.566745 (1410ms)
Epoch 41/80: loss=0.548512 lr=0.000500 (429013ms)
  step 0/295: loss=0.523306 (1446ms)
  step 1/295: loss=0.524072 (1432ms)
  step 2/295: loss=0.537413 (1426ms)
  step 100/295: loss=0.582297 (1415ms)
  step 200/295: loss=0.641849 (1412ms)
Epoch 42/80: loss=0.557959 lr=0.000480 (428984ms)
  step 0/295: loss=0.566883 (1412ms)
  step 1/295: loss=0.539480 (1407ms)
  step 2/295: loss=0.537794 (1429ms)
  step 100/295: loss=0.520409 (1388ms)
  step 200/295: loss=0.527155 (1416ms)
Epoch 43/80: loss=0.548212 lr=0.000461 (427392ms)
  step 0/295: loss=0.540264 (1436ms)
  step 1/295: loss=0.520503 (1465ms)
  step 2/295: loss=0.516282 (1429ms)
  step 100/295: loss=0.558448 (1453ms)
  step 200/295: loss=0.517112 (1420ms)
Epoch 44/80: loss=0.552246 lr=0.000441 (429860ms)
  step 0/295: loss=0.515589 (1436ms)
  step 1/295: loss=0.561358 (1406ms)
  step 2/295: loss=0.524028 (1439ms)
  step 100/295: loss=0.522644 (1414ms)
  step 200/295: loss=0.519607 (1422ms)
Epoch 45/80: loss=0.539706 lr=0.000422 (429612ms)
  step 0/295: loss=0.517077 (1407ms)
  step 1/295: loss=0.520247 (1417ms)
  step 2/295: loss=0.520780 (1412ms)
  step 100/295: loss=0.547667 (1421ms)
  step 200/295: loss=0.540721 (1453ms)
Epoch 46/80: loss=0.539555 lr=0.000402 (429354ms)
  step 0/295: loss=0.538164 (1437ms)
  step 1/295: loss=0.588145 (1419ms)
  step 2/295: loss=0.551147 (1427ms)
  step 100/295: loss=0.513974 (1460ms)
  step 200/295: loss=0.520696 (1419ms)
Epoch 47/80: loss=0.535533 lr=0.000383 (429896ms)
  step 0/295: loss=0.541354 (1455ms)
  step 1/295: loss=0.512109 (1446ms)
  step 2/295: loss=0.516952 (1442ms)
  step 100/295: loss=0.532206 (1425ms)
  step 200/295: loss=0.551777 (1456ms)
Epoch 48/80: loss=0.527913 lr=0.000364 (429522ms)
  step 0/295: loss=0.591518 (1437ms)
  step 1/295: loss=0.511631 (1420ms)
  step 2/295: loss=0.518404 (1427ms)
  step 100/295: loss=0.529944 (1422ms)
  step 200/295: loss=0.516242 (1427ms)
Epoch 49/80: loss=0.528148 lr=0.000345 (429521ms)
  step 0/295: loss=0.556737 (1455ms)
  step 1/295: loss=0.531201 (1458ms)
  step 2/295: loss=0.519467 (1465ms)
  step 100/295: loss=0.508663 (1426ms)
  step 200/295: loss=0.511262 (1433ms)
Epoch 50/80: loss=0.530104 lr=0.000327 (429684ms)
  val accuracy (running BN): 3396/3904 = 86.987705%
  step 0/295: loss=0.581120 (1468ms)
  step 1/295: loss=0.518732 (1453ms)
  step 2/295: loss=0.511844 (1447ms)
  step 100/295: loss=0.527318 (1428ms)
  step 200/295: loss=0.558655 (1417ms)
Epoch 51/80: loss=0.524614 lr=0.000309 (429706ms)
  step 0/295: loss=0.510129 (1444ms)
  step 1/295: loss=0.519966 (1444ms)
  step 2/295: loss=0.517706 (1433ms)
  step 100/295: loss=0.506945 (1435ms)
  step 200/295: loss=0.516624 (1450ms)
Epoch 52/80: loss=0.517023 lr=0.000291 (431580ms)
  step 0/295: loss=0.562830 (1432ms)
  step 1/295: loss=0.577378 (1444ms)
  step 2/295: loss=0.510599 (1441ms)
  step 100/295: loss=0.517516 (1452ms)
  step 200/295: loss=0.575322 (1407ms)
Epoch 53/80: loss=0.518074 lr=0.000273 (431132ms)
  step 0/295: loss=0.508595 (1434ms)
  step 1/295: loss=0.546792 (1447ms)
  step 2/295: loss=0.509676 (1446ms)
  step 100/295: loss=0.522978 (1418ms)
  step 200/295: loss=0.520576 (1437ms)
Epoch 54/80: loss=0.518853 lr=0.000256 (430382ms)
  step 0/295: loss=0.512293 (1448ms)
  step 1/295: loss=0.515914 (1459ms)
  step 2/295: loss=0.510511 (1457ms)
  step 100/295: loss=0.516090 (1441ms)
  step 200/295: loss=0.519888 (1413ms)
Epoch 55/80: loss=0.515389 lr=0.000239 (430701ms)
  step 0/295: loss=0.504923 (1436ms)
  step 1/295: loss=0.506824 (1419ms)
  step 2/295: loss=0.505089 (1443ms)
  step 100/295: loss=0.507556 (1424ms)
  step 200/295: loss=0.527869 (1420ms)
Epoch 56/80: loss=0.515045 lr=0.000222 (430003ms)
  step 0/295: loss=0.504074 (1457ms)
  step 1/295: loss=0.511488 (1450ms)
  step 2/295: loss=0.509843 (1446ms)
  step 100/295: loss=0.566965 (1434ms)
  step 200/295: loss=0.506973 (1426ms)
Epoch 57/80: loss=0.515294 lr=0.000206 (430862ms)
  step 0/295: loss=0.508898 (1420ms)
  step 1/295: loss=0.506820 (1436ms)
  step 2/295: loss=0.505960 (1445ms)
  step 100/295: loss=0.521264 (1409ms)
  step 200/295: loss=0.504442 (1420ms)
Epoch 58/80: loss=0.514454 lr=0.000190 (430026ms)
  step 0/295: loss=0.504773 (1433ms)
  step 1/295: loss=0.510287 (1414ms)
  step 2/295: loss=0.509137 (1424ms)
  step 100/295: loss=0.505389 (1439ms)
  step 200/295: loss=0.515922 (1438ms)
Epoch 59/80: loss=0.511843 lr=0.000175 (429981ms)
  step 0/295: loss=0.505380 (1423ms)
  step 1/295: loss=0.555376 (1418ms)
  step 2/295: loss=0.526987 (1424ms)
  step 100/295: loss=0.507317 (1434ms)
  step 200/295: loss=0.508722 (1434ms)
Epoch 60/80: loss=0.509831 lr=0.000161 (430303ms)
  val accuracy (running BN): 3445/3904 = 88.242828%
  step 0/295: loss=0.508503 (1465ms)
  step 1/295: loss=0.504711 (1467ms)
  step 2/295: loss=0.506097 (1437ms)
  step 100/295: loss=0.510941 (1442ms)
  step 200/295: loss=0.504943 (1434ms)
Epoch 61/80: loss=0.509528 lr=0.000146 (430256ms)
  step 0/295: loss=0.504044 (1416ms)
  step 1/295: loss=0.505512 (1416ms)
  step 2/295: loss=0.504703 (1412ms)
  step 100/295: loss=0.508207 (1431ms)
  step 200/295: loss=0.507809 (1421ms)
Epoch 62/80: loss=0.506679 lr=0.000133 (430313ms)
  step 0/295: loss=0.504066 (1410ms)
  step 1/295: loss=0.504187 (1415ms)
  step 2/295: loss=0.504409 (1419ms)
  step 100/295: loss=0.505834 (1423ms)
  step 200/295: loss=0.508212 (1411ms)
Epoch 63/80: loss=0.506097 lr=0.000120 (430216ms)
  step 0/295: loss=0.503992 (1431ms)
  step 1/295: loss=0.531731 (1395ms)
  step 2/295: loss=0.505831 (1423ms)
  step 100/295: loss=0.507583 (1420ms)
  step 200/295: loss=0.504091 (1408ms)
Epoch 64/80: loss=0.506671 lr=0.000107 (430374ms)
  step 0/295: loss=0.503857 (1437ms)
  step 1/295: loss=0.503200 (1443ms)
  step 2/295: loss=0.503262 (1449ms)
  step 100/295: loss=0.505567 (1431ms)
  step 200/295: loss=0.507471 (1408ms)
Epoch 65/80: loss=0.506063 lr=0.000095 (430280ms)
  step 0/295: loss=0.504582 (1400ms)
  step 1/295: loss=0.503549 (1392ms)
  step 2/295: loss=0.502394 (1403ms)
  step 100/295: loss=0.502904 (1434ms)
  step 200/295: loss=0.503604 (1414ms)
Epoch 66/80: loss=0.504855 lr=0.000084 (430062ms)
  step 0/295: loss=0.502549 (1440ms)
  step 1/295: loss=0.504426 (1426ms)
  step 2/295: loss=0.506865 (1448ms)
  step 100/295: loss=0.502686 (1430ms)
  step 200/295: loss=0.504503 (1420ms)
Epoch 67/80: loss=0.504453 lr=0.000074 (431105ms)
  step 0/295: loss=0.505244 (1413ms)
  step 1/295: loss=0.502144 (1414ms)
  step 2/295: loss=0.503235 (1426ms)
  step 100/295: loss=0.503824 (1431ms)
  step 200/295: loss=0.502958 (1421ms)
Epoch 68/80: loss=0.505315 lr=0.000064 (430290ms)
  step 0/295: loss=0.520177 (1421ms)
  step 1/295: loss=0.507015 (1428ms)
  step 2/295: loss=0.503714 (1417ms)
  step 100/295: loss=0.502120 (1444ms)
  step 200/295: loss=0.502632 (1448ms)
Epoch 69/80: loss=0.504553 lr=0.000054 (431175ms)
  step 0/295: loss=0.502085 (1435ms)
  step 1/295: loss=0.501628 (1428ms)
  step 2/295: loss=0.503305 (1433ms)
  step 100/295: loss=0.504316 (1446ms)
  step 200/295: loss=0.502697 (1430ms)
Epoch 70/80: loss=0.504453 lr=0.000046 (430487ms)
  val accuracy (running BN): 3468/3904 = 88.831967%
  step 0/295: loss=0.504853 (1429ms)
  step 1/295: loss=0.502122 (1449ms)
  step 2/295: loss=0.503464 (1443ms)
  step 100/295: loss=0.503028 (1444ms)
  step 200/295: loss=0.502478 (1416ms)
Epoch 71/80: loss=0.504810 lr=0.000038 (429997ms)
  step 0/295: loss=0.502275 (1427ms)
  step 1/295: loss=0.503607 (1424ms)
  step 2/295: loss=0.504426 (1454ms)
  step 100/295: loss=0.503354 (1464ms)
  step 200/295: loss=0.503412 (1421ms)
Epoch 72/80: loss=0.504310 lr=0.000031 (430092ms)
  step 0/295: loss=0.510174 (1440ms)
  step 1/295: loss=0.502225 (1442ms)
  step 2/295: loss=0.503271 (1465ms)
  step 100/295: loss=0.504717 (1424ms)
  step 200/295: loss=0.502069 (1440ms)
Epoch 73/80: loss=0.503786 lr=0.000024 (429235ms)
  step 0/295: loss=0.502464 (1437ms)
  step 1/295: loss=0.503277 (1431ms)
  step 2/295: loss=0.502100 (1420ms)
  step 100/295: loss=0.503197 (1420ms)
  step 200/295: loss=0.503283 (1430ms)
Epoch 74/80: loss=0.503623 lr=0.000019 (429932ms)
  step 0/295: loss=0.503114 (1422ms)
  step 1/295: loss=0.502527 (1430ms)
  step 2/295: loss=0.501649 (1421ms)
  step 100/295: loss=0.501707 (1448ms)
  step 200/295: loss=0.503850 (1429ms)
Epoch 75/80: loss=0.503925 lr=0.000014 (429914ms)
  step 0/295: loss=0.502008 (1432ms)
  step 1/295: loss=0.502602 (1456ms)
  step 2/295: loss=0.502018 (1421ms)
  step 100/295: loss=0.512295 (1433ms)
  step 200/295: loss=0.502938 (1414ms)
Epoch 76/80: loss=0.503336 lr=0.000010 (429361ms)
  step 0/295: loss=0.502593 (1430ms)
  step 1/295: loss=0.502142 (1431ms)
  step 2/295: loss=0.503543 (1418ms)
  step 100/295: loss=0.504397 (1435ms)
  step 200/295: loss=0.502627 (1427ms)
Epoch 77/80: loss=0.503183 lr=0.000006 (429745ms)
  step 0/295: loss=0.501953 (1453ms)
  step 1/295: loss=0.517641 (1424ms)
  step 2/295: loss=0.502286 (1429ms)
  step 100/295: loss=0.501924 (1417ms)
  step 200/295: loss=0.505181 (1430ms)
Epoch 78/80: loss=0.503628 lr=0.000003 (428047ms)
  step 0/295: loss=0.502160 (1407ms)
  step 1/295: loss=0.502482 (1413ms)
  step 2/295: loss=0.502361 (1406ms)
  step 100/295: loss=0.501637 (1413ms)
  step 200/295: loss=0.502422 (1427ms)
Epoch 79/80: loss=0.503887 lr=0.000002 (428194ms)
  step 0/295: loss=0.502456 (1436ms)
  step 1/295: loss=0.501523 (1414ms)
  step 2/295: loss=0.502780 (1418ms)
  step 100/295: loss=0.505918 (1436ms)
  step 200/295: loss=0.507735 (1455ms)
Epoch 80/80: loss=0.503478 lr=0.000000 (429923ms)
  val accuracy (running BN): 3470/3904 = 88.883197%
Saved params + BN stats.
