Ablation: r34-full
  spec: ResNet-34, optimizer: Adam
  lr: 0.001000, cosine: true, wd: 0.000100
  aug: true, label_smooth: 0.100000
ResNet-34-r34-full: 21289802 params
Generating train step MLIR...
  549649 chars
Compiling vmfbs...
  forward compiled
  eval forward compiled
  train step compiled
  session loaded
  train: 9469 images (196608 floats/image)
  21289802 params + m + v (243 MB)
training: 295 batches/epoch, batch=32, Adam, lr=0.001000, cosine warmup=3, label_smooth=0.100000, wd=0.000100
  BN layers: 36, BN stat floats: 17024
  step 0/295: loss=3.581499 (1505ms)
  step 1/295: loss=4.840736 (1534ms)
  step 2/295: loss=2.892358 (1443ms)
  step 100/295: loss=2.215860 (1395ms)
  step 200/295: loss=1.566532 (1383ms)
Epoch 1/80: loss=1.812683 lr=0.000333 (418859ms)
  step 0/295: loss=1.579412 (1386ms)
  step 1/295: loss=1.416196 (1396ms)
  step 2/295: loss=1.136843 (1403ms)
  step 100/295: loss=1.533190 (1413ms)
  step 200/295: loss=1.308549 (1393ms)
Epoch 2/80: loss=1.512727 lr=0.000667 (419989ms)
  step 0/295: loss=1.233691 (1391ms)
  step 1/295: loss=1.758291 (1400ms)
  step 2/295: loss=1.270558 (1380ms)
  step 100/295: loss=1.201028 (1392ms)
  step 200/295: loss=1.196952 (1387ms)
Epoch 3/80: loss=1.393462 lr=0.001000 (419662ms)
  step 0/295: loss=1.336747 (1402ms)
  step 1/295: loss=0.992534 (1395ms)
  step 2/295: loss=1.218045 (1390ms)
  step 100/295: loss=1.311529 (1359ms)
  step 200/295: loss=1.172731 (1397ms)
Epoch 4/80: loss=1.266066 lr=0.001000 (420510ms)
  step 0/295: loss=1.088150 (1399ms)
  step 1/295: loss=1.322619 (1384ms)
  step 2/295: loss=1.155361 (1394ms)
  step 100/295: loss=1.548189 (1395ms)
  step 200/295: loss=1.075141 (1386ms)
Epoch 5/80: loss=1.180034 lr=0.001000 (419740ms)
  step 0/295: loss=1.117389 (1387ms)
  step 1/295: loss=0.997030 (1382ms)
  step 2/295: loss=1.010600 (1377ms)
  step 100/295: loss=1.217677 (1406ms)
  step 200/295: loss=1.174460 (1388ms)
Epoch 6/80: loss=1.118000 lr=0.000998 (418919ms)
  step 0/295: loss=1.013851 (1398ms)
  step 1/295: loss=1.099757 (1402ms)
  step 2/295: loss=1.063534 (1393ms)
  step 100/295: loss=1.129100 (1375ms)
  step 200/295: loss=1.015124 (1427ms)
Epoch 7/80: loss=1.083919 lr=0.000996 (420287ms)
  step 0/295: loss=0.989828 (1399ms)
  step 1/295: loss=1.224578 (1410ms)
  step 2/295: loss=1.244712 (1373ms)
  step 100/295: loss=1.039014 (1394ms)
  step 200/295: loss=1.083543 (1394ms)
Epoch 8/80: loss=1.046569 lr=0.000993 (420675ms)
  step 0/295: loss=1.153549 (1412ms)
  step 1/295: loss=0.945737 (1399ms)
  step 2/295: loss=1.212983 (1373ms)
  step 100/295: loss=0.745184 (1371ms)
  step 200/295: loss=1.072515 (1397ms)
Epoch 9/80: loss=1.014544 lr=0.000990 (420043ms)
  step 0/295: loss=0.956909 (1384ms)
  step 1/295: loss=0.956990 (1382ms)
  step 2/295: loss=0.891102 (1409ms)
  step 100/295: loss=1.107090 (1421ms)
  step 200/295: loss=0.926939 (1409ms)
Epoch 10/80: loss=0.992648 lr=0.000985 (419475ms)
  val accuracy (running BN): 2957/3904 = 75.742828%
  step 0/295: loss=0.933174 (1416ms)
  step 1/295: loss=0.917994 (1424ms)
  step 2/295: loss=0.892593 (1417ms)
  step 100/295: loss=1.280877 (1376ms)
  step 200/295: loss=0.848400 (1428ms)
Epoch 11/80: loss=0.969945 lr=0.000980 (420214ms)
  step 0/295: loss=1.055158 (1417ms)
  step 1/295: loss=0.746130 (1410ms)
  step 2/295: loss=0.826172 (1403ms)
  step 100/295: loss=0.869388 (1392ms)
  step 200/295: loss=0.777239 (1388ms)
Epoch 12/80: loss=0.933652 lr=0.000974 (420981ms)
  step 0/295: loss=1.123892 (1404ms)
  step 1/295: loss=0.928961 (1415ms)
  step 2/295: loss=1.017023 (1385ms)
  step 100/295: loss=0.927719 (1424ms)
  step 200/295: loss=0.973046 (1386ms)
Epoch 13/80: loss=0.910196 lr=0.000967 (420245ms)
  step 0/295: loss=0.779780 (1382ms)
  step 1/295: loss=0.849171 (1391ms)
  step 2/295: loss=0.938545 (1388ms)
  step 100/295: loss=0.836451 (1399ms)
  step 200/295: loss=0.838528 (1381ms)
Epoch 14/80: loss=0.894008 lr=0.000959 (420378ms)
  step 0/295: loss=0.883484 (1381ms)
  step 1/295: loss=0.941875 (1392ms)
  step 2/295: loss=0.757225 (1390ms)
  step 100/295: loss=0.855569 (1404ms)
  step 200/295: loss=0.694265 (1411ms)
Epoch 15/80: loss=0.868668 lr=0.000950 (420553ms)
  step 0/295: loss=0.926647 (1389ms)
  step 1/295: loss=0.908538 (1397ms)
  step 2/295: loss=0.746006 (1403ms)
  step 100/295: loss=0.800214 (1419ms)
  step 200/295: loss=0.717006 (1401ms)
Epoch 16/80: loss=0.847076 lr=0.000941 (420944ms)
  step 0/295: loss=0.749029 (1414ms)
  step 1/295: loss=0.938264 (1393ms)
  step 2/295: loss=0.858710 (1404ms)
  step 100/295: loss=0.671308 (1415ms)
  step 200/295: loss=0.910009 (1386ms)
Epoch 17/80: loss=0.843553 lr=0.000931 (420452ms)
  step 0/295: loss=0.683322 (1394ms)
  step 1/295: loss=0.687044 (1409ms)
  step 2/295: loss=0.815352 (1405ms)
  step 100/295: loss=0.795264 (1383ms)
  step 200/295: loss=0.755771 (1430ms)
Epoch 18/80: loss=0.811059 lr=0.000921 (421442ms)
  step 0/295: loss=0.712881 (1395ms)
  step 1/295: loss=0.641255 (1402ms)
  step 2/295: loss=0.890933 (1379ms)
  step 100/295: loss=0.691280 (1440ms)
  step 200/295: loss=0.823341 (1391ms)
Epoch 19/80: loss=0.788185 lr=0.000909 (420391ms)
  step 0/295: loss=0.799261 (1427ms)
  step 1/295: loss=0.824407 (1403ms)
  step 2/295: loss=0.857087 (1419ms)
  step 100/295: loss=0.748023 (1356ms)
  step 200/295: loss=0.762226 (1382ms)
Epoch 20/80: loss=0.770738 lr=0.000897 (419814ms)
  val accuracy (running BN): 3201/3904 = 81.992828%
  step 0/295: loss=0.677169 (1414ms)
  step 1/295: loss=0.678239 (1412ms)
  step 2/295: loss=0.705723 (1401ms)
  step 100/295: loss=0.666742 (1407ms)
  step 200/295: loss=0.646497 (1422ms)
Epoch 21/80: loss=0.762730 lr=0.000884 (420602ms)
  step 0/295: loss=0.617720 (1389ms)
  step 1/295: loss=0.790664 (1391ms)
  step 2/295: loss=0.797809 (1385ms)
  step 100/295: loss=0.859245 (1406ms)
  step 200/295: loss=0.855203 (1405ms)
Epoch 22/80: loss=0.742804 lr=0.000871 (421018ms)
  step 0/295: loss=0.842670 (1399ms)
  step 1/295: loss=0.649931 (1399ms)
  step 2/295: loss=0.732157 (1392ms)
  step 100/295: loss=0.757985 (1435ms)
  step 200/295: loss=0.776469 (1431ms)
Epoch 23/80: loss=0.731567 lr=0.000857 (420530ms)
  step 0/295: loss=0.925002 (1391ms)
  step 1/295: loss=0.738062 (1394ms)
  step 2/295: loss=0.704858 (1421ms)
  step 100/295: loss=0.719943 (1395ms)
  step 200/295: loss=0.758394 (1390ms)
Epoch 24/80: loss=0.714618 lr=0.000843 (421659ms)
  step 0/295: loss=0.606662 (1389ms)
  step 1/295: loss=0.675430 (1377ms)
  step 2/295: loss=0.693289 (1386ms)
  step 100/295: loss=0.655337 (1381ms)
  step 200/295: loss=0.785872 (1398ms)
Epoch 25/80: loss=0.699382 lr=0.000827 (419847ms)
  step 0/295: loss=0.729727 (1400ms)
  step 1/295: loss=0.597700 (1397ms)
  step 2/295: loss=0.649084 (1390ms)
  step 100/295: loss=0.619961 (1390ms)
  step 200/295: loss=0.845203 (1407ms)
Epoch 26/80: loss=0.675723 lr=0.000812 (420614ms)
  step 0/295: loss=0.675814 (1416ms)
  step 1/295: loss=0.711811 (1399ms)
  step 2/295: loss=0.633870 (1396ms)
  step 100/295: loss=0.578774 (1419ms)
  step 200/295: loss=0.665504 (1424ms)
Epoch 27/80: loss=0.679047 lr=0.000796 (420608ms)
  step 0/295: loss=0.584119 (1396ms)
  step 1/295: loss=0.592072 (1399ms)
  step 2/295: loss=0.621315 (1410ms)
  step 100/295: loss=0.681758 (1388ms)
  step 200/295: loss=0.709596 (1416ms)
Epoch 28/80: loss=0.653019 lr=0.000779 (420957ms)
  step 0/295: loss=0.607340 (1396ms)
  step 1/295: loss=0.603591 (1402ms)
  step 2/295: loss=0.560185 (1413ms)
  step 100/295: loss=0.595809 (1387ms)
  step 200/295: loss=0.559783 (1404ms)
Epoch 29/80: loss=0.652634 lr=0.000762 (421699ms)
  step 0/295: loss=0.623912 (1390ms)
  step 1/295: loss=0.645789 (1380ms)
  step 2/295: loss=0.798058 (1374ms)
  step 100/295: loss=0.585797 (1408ms)
  step 200/295: loss=0.661988 (1388ms)
Epoch 30/80: loss=0.648033 lr=0.000744 (420636ms)
  val accuracy (running BN): 3428/3904 = 87.807377%
  step 0/295: loss=0.689762 (1410ms)
  step 1/295: loss=0.863495 (1385ms)
  step 2/295: loss=0.633534 (1384ms)
  step 100/295: loss=0.648060 (1389ms)
  step 200/295: loss=0.613134 (1394ms)
Epoch 31/80: loss=0.627129 lr=0.000726 (419943ms)
  step 0/295: loss=0.551023 (1379ms)
  step 1/295: loss=0.590770 (1385ms)
  step 2/295: loss=0.709570 (1369ms)
  step 100/295: loss=0.551504 (1395ms)
  step 200/295: loss=0.577478 (1420ms)
Epoch 32/80: loss=0.615955 lr=0.000708 (420938ms)
  step 0/295: loss=0.582431 (1398ms)
  step 1/295: loss=0.572907 (1394ms)
  step 2/295: loss=0.580926 (1386ms)
  step 100/295: loss=0.590355 (1386ms)
  step 200/295: loss=0.634633 (1393ms)
Epoch 33/80: loss=0.605774 lr=0.000689 (420187ms)
  step 0/295: loss=0.552909 (1413ms)
  step 1/295: loss=0.642286 (1408ms)
  step 2/295: loss=0.619289 (1417ms)
  step 100/295: loss=0.627707 (1388ms)
  step 200/295: loss=0.607347 (1383ms)
Epoch 34/80: loss=0.593340 lr=0.000670 (420537ms)
  step 0/295: loss=0.556022 (1414ms)
  step 1/295: loss=0.572110 (1405ms)
  step 2/295: loss=0.535010 (1388ms)
  step 100/295: loss=0.569019 (1411ms)
  step 200/295: loss=0.545914 (1377ms)
Epoch 35/80: loss=0.593126 lr=0.000651 (421691ms)
  step 0/295: loss=0.574194 (1389ms)
  step 1/295: loss=0.568767 (1362ms)
  step 2/295: loss=0.566521 (1399ms)
  step 100/295: loss=0.593028 (1415ms)
  step 200/295: loss=0.589518 (1409ms)
Epoch 36/80: loss=0.589402 lr=0.000631 (420967ms)
  step 0/295: loss=0.544139 (1404ms)
  step 1/295: loss=0.548498 (1393ms)
  step 2/295: loss=0.540274 (1394ms)
  step 100/295: loss=0.575925 (1409ms)
  step 200/295: loss=0.602579 (1390ms)
Epoch 37/80: loss=0.574909 lr=0.000611 (421066ms)
  step 0/295: loss=0.530662 (1390ms)
  step 1/295: loss=0.567801 (1380ms)
  step 2/295: loss=0.519066 (1397ms)
  step 100/295: loss=0.529893 (1395ms)
  step 200/295: loss=0.536032 (1410ms)
Epoch 38/80: loss=0.570269 lr=0.000591 (420823ms)
  step 0/295: loss=0.550042 (1379ms)
  step 1/295: loss=0.581957 (1390ms)
  step 2/295: loss=0.525163 (1416ms)
  step 100/295: loss=0.547377 (1384ms)
  step 200/295: loss=0.612333 (1388ms)
Epoch 39/80: loss=0.559534 lr=0.000571 (420657ms)
  step 0/295: loss=0.561286 (1396ms)
  step 1/295: loss=0.518174 (1381ms)
  step 2/295: loss=0.545499 (1387ms)
  step 100/295: loss=0.539612 (1392ms)
  step 200/295: loss=0.541872 (1392ms)
Epoch 40/80: loss=0.549213 lr=0.000551 (420919ms)
  val accuracy (running BN): 3398/3904 = 87.038934%
  step 0/295: loss=0.567205 (1382ms)
  step 1/295: loss=0.526049 (1410ms)
  step 2/295: loss=0.569650 (1413ms)
  step 100/295: loss=0.520217 (1429ms)
  step 200/295: loss=0.534576 (1399ms)
Epoch 41/80: loss=0.552598 lr=0.000531 (420072ms)
  step 0/295: loss=0.516405 (1430ms)
  step 1/295: loss=0.516928 (1419ms)
  step 2/295: loss=0.535142 (1394ms)
  step 100/295: loss=0.520073 (1409ms)
  step 200/295: loss=0.526682 (1399ms)
Epoch 42/80: loss=0.553387 lr=0.000510 (420432ms)
  step 0/295: loss=0.616700 (1389ms)
  step 1/295: loss=0.556113 (1390ms)
  step 2/295: loss=0.643119 (1395ms)
  step 100/295: loss=0.586483 (1420ms)
  step 200/295: loss=0.547554 (1417ms)
Epoch 43/80: loss=0.550700 lr=0.000490 (420766ms)
  step 0/295: loss=0.524718 (1377ms)
  step 1/295: loss=0.540851 (1382ms)
  step 2/295: loss=0.526694 (1374ms)
  step 100/295: loss=0.536118 (1386ms)
  step 200/295: loss=0.520993 (1385ms)
Epoch 44/80: loss=0.543194 lr=0.000469 (419664ms)
  step 0/295: loss=0.519381 (1379ms)
  step 1/295: loss=0.518952 (1368ms)
  step 2/295: loss=0.524740 (1406ms)
  step 100/295: loss=0.533827 (1398ms)
  step 200/295: loss=0.544468 (1410ms)
Epoch 45/80: loss=0.535240 lr=0.000449 (419684ms)
  step 0/295: loss=0.545989 (1376ms)
  step 1/295: loss=0.540353 (1394ms)
  step 2/295: loss=0.527467 (1394ms)
  step 100/295: loss=0.518299 (1397ms)
  step 200/295: loss=0.624454 (1419ms)
Epoch 46/80: loss=0.533729 lr=0.000429 (421682ms)
  step 0/295: loss=0.517238 (1401ms)
  step 1/295: loss=0.527346 (1401ms)
  step 2/295: loss=0.519815 (1413ms)
  step 100/295: loss=0.528943 (1388ms)
  step 200/295: loss=0.509164 (1399ms)
Epoch 47/80: loss=0.523783 lr=0.000409 (420299ms)
  step 0/295: loss=0.555213 (1397ms)
  step 1/295: loss=0.515684 (1414ms)
  step 2/295: loss=0.511451 (1414ms)
  step 100/295: loss=0.521629 (1393ms)
  step 200/295: loss=0.543181 (1385ms)
Epoch 48/80: loss=0.527177 lr=0.000389 (420886ms)
  step 0/295: loss=0.607088 (1387ms)
  step 1/295: loss=0.520782 (1386ms)
  step 2/295: loss=0.527675 (1397ms)
  step 100/295: loss=0.539034 (1367ms)
  step 200/295: loss=0.518593 (1370ms)
Epoch 49/80: loss=0.524282 lr=0.000369 (420651ms)
  step 0/295: loss=0.512265 (1431ms)
  step 1/295: loss=0.512587 (1422ms)
  step 2/295: loss=0.528980 (1423ms)
  step 100/295: loss=0.510180 (1410ms)
  step 200/295: loss=0.512565 (1378ms)
Epoch 50/80: loss=0.520710 lr=0.000349 (421749ms)
  val accuracy (running BN): 3472/3904 = 88.934426%
  step 0/295: loss=0.517875 (1398ms)
  step 1/295: loss=0.510222 (1391ms)
  step 2/295: loss=0.510992 (1401ms)
  step 100/295: loss=0.603299 (1394ms)
  step 200/295: loss=0.529651 (1430ms)
Epoch 51/80: loss=0.522634 lr=0.000330 (421072ms)
  step 0/295: loss=0.511039 (1431ms)
  step 1/295: loss=0.518825 (1417ms)
  step 2/295: loss=0.516441 (1415ms)
  step 100/295: loss=0.517245 (1429ms)
  step 200/295: loss=0.509820 (1432ms)
Epoch 52/80: loss=0.515356 lr=0.000311 (420649ms)
  step 0/295: loss=0.509884 (1377ms)
  step 1/295: loss=0.508133 (1381ms)
  step 2/295: loss=0.506961 (1394ms)
  step 100/295: loss=0.560267 (1416ms)
  step 200/295: loss=0.567262 (1394ms)
Epoch 53/80: loss=0.516847 lr=0.000292 (420525ms)
  step 0/295: loss=0.509284 (1420ms)
  step 1/295: loss=0.517660 (1412ms)
  step 2/295: loss=0.512364 (1391ms)
  step 100/295: loss=0.517225 (1421ms)
  step 200/295: loss=0.513025 (1386ms)
Epoch 54/80: loss=0.514304 lr=0.000274 (419908ms)
  step 0/295: loss=0.506089 (1401ms)
  step 1/295: loss=0.521858 (1393ms)
  step 2/295: loss=0.509065 (1389ms)
  step 100/295: loss=0.508282 (1407ms)
  step 200/295: loss=0.510804 (1421ms)
Epoch 55/80: loss=0.512700 lr=0.000256 (421432ms)
  step 0/295: loss=0.505990 (1385ms)
  step 1/295: loss=0.509816 (1407ms)
  step 2/295: loss=0.507233 (1397ms)
  step 100/295: loss=0.506990 (1403ms)
  step 200/295: loss=0.513862 (1388ms)
Epoch 56/80: loss=0.512640 lr=0.000238 (420676ms)
  step 0/295: loss=0.504082 (1393ms)
  step 1/295: loss=0.508629 (1389ms)
  step 2/295: loss=0.505670 (1386ms)
  step 100/295: loss=0.562705 (1402ms)
  step 200/295: loss=0.506494 (1404ms)
Epoch 57/80: loss=0.511720 lr=0.000221 (421207ms)
  step 0/295: loss=0.509305 (1398ms)
  step 1/295: loss=0.507052 (1378ms)
  step 2/295: loss=0.508029 (1381ms)
  step 100/295: loss=0.508852 (1384ms)
  step 200/295: loss=0.504335 (1402ms)
Epoch 58/80: loss=0.510705 lr=0.000204 (420643ms)
  step 0/295: loss=0.508510 (1424ms)
  step 1/295: loss=0.505695 (1415ms)
  step 2/295: loss=0.507573 (1388ms)
  step 100/295: loss=0.511966 (1393ms)
  step 200/295: loss=0.515601 (1404ms)
Epoch 59/80: loss=0.511159 lr=0.000188 (421191ms)
  step 0/295: loss=0.503173 (1409ms)
  step 1/295: loss=0.507299 (1407ms)
  step 2/295: loss=0.527327 (1403ms)
  step 100/295: loss=0.506522 (1386ms)
  step 200/295: loss=0.505977 (1416ms)
Epoch 60/80: loss=0.510082 lr=0.000173 (421048ms)
  val accuracy (running BN): 3519/3904 = 90.138320%
  step 0/295: loss=0.511625 (1421ms)
  step 1/295: loss=0.504741 (1429ms)
  step 2/295: loss=0.504031 (1420ms)
  step 100/295: loss=0.503283 (1386ms)
  step 200/295: loss=0.511180 (1414ms)
Epoch 61/80: loss=0.509468 lr=0.000157 (421206ms)
  step 0/295: loss=0.505941 (1411ms)
  step 1/295: loss=0.503947 (1417ms)
  step 2/295: loss=0.504223 (1409ms)
  step 100/295: loss=0.506090 (1405ms)
  step 200/295: loss=0.506321 (1401ms)
Epoch 62/80: loss=0.506829 lr=0.000143 (421117ms)
  step 0/295: loss=0.503613 (1385ms)
  step 1/295: loss=0.503471 (1384ms)
  step 2/295: loss=0.506186 (1382ms)
  step 100/295: loss=0.508875 (1392ms)
  step 200/295: loss=0.503315 (1398ms)
Epoch 63/80: loss=0.506530 lr=0.000129 (420436ms)
  step 0/295: loss=0.502647 (1390ms)
  step 1/295: loss=0.513128 (1422ms)
  step 2/295: loss=0.504027 (1424ms)
  step 100/295: loss=0.504686 (1380ms)
  step 200/295: loss=0.505185 (1413ms)
Epoch 64/80: loss=0.504694 lr=0.000116 (421015ms)
  step 0/295: loss=0.502968 (1389ms)
  step 1/295: loss=0.507300 (1416ms)
  step 2/295: loss=0.507395 (1398ms)
  step 100/295: loss=0.503868 (1422ms)
  step 200/295: loss=0.502614 (1396ms)
Epoch 65/80: loss=0.504260 lr=0.000103 (419981ms)
  step 0/295: loss=0.503991 (1412ms)
  step 1/295: loss=0.504651 (1419ms)
  step 2/295: loss=0.503797 (1394ms)
  step 100/295: loss=0.504714 (1392ms)
  step 200/295: loss=0.503139 (1375ms)
Epoch 66/80: loss=0.504141 lr=0.000091 (420565ms)
  step 0/295: loss=0.503150 (1420ms)
  step 1/295: loss=0.502925 (1445ms)
  step 2/295: loss=0.502648 (1407ms)
  step 100/295: loss=0.502663 (1409ms)
  step 200/295: loss=0.502373 (1411ms)
Epoch 67/80: loss=0.504054 lr=0.000079 (421429ms)
  step 0/295: loss=0.503918 (1419ms)
  step 1/295: loss=0.503784 (1418ms)
  step 2/295: loss=0.502877 (1432ms)
  step 100/295: loss=0.502699 (1377ms)
  step 200/295: loss=0.504395 (1400ms)
Epoch 68/80: loss=0.503964 lr=0.000069 (421512ms)
  step 0/295: loss=0.503191 (1420ms)
  step 1/295: loss=0.501934 (1414ms)
  step 2/295: loss=0.502901 (1419ms)
  step 100/295: loss=0.502048 (1387ms)
  step 200/295: loss=0.501835 (1410ms)
Epoch 69/80: loss=0.503139 lr=0.000059 (421704ms)
  step 0/295: loss=0.502981 (1400ms)
  step 1/295: loss=0.501973 (1386ms)
  step 2/295: loss=0.502407 (1392ms)
  step 100/295: loss=0.503030 (1390ms)
  step 200/295: loss=0.502226 (1394ms)
Epoch 70/80: loss=0.503087 lr=0.000050 (420819ms)
  val accuracy (running BN): 3521/3904 = 90.189549%
  step 0/295: loss=0.502033 (1406ms)
  step 1/295: loss=0.501601 (1386ms)
  step 2/295: loss=0.502690 (1424ms)
  step 100/295: loss=0.506464 (1388ms)
  step 200/295: loss=0.503503 (1424ms)
Epoch 71/80: loss=0.502951 lr=0.000041 (421695ms)
  step 0/295: loss=0.501662 (1396ms)
  step 1/295: loss=0.501932 (1388ms)
  step 2/295: loss=0.502687 (1399ms)
  step 100/295: loss=0.504653 (1418ms)
  step 200/295: loss=0.502600 (1414ms)
Epoch 72/80: loss=0.503218 lr=0.000033 (420810ms)
  step 0/295: loss=0.503329 (1401ms)
  step 1/295: loss=0.502451 (1393ms)
  step 2/295: loss=0.502305 (1380ms)
  step 100/295: loss=0.509389 (1399ms)
  step 200/295: loss=0.501887 (1401ms)
Epoch 73/80: loss=0.503228 lr=0.000026 (421438ms)
  step 0/295: loss=0.501757 (1390ms)
  step 1/295: loss=0.502401 (1399ms)
  step 2/295: loss=0.501565 (1390ms)
  step 100/295: loss=0.501922 (1391ms)
  step 200/295: loss=0.502448 (1426ms)
Epoch 74/80: loss=0.503075 lr=0.000020 (420661ms)
  step 0/295: loss=0.502926 (1381ms)
  step 1/295: loss=0.501627 (1392ms)
  step 2/295: loss=0.501561 (1402ms)
  step 100/295: loss=0.502040 (1390ms)
  step 200/295: loss=0.502578 (1391ms)
Epoch 75/80: loss=0.502856 lr=0.000015 (421165ms)
  step 0/295: loss=0.501911 (1427ms)
  step 1/295: loss=0.503897 (1410ms)
  step 2/295: loss=0.504035 (1405ms)
  step 100/295: loss=0.502451 (1406ms)
  step 200/295: loss=0.501580 (1404ms)
Epoch 76/80: loss=0.502432 lr=0.000010 (420746ms)
  step 0/295: loss=0.501947 (1415ms)
  step 1/295: loss=0.502466 (1411ms)
  step 2/295: loss=0.502290 (1406ms)
  step 100/295: loss=0.515960 (1386ms)
  step 200/295: loss=0.501686 (1401ms)
Epoch 77/80: loss=0.502578 lr=0.000007 (419783ms)
  step 0/295: loss=0.501608 (1379ms)
  step 1/295: loss=0.503034 (1387ms)
  step 2/295: loss=0.502283 (1374ms)
  step 100/295: loss=0.501385 (1408ms)
  step 200/295: loss=0.502021 (1429ms)
Epoch 78/80: loss=0.502628 lr=0.000004 (421238ms)
  step 0/295: loss=0.501362 (1381ms)
  step 1/295: loss=0.502225 (1375ms)
  step 2/295: loss=0.501427 (1395ms)
  step 100/295: loss=0.501613 (1412ms)
  step 200/295: loss=0.501681 (1394ms)
Epoch 79/80: loss=0.502615 lr=0.000002 (421126ms)
  step 0/295: loss=0.502396 (1402ms)
  step 1/295: loss=0.501486 (1413ms)
  step 2/295: loss=0.503663 (1381ms)
  step 100/295: loss=0.501739 (1390ms)
  step 200/295: loss=0.503939 (1396ms)
Epoch 80/80: loss=0.502586 lr=0.000000 (419948ms)
  val accuracy (running BN): 3525/3904 = 90.292008%
Saved params + BN stats.
