Ablation: r34-no-wd
  spec: ResNet-34, optimizer: Adam
  lr: 0.001000, cosine: true, wd: 0.000000
  aug: true, label_smooth: 0.100000
ResNet-34-r34-no-wd: 21289802 params
Generating train step MLIR...
  537335 chars
Compiling vmfbs...
  forward compiled
  eval forward compiled
  train step compiled
  session loaded
  train: 9469 images (196608 floats/image)
  21289802 params + m + v (243 MB)
training: 295 batches/epoch, batch=32, Adam, lr=0.001000, cosine warmup=3, label_smooth=0.100000, wd=0.000000
  BN layers: 36, BN stat floats: 17024
  step 0/295: loss=3.581499 (1572ms)
  step 1/295: loss=4.840735 (1549ms)
  step 2/295: loss=2.891907 (1459ms)
  step 100/295: loss=2.227420 (1379ms)
  step 200/295: loss=1.587262 (1395ms)
Epoch 1/80: loss=1.840069 lr=0.000333 (422129ms)
  step 0/295: loss=1.616068 (1420ms)
  step 1/295: loss=1.473712 (1388ms)
  step 2/295: loss=1.139723 (1400ms)
  step 100/295: loss=1.567219 (1398ms)
  step 200/295: loss=1.299030 (1387ms)
Epoch 2/80: loss=1.528383 lr=0.000667 (421450ms)
  step 0/295: loss=1.350808 (1391ms)
  step 1/295: loss=1.805357 (1406ms)
  step 2/295: loss=1.448343 (1423ms)
  step 100/295: loss=1.357892 (1406ms)
  step 200/295: loss=1.093308 (1413ms)
Epoch 3/80: loss=1.398258 lr=0.001000 (420890ms)
  step 0/295: loss=1.324008 (1390ms)
  step 1/295: loss=1.028462 (1403ms)
  step 2/295: loss=1.220368 (1428ms)
  step 100/295: loss=1.408799 (1393ms)
  step 200/295: loss=1.291831 (1402ms)
Epoch 4/80: loss=1.265828 lr=0.001000 (420964ms)
  step 0/295: loss=1.127615 (1382ms)
  step 1/295: loss=1.337621 (1415ms)
  step 2/295: loss=1.131841 (1405ms)
  step 100/295: loss=1.538129 (1413ms)
  step 200/295: loss=1.093181 (1390ms)
Epoch 5/80: loss=1.187526 lr=0.001000 (420405ms)
  step 0/295: loss=1.095247 (1381ms)
  step 1/295: loss=1.037418 (1393ms)
  step 2/295: loss=0.994854 (1393ms)
  step 100/295: loss=1.225799 (1390ms)
  step 200/295: loss=1.300597 (1419ms)
Epoch 6/80: loss=1.118684 lr=0.000998 (420812ms)
  step 0/295: loss=1.008951 (1412ms)
  step 1/295: loss=1.188468 (1403ms)
  step 2/295: loss=1.030524 (1412ms)
  step 100/295: loss=1.169171 (1390ms)
  step 200/295: loss=1.033481 (1401ms)
Epoch 7/80: loss=1.081900 lr=0.000996 (419768ms)
  step 0/295: loss=0.915179 (1389ms)
  step 1/295: loss=1.196760 (1407ms)
  step 2/295: loss=1.211360 (1427ms)
  step 100/295: loss=1.075967 (1404ms)
  step 200/295: loss=1.109805 (1378ms)
Epoch 8/80: loss=1.059733 lr=0.000993 (420007ms)
  step 0/295: loss=1.024165 (1392ms)
  step 1/295: loss=1.011590 (1383ms)
  step 2/295: loss=1.242485 (1399ms)
  step 100/295: loss=0.897362 (1422ms)
  step 200/295: loss=1.117101 (1403ms)
Epoch 9/80: loss=1.022648 lr=0.000990 (420709ms)
  step 0/295: loss=1.019675 (1410ms)
  step 1/295: loss=0.875322 (1438ms)
  step 2/295: loss=0.940943 (1437ms)
  step 100/295: loss=1.098002 (1381ms)
  step 200/295: loss=0.886851 (1407ms)
Epoch 10/80: loss=0.994733 lr=0.000985 (420284ms)
  val accuracy (running BN): 2722/3904 = 69.723361%
  step 0/295: loss=1.010780 (1380ms)
  step 1/295: loss=0.907227 (1412ms)
  step 2/295: loss=0.872952 (1398ms)
  step 100/295: loss=1.333163 (1419ms)
  step 200/295: loss=0.895896 (1415ms)
Epoch 11/80: loss=0.968702 lr=0.000980 (420403ms)
  step 0/295: loss=0.924343 (1385ms)
  step 1/295: loss=0.756915 (1376ms)
  step 2/295: loss=0.815612 (1401ms)
  step 100/295: loss=0.828076 (1390ms)
  step 200/295: loss=0.879893 (1390ms)
Epoch 12/80: loss=0.937961 lr=0.000974 (421423ms)
  step 0/295: loss=1.160960 (1376ms)
  step 1/295: loss=0.945091 (1380ms)
  step 2/295: loss=0.998376 (1388ms)
  step 100/295: loss=0.907788 (1400ms)
  step 200/295: loss=1.050230 (1387ms)
Epoch 13/80: loss=0.914294 lr=0.000967 (421111ms)
  step 0/295: loss=0.796165 (1405ms)
  step 1/295: loss=0.846040 (1427ms)
  step 2/295: loss=0.829629 (1406ms)
  step 100/295: loss=0.876194 (1414ms)
  step 200/295: loss=0.814155 (1418ms)
Epoch 14/80: loss=0.906122 lr=0.000959 (420444ms)
  step 0/295: loss=0.873349 (1383ms)
  step 1/295: loss=0.991894 (1399ms)
  step 2/295: loss=0.727183 (1392ms)
  step 100/295: loss=0.916430 (1391ms)
  step 200/295: loss=0.697573 (1402ms)
Epoch 15/80: loss=0.872575 lr=0.000950 (419298ms)
  step 0/295: loss=0.912562 (1372ms)
  step 1/295: loss=0.862847 (1383ms)
  step 2/295: loss=0.692822 (1371ms)
  step 100/295: loss=0.784108 (1409ms)
  step 200/295: loss=0.684979 (1394ms)
Epoch 16/80: loss=0.854721 lr=0.000941 (419811ms)
  step 0/295: loss=0.765912 (1387ms)
  step 1/295: loss=0.881946 (1398ms)
  step 2/295: loss=0.823351 (1425ms)
  step 100/295: loss=0.661841 (1419ms)
  step 200/295: loss=0.836248 (1377ms)
Epoch 17/80: loss=0.846982 lr=0.000931 (419827ms)
  step 0/295: loss=0.808571 (1384ms)
  step 1/295: loss=0.740230 (1388ms)
  step 2/295: loss=0.894608 (1397ms)
  step 100/295: loss=0.835347 (1375ms)
  step 200/295: loss=0.755086 (1399ms)
Epoch 18/80: loss=0.817780 lr=0.000921 (420449ms)
  step 0/295: loss=0.763030 (1406ms)
  step 1/295: loss=0.654875 (1394ms)
  step 2/295: loss=0.919691 (1393ms)
  step 100/295: loss=0.680252 (1410ms)
  step 200/295: loss=0.802336 (1395ms)
Epoch 19/80: loss=0.801594 lr=0.000909 (419999ms)
  step 0/295: loss=0.795007 (1447ms)
  step 1/295: loss=0.768873 (1423ms)
  step 2/295: loss=0.853973 (1409ms)
  step 100/295: loss=0.784318 (1409ms)
  step 200/295: loss=0.601926 (1386ms)
Epoch 20/80: loss=0.780168 lr=0.000897 (421766ms)
  val accuracy (running BN): 3112/3904 = 79.713115%
  step 0/295: loss=0.756443 (1400ms)
  step 1/295: loss=0.693302 (1382ms)
  step 2/295: loss=0.660685 (1396ms)
  step 100/295: loss=0.618229 (1390ms)
  step 200/295: loss=0.656286 (1413ms)
Epoch 21/80: loss=0.767894 lr=0.000884 (420112ms)
  step 0/295: loss=0.774505 (1406ms)
  step 1/295: loss=0.828923 (1402ms)
  step 2/295: loss=0.764985 (1401ms)
  step 100/295: loss=0.921127 (1414ms)
  step 200/295: loss=0.883509 (1402ms)
Epoch 22/80: loss=0.761365 lr=0.000871 (420209ms)
  step 0/295: loss=0.838304 (1374ms)
  step 1/295: loss=0.614929 (1363ms)
  step 2/295: loss=0.670135 (1381ms)
  step 100/295: loss=0.721538 (1406ms)
  step 200/295: loss=0.858320 (1418ms)
Epoch 23/80: loss=0.736705 lr=0.000857 (419956ms)
  step 0/295: loss=0.863097 (1410ms)
  step 1/295: loss=0.729819 (1383ms)
  step 2/295: loss=0.662144 (1389ms)
  step 100/295: loss=0.679235 (1383ms)
  step 200/295: loss=0.802648 (1390ms)
Epoch 24/80: loss=0.712286 lr=0.000843 (420461ms)
  step 0/295: loss=0.632156 (1378ms)
  step 1/295: loss=0.690769 (1404ms)
  step 2/295: loss=0.674414 (1420ms)
  step 100/295: loss=0.620296 (1395ms)
  step 200/295: loss=0.738171 (1407ms)
Epoch 25/80: loss=0.710761 lr=0.000827 (419698ms)
  step 0/295: loss=0.734953 (1389ms)
  step 1/295: loss=0.666380 (1385ms)
  step 2/295: loss=0.761454 (1394ms)
  step 100/295: loss=0.621589 (1412ms)
  step 200/295: loss=0.761487 (1374ms)
Epoch 26/80: loss=0.681733 lr=0.000812 (420529ms)
  step 0/295: loss=0.640911 (1429ms)
  step 1/295: loss=0.682217 (1421ms)
  step 2/295: loss=0.731762 (1415ms)
  step 100/295: loss=0.603292 (1375ms)
  step 200/295: loss=0.657364 (1406ms)
Epoch 27/80: loss=0.688663 lr=0.000796 (420674ms)
  step 0/295: loss=0.582903 (1413ms)
  step 1/295: loss=0.601180 (1416ms)
  step 2/295: loss=0.712710 (1403ms)
  step 100/295: loss=0.655928 (1405ms)
  step 200/295: loss=0.744854 (1407ms)
Epoch 28/80: loss=0.658067 lr=0.000779 (421409ms)
  step 0/295: loss=0.612834 (1386ms)
  step 1/295: loss=0.607642 (1385ms)
  step 2/295: loss=0.586227 (1385ms)
  step 100/295: loss=0.693739 (1386ms)
  step 200/295: loss=0.676335 (1392ms)
Epoch 29/80: loss=0.661460 lr=0.000762 (419384ms)
  step 0/295: loss=0.567292 (1406ms)
  step 1/295: loss=0.705890 (1404ms)
  step 2/295: loss=0.668397 (1409ms)
  step 100/295: loss=0.635127 (1433ms)
  step 200/295: loss=0.630926 (1401ms)
Epoch 30/80: loss=0.650760 lr=0.000744 (419899ms)
  val accuracy (running BN): 3322/3904 = 85.092213%
  step 0/295: loss=0.614290 (1437ms)
  step 1/295: loss=0.842042 (1415ms)
  step 2/295: loss=0.600223 (1405ms)
  step 100/295: loss=0.660701 (1384ms)
  step 200/295: loss=0.667911 (1383ms)
Epoch 31/80: loss=0.626281 lr=0.000726 (419803ms)
  step 0/295: loss=0.633272 (1387ms)
  step 1/295: loss=0.601674 (1410ms)
  step 2/295: loss=0.723570 (1425ms)
  step 100/295: loss=0.547804 (1408ms)
  step 200/295: loss=0.559086 (1397ms)
Epoch 32/80: loss=0.622403 lr=0.000708 (420695ms)
  step 0/295: loss=0.546916 (1412ms)
  step 1/295: loss=0.614620 (1380ms)
  step 2/295: loss=0.609457 (1400ms)
  step 100/295: loss=0.586679 (1415ms)
  step 200/295: loss=0.681425 (1383ms)
Epoch 33/80: loss=0.610092 lr=0.000689 (421656ms)
  step 0/295: loss=0.549877 (1374ms)
  step 1/295: loss=0.629519 (1366ms)
  step 2/295: loss=0.568197 (1374ms)
  step 100/295: loss=0.614696 (1416ms)
  step 200/295: loss=0.688424 (1401ms)
Epoch 34/80: loss=0.594845 lr=0.000670 (420268ms)
  step 0/295: loss=0.548258 (1386ms)
  step 1/295: loss=0.566754 (1401ms)
  step 2/295: loss=0.549251 (1395ms)
  step 100/295: loss=0.607625 (1379ms)
  step 200/295: loss=0.540385 (1380ms)
Epoch 35/80: loss=0.596357 lr=0.000651 (420079ms)
  step 0/295: loss=0.559280 (1395ms)
  step 1/295: loss=0.663842 (1410ms)
  step 2/295: loss=0.596343 (1413ms)
  step 100/295: loss=0.565076 (1383ms)
  step 200/295: loss=0.575405 (1406ms)
Epoch 36/80: loss=0.597590 lr=0.000631 (420729ms)
  step 0/295: loss=0.531580 (1405ms)
  step 1/295: loss=0.566954 (1401ms)
  step 2/295: loss=0.586682 (1393ms)
  step 100/295: loss=0.592978 (1391ms)
  step 200/295: loss=0.594878 (1401ms)
Epoch 37/80: loss=0.580552 lr=0.000611 (420335ms)
  step 0/295: loss=0.546741 (1429ms)
  step 1/295: loss=0.564083 (1405ms)
  step 2/295: loss=0.530616 (1383ms)
  step 100/295: loss=0.537320 (1388ms)
  step 200/295: loss=0.531432 (1400ms)
Epoch 38/80: loss=0.571854 lr=0.000591 (419937ms)
  step 0/295: loss=0.559035 (1383ms)
  step 1/295: loss=0.642030 (1417ms)
  step 2/295: loss=0.563856 (1421ms)
  step 100/295: loss=0.642114 (1389ms)
  step 200/295: loss=0.611813 (1408ms)
Epoch 39/80: loss=0.565676 lr=0.000571 (420492ms)
  step 0/295: loss=0.563267 (1422ms)
  step 1/295: loss=0.582922 (1421ms)
  step 2/295: loss=0.577777 (1411ms)
  step 100/295: loss=0.548209 (1423ms)
  step 200/295: loss=0.540284 (1410ms)
Epoch 40/80: loss=0.552193 lr=0.000551 (421606ms)
  val accuracy (running BN): 3382/3904 = 86.629098%
  step 0/295: loss=0.662251 (1385ms)
  step 1/295: loss=0.538452 (1381ms)
  step 2/295: loss=0.605731 (1369ms)
  step 100/295: loss=0.528149 (1350ms)
  step 200/295: loss=0.527352 (1405ms)
Epoch 41/80: loss=0.548098 lr=0.000531 (421225ms)
  step 0/295: loss=0.577437 (1414ms)
  step 1/295: loss=0.523500 (1409ms)
  step 2/295: loss=0.550614 (1405ms)
  step 100/295: loss=0.636458 (1411ms)
  step 200/295: loss=0.534740 (1374ms)
Epoch 42/80: loss=0.547808 lr=0.000510 (420420ms)
  step 0/295: loss=0.556951 (1413ms)
  step 1/295: loss=0.532338 (1385ms)
  step 2/295: loss=0.524889 (1398ms)
  step 100/295: loss=0.538216 (1417ms)
  step 200/295: loss=0.520779 (1382ms)
Epoch 43/80: loss=0.544896 lr=0.000490 (420749ms)
  step 0/295: loss=0.522376 (1422ms)
  step 1/295: loss=0.536307 (1411ms)
  step 2/295: loss=0.524511 (1388ms)
  step 100/295: loss=0.531697 (1403ms)
  step 200/295: loss=0.589584 (1412ms)
Epoch 44/80: loss=0.536388 lr=0.000469 (421170ms)
  step 0/295: loss=0.519718 (1396ms)
  step 1/295: loss=0.519876 (1383ms)
  step 2/295: loss=0.525123 (1382ms)
  step 100/295: loss=0.526618 (1389ms)
  step 200/295: loss=0.540627 (1387ms)
Epoch 45/80: loss=0.538818 lr=0.000449 (419677ms)
  step 0/295: loss=0.553049 (1387ms)
  step 1/295: loss=0.521247 (1411ms)
  step 2/295: loss=0.537820 (1407ms)
  step 100/295: loss=0.555215 (1399ms)
  step 200/295: loss=0.531052 (1375ms)
Epoch 46/80: loss=0.550650 lr=0.000429 (419988ms)
  step 0/295: loss=0.529465 (1422ms)
  step 1/295: loss=0.579352 (1413ms)
  step 2/295: loss=0.554115 (1392ms)
  step 100/295: loss=0.516101 (1394ms)
  step 200/295: loss=0.515793 (1421ms)
Epoch 47/80: loss=0.533216 lr=0.000409 (421132ms)
  step 0/295: loss=0.541667 (1394ms)
  step 1/295: loss=0.529223 (1376ms)
  step 2/295: loss=0.515975 (1383ms)
  step 100/295: loss=0.528361 (1389ms)
  step 200/295: loss=0.519107 (1394ms)
Epoch 48/80: loss=0.523685 lr=0.000389 (420172ms)
  step 0/295: loss=0.527740 (1393ms)
  step 1/295: loss=0.511161 (1415ms)
  step 2/295: loss=0.512181 (1410ms)
  step 100/295: loss=0.545233 (1418ms)
  step 200/295: loss=0.543513 (1416ms)
Epoch 49/80: loss=0.522729 lr=0.000369 (420336ms)
  step 0/295: loss=0.516370 (1386ms)
  step 1/295: loss=0.509456 (1388ms)
  step 2/295: loss=0.513029 (1391ms)
  step 100/295: loss=0.507927 (1407ms)
  step 200/295: loss=0.509988 (1400ms)
Epoch 50/80: loss=0.521799 lr=0.000349 (421419ms)
  val accuracy (running BN): 3440/3904 = 88.114754%
  step 0/295: loss=0.514875 (1404ms)
  step 1/295: loss=0.512160 (1423ms)
  step 2/295: loss=0.511849 (1429ms)
  step 100/295: loss=0.508285 (1391ms)
  step 200/295: loss=0.513378 (1400ms)
Epoch 51/80: loss=0.521875 lr=0.000330 (420735ms)
  step 0/295: loss=0.507453 (1394ms)
  step 1/295: loss=0.513221 (1415ms)
  step 2/295: loss=0.514795 (1400ms)
  step 100/295: loss=0.512753 (1414ms)
  step 200/295: loss=0.507172 (1412ms)
Epoch 52/80: loss=0.519803 lr=0.000311 (420161ms)
  step 0/295: loss=0.530646 (1392ms)
  step 1/295: loss=0.516960 (1373ms)
  step 2/295: loss=0.510512 (1372ms)
  step 100/295: loss=0.555889 (1404ms)
  step 200/295: loss=0.509421 (1401ms)
Epoch 53/80: loss=0.522096 lr=0.000292 (419716ms)
  step 0/295: loss=0.512955 (1402ms)
  step 1/295: loss=0.509394 (1421ms)
  step 2/295: loss=0.511451 (1409ms)
  step 100/295: loss=0.508158 (1397ms)
  step 200/295: loss=0.507573 (1396ms)
Epoch 54/80: loss=0.513338 lr=0.000274 (420607ms)
  step 0/295: loss=0.515579 (1395ms)
  step 1/295: loss=0.508640 (1375ms)
  step 2/295: loss=0.507603 (1410ms)
  step 100/295: loss=0.509521 (1382ms)
  step 200/295: loss=0.516501 (1391ms)
Epoch 55/80: loss=0.516015 lr=0.000256 (419985ms)
  step 0/295: loss=0.505579 (1431ms)
  step 1/295: loss=0.517129 (1426ms)
  step 2/295: loss=0.519931 (1421ms)
  step 100/295: loss=0.506432 (1389ms)
  step 200/295: loss=0.509758 (1418ms)
Epoch 56/80: loss=0.512530 lr=0.000238 (420233ms)
  step 0/295: loss=0.503362 (1387ms)
  step 1/295: loss=0.512227 (1375ms)
  step 2/295: loss=0.509333 (1373ms)
  step 100/295: loss=0.510079 (1384ms)
  step 200/295: loss=0.505073 (1377ms)
Epoch 57/80: loss=0.509685 lr=0.000221 (420309ms)
  step 0/295: loss=0.516956 (1414ms)
  step 1/295: loss=0.504755 (1417ms)
  step 2/295: loss=0.506499 (1406ms)
  step 100/295: loss=0.506318 (1393ms)
  step 200/295: loss=0.523577 (1408ms)
Epoch 58/80: loss=0.511893 lr=0.000204 (420978ms)
  step 0/295: loss=0.507801 (1411ms)
  step 1/295: loss=0.509801 (1414ms)
  step 2/295: loss=0.505692 (1423ms)
  step 100/295: loss=0.507572 (1416ms)
  step 200/295: loss=0.505282 (1411ms)
Epoch 59/80: loss=0.509306 lr=0.000188 (420436ms)
  step 0/295: loss=0.507266 (1389ms)
  step 1/295: loss=0.510029 (1411ms)
  step 2/295: loss=0.586801 (1404ms)
  step 100/295: loss=0.509128 (1417ms)
  step 200/295: loss=0.503083 (1423ms)
Epoch 60/80: loss=0.508841 lr=0.000173 (421248ms)
  val accuracy (running BN): 3472/3904 = 88.934426%
  step 0/295: loss=0.505281 (1424ms)
  step 1/295: loss=0.506693 (1427ms)
  step 2/295: loss=0.505970 (1429ms)
  step 100/295: loss=0.510060 (1414ms)
  step 200/295: loss=0.504287 (1424ms)
Epoch 61/80: loss=0.506918 lr=0.000157 (420985ms)
  step 0/295: loss=0.503956 (1418ms)
  step 1/295: loss=0.503213 (1400ms)
  step 2/295: loss=0.503834 (1397ms)
  step 100/295: loss=0.505183 (1407ms)
  step 200/295: loss=0.507380 (1389ms)
Epoch 62/80: loss=0.506486 lr=0.000143 (421836ms)
  step 0/295: loss=0.505088 (1424ms)
  step 1/295: loss=0.504113 (1420ms)
  step 2/295: loss=0.504986 (1401ms)
  step 100/295: loss=0.504962 (1406ms)
  step 200/295: loss=0.503495 (1399ms)
Epoch 63/80: loss=0.505598 lr=0.000129 (421148ms)
  step 0/295: loss=0.507546 (1427ms)
  step 1/295: loss=0.504389 (1391ms)
  step 2/295: loss=0.505694 (1389ms)
  step 100/295: loss=0.504387 (1426ms)
  step 200/295: loss=0.505101 (1392ms)
Epoch 64/80: loss=0.505775 lr=0.000116 (421233ms)
  step 0/295: loss=0.504414 (1400ms)
  step 1/295: loss=0.504792 (1404ms)
  step 2/295: loss=0.505531 (1400ms)
  step 100/295: loss=0.503156 (1396ms)
  step 200/295: loss=0.503044 (1403ms)
Epoch 65/80: loss=0.504840 lr=0.000103 (421520ms)
  step 0/295: loss=0.503180 (1369ms)
  step 1/295: loss=0.504405 (1370ms)
  step 2/295: loss=0.503146 (1373ms)
  step 100/295: loss=0.502000 (1394ms)
  step 200/295: loss=0.503186 (1402ms)
Epoch 66/80: loss=0.504471 lr=0.000091 (421298ms)
  step 0/295: loss=0.502506 (1365ms)
  step 1/295: loss=0.503685 (1401ms)
  step 2/295: loss=0.503170 (1380ms)
  step 100/295: loss=0.502231 (1399ms)
  step 200/295: loss=0.502229 (1406ms)
Epoch 67/80: loss=0.503559 lr=0.000079 (420410ms)
  step 0/295: loss=0.505706 (1392ms)
  step 1/295: loss=0.502279 (1371ms)
  step 2/295: loss=0.503109 (1384ms)
  step 100/295: loss=0.506689 (1391ms)
  step 200/295: loss=0.502236 (1421ms)
Epoch 68/80: loss=0.504022 lr=0.000069 (421082ms)
  step 0/295: loss=0.502195 (1393ms)
  step 1/295: loss=0.503415 (1396ms)
  step 2/295: loss=0.502346 (1398ms)
  step 100/295: loss=0.502427 (1386ms)
  step 200/295: loss=0.502445 (1417ms)
Epoch 69/80: loss=0.503571 lr=0.000059 (420694ms)
  step 0/295: loss=0.502310 (1396ms)
  step 1/295: loss=0.501961 (1400ms)
  step 2/295: loss=0.501995 (1412ms)
  step 100/295: loss=0.505580 (1390ms)
  step 200/295: loss=0.501900 (1418ms)
Epoch 70/80: loss=0.503061 lr=0.000050 (420966ms)
  val accuracy (running BN): 3498/3904 = 89.600410%
  step 0/295: loss=0.501912 (1429ms)
  step 1/295: loss=0.501707 (1424ms)
  step 2/295: loss=0.503004 (1389ms)
  step 100/295: loss=0.503534 (1377ms)
  step 200/295: loss=0.502174 (1395ms)
Epoch 71/80: loss=0.503565 lr=0.000041 (421873ms)
  step 0/295: loss=0.505813 (1382ms)
  step 1/295: loss=0.501889 (1389ms)
  step 2/295: loss=0.504538 (1387ms)
  step 100/295: loss=0.509984 (1392ms)
  step 200/295: loss=0.504158 (1379ms)
Epoch 72/80: loss=0.503023 lr=0.000033 (421058ms)
  step 0/295: loss=0.502324 (1397ms)
  step 1/295: loss=0.502113 (1395ms)
  step 2/295: loss=0.501940 (1406ms)
  step 100/295: loss=0.509030 (1389ms)
  step 200/295: loss=0.501539 (1406ms)
Epoch 73/80: loss=0.502795 lr=0.000026 (420742ms)
  step 0/295: loss=0.502272 (1426ms)
  step 1/295: loss=0.502900 (1426ms)
  step 2/295: loss=0.501280 (1399ms)
  step 100/295: loss=0.501727 (1418ms)
  step 200/295: loss=0.502166 (1409ms)
Epoch 74/80: loss=0.502754 lr=0.000020 (421962ms)
  step 0/295: loss=0.502198 (1390ms)
  step 1/295: loss=0.502124 (1389ms)
  step 2/295: loss=0.501897 (1420ms)
  step 100/295: loss=0.502077 (1406ms)
  step 200/295: loss=0.501698 (1414ms)
Epoch 75/80: loss=0.502807 lr=0.000015 (421641ms)
  step 0/295: loss=0.501558 (1387ms)
  step 1/295: loss=0.502454 (1404ms)
  step 2/295: loss=0.501972 (1396ms)
  step 100/295: loss=0.503007 (1399ms)
  step 200/295: loss=0.501338 (1395ms)
Epoch 76/80: loss=0.502487 lr=0.000010 (420915ms)
  step 0/295: loss=0.501493 (1426ms)
  step 1/295: loss=0.502766 (1397ms)
  step 2/295: loss=0.502120 (1374ms)
  step 100/295: loss=0.502744 (1385ms)
  step 200/295: loss=0.502493 (1410ms)
Epoch 77/80: loss=0.502505 lr=0.000007 (421402ms)
  step 0/295: loss=0.501236 (1367ms)
  step 1/295: loss=0.509589 (1376ms)
  step 2/295: loss=0.502411 (1387ms)
  step 100/295: loss=0.501376 (1384ms)
  step 200/295: loss=0.501633 (1392ms)
Epoch 78/80: loss=0.502437 lr=0.000004 (421239ms)
  step 0/295: loss=0.501743 (1408ms)
  step 1/295: loss=0.501737 (1404ms)
  step 2/295: loss=0.501796 (1402ms)
  step 100/295: loss=0.501971 (1412ms)
  step 200/295: loss=0.502293 (1396ms)
Epoch 79/80: loss=0.502563 lr=0.000002 (421126ms)
  step 0/295: loss=0.501844 (1406ms)
  step 1/295: loss=0.501446 (1402ms)
  step 2/295: loss=0.502131 (1403ms)
  step 100/295: loss=0.501467 (1428ms)
  step 200/295: loss=0.503844 (1421ms)
Epoch 80/80: loss=0.502443 lr=0.000000 (420456ms)
  val accuracy (running BN): 3501/3904 = 89.677254%
Saved params + BN stats.
