Ablation: convnext-mini-bn-gelu
  spec: ConvNeXt-Mini-BN-GELU, optimizer: Adam
  lr: 0.001000, cosine: true, wd: 0.000100
  aug: true, label_smooth: 0.100000
ConvNeXt-Mini-BN-GELU-convnext-mini-bn-gelu: 102474 params
Generating train step MLIR...
  196809 chars
Compiling vmfbs...
  forward compiled
  eval forward compiled
  train step compiled
  session loaded
  train: 50000 images (3072 floats/image)
  102474 params + m + v (1 MB)
training: 1562 batches/epoch, batch=32, Adam, lr=0.001000, cosine warmup=2, label_smooth=0.100000, wd=0.000100
  BN layers: 6, BN stat floats: 512
  step 0/1562: loss=2.808960 (64ms)
  step 1/1562: loss=3.225104 (50ms)
  step 2/1562: loss=2.805257 (51ms)
  step 100/1562: loss=2.254762 (49ms)
  step 200/1562: loss=2.018801 (47ms)
  step 300/1562: loss=1.956917 (47ms)
  step 400/1562: loss=1.972542 (48ms)
  step 500/1562: loss=1.741331 (42ms)
  step 600/1562: loss=1.639985 (47ms)
  step 700/1562: loss=1.748936 (43ms)
  step 800/1562: loss=1.795764 (43ms)
  step 900/1562: loss=1.645272 (44ms)
  step 1000/1562: loss=1.577155 (48ms)
  step 1100/1562: loss=1.694628 (45ms)
  step 1200/1562: loss=1.693522 (44ms)
  step 1300/1562: loss=1.600890 (44ms)
  step 1400/1562: loss=1.297032 (48ms)
  step 1500/1562: loss=1.547011 (43ms)
Epoch 1/30: loss=1.795364 lr=0.000500 (73873ms)
  step 0/1562: loss=1.583153 (53ms)
  step 1/1562: loss=1.665121 (48ms)
  step 2/1562: loss=1.596525 (45ms)
  step 100/1562: loss=1.604655 (45ms)
  step 200/1562: loss=1.510477 (50ms)
  step 300/1562: loss=1.311667 (48ms)
  step 400/1562: loss=1.439700 (50ms)
  step 500/1562: loss=1.664649 (43ms)
  step 600/1562: loss=1.411117 (46ms)
  step 700/1562: loss=1.610013 (51ms)
  step 800/1562: loss=1.501611 (44ms)
  step 900/1562: loss=1.315903 (50ms)
  step 1000/1562: loss=1.224653 (52ms)
  step 1100/1562: loss=1.470443 (47ms)
  step 1200/1562: loss=1.535677 (43ms)
  step 1300/1562: loss=1.446061 (52ms)
  step 1400/1562: loss=1.611747 (48ms)
  step 1500/1562: loss=1.213639 (43ms)
Epoch 2/30: loss=1.533806 lr=0.001000 (73571ms)
  step 0/1562: loss=1.257029 (56ms)
  step 1/1562: loss=1.535382 (54ms)
  step 2/1562: loss=1.298220 (52ms)
  step 100/1562: loss=1.486770 (49ms)
  step 200/1562: loss=1.361173 (46ms)
  step 300/1562: loss=1.401162 (46ms)
  step 400/1562: loss=1.374903 (52ms)
  step 500/1562: loss=1.464440 (48ms)
  step 600/1562: loss=1.251422 (44ms)
  step 700/1562: loss=1.231552 (45ms)
  step 800/1562: loss=1.367373 (46ms)
  step 900/1562: loss=1.382606 (48ms)
  step 1000/1562: loss=1.141272 (48ms)
  step 1100/1562: loss=1.441901 (49ms)
  step 1200/1562: loss=1.382754 (48ms)
  step 1300/1562: loss=1.060849 (43ms)
  step 1400/1562: loss=1.466357 (47ms)
  step 1500/1562: loss=1.248249 (47ms)
Epoch 3/30: loss=1.388495 lr=0.001000 (73863ms)
  step 0/1562: loss=1.312704 (56ms)
  step 1/1562: loss=1.650676 (50ms)
  step 2/1562: loss=1.413662 (50ms)
  step 100/1562: loss=1.198457 (47ms)
  step 200/1562: loss=1.205504 (45ms)
  step 300/1562: loss=1.137340 (48ms)
  step 400/1562: loss=1.122048 (51ms)
  step 500/1562: loss=1.388279 (43ms)
  step 600/1562: loss=1.506236 (48ms)
  step 700/1562: loss=1.332118 (48ms)
  step 800/1562: loss=1.342473 (49ms)
  step 900/1562: loss=1.524187 (47ms)
  step 1000/1562: loss=1.380162 (42ms)
  step 1100/1562: loss=1.146916 (44ms)
  step 1200/1562: loss=1.400506 (48ms)
  step 1300/1562: loss=1.109894 (47ms)
  step 1400/1562: loss=1.185927 (47ms)
  step 1500/1562: loss=1.208438 (48ms)
Epoch 4/30: loss=1.307719 lr=0.000997 (74243ms)
  step 0/1562: loss=1.132910 (53ms)
  step 1/1562: loss=1.223003 (45ms)
  step 2/1562: loss=1.090948 (45ms)
  step 100/1562: loss=1.265618 (47ms)
  step 200/1562: loss=1.270692 (51ms)
  step 300/1562: loss=1.265449 (48ms)
  step 400/1562: loss=1.174009 (44ms)
  step 500/1562: loss=1.315785 (47ms)
  step 600/1562: loss=1.446786 (50ms)
  step 700/1562: loss=1.333115 (44ms)
  step 800/1562: loss=1.207618 (46ms)
  step 900/1562: loss=1.198729 (45ms)
  step 1000/1562: loss=1.151497 (47ms)
  step 1100/1562: loss=1.205060 (46ms)
  step 1200/1562: loss=1.221958 (46ms)
  step 1300/1562: loss=1.135735 (43ms)
  step 1400/1562: loss=1.428297 (47ms)
  step 1500/1562: loss=1.360923 (49ms)
Epoch 5/30: loss=1.252153 lr=0.000987 (73863ms)
  step 0/1562: loss=1.339272 (52ms)
  step 1/1562: loss=1.322850 (53ms)
  step 2/1562: loss=1.181777 (48ms)
  step 100/1562: loss=1.117389 (46ms)
  step 200/1562: loss=1.276867 (49ms)
  step 300/1562: loss=1.111183 (48ms)
  step 400/1562: loss=1.114495 (49ms)
  step 500/1562: loss=1.117144 (47ms)
  step 600/1562: loss=1.271878 (49ms)
  step 700/1562: loss=1.228196 (47ms)
  step 800/1562: loss=1.312607 (48ms)
  step 900/1562: loss=1.498778 (50ms)
  step 1000/1562: loss=1.024725 (48ms)
  step 1100/1562: loss=1.406145 (48ms)
  step 1200/1562: loss=1.224097 (43ms)
  step 1300/1562: loss=1.233030 (44ms)
  step 1400/1562: loss=0.928821 (54ms)
  step 1500/1562: loss=1.106171 (48ms)
Epoch 6/30: loss=1.203405 lr=0.000972 (73861ms)
  step 0/1562: loss=1.133816 (56ms)
  step 1/1562: loss=1.282675 (50ms)
  step 2/1562: loss=1.053424 (49ms)
  step 100/1562: loss=1.020873 (43ms)
  step 200/1562: loss=0.987354 (47ms)
  step 300/1562: loss=1.358126 (50ms)
  step 400/1562: loss=1.227997 (46ms)
  step 500/1562: loss=1.308257 (44ms)
  step 600/1562: loss=1.254999 (43ms)
  step 700/1562: loss=1.162207 (45ms)
  step 800/1562: loss=1.082547 (46ms)
  step 900/1562: loss=1.115711 (47ms)
  step 1000/1562: loss=1.062238 (45ms)
  step 1100/1562: loss=1.133595 (47ms)
  step 1200/1562: loss=1.427272 (49ms)
  step 1300/1562: loss=1.093442 (42ms)
  step 1400/1562: loss=0.965842 (50ms)
  step 1500/1562: loss=1.527598 (49ms)
Epoch 7/30: loss=1.167495 lr=0.000950 (73868ms)
  step 0/1562: loss=0.948049 (51ms)
  step 1/1562: loss=1.196523 (51ms)
  step 2/1562: loss=1.190637 (43ms)
  step 100/1562: loss=0.995169 (48ms)
  step 200/1562: loss=1.400715 (46ms)
  step 300/1562: loss=1.091261 (50ms)
  step 400/1562: loss=1.096153 (45ms)
  step 500/1562: loss=1.328221 (51ms)
  step 600/1562: loss=0.965213 (47ms)
  step 700/1562: loss=1.255883 (49ms)
  step 800/1562: loss=1.262936 (43ms)
  step 900/1562: loss=1.314833 (50ms)
  step 1000/1562: loss=1.023473 (43ms)
  step 1100/1562: loss=1.158040 (45ms)
  step 1200/1562: loss=1.171450 (44ms)
  step 1300/1562: loss=1.375664 (50ms)
  step 1400/1562: loss=1.390906 (43ms)
  step 1500/1562: loss=0.910975 (44ms)
Epoch 8/30: loss=1.135164 lr=0.000923 (73674ms)
  step 0/1562: loss=1.022051 (52ms)
  step 1/1562: loss=0.916995 (45ms)
  step 2/1562: loss=1.153384 (43ms)
  step 100/1562: loss=1.380346 (48ms)
  step 200/1562: loss=1.108593 (45ms)
  step 300/1562: loss=1.090245 (43ms)
  step 400/1562: loss=0.873312 (44ms)
  step 500/1562: loss=1.210928 (45ms)
  step 600/1562: loss=1.084808 (46ms)
  step 700/1562: loss=1.174760 (51ms)
  step 800/1562: loss=1.080770 (46ms)
  step 900/1562: loss=1.102380 (45ms)
  step 1000/1562: loss=1.296888 (52ms)
  step 1100/1562: loss=0.921388 (48ms)
  step 1200/1562: loss=1.002891 (50ms)
  step 1300/1562: loss=1.351155 (47ms)
  step 1400/1562: loss=1.097807 (51ms)
  step 1500/1562: loss=1.161808 (43ms)
Epoch 9/30: loss=1.104089 lr=0.000891 (74454ms)
  step 0/1562: loss=0.931320 (57ms)
  step 1/1562: loss=1.121829 (49ms)
  step 2/1562: loss=1.342436 (50ms)
  step 100/1562: loss=1.305276 (44ms)
  step 200/1562: loss=0.967395 (45ms)
  step 300/1562: loss=1.067582 (47ms)
  step 400/1562: loss=1.272467 (48ms)
  step 500/1562: loss=1.005314 (42ms)
  step 600/1562: loss=1.005881 (48ms)
  step 700/1562: loss=1.429297 (51ms)
  step 800/1562: loss=1.144895 (44ms)
  step 900/1562: loss=0.991980 (44ms)
  step 1000/1562: loss=0.861512 (44ms)
  step 1100/1562: loss=1.032954 (49ms)
  step 1200/1562: loss=1.186516 (44ms)
  step 1300/1562: loss=1.090244 (47ms)
  step 1400/1562: loss=1.048952 (52ms)
  step 1500/1562: loss=1.095141 (46ms)
Epoch 10/30: loss=1.078114 lr=0.000854 (74561ms)
  val accuracy (running BN): 7324/9984 = 73.357372%
  step 0/1562: loss=1.001709 (61ms)
  step 1/1562: loss=1.051154 (52ms)
  step 2/1562: loss=1.062665 (52ms)
  step 100/1562: loss=1.252918 (49ms)
  step 200/1562: loss=1.180395 (48ms)
  step 300/1562: loss=0.985822 (45ms)
  step 400/1562: loss=0.969298 (49ms)
  step 500/1562: loss=0.897250 (43ms)
  step 600/1562: loss=0.971976 (46ms)
  step 700/1562: loss=1.285512 (52ms)
  step 800/1562: loss=0.942262 (48ms)
  step 900/1562: loss=1.204004 (44ms)
  step 1000/1562: loss=1.049958 (47ms)
  step 1100/1562: loss=1.018155 (48ms)
  step 1200/1562: loss=1.020145 (48ms)
  step 1300/1562: loss=1.077296 (44ms)
  step 1400/1562: loss=1.143599 (48ms)
  step 1500/1562: loss=0.946375 (44ms)
Epoch 11/30: loss=1.049681 lr=0.000812 (73767ms)
  step 0/1562: loss=1.075091 (52ms)
  step 1/1562: loss=0.916408 (46ms)
  step 2/1562: loss=0.985380 (43ms)
  step 100/1562: loss=0.938820 (43ms)
  step 200/1562: loss=0.880275 (45ms)
  step 300/1562: loss=1.238860 (45ms)
  step 400/1562: loss=0.862918 (45ms)
  step 500/1562: loss=0.952796 (45ms)
  step 600/1562: loss=1.187201 (43ms)
  step 700/1562: loss=1.154172 (45ms)
  step 800/1562: loss=1.016055 (48ms)
  step 900/1562: loss=0.984352 (44ms)
  step 1000/1562: loss=0.925815 (43ms)
  step 1100/1562: loss=1.126473 (44ms)
  step 1200/1562: loss=1.052186 (51ms)
  step 1300/1562: loss=1.006203 (49ms)
  step 1400/1562: loss=1.220546 (46ms)
  step 1500/1562: loss=0.982157 (45ms)
Epoch 12/30: loss=1.029116 lr=0.000766 (73708ms)
  step 0/1562: loss=1.047429 (55ms)
  step 1/1562: loss=0.993074 (51ms)
  step 2/1562: loss=1.108806 (48ms)
  step 100/1562: loss=1.160803 (44ms)
  step 200/1562: loss=0.972219 (49ms)
  step 300/1562: loss=0.959564 (47ms)
  step 400/1562: loss=0.941777 (50ms)
  step 500/1562: loss=1.081179 (53ms)
  step 600/1562: loss=0.803338 (43ms)
  step 700/1562: loss=1.031623 (45ms)
  step 800/1562: loss=1.017820 (48ms)
  step 900/1562: loss=1.170788 (46ms)
  step 1000/1562: loss=0.987005 (46ms)
  step 1100/1562: loss=0.946995 (48ms)
  step 1200/1562: loss=1.048423 (48ms)
  step 1300/1562: loss=1.123028 (49ms)
  step 1400/1562: loss=0.983397 (52ms)
  step 1500/1562: loss=1.019206 (44ms)
Epoch 13/30: loss=1.010919 lr=0.000717 (73864ms)
  step 0/1562: loss=0.860998 (60ms)
  step 1/1562: loss=0.999976 (53ms)
  step 2/1562: loss=0.990079 (51ms)
  step 100/1562: loss=0.709588 (44ms)
  step 200/1562: loss=0.929971 (47ms)
  step 300/1562: loss=0.877348 (48ms)
  step 400/1562: loss=0.946750 (46ms)
  step 500/1562: loss=1.144719 (47ms)
  step 600/1562: loss=0.969832 (45ms)
  step 700/1562: loss=0.985981 (47ms)
  step 800/1562: loss=0.819752 (43ms)
  step 900/1562: loss=0.960039 (43ms)
  step 1000/1562: loss=1.085242 (44ms)
  step 1100/1562: loss=0.802582 (50ms)
  step 1200/1562: loss=0.997030 (43ms)
  step 1300/1562: loss=0.988936 (48ms)
  step 1400/1562: loss=0.893616 (44ms)
  step 1500/1562: loss=0.898793 (47ms)
Epoch 14/30: loss=0.989866 lr=0.000665 (73764ms)
  step 0/1562: loss=0.957660 (52ms)
  step 1/1562: loss=0.892110 (47ms)
  step 2/1562: loss=0.933372 (47ms)
  step 100/1562: loss=0.919446 (47ms)
  step 200/1562: loss=1.026198 (48ms)
  step 300/1562: loss=1.049896 (48ms)
  step 400/1562: loss=1.049203 (50ms)
  step 500/1562: loss=0.780555 (47ms)
  step 600/1562: loss=1.010988 (48ms)
  step 700/1562: loss=0.937497 (49ms)
  step 800/1562: loss=0.949853 (50ms)
  step 900/1562: loss=0.777659 (46ms)
  step 1000/1562: loss=1.000057 (45ms)
  step 1100/1562: loss=0.970742 (50ms)
  step 1200/1562: loss=0.971997 (48ms)
  step 1300/1562: loss=1.055880 (48ms)
  step 1400/1562: loss=1.056551 (44ms)
  step 1500/1562: loss=0.926727 (50ms)
Epoch 15/30: loss=0.971089 lr=0.000611 (73777ms)
  step 0/1562: loss=0.831389 (55ms)
  step 1/1562: loss=0.910271 (49ms)
  step 2/1562: loss=0.835503 (48ms)
  step 100/1562: loss=1.150062 (44ms)
  step 200/1562: loss=1.049801 (49ms)
  step 300/1562: loss=1.008857 (48ms)
  step 400/1562: loss=0.891575 (47ms)
  step 500/1562: loss=1.003498 (44ms)
  step 600/1562: loss=1.131289 (44ms)
  step 700/1562: loss=0.869198 (51ms)
  step 800/1562: loss=0.982559 (44ms)
  step 900/1562: loss=0.949698 (45ms)
  step 1000/1562: loss=0.851934 (44ms)
  step 1100/1562: loss=1.042523 (48ms)
  step 1200/1562: loss=1.202147 (48ms)
  step 1300/1562: loss=1.099694 (48ms)
  step 1400/1562: loss=0.987146 (50ms)
  step 1500/1562: loss=1.104469 (48ms)
Epoch 16/30: loss=0.957621 lr=0.000556 (74141ms)
  step 0/1562: loss=0.818884 (55ms)
  step 1/1562: loss=0.830689 (49ms)
  step 2/1562: loss=0.882419 (50ms)
  step 100/1562: loss=0.785561 (47ms)
  step 200/1562: loss=0.904950 (47ms)
  step 300/1562: loss=0.911813 (51ms)
  step 400/1562: loss=0.967573 (48ms)
  step 500/1562: loss=1.039389 (46ms)
  step 600/1562: loss=1.037795 (43ms)
  step 700/1562: loss=0.967713 (48ms)
  step 800/1562: loss=0.955118 (43ms)
  step 900/1562: loss=0.917676 (44ms)
  step 1000/1562: loss=1.114726 (44ms)
  step 1100/1562: loss=0.775508 (49ms)
  step 1200/1562: loss=1.044958 (47ms)
  step 1300/1562: loss=0.880928 (44ms)
  step 1400/1562: loss=0.861580 (44ms)
  step 1500/1562: loss=0.884793 (44ms)
Epoch 17/30: loss=0.939029 lr=0.000500 (73931ms)
  step 0/1562: loss=0.874829 (53ms)
  step 1/1562: loss=0.913195 (47ms)
  step 2/1562: loss=0.779525 (44ms)
  step 100/1562: loss=0.878679 (44ms)
  step 200/1562: loss=0.765746 (50ms)
  step 300/1562: loss=0.910530 (49ms)
  step 400/1562: loss=0.858089 (47ms)
  step 500/1562: loss=0.959864 (49ms)
  step 600/1562: loss=0.926825 (43ms)
  step 700/1562: loss=0.813585 (50ms)
  step 800/1562: loss=0.917994 (44ms)
  step 900/1562: loss=0.765199 (46ms)
  step 1000/1562: loss=0.972006 (47ms)
  step 1100/1562: loss=1.202932 (47ms)
  step 1200/1562: loss=0.952569 (49ms)
  step 1300/1562: loss=0.883844 (43ms)
  step 1400/1562: loss=0.876911 (45ms)
  step 1500/1562: loss=0.966435 (51ms)
Epoch 18/30: loss=0.926049 lr=0.000444 (74050ms)
  step 0/1562: loss=0.908965 (56ms)
  step 1/1562: loss=0.752850 (51ms)
  step 2/1562: loss=1.007970 (49ms)
  step 100/1562: loss=0.987447 (47ms)
  step 200/1562: loss=0.772842 (48ms)
  step 300/1562: loss=0.865824 (49ms)
  step 400/1562: loss=0.923465 (51ms)
  step 500/1562: loss=0.847669 (51ms)
  step 600/1562: loss=0.852054 (48ms)
  step 700/1562: loss=0.850789 (52ms)
  step 800/1562: loss=0.824494 (48ms)
  step 900/1562: loss=0.847188 (44ms)
  step 1000/1562: loss=1.005960 (43ms)
  step 1100/1562: loss=0.680771 (49ms)
  step 1200/1562: loss=0.968483 (47ms)
  step 1300/1562: loss=0.963621 (48ms)
  step 1400/1562: loss=0.869703 (48ms)
  step 1500/1562: loss=0.799783 (44ms)
Epoch 19/30: loss=0.913422 lr=0.000389 (73994ms)
  step 0/1562: loss=0.808882 (56ms)
  step 1/1562: loss=1.046452 (49ms)
  step 2/1562: loss=0.801449 (47ms)
  step 100/1562: loss=0.994962 (47ms)
  step 200/1562: loss=0.972425 (51ms)
  step 300/1562: loss=0.781431 (48ms)
  step 400/1562: loss=0.964296 (45ms)
  step 500/1562: loss=0.871861 (47ms)
  step 600/1562: loss=1.035360 (48ms)
  step 700/1562: loss=0.913123 (50ms)
  step 800/1562: loss=0.840554 (47ms)
  step 900/1562: loss=1.009517 (48ms)
  step 1000/1562: loss=1.260650 (50ms)
  step 1100/1562: loss=0.938027 (48ms)
  step 1200/1562: loss=0.866483 (50ms)
  step 1300/1562: loss=1.048672 (47ms)
  step 1400/1562: loss=0.738046 (48ms)
  step 1500/1562: loss=0.849072 (43ms)
Epoch 20/30: loss=0.900227 lr=0.000335 (73852ms)
  val accuracy (running BN): 7691/9984 = 77.033253%
  step 0/1562: loss=0.832670 (55ms)
  step 1/1562: loss=0.780329 (50ms)
  step 2/1562: loss=0.896388 (47ms)
  step 100/1562: loss=0.856178 (52ms)
  step 200/1562: loss=0.784446 (49ms)
  step 300/1562: loss=0.726564 (50ms)
  step 400/1562: loss=0.726931 (46ms)
  step 500/1562: loss=0.870211 (47ms)
  step 600/1562: loss=0.892966 (44ms)
  step 700/1562: loss=0.754961 (44ms)
  step 800/1562: loss=0.848800 (46ms)
  step 900/1562: loss=0.988729 (48ms)
  step 1000/1562: loss=0.782931 (44ms)
  step 1100/1562: loss=1.069130 (43ms)
  step 1200/1562: loss=0.656716 (46ms)
  step 1300/1562: loss=0.895918 (43ms)
  step 1400/1562: loss=1.005827 (47ms)
  step 1500/1562: loss=1.053238 (51ms)
Epoch 21/30: loss=0.888357 lr=0.000283 (73842ms)
  step 0/1562: loss=0.886614 (54ms)
  step 1/1562: loss=0.894644 (49ms)
  step 2/1562: loss=0.814798 (48ms)
  step 100/1562: loss=0.885978 (52ms)
  step 200/1562: loss=0.832815 (43ms)
  step 300/1562: loss=0.852483 (48ms)
  step 400/1562: loss=0.916723 (46ms)
  step 500/1562: loss=1.090886 (48ms)
  step 600/1562: loss=1.119186 (44ms)
  step 700/1562: loss=0.746159 (51ms)
  step 800/1562: loss=0.812092 (51ms)
  step 900/1562: loss=0.938541 (45ms)
  step 1000/1562: loss=0.751360 (49ms)
  step 1100/1562: loss=0.858398 (51ms)
  step 1200/1562: loss=0.796729 (47ms)
  step 1300/1562: loss=1.067056 (45ms)
  step 1400/1562: loss=0.999060 (50ms)
  step 1500/1562: loss=0.954883 (45ms)
Epoch 22/30: loss=0.874632 lr=0.000234 (73763ms)
  step 0/1562: loss=0.797784 (56ms)
  step 1/1562: loss=0.804479 (54ms)
  step 2/1562: loss=0.866459 (52ms)
  step 100/1562: loss=0.815738 (43ms)
  step 200/1562: loss=0.873376 (48ms)
  step 300/1562: loss=0.825617 (48ms)
  step 400/1562: loss=0.779574 (43ms)
  step 500/1562: loss=0.901985 (46ms)
  step 600/1562: loss=0.886467 (47ms)
  step 700/1562: loss=1.165973 (42ms)
  step 800/1562: loss=0.787067 (50ms)
  step 900/1562: loss=0.830514 (43ms)
  step 1000/1562: loss=0.986706 (44ms)
  step 1100/1562: loss=1.120728 (43ms)
  step 1200/1562: loss=0.766832 (47ms)
  step 1300/1562: loss=0.932688 (47ms)
  step 1400/1562: loss=0.738235 (46ms)
  step 1500/1562: loss=0.850963 (43ms)
Epoch 23/30: loss=0.869029 lr=0.000188 (73741ms)
  step 0/1562: loss=0.843295 (59ms)
  step 1/1562: loss=0.849099 (50ms)
  step 2/1562: loss=0.781340 (47ms)
  step 100/1562: loss=0.880102 (47ms)
  step 200/1562: loss=0.846618 (48ms)
  step 300/1562: loss=0.782737 (44ms)
  step 400/1562: loss=0.807220 (49ms)
  step 500/1562: loss=0.801675 (49ms)
  step 600/1562: loss=0.808558 (44ms)
  step 700/1562: loss=1.027200 (49ms)
  step 800/1562: loss=0.743897 (44ms)
  step 900/1562: loss=0.862308 (47ms)
  step 1000/1562: loss=0.785204 (48ms)
  step 1100/1562: loss=0.847384 (49ms)
  step 1200/1562: loss=0.988239 (47ms)
  step 1300/1562: loss=0.947939 (43ms)
  step 1400/1562: loss=0.922222 (52ms)
  step 1500/1562: loss=0.826743 (47ms)
Epoch 24/30: loss=0.859542 lr=0.000146 (73644ms)
  step 0/1562: loss=0.722115 (59ms)
  step 1/1562: loss=0.816061 (54ms)
  step 2/1562: loss=0.707839 (50ms)
  step 100/1562: loss=0.794862 (45ms)
  step 200/1562: loss=0.809083 (48ms)
  step 300/1562: loss=0.983665 (43ms)
  step 400/1562: loss=0.857834 (45ms)
  step 500/1562: loss=0.873404 (47ms)
  step 600/1562: loss=0.769664 (48ms)
  step 700/1562: loss=0.972506 (45ms)
  step 800/1562: loss=0.829003 (46ms)
  step 900/1562: loss=0.892151 (45ms)
  step 1000/1562: loss=0.775136 (46ms)
  step 1100/1562: loss=0.985351 (42ms)
  step 1200/1562: loss=0.760459 (50ms)
  step 1300/1562: loss=0.833874 (50ms)
  step 1400/1562: loss=0.681036 (47ms)
  step 1500/1562: loss=0.778232 (43ms)
Epoch 25/30: loss=0.849649 lr=0.000109 (73746ms)
  step 0/1562: loss=0.789794 (58ms)
  step 1/1562: loss=0.738930 (52ms)
  step 2/1562: loss=0.833678 (50ms)
  step 100/1562: loss=0.731236 (48ms)
  step 200/1562: loss=0.933613 (45ms)
  step 300/1562: loss=0.757077 (50ms)
  step 400/1562: loss=0.888690 (52ms)
  step 500/1562: loss=0.900348 (43ms)
  step 600/1562: loss=0.758501 (49ms)
  step 700/1562: loss=0.854297 (47ms)
  step 800/1562: loss=0.823734 (47ms)
  step 900/1562: loss=0.764395 (47ms)
  step 1000/1562: loss=0.765224 (46ms)
  step 1100/1562: loss=0.880849 (45ms)
  step 1200/1562: loss=0.807558 (43ms)
  step 1300/1562: loss=0.779621 (47ms)
  step 1400/1562: loss=0.779459 (48ms)
  step 1500/1562: loss=0.815723 (49ms)
Epoch 26/30: loss=0.845155 lr=0.000077 (73773ms)
  step 0/1562: loss=0.670770 (58ms)
  step 1/1562: loss=0.868504 (47ms)
  step 2/1562: loss=0.931808 (51ms)
  step 100/1562: loss=0.787090 (48ms)
  step 200/1562: loss=0.779422 (48ms)
  step 300/1562: loss=0.871597 (44ms)
  step 400/1562: loss=0.897676 (49ms)
  step 500/1562: loss=0.903943 (47ms)
  step 600/1562: loss=0.920814 (51ms)
  step 700/1562: loss=0.758838 (46ms)
  step 800/1562: loss=0.871159 (49ms)
  step 900/1562: loss=0.839285 (50ms)
  step 1000/1562: loss=0.913334 (44ms)
  step 1100/1562: loss=0.847473 (46ms)
  step 1200/1562: loss=0.656301 (47ms)
  step 1300/1562: loss=0.902444 (42ms)
  step 1400/1562: loss=0.908609 (48ms)
  step 1500/1562: loss=0.917630 (47ms)
Epoch 27/30: loss=0.842414 lr=0.000050 (73890ms)
  step 0/1562: loss=0.828937 (59ms)
  step 1/1562: loss=0.767252 (51ms)
  step 2/1562: loss=0.825866 (46ms)
  step 100/1562: loss=0.734926 (45ms)
  step 200/1562: loss=0.840037 (44ms)
  step 300/1562: loss=0.789468 (48ms)
  step 400/1562: loss=0.772835 (45ms)
  step 500/1562: loss=0.769890 (43ms)
  step 600/1562: loss=0.781580 (47ms)
  step 700/1562: loss=0.789965 (48ms)
  step 800/1562: loss=0.774729 (49ms)
  step 900/1562: loss=0.806305 (43ms)
  step 1000/1562: loss=0.802418 (44ms)
  step 1100/1562: loss=0.763735 (44ms)
  step 1200/1562: loss=1.024386 (49ms)
  step 1300/1562: loss=0.791263 (43ms)
  step 1400/1562: loss=0.737058 (48ms)
  step 1500/1562: loss=0.851093 (43ms)
Epoch 28/30: loss=0.836824 lr=0.000028 (73622ms)
  step 0/1562: loss=0.955125 (56ms)
  step 1/1562: loss=0.724009 (54ms)
  step 2/1562: loss=0.887383 (45ms)
  step 100/1562: loss=0.866671 (45ms)
  step 200/1562: loss=0.880041 (46ms)
  step 300/1562: loss=0.788240 (46ms)
  step 400/1562: loss=0.913663 (43ms)
  step 500/1562: loss=0.912647 (42ms)
  step 600/1562: loss=1.027295 (43ms)
  step 700/1562: loss=0.838555 (46ms)
  step 800/1562: loss=0.743354 (47ms)
  step 900/1562: loss=0.846468 (52ms)
  step 1000/1562: loss=0.885142 (45ms)
  step 1100/1562: loss=0.937929 (44ms)
  step 1200/1562: loss=0.815959 (48ms)
  step 1300/1562: loss=0.859985 (47ms)
  step 1400/1562: loss=0.939129 (51ms)
  step 1500/1562: loss=0.831165 (44ms)
Epoch 29/30: loss=0.834010 lr=0.000013 (73579ms)
  step 0/1562: loss=0.749652 (54ms)
  step 1/1562: loss=0.744622 (45ms)
  step 2/1562: loss=0.752889 (44ms)
  step 100/1562: loss=0.944185 (50ms)
  step 200/1562: loss=0.781353 (51ms)
  step 300/1562: loss=0.933093 (43ms)
  step 400/1562: loss=0.689800 (44ms)
  step 500/1562: loss=0.881293 (49ms)
  step 600/1562: loss=0.989346 (44ms)
  step 700/1562: loss=0.936125 (50ms)
  step 800/1562: loss=1.044546 (48ms)
  step 900/1562: loss=0.800196 (49ms)
  step 1000/1562: loss=0.929349 (45ms)
  step 1100/1562: loss=0.753565 (49ms)
  step 1200/1562: loss=0.816601 (46ms)
  step 1300/1562: loss=0.796889 (45ms)
  step 1400/1562: loss=0.867227 (44ms)
  step 1500/1562: loss=0.756528 (44ms)
Epoch 30/30: loss=0.833206 lr=0.000003 (73732ms)
  val accuracy (running BN): 7787/9984 = 77.994792%
Saved params + BN stats.
