Ablation: convnext-mini-bn-relu
  spec: ConvNeXt-Mini-BN-ReLU, optimizer: Adam
  lr: 0.001000, cosine: true, wd: 0.000100
  aug: true, label_smooth: 0.100000
ConvNeXt-Mini-BN-ReLU-convnext-mini-bn-relu: 102474 params
Generating train step MLIR...
  188717 chars
Compiling vmfbs...
  forward compiled
  eval forward compiled
  train step compiled
  session loaded
  train: 50000 images (3072 floats/image)
  102474 params + m + v (1 MB)
training: 1562 batches/epoch, batch=32, Adam, lr=0.001000, cosine warmup=2, label_smooth=0.100000, wd=0.000100
  BN layers: 6, BN stat floats: 512
  step 0/1562: loss=2.808960 (64ms)
  step 1/1562: loss=3.225118 (50ms)
  step 2/1562: loss=2.805203 (52ms)
  step 100/1562: loss=2.254842 (47ms)
  step 200/1562: loss=2.026130 (47ms)
  step 300/1562: loss=1.962851 (45ms)
  step 400/1562: loss=1.985134 (46ms)
  step 500/1562: loss=1.753689 (47ms)
  step 600/1562: loss=1.651541 (47ms)
  step 700/1562: loss=1.750927 (49ms)
  step 800/1562: loss=1.808693 (52ms)
  step 900/1562: loss=1.651595 (46ms)
  step 1000/1562: loss=1.592776 (47ms)
  step 1100/1562: loss=1.701832 (51ms)
  step 1200/1562: loss=1.711811 (46ms)
  step 1300/1562: loss=1.603309 (49ms)
  step 1400/1562: loss=1.310406 (49ms)
  step 1500/1562: loss=1.567671 (50ms)
Epoch 1/30: loss=1.805543 lr=0.000500 (76858ms)
  step 0/1562: loss=1.593224 (60ms)
  step 1/1562: loss=1.679391 (53ms)
  step 2/1562: loss=1.604018 (48ms)
  step 100/1562: loss=1.612822 (46ms)
  step 200/1562: loss=1.525174 (51ms)
  step 300/1562: loss=1.308843 (45ms)
  step 400/1562: loss=1.446249 (52ms)
  step 500/1562: loss=1.677016 (53ms)
  step 600/1562: loss=1.422942 (49ms)
  step 700/1562: loss=1.632552 (50ms)
  step 800/1562: loss=1.519945 (45ms)
  step 900/1562: loss=1.359784 (51ms)
  step 1000/1562: loss=1.243554 (46ms)
  step 1100/1562: loss=1.485777 (47ms)
  step 1200/1562: loss=1.570015 (45ms)
  step 1300/1562: loss=1.441719 (50ms)
  step 1400/1562: loss=1.615981 (52ms)
  step 1500/1562: loss=1.222666 (51ms)
Epoch 2/30: loss=1.545944 lr=0.001000 (77240ms)
  step 0/1562: loss=1.273098 (55ms)
  step 1/1562: loss=1.528248 (52ms)
  step 2/1562: loss=1.311224 (49ms)
  step 100/1562: loss=1.504443 (45ms)
  step 200/1562: loss=1.357506 (46ms)
  step 300/1562: loss=1.417631 (46ms)
  step 400/1562: loss=1.383237 (50ms)
  step 500/1562: loss=1.480642 (50ms)
  step 600/1562: loss=1.281704 (48ms)
  step 700/1562: loss=1.260617 (48ms)
  step 800/1562: loss=1.386040 (48ms)
  step 900/1562: loss=1.387832 (45ms)
  step 1000/1562: loss=1.145735 (49ms)
  step 1100/1562: loss=1.501122 (48ms)
  step 1200/1562: loss=1.402429 (52ms)
  step 1300/1562: loss=1.067404 (47ms)
  step 1400/1562: loss=1.490982 (51ms)
  step 1500/1562: loss=1.265732 (45ms)
Epoch 3/30: loss=1.401588 lr=0.001000 (77109ms)
  step 0/1562: loss=1.328406 (57ms)
  step 1/1562: loss=1.670145 (53ms)
  step 2/1562: loss=1.420464 (48ms)
  step 100/1562: loss=1.203972 (48ms)
  step 200/1562: loss=1.206360 (52ms)
  step 300/1562: loss=1.139940 (49ms)
  step 400/1562: loss=1.133225 (50ms)
  step 500/1562: loss=1.412734 (48ms)
  step 600/1562: loss=1.517956 (45ms)
  step 700/1562: loss=1.328461 (47ms)
  step 800/1562: loss=1.344552 (46ms)
  step 900/1562: loss=1.534186 (50ms)
  step 1000/1562: loss=1.404832 (47ms)
  step 1100/1562: loss=1.173048 (48ms)
  step 1200/1562: loss=1.377984 (52ms)
  step 1300/1562: loss=1.132071 (47ms)
  step 1400/1562: loss=1.199367 (46ms)
  step 1500/1562: loss=1.234429 (51ms)
Epoch 4/30: loss=1.321401 lr=0.000997 (77221ms)
  step 0/1562: loss=1.160850 (62ms)
  step 1/1562: loss=1.255384 (55ms)
  step 2/1562: loss=1.129000 (50ms)
  step 100/1562: loss=1.283403 (51ms)
  step 200/1562: loss=1.282373 (50ms)
  step 300/1562: loss=1.273364 (50ms)
  step 400/1562: loss=1.163098 (50ms)
  step 500/1562: loss=1.311896 (46ms)
  step 600/1562: loss=1.499712 (47ms)
  step 700/1562: loss=1.315500 (51ms)
  step 800/1562: loss=1.222097 (47ms)
  step 900/1562: loss=1.188403 (46ms)
  step 1000/1562: loss=1.154469 (46ms)
  step 1100/1562: loss=1.243791 (47ms)
  step 1200/1562: loss=1.246524 (48ms)
  step 1300/1562: loss=1.158475 (56ms)
  step 1400/1562: loss=1.458749 (53ms)
  step 1500/1562: loss=1.314492 (49ms)
Epoch 5/30: loss=1.266832 lr=0.000987 (77410ms)
  step 0/1562: loss=1.350166 (63ms)
  step 1/1562: loss=1.280714 (54ms)
  step 2/1562: loss=1.248072 (53ms)
  step 100/1562: loss=1.150158 (46ms)
  step 200/1562: loss=1.278493 (48ms)
  step 300/1562: loss=1.137323 (49ms)
  step 400/1562: loss=1.108882 (46ms)
  step 500/1562: loss=1.131770 (52ms)
  step 600/1562: loss=1.325109 (49ms)
  step 700/1562: loss=1.199984 (47ms)
  step 800/1562: loss=1.327465 (49ms)
  step 900/1562: loss=1.479047 (50ms)
  step 1000/1562: loss=1.076020 (50ms)
  step 1100/1562: loss=1.416410 (51ms)
  step 1200/1562: loss=1.225325 (46ms)
  step 1300/1562: loss=1.251153 (50ms)
  step 1400/1562: loss=0.946395 (46ms)
  step 1500/1562: loss=1.127835 (44ms)
Epoch 6/30: loss=1.218262 lr=0.000972 (77368ms)
  step 0/1562: loss=1.144634 (61ms)
  step 1/1562: loss=1.297119 (54ms)
  step 2/1562: loss=1.060788 (53ms)
  step 100/1562: loss=1.028372 (51ms)
  step 200/1562: loss=0.995714 (46ms)
  step 300/1562: loss=1.363531 (46ms)
  step 400/1562: loss=1.214660 (45ms)
  step 500/1562: loss=1.324009 (53ms)
  step 600/1562: loss=1.253400 (45ms)
  step 700/1562: loss=1.153331 (50ms)
  step 800/1562: loss=1.047817 (47ms)
  step 900/1562: loss=1.143828 (48ms)
  step 1000/1562: loss=1.043419 (49ms)
  step 1100/1562: loss=1.197293 (50ms)
  step 1200/1562: loss=1.419920 (50ms)
  step 1300/1562: loss=1.125610 (54ms)
  step 1400/1562: loss=1.015148 (48ms)
  step 1500/1562: loss=1.525888 (52ms)
Epoch 7/30: loss=1.185013 lr=0.000950 (77302ms)
  step 0/1562: loss=1.014529 (61ms)
  step 1/1562: loss=1.211635 (53ms)
  step 2/1562: loss=1.181060 (51ms)
  step 100/1562: loss=1.024763 (45ms)
  step 200/1562: loss=1.449295 (52ms)
  step 300/1562: loss=1.141160 (49ms)
  step 400/1562: loss=1.149646 (47ms)
  step 500/1562: loss=1.356869 (46ms)
  step 600/1562: loss=0.978512 (51ms)
  step 700/1562: loss=1.262275 (46ms)
  step 800/1562: loss=1.283215 (48ms)
  step 900/1562: loss=1.351771 (44ms)
  step 1000/1562: loss=1.083069 (49ms)
  step 1100/1562: loss=1.172192 (50ms)
  step 1200/1562: loss=1.166804 (50ms)
  step 1300/1562: loss=1.407707 (48ms)
  step 1400/1562: loss=1.416045 (49ms)
  step 1500/1562: loss=0.970223 (47ms)
Epoch 8/30: loss=1.153646 lr=0.000923 (77586ms)
  step 0/1562: loss=1.048689 (59ms)
  step 1/1562: loss=0.944958 (50ms)
  step 2/1562: loss=1.146821 (51ms)
  step 100/1562: loss=1.407139 (50ms)
  step 200/1562: loss=1.108404 (48ms)
  step 300/1562: loss=1.153299 (47ms)
  step 400/1562: loss=0.891179 (51ms)
  step 500/1562: loss=1.202041 (47ms)
  step 600/1562: loss=1.120332 (50ms)
  step 700/1562: loss=1.200705 (46ms)
  step 800/1562: loss=1.113389 (49ms)
  step 900/1562: loss=1.146792 (51ms)
  step 1000/1562: loss=1.311414 (46ms)
  step 1100/1562: loss=0.933517 (54ms)
  step 1200/1562: loss=1.048537 (46ms)
  step 1300/1562: loss=1.340941 (54ms)
  step 1400/1562: loss=1.099068 (48ms)
  step 1500/1562: loss=1.148607 (49ms)
Epoch 9/30: loss=1.124922 lr=0.000891 (77530ms)
  step 0/1562: loss=0.950447 (58ms)
  step 1/1562: loss=1.184599 (54ms)
  step 2/1562: loss=1.388221 (54ms)
  step 100/1562: loss=1.333369 (48ms)
  step 200/1562: loss=1.001486 (45ms)
  step 300/1562: loss=1.076174 (48ms)
  step 400/1562: loss=1.231454 (49ms)
  step 500/1562: loss=0.969684 (51ms)
  step 600/1562: loss=0.961021 (50ms)
  step 700/1562: loss=1.377357 (46ms)
  step 800/1562: loss=1.146916 (46ms)
  step 900/1562: loss=1.025350 (46ms)
  step 1000/1562: loss=0.882191 (52ms)
  step 1100/1562: loss=1.101078 (49ms)
  step 1200/1562: loss=1.215499 (46ms)
  step 1300/1562: loss=1.093670 (50ms)
  step 1400/1562: loss=1.117894 (46ms)
  step 1500/1562: loss=1.170192 (47ms)
Epoch 10/30: loss=1.100496 lr=0.000854 (77468ms)
  val accuracy (running BN): 7232/9984 = 72.435897%
  step 0/1562: loss=1.039625 (56ms)
  step 1/1562: loss=1.041095 (48ms)
  step 2/1562: loss=1.040845 (50ms)
  step 100/1562: loss=1.235115 (49ms)
  step 200/1562: loss=1.169469 (52ms)
  step 300/1562: loss=1.050230 (55ms)
  step 400/1562: loss=0.945313 (45ms)
  step 500/1562: loss=0.907518 (48ms)
  step 600/1562: loss=0.976910 (50ms)
  step 700/1562: loss=1.304030 (50ms)
  step 800/1562: loss=0.969506 (46ms)
  step 900/1562: loss=1.243113 (50ms)
  step 1000/1562: loss=1.013085 (50ms)
  step 1100/1562: loss=1.037683 (51ms)
  step 1200/1562: loss=1.085410 (50ms)
  step 1300/1562: loss=1.072491 (46ms)
  step 1400/1562: loss=1.102452 (50ms)
  step 1500/1562: loss=0.944295 (48ms)
Epoch 11/30: loss=1.071860 lr=0.000812 (77396ms)
  step 0/1562: loss=1.119803 (61ms)
  step 1/1562: loss=0.941488 (49ms)
  step 2/1562: loss=1.012762 (47ms)
  step 100/1562: loss=0.977349 (53ms)
  step 200/1562: loss=0.881334 (49ms)
  step 300/1562: loss=1.265438 (51ms)
  step 400/1562: loss=0.885950 (48ms)
  step 500/1562: loss=0.916856 (47ms)
  step 600/1562: loss=1.177615 (46ms)
  step 700/1562: loss=1.168550 (48ms)
  step 800/1562: loss=1.025850 (47ms)
  step 900/1562: loss=0.955624 (46ms)
  step 1000/1562: loss=0.926322 (47ms)
  step 1100/1562: loss=1.180164 (51ms)
  step 1200/1562: loss=1.046949 (51ms)
  step 1300/1562: loss=1.064613 (53ms)
  step 1400/1562: loss=1.262118 (50ms)
  step 1500/1562: loss=1.006351 (50ms)
Epoch 12/30: loss=1.050630 lr=0.000766 (77330ms)
  step 0/1562: loss=1.077143 (56ms)
  step 1/1562: loss=1.051960 (50ms)
  step 2/1562: loss=1.140422 (45ms)
  step 100/1562: loss=1.236624 (47ms)
  step 200/1562: loss=1.009150 (48ms)
  step 300/1562: loss=0.995487 (49ms)
  step 400/1562: loss=0.964973 (49ms)
  step 500/1562: loss=1.072687 (47ms)
  step 600/1562: loss=0.829462 (51ms)
  step 700/1562: loss=1.113030 (46ms)
  step 800/1562: loss=0.997541 (50ms)
  step 900/1562: loss=1.130192 (50ms)
  step 1000/1562: loss=1.047187 (46ms)
  step 1100/1562: loss=0.904342 (46ms)
  step 1200/1562: loss=1.042080 (48ms)
  step 1300/1562: loss=1.110446 (49ms)
  step 1400/1562: loss=1.002857 (50ms)
  step 1500/1562: loss=1.005284 (50ms)
Epoch 13/30: loss=1.035072 lr=0.000717 (77386ms)
  step 0/1562: loss=0.905244 (55ms)
  step 1/1562: loss=1.052742 (50ms)
  step 2/1562: loss=1.005549 (46ms)
  step 100/1562: loss=0.706391 (47ms)
  step 200/1562: loss=0.942167 (50ms)
  step 300/1562: loss=0.915519 (49ms)
  step 400/1562: loss=0.999240 (47ms)
  step 500/1562: loss=1.153229 (48ms)
  step 600/1562: loss=1.023353 (53ms)
  step 700/1562: loss=1.039492 (47ms)
  step 800/1562: loss=0.853536 (48ms)
  step 900/1562: loss=0.950648 (47ms)
  step 1000/1562: loss=1.031388 (47ms)
  step 1100/1562: loss=0.807630 (51ms)
  step 1200/1562: loss=1.030690 (51ms)
  step 1300/1562: loss=0.911085 (53ms)
  step 1400/1562: loss=0.899213 (47ms)
  step 1500/1562: loss=0.941742 (47ms)
Epoch 14/30: loss=1.014346 lr=0.000665 (77533ms)
  step 0/1562: loss=1.009658 (62ms)
  step 1/1562: loss=0.917256 (48ms)
  step 2/1562: loss=1.036121 (49ms)
  step 100/1562: loss=0.913965 (50ms)
  step 200/1562: loss=1.049199 (52ms)
  step 300/1562: loss=1.083122 (46ms)
  step 400/1562: loss=1.085113 (50ms)
  step 500/1562: loss=0.796157 (46ms)
  step 600/1562: loss=1.017606 (49ms)
  step 700/1562: loss=1.023883 (50ms)
  step 800/1562: loss=0.984809 (49ms)
  step 900/1562: loss=0.788511 (48ms)
  step 1000/1562: loss=1.036175 (47ms)
  step 1100/1562: loss=1.034306 (49ms)
  step 1200/1562: loss=1.013515 (51ms)
  step 1300/1562: loss=1.106026 (51ms)
  step 1400/1562: loss=1.143258 (45ms)
  step 1500/1562: loss=0.921589 (48ms)
Epoch 15/30: loss=0.994209 lr=0.000611 (77285ms)
  step 0/1562: loss=0.821834 (60ms)
  step 1/1562: loss=0.938838 (52ms)
  step 2/1562: loss=0.859318 (52ms)
  step 100/1562: loss=1.176841 (47ms)
  step 200/1562: loss=1.101145 (48ms)
  step 300/1562: loss=1.041484 (51ms)
  step 400/1562: loss=0.944581 (49ms)
  step 500/1562: loss=1.008294 (52ms)
  step 600/1562: loss=1.152535 (53ms)
  step 700/1562: loss=0.979012 (50ms)
  step 800/1562: loss=1.020255 (56ms)
  step 900/1562: loss=1.041185 (49ms)
  step 1000/1562: loss=0.827278 (51ms)
  step 1100/1562: loss=1.080023 (50ms)
  step 1200/1562: loss=1.164696 (46ms)
  step 1300/1562: loss=1.159303 (50ms)
  step 1400/1562: loss=0.945266 (46ms)
  step 1500/1562: loss=1.100551 (46ms)
Epoch 16/30: loss=0.982322 lr=0.000556 (77305ms)
  step 0/1562: loss=0.830200 (62ms)
  step 1/1562: loss=0.827979 (55ms)
  step 2/1562: loss=0.930355 (51ms)
  step 100/1562: loss=0.823084 (51ms)
  step 200/1562: loss=0.953498 (52ms)
  step 300/1562: loss=0.959033 (46ms)
  step 400/1562: loss=1.035597 (50ms)
  step 500/1562: loss=1.034267 (46ms)
  step 600/1562: loss=1.025443 (45ms)
  step 700/1562: loss=0.958469 (50ms)
  step 800/1562: loss=0.999126 (46ms)
  step 900/1562: loss=0.959303 (46ms)
  step 1000/1562: loss=1.114444 (46ms)
  step 1100/1562: loss=0.810174 (49ms)
  step 1200/1562: loss=1.118398 (49ms)
  step 1300/1562: loss=0.909188 (51ms)
  step 1400/1562: loss=0.867727 (50ms)
  step 1500/1562: loss=0.929184 (47ms)
Epoch 17/30: loss=0.962989 lr=0.000500 (77740ms)
  step 0/1562: loss=0.857998 (57ms)
  step 1/1562: loss=0.964991 (52ms)
  step 2/1562: loss=0.791074 (48ms)
  step 100/1562: loss=0.882868 (46ms)
  step 200/1562: loss=0.735441 (50ms)
  step 300/1562: loss=0.943824 (50ms)
  step 400/1562: loss=0.924331 (47ms)
  step 500/1562: loss=0.974811 (48ms)
  step 600/1562: loss=1.008595 (49ms)
  step 700/1562: loss=0.823261 (51ms)
  step 800/1562: loss=0.902591 (50ms)
  step 900/1562: loss=0.743729 (49ms)
  step 1000/1562: loss=1.006605 (50ms)
  step 1100/1562: loss=1.154456 (49ms)
  step 1200/1562: loss=0.988018 (47ms)
  step 1300/1562: loss=0.914237 (50ms)
  step 1400/1562: loss=0.940809 (51ms)
  step 1500/1562: loss=0.979835 (47ms)
Epoch 18/30: loss=0.949440 lr=0.000444 (77652ms)
  step 0/1562: loss=1.002314 (61ms)
  step 1/1562: loss=0.772096 (57ms)
  step 2/1562: loss=1.038214 (52ms)
  step 100/1562: loss=1.076307 (46ms)
  step 200/1562: loss=0.823410 (50ms)
  step 300/1562: loss=0.935543 (46ms)
  step 400/1562: loss=0.982634 (49ms)
  step 500/1562: loss=0.927500 (52ms)
  step 600/1562: loss=0.859882 (49ms)
  step 700/1562: loss=0.933792 (51ms)
  step 800/1562: loss=0.849760 (50ms)
  step 900/1562: loss=0.868641 (51ms)
  step 1000/1562: loss=0.902264 (51ms)
  step 1100/1562: loss=0.717438 (48ms)
  step 1200/1562: loss=0.962195 (51ms)
  step 1300/1562: loss=1.013831 (51ms)
  step 1400/1562: loss=0.906929 (55ms)
  step 1500/1562: loss=0.780695 (52ms)
Epoch 19/30: loss=0.936983 lr=0.000389 (77614ms)
  step 0/1562: loss=0.892360 (59ms)
  step 1/1562: loss=1.062153 (55ms)
  step 2/1562: loss=0.870103 (52ms)
  step 100/1562: loss=1.000005 (50ms)
  step 200/1562: loss=0.956430 (47ms)
  step 300/1562: loss=0.823269 (50ms)
  step 400/1562: loss=1.008677 (51ms)
  step 500/1562: loss=0.945209 (52ms)
  step 600/1562: loss=1.102273 (52ms)
  step 700/1562: loss=0.921763 (45ms)
  step 800/1562: loss=0.734895 (50ms)
  step 900/1562: loss=1.008458 (50ms)
  step 1000/1562: loss=1.225486 (44ms)
  step 1100/1562: loss=0.866517 (49ms)
  step 1200/1562: loss=0.914031 (50ms)
  step 1300/1562: loss=1.083490 (51ms)
  step 1400/1562: loss=0.766510 (50ms)
  step 1500/1562: loss=0.884181 (50ms)
Epoch 20/30: loss=0.924241 lr=0.000335 (77510ms)
  val accuracy (running BN): 7722/9984 = 77.343750%
  step 0/1562: loss=0.830288 (60ms)
  step 1/1562: loss=0.812126 (50ms)
  step 2/1562: loss=0.918801 (50ms)
  step 100/1562: loss=0.881578 (45ms)
  step 200/1562: loss=0.879978 (49ms)
  step 300/1562: loss=0.783287 (48ms)
  step 400/1562: loss=0.863899 (49ms)
  step 500/1562: loss=0.895642 (50ms)
  step 600/1562: loss=0.922729 (48ms)
  step 700/1562: loss=0.827957 (48ms)
  step 800/1562: loss=0.891546 (50ms)
  step 900/1562: loss=1.033551 (52ms)
  step 1000/1562: loss=0.907674 (49ms)
  step 1100/1562: loss=1.044136 (50ms)
  step 1200/1562: loss=0.703273 (50ms)
  step 1300/1562: loss=0.905546 (55ms)
  step 1400/1562: loss=0.986093 (47ms)
  step 1500/1562: loss=1.016941 (45ms)
Epoch 21/30: loss=0.913070 lr=0.000283 (77465ms)
  step 0/1562: loss=0.926339 (55ms)
  step 1/1562: loss=0.882370 (50ms)
  step 2/1562: loss=0.823614 (50ms)
  step 100/1562: loss=0.842269 (51ms)
  step 200/1562: loss=0.892371 (52ms)
  step 300/1562: loss=0.944902 (49ms)
  step 400/1562: loss=0.944049 (49ms)
  step 500/1562: loss=1.067209 (50ms)
  step 600/1562: loss=1.133840 (50ms)
  step 700/1562: loss=0.761940 (51ms)
  step 800/1562: loss=0.819622 (48ms)
  step 900/1562: loss=0.915297 (47ms)
  step 1000/1562: loss=0.872921 (46ms)
  step 1100/1562: loss=0.900346 (46ms)
  step 1200/1562: loss=0.773075 (51ms)
  step 1300/1562: loss=1.049648 (47ms)
  step 1400/1562: loss=1.017777 (51ms)
  step 1500/1562: loss=1.022329 (46ms)
Epoch 22/30: loss=0.900981 lr=0.000234 (77598ms)
  step 0/1562: loss=0.867318 (56ms)
  step 1/1562: loss=0.802427 (51ms)
  step 2/1562: loss=0.850736 (46ms)
  step 100/1562: loss=0.883807 (49ms)
  step 200/1562: loss=0.872291 (46ms)
  step 300/1562: loss=0.850088 (50ms)
  step 400/1562: loss=0.822794 (50ms)
  step 500/1562: loss=0.919993 (51ms)
  step 600/1562: loss=0.928428 (49ms)
  step 700/1562: loss=1.212107 (52ms)
  step 800/1562: loss=0.848606 (50ms)
  step 900/1562: loss=0.955162 (50ms)
  step 1000/1562: loss=1.075575 (49ms)
  step 1100/1562: loss=1.140274 (52ms)
  step 1200/1562: loss=0.878517 (49ms)
  step 1300/1562: loss=0.962108 (51ms)
  step 1400/1562: loss=0.775432 (52ms)
  step 1500/1562: loss=0.796009 (49ms)
Epoch 23/30: loss=0.892695 lr=0.000188 (77393ms)
  step 0/1562: loss=0.798671 (60ms)
  step 1/1562: loss=0.967487 (53ms)
  step 2/1562: loss=0.832804 (54ms)
  step 100/1562: loss=0.935156 (51ms)
  step 200/1562: loss=0.863907 (51ms)
  step 300/1562: loss=0.751002 (47ms)
  step 400/1562: loss=0.764504 (45ms)
  step 500/1562: loss=0.854664 (51ms)
  step 600/1562: loss=0.873241 (48ms)
  step 700/1562: loss=0.920363 (54ms)
  step 800/1562: loss=0.813465 (47ms)
  step 900/1562: loss=0.935084 (50ms)
  step 1000/1562: loss=0.757318 (53ms)
  step 1100/1562: loss=0.875100 (54ms)
  step 1200/1562: loss=1.060702 (51ms)
  step 1300/1562: loss=1.042726 (50ms)
  step 1400/1562: loss=0.942934 (46ms)
  step 1500/1562: loss=0.787240 (50ms)
Epoch 24/30: loss=0.885518 lr=0.000146 (77228ms)
  step 0/1562: loss=0.810003 (61ms)
  step 1/1562: loss=0.921899 (56ms)
  step 2/1562: loss=0.734089 (51ms)
  step 100/1562: loss=0.870655 (51ms)
  step 200/1562: loss=0.801059 (47ms)
  step 300/1562: loss=1.050667 (50ms)
  step 400/1562: loss=0.772362 (52ms)
  step 500/1562: loss=0.905573 (54ms)
  step 600/1562: loss=0.817230 (46ms)
  step 700/1562: loss=1.096813 (50ms)
  step 800/1562: loss=0.922343 (49ms)
  step 900/1562: loss=0.856020 (47ms)
  step 1000/1562: loss=0.847157 (51ms)
  step 1100/1562: loss=0.994552 (51ms)
  step 1200/1562: loss=0.732953 (46ms)
  step 1300/1562: loss=0.838723 (49ms)
  step 1400/1562: loss=0.737076 (50ms)
  step 1500/1562: loss=0.769916 (50ms)
Epoch 25/30: loss=0.875754 lr=0.000109 (77166ms)
  step 0/1562: loss=0.780984 (56ms)
  step 1/1562: loss=0.726087 (48ms)
  step 2/1562: loss=1.009289 (45ms)
  step 100/1562: loss=0.799079 (51ms)
  step 200/1562: loss=0.958744 (45ms)
  step 300/1562: loss=0.839274 (46ms)
  step 400/1562: loss=0.947348 (52ms)
  step 500/1562: loss=0.835091 (49ms)
  step 600/1562: loss=0.742556 (51ms)
  step 700/1562: loss=0.899429 (46ms)
  step 800/1562: loss=0.839296 (51ms)
  step 900/1562: loss=0.806254 (50ms)
  step 1000/1562: loss=0.814578 (45ms)
  step 1100/1562: loss=0.932325 (46ms)
  step 1200/1562: loss=0.795823 (46ms)
  step 1300/1562: loss=0.816205 (50ms)
  step 1400/1562: loss=0.863448 (50ms)
  step 1500/1562: loss=0.831725 (51ms)
Epoch 26/30: loss=0.869543 lr=0.000077 (77196ms)
  step 0/1562: loss=0.668692 (56ms)
  step 1/1562: loss=0.814751 (50ms)
  step 2/1562: loss=0.941876 (48ms)
  step 100/1562: loss=0.785311 (46ms)
  step 200/1562: loss=0.821778 (49ms)
  step 300/1562: loss=0.880159 (49ms)
  step 400/1562: loss=0.955545 (47ms)
  step 500/1562: loss=0.849274 (51ms)
  step 600/1562: loss=0.913081 (45ms)
  step 700/1562: loss=0.870301 (50ms)
  step 800/1562: loss=0.875340 (51ms)
  step 900/1562: loss=0.821160 (52ms)
  step 1000/1562: loss=0.954293 (50ms)
  step 1100/1562: loss=0.850533 (54ms)
  step 1200/1562: loss=0.679970 (49ms)
  step 1300/1562: loss=0.909735 (49ms)
  step 1400/1562: loss=0.937078 (53ms)
  step 1500/1562: loss=0.887112 (47ms)
Epoch 27/30: loss=0.868260 lr=0.000050 (77475ms)
  step 0/1562: loss=0.862487 (62ms)
  step 1/1562: loss=0.780072 (53ms)
  step 2/1562: loss=0.893768 (51ms)
  step 100/1562: loss=0.727054 (51ms)
  step 200/1562: loss=0.892817 (45ms)
  step 300/1562: loss=0.869139 (54ms)
  step 400/1562: loss=0.812376 (48ms)
  step 500/1562: loss=0.797187 (48ms)
  step 600/1562: loss=0.751486 (46ms)
  step 700/1562: loss=0.836785 (45ms)
  step 800/1562: loss=0.794853 (48ms)
  step 900/1562: loss=0.842157 (47ms)
  step 1000/1562: loss=0.845585 (45ms)
  step 1100/1562: loss=0.742238 (51ms)
  step 1200/1562: loss=1.002833 (47ms)
  step 1300/1562: loss=0.821963 (50ms)
  step 1400/1562: loss=0.764168 (45ms)
  step 1500/1562: loss=0.831952 (49ms)
Epoch 28/30: loss=0.861736 lr=0.000028 (77567ms)
  step 0/1562: loss=0.979364 (56ms)
  step 1/1562: loss=0.774742 (49ms)
  step 2/1562: loss=0.956690 (50ms)
  step 100/1562: loss=0.902376 (51ms)
  step 200/1562: loss=0.829566 (49ms)
  step 300/1562: loss=0.817703 (46ms)
  step 400/1562: loss=0.913541 (53ms)
  step 500/1562: loss=0.936846 (51ms)
  step 600/1562: loss=0.970518 (51ms)
  step 700/1562: loss=0.826230 (50ms)
  step 800/1562: loss=0.761163 (45ms)
  step 900/1562: loss=0.974085 (46ms)
  step 1000/1562: loss=0.909507 (50ms)
  step 1100/1562: loss=0.869257 (51ms)
  step 1200/1562: loss=0.787022 (53ms)
  step 1300/1562: loss=0.801389 (52ms)
  step 1400/1562: loss=1.039638 (46ms)
  step 1500/1562: loss=0.841222 (46ms)
Epoch 29/30: loss=0.860527 lr=0.000013 (77347ms)
  step 0/1562: loss=0.773713 (61ms)
  step 1/1562: loss=0.725616 (56ms)
  step 2/1562: loss=0.835762 (53ms)
  step 100/1562: loss=0.844407 (49ms)
  step 200/1562: loss=0.770852 (50ms)
  step 300/1562: loss=0.936186 (46ms)
  step 400/1562: loss=0.692154 (49ms)
  step 500/1562: loss=0.883350 (45ms)
  step 600/1562: loss=0.994513 (50ms)
  step 700/1562: loss=0.893764 (49ms)
  step 800/1562: loss=1.010527 (49ms)
  step 900/1562: loss=0.774978 (46ms)
  step 1000/1562: loss=0.919277 (46ms)
  step 1100/1562: loss=0.775612 (47ms)
  step 1200/1562: loss=0.817989 (52ms)
  step 1300/1562: loss=0.825451 (49ms)
  step 1400/1562: loss=0.870780 (47ms)
  step 1500/1562: loss=0.719989 (50ms)
Epoch 30/30: loss=0.860164 lr=0.000003 (77586ms)
  val accuracy (running BN): 7805/9984 = 78.175080%
Saved params + BN stats.
