Ablation: convnext-mini-gelu
  spec: ConvNeXt-Mini-GELU, optimizer: Adam
  lr: 0.001000, cosine: true, wd: 0.000100
  aug: true, label_smooth: 0.100000
ConvNeXt-Mini-GELU-convnext-mini-gelu: 102474 params
Generating train step MLIR...
  197196 chars
Compiling vmfbs...
  forward compiled
  eval forward compiled
  train step compiled
  session loaded
  train: 50000 images (3072 floats/image)
  102474 params + m + v (1 MB)
training: 1562 batches/epoch, batch=32, Adam, lr=0.001000, cosine warmup=2, label_smooth=0.100000, wd=0.000100
  BN layers: 1, BN stat floats: 64
  step 0/1562: loss=2.819776 (61ms)
  step 1/1562: loss=3.121347 (45ms)
  step 2/1562: loss=2.635809 (44ms)
  step 100/1562: loss=2.181499 (45ms)
  step 200/1562: loss=2.038625 (44ms)
  step 300/1562: loss=1.981163 (42ms)
  step 400/1562: loss=2.061636 (43ms)
  step 500/1562: loss=1.770977 (43ms)
  step 600/1562: loss=1.695912 (46ms)
  step 700/1562: loss=1.922336 (46ms)
  step 800/1562: loss=1.882396 (44ms)
  step 900/1562: loss=1.631461 (40ms)
  step 1000/1562: loss=1.521602 (46ms)
  step 1100/1562: loss=1.690144 (44ms)
  step 1200/1562: loss=1.811709 (45ms)
  step 1300/1562: loss=1.555332 (44ms)
  step 1400/1562: loss=1.287763 (42ms)
  step 1500/1562: loss=1.570882 (43ms)
Epoch 1/30: loss=1.814049 lr=0.000500 (69386ms)
  step 0/1562: loss=1.720733 (50ms)
  step 1/1562: loss=1.711574 (44ms)
  step 2/1562: loss=1.615936 (44ms)
  step 100/1562: loss=1.699081 (41ms)
  step 200/1562: loss=1.603036 (44ms)
  step 300/1562: loss=1.342716 (45ms)
  step 400/1562: loss=1.413935 (43ms)
  step 500/1562: loss=1.601328 (43ms)
  step 600/1562: loss=1.444082 (46ms)
  step 700/1562: loss=1.579684 (44ms)
  step 800/1562: loss=1.444421 (41ms)
  step 900/1562: loss=1.306782 (45ms)
  step 1000/1562: loss=1.333316 (45ms)
  step 1100/1562: loss=1.564308 (44ms)
  step 1200/1562: loss=1.517517 (44ms)
  step 1300/1562: loss=1.529679 (44ms)
  step 1400/1562: loss=1.561773 (43ms)
  step 1500/1562: loss=1.202531 (43ms)
Epoch 2/30: loss=1.558613 lr=0.001000 (69447ms)
  step 0/1562: loss=1.424608 (49ms)
  step 1/1562: loss=1.536811 (45ms)
  step 2/1562: loss=1.249460 (47ms)
  step 100/1562: loss=1.486758 (48ms)
  step 200/1562: loss=1.343985 (46ms)
  step 300/1562: loss=1.354593 (44ms)
  step 400/1562: loss=1.287691 (42ms)
  step 500/1562: loss=1.380892 (42ms)
  step 600/1562: loss=1.424313 (44ms)
  step 700/1562: loss=1.316442 (44ms)
  step 800/1562: loss=1.285638 (46ms)
  step 900/1562: loss=1.384446 (41ms)
  step 1000/1562: loss=1.369372 (45ms)
  step 1100/1562: loss=1.711359 (45ms)
  step 1200/1562: loss=1.359525 (43ms)
  step 1300/1562: loss=1.163311 (44ms)
  step 1400/1562: loss=1.396754 (44ms)
  step 1500/1562: loss=1.280727 (43ms)
Epoch 3/30: loss=1.412082 lr=0.001000 (69657ms)
  step 0/1562: loss=1.219094 (54ms)
  step 1/1562: loss=1.530095 (50ms)
  step 2/1562: loss=1.581511 (47ms)
  step 100/1562: loss=1.217681 (45ms)
  step 200/1562: loss=1.250201 (48ms)
  step 300/1562: loss=1.158755 (46ms)
  step 400/1562: loss=1.170988 (40ms)
  step 500/1562: loss=1.479973 (40ms)
  step 600/1562: loss=1.666614 (41ms)
  step 700/1562: loss=1.280067 (43ms)
  step 800/1562: loss=1.225944 (40ms)
  step 900/1562: loss=1.396323 (40ms)
  step 1000/1562: loss=1.358706 (41ms)
  step 1100/1562: loss=1.210804 (47ms)
  step 1200/1562: loss=1.400029 (39ms)
  step 1300/1562: loss=1.120819 (45ms)
  step 1400/1562: loss=1.194741 (43ms)
  step 1500/1562: loss=1.293193 (48ms)
Epoch 4/30: loss=1.328612 lr=0.000997 (69776ms)
  step 0/1562: loss=1.197875 (52ms)
  step 1/1562: loss=1.234405 (48ms)
  step 2/1562: loss=1.084133 (44ms)
  step 100/1562: loss=1.264220 (45ms)
  step 200/1562: loss=1.218858 (42ms)
  step 300/1562: loss=1.139729 (47ms)
  step 400/1562: loss=1.121348 (43ms)
  step 500/1562: loss=1.320888 (43ms)
  step 600/1562: loss=1.320041 (45ms)
  step 700/1562: loss=1.433353 (44ms)
  step 800/1562: loss=1.196793 (46ms)
  step 900/1562: loss=1.262308 (47ms)
  step 1000/1562: loss=1.188159 (45ms)
  step 1100/1562: loss=1.299298 (45ms)
  step 1200/1562: loss=1.292141 (44ms)
  step 1300/1562: loss=1.096682 (41ms)
  step 1400/1562: loss=1.571811 (45ms)
  step 1500/1562: loss=1.365524 (48ms)
Epoch 5/30: loss=1.274898 lr=0.000987 (69440ms)
  step 0/1562: loss=1.364172 (52ms)
  step 1/1562: loss=1.200352 (44ms)
  step 2/1562: loss=1.220072 (47ms)
  step 100/1562: loss=1.237808 (46ms)
  step 200/1562: loss=1.230722 (48ms)
  step 300/1562: loss=1.195939 (40ms)
  step 400/1562: loss=1.097910 (40ms)
  step 500/1562: loss=1.205453 (43ms)
  step 600/1562: loss=1.321604 (43ms)
  step 700/1562: loss=1.332777 (45ms)
  step 800/1562: loss=1.260677 (40ms)
  step 900/1562: loss=1.515078 (47ms)
  step 1000/1562: loss=1.104765 (46ms)
  step 1100/1562: loss=1.518732 (47ms)
  step 1200/1562: loss=1.143655 (47ms)
  step 1300/1562: loss=1.310652 (48ms)
  step 1400/1562: loss=1.042494 (43ms)
  step 1500/1562: loss=1.261322 (45ms)
Epoch 6/30: loss=1.222464 lr=0.000972 (69838ms)
  step 0/1562: loss=1.241745 (55ms)
  step 1/1562: loss=1.306785 (50ms)
  step 2/1562: loss=1.165633 (48ms)
  step 100/1562: loss=1.088636 (46ms)
  step 200/1562: loss=0.994616 (46ms)
  step 300/1562: loss=1.448938 (39ms)
  step 400/1562: loss=1.159007 (41ms)
  step 500/1562: loss=1.367065 (50ms)
  step 600/1562: loss=1.151381 (44ms)
  step 700/1562: loss=1.185957 (49ms)
  step 800/1562: loss=1.056845 (46ms)
  step 900/1562: loss=1.143592 (44ms)
  step 1000/1562: loss=0.964820 (41ms)
  step 1100/1562: loss=1.107249 (41ms)
  step 1200/1562: loss=1.361556 (41ms)
  step 1300/1562: loss=1.145314 (44ms)
  step 1400/1562: loss=0.947524 (48ms)
  step 1500/1562: loss=1.391448 (46ms)
Epoch 7/30: loss=1.182751 lr=0.000950 (69881ms)
  step 0/1562: loss=0.951114 (49ms)
  step 1/1562: loss=1.079240 (43ms)
  step 2/1562: loss=1.351680 (41ms)
  step 100/1562: loss=0.977091 (44ms)
  step 200/1562: loss=1.153697 (44ms)
  step 300/1562: loss=1.160074 (41ms)
  step 400/1562: loss=1.040035 (45ms)
  step 500/1562: loss=1.252971 (48ms)
  step 600/1562: loss=1.127543 (44ms)
  step 700/1562: loss=1.046734 (43ms)
  step 800/1562: loss=1.059435 (46ms)
  step 900/1562: loss=1.325780 (43ms)
  step 1000/1562: loss=1.055592 (41ms)
  step 1100/1562: loss=1.184045 (48ms)
  step 1200/1562: loss=1.224966 (46ms)
  step 1300/1562: loss=1.316224 (43ms)
  step 1400/1562: loss=1.315113 (40ms)
  step 1500/1562: loss=0.992824 (44ms)
Epoch 8/30: loss=1.148737 lr=0.000923 (69838ms)
  step 0/1562: loss=0.954657 (55ms)
  step 1/1562: loss=1.056297 (47ms)
  step 2/1562: loss=1.222320 (47ms)
  step 100/1562: loss=1.525143 (43ms)
  step 200/1562: loss=1.080609 (45ms)
  step 300/1562: loss=1.090259 (44ms)
  step 400/1562: loss=0.874761 (46ms)
  step 500/1562: loss=1.207441 (44ms)
  step 600/1562: loss=1.284376 (40ms)
  step 700/1562: loss=1.173084 (42ms)
  step 800/1562: loss=1.125457 (44ms)
  step 900/1562: loss=1.156021 (43ms)
  step 1000/1562: loss=1.296837 (40ms)
  step 1100/1562: loss=0.895963 (48ms)
  step 1200/1562: loss=1.078164 (45ms)
  step 1300/1562: loss=1.478335 (48ms)
  step 1400/1562: loss=0.924446 (46ms)
  step 1500/1562: loss=1.154665 (42ms)
Epoch 9/30: loss=1.116799 lr=0.000891 (69603ms)
  step 0/1562: loss=0.885289 (54ms)
  step 1/1562: loss=1.183707 (51ms)
  step 2/1562: loss=1.252632 (50ms)
  step 100/1562: loss=1.231818 (43ms)
  step 200/1562: loss=0.968317 (45ms)
  step 300/1562: loss=1.102455 (46ms)
  step 400/1562: loss=1.296938 (46ms)
  step 500/1562: loss=1.051366 (45ms)
  step 600/1562: loss=1.171083 (44ms)
  step 700/1562: loss=1.332043 (40ms)
  step 800/1562: loss=1.353108 (43ms)
  step 900/1562: loss=0.999053 (43ms)
  step 1000/1562: loss=0.904678 (41ms)
  step 1100/1562: loss=1.182125 (44ms)
  step 1200/1562: loss=1.168312 (44ms)
  step 1300/1562: loss=1.052451 (44ms)
  step 1400/1562: loss=1.012434 (41ms)
  step 1500/1562: loss=1.184851 (48ms)
Epoch 10/30: loss=1.090440 lr=0.000854 (69091ms)
  val accuracy (running BN): 7209/9984 = 72.205529%
  step 0/1562: loss=0.972268 (54ms)
  step 1/1562: loss=1.164328 (47ms)
  step 2/1562: loss=0.943246 (49ms)
  step 100/1562: loss=1.372675 (43ms)
  step 200/1562: loss=1.164801 (45ms)
  step 300/1562: loss=1.069351 (40ms)
  step 400/1562: loss=0.884058 (46ms)
  step 500/1562: loss=0.837044 (41ms)
  step 600/1562: loss=0.928101 (43ms)
  step 700/1562: loss=1.277545 (44ms)
  step 800/1562: loss=0.860804 (44ms)
  step 900/1562: loss=1.316268 (43ms)
  step 1000/1562: loss=0.950756 (40ms)
  step 1100/1562: loss=0.982406 (46ms)
  step 1200/1562: loss=1.103945 (40ms)
  step 1300/1562: loss=1.128739 (47ms)
  step 1400/1562: loss=1.165656 (47ms)
  step 1500/1562: loss=1.062331 (45ms)
Epoch 11/30: loss=1.062689 lr=0.000812 (69242ms)
  step 0/1562: loss=1.157650 (53ms)
  step 1/1562: loss=1.036319 (49ms)
  step 2/1562: loss=0.983245 (47ms)
  step 100/1562: loss=0.889772 (41ms)
  step 200/1562: loss=0.797400 (40ms)
  step 300/1562: loss=1.088583 (43ms)
  step 400/1562: loss=1.000095 (43ms)
  step 500/1562: loss=0.898775 (47ms)
  step 600/1562: loss=1.185753 (44ms)
  step 700/1562: loss=1.012504 (42ms)
  step 800/1562: loss=1.028475 (46ms)
  step 900/1562: loss=0.973451 (44ms)
  step 1000/1562: loss=0.846621 (40ms)
  step 1100/1562: loss=1.037915 (41ms)
  step 1200/1562: loss=0.999253 (47ms)
  step 1300/1562: loss=1.006793 (44ms)
  step 1400/1562: loss=1.376884 (45ms)
  step 1500/1562: loss=0.943240 (44ms)
Epoch 12/30: loss=1.037716 lr=0.000766 (69458ms)
  step 0/1562: loss=1.059698 (52ms)
  step 1/1562: loss=0.983595 (52ms)
  step 2/1562: loss=1.197925 (49ms)
  step 100/1562: loss=1.057585 (43ms)
  step 200/1562: loss=0.915994 (41ms)
  step 300/1562: loss=1.015931 (45ms)
  step 400/1562: loss=0.996153 (44ms)
  step 500/1562: loss=1.014590 (43ms)
  step 600/1562: loss=0.959712 (44ms)
  step 700/1562: loss=1.062935 (44ms)
  step 800/1562: loss=1.031593 (43ms)
  step 900/1562: loss=1.037894 (45ms)
  step 1000/1562: loss=1.045316 (41ms)
  step 1100/1562: loss=0.990884 (43ms)
  step 1200/1562: loss=1.053619 (47ms)
  step 1300/1562: loss=1.151783 (41ms)
  step 1400/1562: loss=1.067746 (45ms)
  step 1500/1562: loss=0.919935 (41ms)
Epoch 13/30: loss=1.014288 lr=0.000717 (69410ms)
  step 0/1562: loss=0.841495 (54ms)
  step 1/1562: loss=0.985417 (49ms)
  step 2/1562: loss=1.050192 (47ms)
  step 100/1562: loss=0.702461 (43ms)
  step 200/1562: loss=0.971534 (45ms)
  step 300/1562: loss=0.966434 (44ms)
  step 400/1562: loss=1.066741 (46ms)
  step 500/1562: loss=0.987095 (41ms)
  step 600/1562: loss=0.977000 (44ms)
  step 700/1562: loss=1.007342 (43ms)
  step 800/1562: loss=0.902048 (47ms)
  step 900/1562: loss=0.903523 (44ms)
  step 1000/1562: loss=0.915861 (42ms)
  step 1100/1562: loss=0.887011 (41ms)
  step 1200/1562: loss=0.949571 (44ms)
  step 1300/1562: loss=0.966887 (42ms)
  step 1400/1562: loss=0.878268 (43ms)
  step 1500/1562: loss=0.903638 (43ms)
Epoch 14/30: loss=0.994012 lr=0.000665 (69322ms)
  step 0/1562: loss=0.865833 (52ms)
  step 1/1562: loss=1.032137 (49ms)
  step 2/1562: loss=0.937491 (47ms)
  step 100/1562: loss=0.919340 (45ms)
  step 200/1562: loss=0.993551 (46ms)
  step 300/1562: loss=0.983667 (43ms)
  step 400/1562: loss=0.987236 (44ms)
  step 500/1562: loss=0.852652 (44ms)
  step 600/1562: loss=0.846820 (41ms)
  step 700/1562: loss=0.880841 (41ms)
  step 800/1562: loss=0.937572 (45ms)
  step 900/1562: loss=0.858895 (44ms)
  step 1000/1562: loss=1.100981 (46ms)
  step 1100/1562: loss=1.077728 (45ms)
  step 1200/1562: loss=0.971664 (45ms)
  step 1300/1562: loss=1.272572 (45ms)
  step 1400/1562: loss=1.189655 (45ms)
  step 1500/1562: loss=0.866965 (48ms)
Epoch 15/30: loss=0.973276 lr=0.000611 (69499ms)
  step 0/1562: loss=0.779352 (52ms)
  step 1/1562: loss=0.910354 (47ms)
  step 2/1562: loss=0.796770 (45ms)
  step 100/1562: loss=1.144352 (40ms)
  step 200/1562: loss=1.245376 (45ms)
  step 300/1562: loss=0.852226 (43ms)
  step 400/1562: loss=0.884386 (43ms)
  step 500/1562: loss=1.291314 (43ms)
  step 600/1562: loss=1.038882 (44ms)
  step 700/1562: loss=1.086259 (46ms)
  step 800/1562: loss=0.899519 (47ms)
  step 900/1562: loss=1.124188 (46ms)
  step 1000/1562: loss=0.860852 (45ms)
  step 1100/1562: loss=0.960262 (42ms)
  step 1200/1562: loss=1.171739 (40ms)
  step 1300/1562: loss=0.930038 (47ms)
  step 1400/1562: loss=0.959516 (45ms)
  step 1500/1562: loss=1.167819 (49ms)
Epoch 16/30: loss=0.954701 lr=0.000556 (69420ms)
  step 0/1562: loss=0.943510 (52ms)
  step 1/1562: loss=0.884609 (47ms)
  step 2/1562: loss=0.861185 (47ms)
  step 100/1562: loss=0.830495 (48ms)
  step 200/1562: loss=0.985175 (41ms)
  step 300/1562: loss=0.801070 (46ms)
  step 400/1562: loss=1.022010 (43ms)
  step 500/1562: loss=0.973830 (44ms)
  step 600/1562: loss=1.091060 (44ms)
  step 700/1562: loss=0.932591 (45ms)
  step 800/1562: loss=0.944173 (46ms)
  step 900/1562: loss=0.910836 (41ms)
  step 1000/1562: loss=1.176120 (41ms)
  step 1100/1562: loss=0.810099 (43ms)
  step 1200/1562: loss=1.029727 (44ms)
  step 1300/1562: loss=0.729223 (44ms)
  step 1400/1562: loss=0.878067 (46ms)
  step 1500/1562: loss=0.792106 (41ms)
Epoch 17/30: loss=0.935898 lr=0.000500 (69494ms)
  step 0/1562: loss=0.947388 (50ms)
  step 1/1562: loss=0.922493 (44ms)
  step 2/1562: loss=0.877335 (41ms)
  step 100/1562: loss=0.887402 (42ms)
  step 200/1562: loss=0.796886 (40ms)
  step 300/1562: loss=0.887398 (45ms)
  step 400/1562: loss=0.938517 (45ms)
  step 500/1562: loss=0.996711 (47ms)
  step 600/1562: loss=1.082783 (45ms)
  step 700/1562: loss=0.735916 (42ms)
  step 800/1562: loss=0.876838 (43ms)
  step 900/1562: loss=0.769732 (41ms)
  step 1000/1562: loss=0.908279 (43ms)
  step 1100/1562: loss=1.058483 (44ms)
  step 1200/1562: loss=0.926330 (44ms)
  step 1300/1562: loss=0.827175 (46ms)
  step 1400/1562: loss=0.889701 (43ms)
  step 1500/1562: loss=1.003194 (47ms)
Epoch 18/30: loss=0.919504 lr=0.000444 (69454ms)
  step 0/1562: loss=0.936005 (56ms)
  step 1/1562: loss=0.784042 (48ms)
  step 2/1562: loss=1.137631 (45ms)
  step 100/1562: loss=0.922294 (44ms)
  step 200/1562: loss=0.781051 (45ms)
  step 300/1562: loss=0.815239 (43ms)
  step 400/1562: loss=0.971824 (43ms)
  step 500/1562: loss=0.886119 (45ms)
  step 600/1562: loss=0.925266 (44ms)
  step 700/1562: loss=0.984259 (47ms)
  step 800/1562: loss=0.725777 (40ms)
  step 900/1562: loss=0.810011 (41ms)
  step 1000/1562: loss=1.063463 (45ms)
  step 1100/1562: loss=0.767652 (42ms)
  step 1200/1562: loss=0.976204 (46ms)
  step 1300/1562: loss=0.902173 (42ms)
  step 1400/1562: loss=0.871383 (47ms)
  step 1500/1562: loss=0.858388 (43ms)
Epoch 19/30: loss=0.902904 lr=0.000389 (69126ms)
  step 0/1562: loss=0.796861 (56ms)
  step 1/1562: loss=1.077278 (47ms)
  step 2/1562: loss=0.820829 (47ms)
  step 100/1562: loss=0.950524 (44ms)
  step 200/1562: loss=1.029577 (46ms)
  step 300/1562: loss=0.813962 (43ms)
  step 400/1562: loss=0.946223 (41ms)
  step 500/1562: loss=0.830034 (46ms)
  step 600/1562: loss=1.011765 (45ms)
  step 700/1562: loss=0.936897 (42ms)
  step 800/1562: loss=0.824344 (44ms)
  step 900/1562: loss=0.850978 (41ms)
  step 1000/1562: loss=1.062560 (47ms)
  step 1100/1562: loss=0.850230 (45ms)
  step 1200/1562: loss=0.821970 (41ms)
  step 1300/1562: loss=0.951314 (40ms)
  step 1400/1562: loss=0.832822 (41ms)
  step 1500/1562: loss=0.837464 (41ms)
Epoch 20/30: loss=0.887718 lr=0.000335 (69273ms)
  val accuracy (running BN): 7570/9984 = 75.821314%
  step 0/1562: loss=0.805574 (60ms)
  step 1/1562: loss=0.746138 (50ms)
  step 2/1562: loss=0.868702 (45ms)
  step 100/1562: loss=1.007299 (45ms)
  step 200/1562: loss=0.965718 (48ms)
  step 300/1562: loss=0.761344 (46ms)
  step 400/1562: loss=0.708311 (46ms)
  step 500/1562: loss=0.781837 (45ms)
  step 600/1562: loss=0.857655 (45ms)
  step 700/1562: loss=0.847600 (43ms)
  step 800/1562: loss=0.875176 (46ms)
  step 900/1562: loss=1.072428 (40ms)
  step 1000/1562: loss=0.801514 (44ms)
  step 1100/1562: loss=0.973264 (43ms)
  step 1200/1562: loss=0.704740 (42ms)
  step 1300/1562: loss=0.929375 (40ms)
  step 1400/1562: loss=1.215863 (45ms)
  step 1500/1562: loss=0.880239 (46ms)
Epoch 21/30: loss=0.875708 lr=0.000283 (69300ms)
  step 0/1562: loss=0.907201 (53ms)
  step 1/1562: loss=0.800538 (47ms)
  step 2/1562: loss=0.803630 (48ms)
  step 100/1562: loss=0.771814 (42ms)
  step 200/1562: loss=0.822023 (43ms)
  step 300/1562: loss=0.834291 (44ms)
  step 400/1562: loss=0.914271 (40ms)
  step 500/1562: loss=0.916827 (46ms)
  step 600/1562: loss=0.980341 (44ms)
  step 700/1562: loss=0.775621 (44ms)
  step 800/1562: loss=0.905907 (46ms)
  step 900/1562: loss=0.866381 (45ms)
  step 1000/1562: loss=0.847600 (44ms)
  step 1100/1562: loss=0.778359 (40ms)
  step 1200/1562: loss=0.815018 (42ms)
  step 1300/1562: loss=1.003731 (43ms)
  step 1400/1562: loss=0.907877 (46ms)
  step 1500/1562: loss=1.167351 (47ms)
Epoch 22/30: loss=0.861263 lr=0.000234 (69315ms)
  step 0/1562: loss=0.898815 (51ms)
  step 1/1562: loss=0.771637 (51ms)
  step 2/1562: loss=0.973487 (47ms)
  step 100/1562: loss=0.826947 (44ms)
  step 200/1562: loss=0.766052 (45ms)
  step 300/1562: loss=0.860286 (42ms)
  step 400/1562: loss=0.738225 (45ms)
  step 500/1562: loss=0.960561 (42ms)
  step 600/1562: loss=0.799379 (48ms)
  step 700/1562: loss=1.065116 (45ms)
  step 800/1562: loss=0.900373 (45ms)
  step 900/1562: loss=0.981513 (44ms)
  step 1000/1562: loss=0.992020 (42ms)
  step 1100/1562: loss=0.909902 (45ms)
  step 1200/1562: loss=0.798729 (47ms)
  step 1300/1562: loss=0.905812 (46ms)
  step 1400/1562: loss=0.760875 (46ms)
  step 1500/1562: loss=0.868353 (43ms)
Epoch 23/30: loss=0.853517 lr=0.000188 (69147ms)
  step 0/1562: loss=0.843641 (49ms)
  step 1/1562: loss=0.872262 (45ms)
  step 2/1562: loss=0.729054 (48ms)
  step 100/1562: loss=0.901142 (46ms)
  step 200/1562: loss=0.870711 (44ms)
  step 300/1562: loss=0.755718 (44ms)
  step 400/1562: loss=0.817664 (43ms)
  step 500/1562: loss=0.711696 (40ms)
  step 600/1562: loss=0.698939 (48ms)
  step 700/1562: loss=0.927871 (40ms)
  step 800/1562: loss=0.697255 (47ms)
  step 900/1562: loss=0.924163 (44ms)
  step 1000/1562: loss=0.750505 (45ms)
  step 1100/1562: loss=0.724563 (40ms)
  step 1200/1562: loss=0.993129 (48ms)
  step 1300/1562: loss=0.819129 (47ms)
  step 1400/1562: loss=0.829549 (44ms)
  step 1500/1562: loss=0.789921 (41ms)
Epoch 24/30: loss=0.842613 lr=0.000146 (69451ms)
  step 0/1562: loss=0.714971 (54ms)
  step 1/1562: loss=0.726421 (50ms)
  step 2/1562: loss=0.761412 (48ms)
  step 100/1562: loss=0.800523 (47ms)
  step 200/1562: loss=0.789540 (46ms)
  step 300/1562: loss=0.909335 (48ms)
  step 400/1562: loss=0.829247 (45ms)
  step 500/1562: loss=0.885879 (45ms)
  step 600/1562: loss=0.882753 (42ms)
  step 700/1562: loss=0.883992 (45ms)
  step 800/1562: loss=0.891860 (46ms)
  step 900/1562: loss=0.885573 (39ms)
  step 1000/1562: loss=0.762814 (46ms)
  step 1100/1562: loss=0.844702 (42ms)
  step 1200/1562: loss=0.766945 (47ms)
  step 1300/1562: loss=0.764840 (45ms)
  step 1400/1562: loss=0.722381 (42ms)
  step 1500/1562: loss=0.734266 (44ms)
Epoch 25/30: loss=0.832113 lr=0.000109 (69615ms)
  step 0/1562: loss=0.787887 (57ms)
  step 1/1562: loss=0.845583 (52ms)
  step 2/1562: loss=0.978307 (47ms)
  step 100/1562: loss=0.717495 (45ms)
  step 200/1562: loss=0.819392 (45ms)
  step 300/1562: loss=0.708533 (40ms)
  step 400/1562: loss=0.870217 (44ms)
  step 500/1562: loss=0.959729 (42ms)
  step 600/1562: loss=0.767385 (42ms)
  step 700/1562: loss=0.818537 (44ms)
  step 800/1562: loss=0.783562 (41ms)
  step 900/1562: loss=0.749561 (45ms)
  step 1000/1562: loss=0.821177 (45ms)
  step 1100/1562: loss=0.830241 (46ms)
  step 1200/1562: loss=0.867954 (44ms)
  step 1300/1562: loss=0.842492 (45ms)
  step 1400/1562: loss=0.771059 (45ms)
  step 1500/1562: loss=0.769200 (42ms)
Epoch 26/30: loss=0.825794 lr=0.000077 (69330ms)
  step 0/1562: loss=0.666607 (54ms)
  step 1/1562: loss=0.848381 (50ms)
  step 2/1562: loss=0.926263 (45ms)
  step 100/1562: loss=0.824747 (41ms)
  step 200/1562: loss=0.783152 (42ms)
  step 300/1562: loss=0.802835 (44ms)
  step 400/1562: loss=0.995599 (43ms)
  step 500/1562: loss=0.832561 (42ms)
  step 600/1562: loss=0.962506 (45ms)
  step 700/1562: loss=0.782146 (43ms)
  step 800/1562: loss=0.882104 (45ms)
  step 900/1562: loss=0.891892 (41ms)
  step 1000/1562: loss=0.767366 (44ms)
  step 1100/1562: loss=0.779873 (43ms)
  step 1200/1562: loss=0.693643 (46ms)
  step 1300/1562: loss=0.846358 (47ms)
  step 1400/1562: loss=0.914146 (40ms)
  step 1500/1562: loss=0.742567 (43ms)
Epoch 27/30: loss=0.821985 lr=0.000050 (69316ms)
  step 0/1562: loss=0.923700 (60ms)
  step 1/1562: loss=0.735192 (50ms)
  step 2/1562: loss=0.820926 (44ms)
  step 100/1562: loss=0.637008 (47ms)
  step 200/1562: loss=0.773164 (39ms)
  step 300/1562: loss=0.866360 (45ms)
  step 400/1562: loss=0.838649 (45ms)
  step 500/1562: loss=0.765497 (46ms)
  step 600/1562: loss=0.804116 (44ms)
  step 700/1562: loss=0.703669 (44ms)
  step 800/1562: loss=0.777195 (44ms)
  step 900/1562: loss=0.926058 (44ms)
  step 1000/1562: loss=0.912841 (45ms)
  step 1100/1562: loss=0.850782 (45ms)
  step 1200/1562: loss=0.815154 (42ms)
  step 1300/1562: loss=0.705094 (44ms)
  step 1400/1562: loss=0.717691 (42ms)
  step 1500/1562: loss=0.892321 (45ms)
Epoch 28/30: loss=0.819225 lr=0.000028 (68942ms)
  step 0/1562: loss=0.940906 (52ms)
  step 1/1562: loss=0.769861 (50ms)
  step 2/1562: loss=0.852539 (50ms)
  step 100/1562: loss=0.795987 (41ms)
  step 200/1562: loss=0.850335 (43ms)
  step 300/1562: loss=0.720459 (41ms)
  step 400/1562: loss=0.854625 (46ms)
  step 500/1562: loss=0.869940 (44ms)
  step 600/1562: loss=0.852245 (42ms)
  step 700/1562: loss=0.826223 (40ms)
  step 800/1562: loss=0.732056 (44ms)
  step 900/1562: loss=0.869774 (47ms)
  step 1000/1562: loss=0.790465 (47ms)
  step 1100/1562: loss=0.995066 (45ms)
  step 1200/1562: loss=0.733200 (42ms)
  step 1300/1562: loss=0.823010 (45ms)
  step 1400/1562: loss=0.886868 (44ms)
  step 1500/1562: loss=0.818675 (41ms)
Epoch 29/30: loss=0.814844 lr=0.000013 (69294ms)
  step 0/1562: loss=0.767831 (53ms)
  step 1/1562: loss=0.801589 (43ms)
  step 2/1562: loss=0.724824 (44ms)
  step 100/1562: loss=0.881254 (42ms)
  step 200/1562: loss=0.778174 (46ms)
  step 300/1562: loss=0.853899 (41ms)
  step 400/1562: loss=0.695972 (47ms)
  step 500/1562: loss=0.752026 (43ms)
  step 600/1562: loss=0.981511 (45ms)
  step 700/1562: loss=0.815288 (41ms)
  step 800/1562: loss=0.923122 (43ms)
  step 900/1562: loss=0.871334 (45ms)
  step 1000/1562: loss=0.935711 (42ms)
  step 1100/1562: loss=0.749191 (47ms)
  step 1200/1562: loss=0.861781 (42ms)
  step 1300/1562: loss=0.852970 (40ms)
  step 1400/1562: loss=0.875189 (46ms)
  step 1500/1562: loss=0.788025 (40ms)
Epoch 30/30: loss=0.811700 lr=0.000003 (68927ms)
  val accuracy (running BN): 7620/9984 = 76.322115%
Saved params + BN stats.
