Ablation: convnext-mini-relu
  spec: ConvNeXt-Mini-ReLU, optimizer: Adam
  lr: 0.001000, cosine: true, wd: 0.000100
  aug: true, label_smooth: 0.100000
ConvNeXt-Mini-ReLU-convnext-mini-relu: 102474 params
Generating train step MLIR...
  189104 chars
Compiling vmfbs...
  forward compiled
  eval forward compiled
  train step compiled
  session loaded
  train: 50000 images (3072 floats/image)
  102474 params + m + v (1 MB)
training: 1562 batches/epoch, batch=32, Adam, lr=0.001000, cosine warmup=2, label_smooth=0.100000, wd=0.000100
  BN layers: 1, BN stat floats: 64
  step 0/1562: loss=2.819776 (60ms)
  step 1/1562: loss=3.121174 (45ms)
  step 2/1562: loss=2.635294 (50ms)
  step 100/1562: loss=2.181012 (47ms)
  step 200/1562: loss=2.045712 (49ms)
  step 300/1562: loss=1.998215 (50ms)
  step 400/1562: loss=2.082341 (50ms)
  step 500/1562: loss=1.787170 (45ms)
  step 600/1562: loss=1.740543 (46ms)
  step 700/1562: loss=1.932069 (51ms)
  step 800/1562: loss=1.903958 (45ms)
  step 900/1562: loss=1.653965 (46ms)
  step 1000/1562: loss=1.549720 (47ms)
  step 1100/1562: loss=1.694450 (46ms)
  step 1200/1562: loss=1.809325 (52ms)
  step 1300/1562: loss=1.563619 (46ms)
  step 1400/1562: loss=1.315557 (51ms)
  step 1500/1562: loss=1.579902 (46ms)
Epoch 1/30: loss=1.829050 lr=0.000500 (76461ms)
  step 0/1562: loss=1.727810 (53ms)
  step 1/1562: loss=1.732140 (46ms)
  step 2/1562: loss=1.626585 (49ms)
  step 100/1562: loss=1.715826 (50ms)
  step 200/1562: loss=1.623792 (48ms)
  step 300/1562: loss=1.361665 (50ms)
  step 400/1562: loss=1.437032 (50ms)
  step 500/1562: loss=1.621776 (49ms)
  step 600/1562: loss=1.445235 (53ms)
  step 700/1562: loss=1.602054 (50ms)
  step 800/1562: loss=1.478696 (47ms)
  step 900/1562: loss=1.318169 (49ms)
  step 1000/1562: loss=1.371084 (51ms)
  step 1100/1562: loss=1.617459 (45ms)
  step 1200/1562: loss=1.533852 (47ms)
  step 1300/1562: loss=1.548679 (49ms)
  step 1400/1562: loss=1.585183 (47ms)
  step 1500/1562: loss=1.223761 (46ms)
Epoch 2/30: loss=1.578333 lr=0.001000 (75805ms)
  step 0/1562: loss=1.446173 (60ms)
  step 1/1562: loss=1.536151 (50ms)
  step 2/1562: loss=1.278659 (49ms)
  step 100/1562: loss=1.504139 (51ms)
  step 200/1562: loss=1.358322 (50ms)
  step 300/1562: loss=1.389534 (49ms)
  step 400/1562: loss=1.315732 (48ms)
  step 500/1562: loss=1.374022 (46ms)
  step 600/1562: loss=1.469140 (51ms)
  step 700/1562: loss=1.343143 (52ms)
  step 800/1562: loss=1.286638 (48ms)
  step 900/1562: loss=1.407144 (49ms)
  step 1000/1562: loss=1.387365 (49ms)
  step 1100/1562: loss=1.731919 (53ms)
  step 1200/1562: loss=1.347088 (49ms)
  step 1300/1562: loss=1.188633 (51ms)
  step 1400/1562: loss=1.413866 (52ms)
  step 1500/1562: loss=1.310336 (50ms)
Epoch 3/30: loss=1.433914 lr=0.001000 (75754ms)
  step 0/1562: loss=1.228224 (54ms)
  step 1/1562: loss=1.544420 (46ms)
  step 2/1562: loss=1.670114 (48ms)
  step 100/1562: loss=1.258359 (49ms)
  step 200/1562: loss=1.282685 (54ms)
  step 300/1562: loss=1.145205 (48ms)
  step 400/1562: loss=1.179615 (46ms)
  step 500/1562: loss=1.469054 (46ms)
  step 600/1562: loss=1.660285 (50ms)
  step 700/1562: loss=1.325263 (48ms)
  step 800/1562: loss=1.246309 (48ms)
  step 900/1562: loss=1.425946 (47ms)
  step 1000/1562: loss=1.375934 (51ms)
  step 1100/1562: loss=1.229622 (48ms)
  step 1200/1562: loss=1.417442 (51ms)
  step 1300/1562: loss=1.114030 (47ms)
  step 1400/1562: loss=1.214988 (50ms)
  step 1500/1562: loss=1.299142 (51ms)
Epoch 4/30: loss=1.351368 lr=0.000997 (75746ms)
  step 0/1562: loss=1.202037 (61ms)
  step 1/1562: loss=1.243739 (52ms)
  step 2/1562: loss=1.075820 (50ms)
  step 100/1562: loss=1.299528 (46ms)
  step 200/1562: loss=1.243578 (49ms)
  step 300/1562: loss=1.113730 (49ms)
  step 400/1562: loss=1.150693 (48ms)
  step 500/1562: loss=1.364608 (50ms)
  step 600/1562: loss=1.369441 (49ms)
  step 700/1562: loss=1.465104 (46ms)
  step 800/1562: loss=1.174270 (49ms)
  step 900/1562: loss=1.313190 (47ms)
  step 1000/1562: loss=1.217751 (48ms)
  step 1100/1562: loss=1.328302 (52ms)
  step 1200/1562: loss=1.310346 (49ms)
  step 1300/1562: loss=1.151537 (49ms)
  step 1400/1562: loss=1.583635 (46ms)
  step 1500/1562: loss=1.405144 (47ms)
Epoch 5/30: loss=1.299125 lr=0.000987 (75886ms)
  step 0/1562: loss=1.352881 (57ms)
  step 1/1562: loss=1.244261 (51ms)
  step 2/1562: loss=1.253096 (51ms)
  step 100/1562: loss=1.272458 (51ms)
  step 200/1562: loss=1.227642 (48ms)
  step 300/1562: loss=1.230758 (48ms)
  step 400/1562: loss=1.124774 (50ms)
  step 500/1562: loss=1.237481 (51ms)
  step 600/1562: loss=1.394347 (50ms)
  step 700/1562: loss=1.326401 (46ms)
  step 800/1562: loss=1.233346 (50ms)
  step 900/1562: loss=1.533064 (49ms)
  step 1000/1562: loss=1.134067 (45ms)
  step 1100/1562: loss=1.545816 (49ms)
  step 1200/1562: loss=1.182523 (46ms)
  step 1300/1562: loss=1.334990 (49ms)
  step 1400/1562: loss=1.074235 (50ms)
  step 1500/1562: loss=1.268336 (53ms)
Epoch 6/30: loss=1.247497 lr=0.000972 (75618ms)
  step 0/1562: loss=1.255594 (55ms)
  step 1/1562: loss=1.325165 (49ms)
  step 2/1562: loss=1.162283 (46ms)
  step 100/1562: loss=1.110990 (50ms)
  step 200/1562: loss=1.025161 (52ms)
  step 300/1562: loss=1.498144 (52ms)
  step 400/1562: loss=1.159439 (46ms)
  step 500/1562: loss=1.368081 (45ms)
  step 600/1562: loss=1.165259 (48ms)
  step 700/1562: loss=1.200413 (46ms)
  step 800/1562: loss=1.031586 (46ms)
  step 900/1562: loss=1.188250 (51ms)
  step 1000/1562: loss=1.028885 (49ms)
  step 1100/1562: loss=1.157179 (47ms)
  step 1200/1562: loss=1.334796 (48ms)
  step 1300/1562: loss=1.169561 (52ms)
  step 1400/1562: loss=0.961609 (53ms)
  step 1500/1562: loss=1.454019 (45ms)
Epoch 7/30: loss=1.205490 lr=0.000950 (75771ms)
  step 0/1562: loss=0.983835 (53ms)
  step 1/1562: loss=1.140746 (47ms)
  step 2/1562: loss=1.349210 (48ms)
  step 100/1562: loss=1.062688 (50ms)
  step 200/1562: loss=1.173297 (45ms)
  step 300/1562: loss=1.201609 (45ms)
  step 400/1562: loss=1.051170 (46ms)
  step 500/1562: loss=1.347756 (47ms)
  step 600/1562: loss=1.146534 (47ms)
  step 700/1562: loss=1.142971 (48ms)
  step 800/1562: loss=1.083940 (47ms)
  step 900/1562: loss=1.397188 (51ms)
  step 1000/1562: loss=1.104314 (51ms)
  step 1100/1562: loss=1.235882 (45ms)
  step 1200/1562: loss=1.301836 (47ms)
  step 1300/1562: loss=1.293953 (49ms)
  step 1400/1562: loss=1.341218 (53ms)
  step 1500/1562: loss=1.015444 (53ms)
Epoch 8/30: loss=1.171354 lr=0.000923 (75823ms)
  step 0/1562: loss=0.990296 (53ms)
  step 1/1562: loss=0.990368 (52ms)
  step 2/1562: loss=1.221829 (50ms)
  step 100/1562: loss=1.563526 (51ms)
  step 200/1562: loss=1.120252 (45ms)
  step 300/1562: loss=1.082931 (46ms)
  step 400/1562: loss=0.914722 (50ms)
  step 500/1562: loss=1.224754 (49ms)
  step 600/1562: loss=1.373582 (49ms)
  step 700/1562: loss=1.185079 (46ms)
  step 800/1562: loss=1.233043 (52ms)
  step 900/1562: loss=1.167424 (50ms)
  step 1000/1562: loss=1.308808 (47ms)
  step 1100/1562: loss=0.909590 (47ms)
  step 1200/1562: loss=1.089958 (45ms)
  step 1300/1562: loss=1.459525 (50ms)
  step 1400/1562: loss=1.012687 (49ms)
  step 1500/1562: loss=1.213904 (47ms)
Epoch 9/30: loss=1.138487 lr=0.000891 (76023ms)
  step 0/1562: loss=0.880275 (55ms)
  step 1/1562: loss=1.140687 (50ms)
  step 2/1562: loss=1.236954 (48ms)
  step 100/1562: loss=1.227214 (48ms)
  step 200/1562: loss=0.993224 (47ms)
  step 300/1562: loss=1.081637 (49ms)
  step 400/1562: loss=1.342832 (48ms)
  step 500/1562: loss=1.007555 (49ms)
  step 600/1562: loss=1.223772 (50ms)
  step 700/1562: loss=1.353790 (53ms)
  step 800/1562: loss=1.426866 (48ms)
  step 900/1562: loss=1.069939 (50ms)
  step 1000/1562: loss=0.922053 (53ms)
  step 1100/1562: loss=1.173438 (46ms)
  step 1200/1562: loss=1.166903 (49ms)
  step 1300/1562: loss=1.048290 (50ms)
  step 1400/1562: loss=1.037192 (48ms)
  step 1500/1562: loss=1.240778 (45ms)
Epoch 10/30: loss=1.112509 lr=0.000854 (76085ms)
  val accuracy (running BN): 7250/9984 = 72.616186%
  step 0/1562: loss=1.044046 (59ms)
  step 1/1562: loss=1.154651 (46ms)
  step 2/1562: loss=0.926072 (47ms)
  step 100/1562: loss=1.306611 (49ms)
  step 200/1562: loss=1.173312 (49ms)
  step 300/1562: loss=1.074326 (48ms)
  step 400/1562: loss=0.896350 (45ms)
  step 500/1562: loss=0.883823 (46ms)
  step 600/1562: loss=0.973000 (46ms)
  step 700/1562: loss=1.263379 (51ms)
  step 800/1562: loss=0.903316 (45ms)
  step 900/1562: loss=1.380900 (46ms)
  step 1000/1562: loss=0.897434 (46ms)
  step 1100/1562: loss=0.945881 (51ms)
  step 1200/1562: loss=1.096683 (51ms)
  step 1300/1562: loss=1.136428 (50ms)
  step 1400/1562: loss=1.090695 (45ms)
  step 1500/1562: loss=1.069126 (47ms)
Epoch 11/30: loss=1.082415 lr=0.000812 (75078ms)
  step 0/1562: loss=1.137638 (55ms)
  step 1/1562: loss=1.090439 (50ms)
  step 2/1562: loss=1.015708 (48ms)
  step 100/1562: loss=0.988442 (45ms)
  step 200/1562: loss=0.858425 (50ms)
  step 300/1562: loss=1.046520 (50ms)
  step 400/1562: loss=0.969280 (47ms)
  step 500/1562: loss=0.943562 (48ms)
  step 600/1562: loss=1.163246 (50ms)
  step 700/1562: loss=1.088629 (51ms)
  step 800/1562: loss=1.005930 (46ms)
  step 900/1562: loss=1.004849 (50ms)
  step 1000/1562: loss=0.902508 (45ms)
  step 1100/1562: loss=1.060873 (49ms)
  step 1200/1562: loss=1.000403 (46ms)
  step 1300/1562: loss=1.086126 (50ms)
  step 1400/1562: loss=1.326239 (49ms)
  step 1500/1562: loss=0.940043 (50ms)
Epoch 12/30: loss=1.061377 lr=0.000766 (75674ms)
  step 0/1562: loss=1.069434 (59ms)
  step 1/1562: loss=0.999143 (52ms)
  step 2/1562: loss=1.225988 (51ms)
  step 100/1562: loss=1.118395 (51ms)
  step 200/1562: loss=1.011881 (50ms)
  step 300/1562: loss=0.973670 (46ms)
  step 400/1562: loss=0.992327 (45ms)
  step 500/1562: loss=1.048953 (46ms)
  step 600/1562: loss=0.992259 (44ms)
  step 700/1562: loss=1.142190 (49ms)
  step 800/1562: loss=1.012810 (46ms)
  step 900/1562: loss=1.058103 (50ms)
  step 1000/1562: loss=1.064975 (45ms)
  step 1100/1562: loss=1.056958 (45ms)
  step 1200/1562: loss=1.103604 (50ms)
  step 1300/1562: loss=1.229492 (53ms)
  step 1400/1562: loss=1.094760 (44ms)
  step 1500/1562: loss=0.925169 (48ms)
Epoch 13/30: loss=1.040051 lr=0.000717 (75296ms)
  step 0/1562: loss=0.862264 (59ms)
  step 1/1562: loss=1.000324 (51ms)
  step 2/1562: loss=1.051106 (51ms)
  step 100/1562: loss=0.714869 (51ms)
  step 200/1562: loss=1.043711 (48ms)
  step 300/1562: loss=0.958001 (46ms)
  step 400/1562: loss=1.021518 (48ms)
  step 500/1562: loss=1.032193 (45ms)
  step 600/1562: loss=1.008834 (50ms)
  step 700/1562: loss=0.992188 (48ms)
  step 800/1562: loss=0.982556 (48ms)
  step 900/1562: loss=0.959609 (45ms)
  step 1000/1562: loss=0.936181 (48ms)
  step 1100/1562: loss=0.903328 (49ms)
  step 1200/1562: loss=1.027695 (49ms)
  step 1300/1562: loss=0.901345 (49ms)
  step 1400/1562: loss=0.930785 (50ms)
  step 1500/1562: loss=0.991327 (49ms)
Epoch 14/30: loss=1.016587 lr=0.000665 (75440ms)
  step 0/1562: loss=0.957071 (57ms)
  step 1/1562: loss=1.061416 (47ms)
  step 2/1562: loss=1.014081 (47ms)
  step 100/1562: loss=0.883044 (49ms)
  step 200/1562: loss=1.023470 (48ms)
  step 300/1562: loss=1.058434 (50ms)
  step 400/1562: loss=1.026457 (48ms)
  step 500/1562: loss=0.866476 (46ms)
  step 600/1562: loss=0.868625 (46ms)
  step 700/1562: loss=0.908446 (49ms)
  step 800/1562: loss=0.929908 (48ms)
  step 900/1562: loss=0.854786 (46ms)
  step 1000/1562: loss=1.089809 (45ms)
  step 1100/1562: loss=1.028666 (49ms)
  step 1200/1562: loss=1.047435 (48ms)
  step 1300/1562: loss=1.304923 (47ms)
  step 1400/1562: loss=1.044045 (50ms)
  step 1500/1562: loss=0.824853 (45ms)
Epoch 15/30: loss=0.996772 lr=0.000611 (75682ms)
  step 0/1562: loss=0.787146 (57ms)
  step 1/1562: loss=0.958609 (52ms)
  step 2/1562: loss=0.790452 (47ms)
  step 100/1562: loss=1.210868 (45ms)
  step 200/1562: loss=1.208173 (48ms)
  step 300/1562: loss=0.878513 (48ms)
  step 400/1562: loss=0.988627 (48ms)
  step 500/1562: loss=1.274348 (45ms)
  step 600/1562: loss=0.973529 (46ms)
  step 700/1562: loss=1.076389 (50ms)
  step 800/1562: loss=0.928652 (46ms)
  step 900/1562: loss=1.172665 (49ms)
  step 1000/1562: loss=0.871263 (50ms)
  step 1100/1562: loss=1.069511 (46ms)
  step 1200/1562: loss=1.082374 (47ms)
  step 1300/1562: loss=0.974237 (45ms)
  step 1400/1562: loss=0.949478 (49ms)
  step 1500/1562: loss=1.212271 (45ms)
Epoch 16/30: loss=0.980359 lr=0.000556 (75198ms)
  step 0/1562: loss=0.854403 (53ms)
  step 1/1562: loss=0.829522 (45ms)
  step 2/1562: loss=0.859539 (50ms)
  step 100/1562: loss=0.807301 (48ms)
  step 200/1562: loss=0.941973 (48ms)
  step 300/1562: loss=0.823516 (46ms)
  step 400/1562: loss=1.015372 (51ms)
  step 500/1562: loss=1.023450 (48ms)
  step 600/1562: loss=1.056608 (51ms)
  step 700/1562: loss=1.074257 (45ms)
  step 800/1562: loss=0.937158 (50ms)
  step 900/1562: loss=0.886063 (49ms)
  step 1000/1562: loss=1.112773 (46ms)
  step 1100/1562: loss=0.758512 (52ms)
  step 1200/1562: loss=1.087902 (46ms)
  step 1300/1562: loss=0.853770 (51ms)
  step 1400/1562: loss=0.959394 (49ms)
  step 1500/1562: loss=0.805458 (46ms)
Epoch 17/30: loss=0.962249 lr=0.000500 (75387ms)
  step 0/1562: loss=0.970340 (53ms)
  step 1/1562: loss=0.978366 (51ms)
  step 2/1562: loss=0.833677 (47ms)
  step 100/1562: loss=0.884945 (46ms)
  step 200/1562: loss=0.794969 (45ms)
  step 300/1562: loss=0.857625 (51ms)
  step 400/1562: loss=0.931970 (51ms)
  step 500/1562: loss=0.950176 (47ms)
  step 600/1562: loss=1.068888 (48ms)
  step 700/1562: loss=0.799963 (50ms)
  step 800/1562: loss=0.912998 (47ms)
  step 900/1562: loss=0.744058 (45ms)
  step 1000/1562: loss=0.954884 (44ms)
  step 1100/1562: loss=1.038573 (46ms)
  step 1200/1562: loss=0.927266 (49ms)
  step 1300/1562: loss=0.894295 (50ms)
  step 1400/1562: loss=0.875446 (48ms)
  step 1500/1562: loss=1.050612 (46ms)
Epoch 18/30: loss=0.946069 lr=0.000444 (75059ms)
  step 0/1562: loss=1.004426 (54ms)
  step 1/1562: loss=0.771430 (47ms)
  step 2/1562: loss=1.182476 (49ms)
  step 100/1562: loss=0.988495 (50ms)
  step 200/1562: loss=0.852494 (48ms)
  step 300/1562: loss=0.899430 (49ms)
  step 400/1562: loss=0.899956 (48ms)
  step 500/1562: loss=0.879673 (45ms)
  step 600/1562: loss=0.925045 (47ms)
  step 700/1562: loss=0.920949 (50ms)
  step 800/1562: loss=0.765081 (45ms)
  step 900/1562: loss=0.812142 (48ms)
  step 1000/1562: loss=1.042919 (51ms)
  step 1100/1562: loss=0.785323 (44ms)
  step 1200/1562: loss=0.963720 (49ms)
  step 1300/1562: loss=0.909277 (45ms)
  step 1400/1562: loss=0.907610 (49ms)
  step 1500/1562: loss=0.887495 (49ms)
Epoch 19/30: loss=0.928183 lr=0.000389 (75109ms)
  step 0/1562: loss=0.921022 (55ms)
  step 1/1562: loss=1.096578 (53ms)
  step 2/1562: loss=0.856568 (52ms)
  step 100/1562: loss=0.968414 (45ms)
  step 200/1562: loss=1.073664 (47ms)
  step 300/1562: loss=0.862019 (49ms)
  step 400/1562: loss=0.986790 (51ms)
  step 500/1562: loss=0.854411 (48ms)
  step 600/1562: loss=0.929072 (52ms)
  step 700/1562: loss=0.952128 (46ms)
  step 800/1562: loss=0.863054 (49ms)
  step 900/1562: loss=0.898091 (48ms)
  step 1000/1562: loss=1.137306 (47ms)
  step 1100/1562: loss=0.972918 (49ms)
  step 1200/1562: loss=0.835980 (46ms)
  step 1300/1562: loss=0.966489 (48ms)
  step 1400/1562: loss=0.923478 (48ms)
  step 1500/1562: loss=0.802355 (50ms)
Epoch 20/30: loss=0.914431 lr=0.000335 (74951ms)
  val accuracy (running BN): 7552/9984 = 75.641026%
  step 0/1562: loss=0.801725 (57ms)
  step 1/1562: loss=0.789505 (52ms)
  step 2/1562: loss=0.863200 (53ms)
  step 100/1562: loss=0.955487 (49ms)
  step 200/1562: loss=0.929109 (45ms)
  step 300/1562: loss=0.793154 (45ms)
  step 400/1562: loss=0.829701 (47ms)
  step 500/1562: loss=0.728801 (45ms)
  step 600/1562: loss=0.934079 (49ms)
  step 700/1562: loss=0.782978 (46ms)
  step 800/1562: loss=0.848476 (47ms)
  step 900/1562: loss=1.032717 (49ms)
  step 1000/1562: loss=0.895349 (48ms)
  step 1100/1562: loss=0.957000 (48ms)
  step 1200/1562: loss=0.736774 (46ms)
  step 1300/1562: loss=0.955907 (50ms)
  step 1400/1562: loss=1.030628 (49ms)
  step 1500/1562: loss=0.951524 (50ms)
Epoch 21/30: loss=0.901819 lr=0.000283 (74978ms)
  step 0/1562: loss=0.926170 (54ms)
  step 1/1562: loss=0.913071 (51ms)
  step 2/1562: loss=0.760267 (51ms)
  step 100/1562: loss=0.891605 (46ms)
  step 200/1562: loss=0.803203 (46ms)
  step 300/1562: loss=0.892502 (49ms)
  step 400/1562: loss=0.920379 (45ms)
  step 500/1562: loss=0.981035 (49ms)
  step 600/1562: loss=1.016539 (49ms)
  step 700/1562: loss=0.835267 (45ms)
  step 800/1562: loss=0.892593 (47ms)
  step 900/1562: loss=0.875370 (46ms)
  step 1000/1562: loss=0.881277 (49ms)
  step 1100/1562: loss=0.783292 (48ms)
  step 1200/1562: loss=0.889306 (45ms)
  step 1300/1562: loss=1.137724 (45ms)
  step 1400/1562: loss=0.986195 (49ms)
  step 1500/1562: loss=1.130920 (46ms)
Epoch 22/30: loss=0.888336 lr=0.000234 (75024ms)
  step 0/1562: loss=0.873703 (58ms)
  step 1/1562: loss=0.797358 (51ms)
  step 2/1562: loss=0.943633 (49ms)
  step 100/1562: loss=0.780739 (48ms)
  step 200/1562: loss=0.817896 (46ms)
  step 300/1562: loss=0.823086 (45ms)
  step 400/1562: loss=0.732328 (50ms)
  step 500/1562: loss=0.950289 (50ms)
  step 600/1562: loss=0.857941 (53ms)
  step 700/1562: loss=1.204616 (48ms)
  step 800/1562: loss=0.876988 (46ms)
  step 900/1562: loss=0.966934 (45ms)
  step 1000/1562: loss=1.056561 (45ms)
  step 1100/1562: loss=0.926007 (44ms)
  step 1200/1562: loss=0.846283 (48ms)
  step 1300/1562: loss=0.903053 (51ms)
  step 1400/1562: loss=0.846808 (50ms)
  step 1500/1562: loss=0.858481 (49ms)
Epoch 23/30: loss=0.879531 lr=0.000188 (75345ms)
  step 0/1562: loss=0.832647 (54ms)
  step 1/1562: loss=0.877621 (47ms)
  step 2/1562: loss=0.767572 (46ms)
  step 100/1562: loss=0.943545 (49ms)
  step 200/1562: loss=0.949868 (45ms)
  step 300/1562: loss=0.850746 (46ms)
  step 400/1562: loss=0.828262 (46ms)
  step 500/1562: loss=0.769794 (45ms)
  step 600/1562: loss=0.778141 (49ms)
  step 700/1562: loss=0.910704 (44ms)
  step 800/1562: loss=0.867638 (48ms)
  step 900/1562: loss=0.963539 (47ms)
  step 1000/1562: loss=0.760419 (45ms)
  step 1100/1562: loss=0.719088 (44ms)
  step 1200/1562: loss=0.981218 (50ms)
  step 1300/1562: loss=0.794143 (45ms)
  step 1400/1562: loss=0.865735 (48ms)
  step 1500/1562: loss=0.771338 (50ms)
Epoch 24/30: loss=0.870479 lr=0.000146 (75486ms)
  step 0/1562: loss=0.715407 (59ms)
  step 1/1562: loss=0.739997 (55ms)
  step 2/1562: loss=0.686938 (47ms)
  step 100/1562: loss=0.854746 (50ms)
  step 200/1562: loss=0.781488 (51ms)
  step 300/1562: loss=0.907570 (47ms)
  step 400/1562: loss=0.881678 (45ms)
  step 500/1562: loss=0.871962 (49ms)
  step 600/1562: loss=0.900781 (46ms)
  step 700/1562: loss=0.932784 (46ms)
  step 800/1562: loss=0.864016 (46ms)
  step 900/1562: loss=0.853453 (49ms)
  step 1000/1562: loss=0.772199 (49ms)
  step 1100/1562: loss=0.876323 (52ms)
  step 1200/1562: loss=0.761501 (52ms)
  step 1300/1562: loss=0.821115 (45ms)
  step 1400/1562: loss=0.716606 (49ms)
  step 1500/1562: loss=0.757201 (50ms)
Epoch 25/30: loss=0.859270 lr=0.000109 (75472ms)
  step 0/1562: loss=0.792316 (58ms)
  step 1/1562: loss=0.789783 (51ms)
  step 2/1562: loss=0.958705 (50ms)
  step 100/1562: loss=0.737556 (46ms)
  step 200/1562: loss=0.804105 (49ms)
  step 300/1562: loss=0.753006 (48ms)
  step 400/1562: loss=0.887718 (50ms)
  step 500/1562: loss=1.003038 (44ms)
  step 600/1562: loss=0.812847 (45ms)
  step 700/1562: loss=0.815270 (47ms)
  step 800/1562: loss=0.817923 (48ms)
  step 900/1562: loss=0.779209 (49ms)
  step 1000/1562: loss=0.849499 (44ms)
  step 1100/1562: loss=0.877991 (44ms)
  step 1200/1562: loss=0.817838 (44ms)
  step 1300/1562: loss=0.842489 (45ms)
  step 1400/1562: loss=0.797759 (46ms)
  step 1500/1562: loss=0.792733 (48ms)
Epoch 26/30: loss=0.851854 lr=0.000077 (75381ms)
  step 0/1562: loss=0.693787 (56ms)
  step 1/1562: loss=0.924376 (50ms)
  step 2/1562: loss=0.919064 (48ms)
  step 100/1562: loss=0.751794 (50ms)
  step 200/1562: loss=0.737167 (49ms)
  step 300/1562: loss=0.813441 (51ms)
  step 400/1562: loss=0.996373 (49ms)
  step 500/1562: loss=0.894888 (49ms)
  step 600/1562: loss=0.964635 (48ms)
  step 700/1562: loss=0.845222 (51ms)
  step 800/1562: loss=0.866020 (44ms)
  step 900/1562: loss=0.906956 (53ms)
  step 1000/1562: loss=0.825603 (48ms)
  step 1100/1562: loss=0.829522 (48ms)
  step 1200/1562: loss=0.707541 (46ms)
  step 1300/1562: loss=0.778154 (49ms)
  step 1400/1562: loss=0.926022 (44ms)
  step 1500/1562: loss=0.852669 (51ms)
Epoch 27/30: loss=0.849438 lr=0.000050 (75320ms)
  step 0/1562: loss=0.903242 (54ms)
  step 1/1562: loss=0.758486 (48ms)
  step 2/1562: loss=0.892029 (47ms)
  step 100/1562: loss=0.635546 (47ms)
  step 200/1562: loss=0.784893 (45ms)
  step 300/1562: loss=0.910377 (46ms)
  step 400/1562: loss=0.854314 (49ms)
  step 500/1562: loss=0.814726 (46ms)
  step 600/1562: loss=0.827548 (48ms)
  step 700/1562: loss=0.763876 (50ms)
  step 800/1562: loss=0.810851 (45ms)
  step 900/1562: loss=0.915031 (50ms)
  step 1000/1562: loss=0.937755 (48ms)
  step 1100/1562: loss=0.783656 (43ms)
  step 1200/1562: loss=0.800489 (49ms)
  step 1300/1562: loss=0.757243 (45ms)
  step 1400/1562: loss=0.811393 (50ms)
  step 1500/1562: loss=0.925710 (46ms)
Epoch 28/30: loss=0.845164 lr=0.000028 (75358ms)
  step 0/1562: loss=0.994741 (55ms)
  step 1/1562: loss=0.760512 (46ms)
  step 2/1562: loss=1.009809 (51ms)
  step 100/1562: loss=0.900232 (49ms)
  step 200/1562: loss=0.895047 (52ms)
  step 300/1562: loss=0.756934 (50ms)
  step 400/1562: loss=0.943758 (47ms)
  step 500/1562: loss=0.880364 (47ms)
  step 600/1562: loss=0.880264 (50ms)
  step 700/1562: loss=0.807131 (46ms)
  step 800/1562: loss=0.773623 (52ms)
  step 900/1562: loss=0.936725 (48ms)
  step 1000/1562: loss=0.838326 (46ms)
  step 1100/1562: loss=0.977308 (48ms)
  step 1200/1562: loss=0.768380 (45ms)
  step 1300/1562: loss=0.820968 (47ms)
  step 1400/1562: loss=0.896991 (51ms)
  step 1500/1562: loss=0.871234 (51ms)
Epoch 29/30: loss=0.843224 lr=0.000013 (75169ms)
  step 0/1562: loss=0.834348 (53ms)
  step 1/1562: loss=0.775528 (46ms)
  step 2/1562: loss=0.843844 (48ms)
  step 100/1562: loss=0.859954 (52ms)
  step 200/1562: loss=0.836885 (48ms)
  step 300/1562: loss=0.920869 (50ms)
  step 400/1562: loss=0.703481 (46ms)
  step 500/1562: loss=0.808545 (48ms)
  step 600/1562: loss=1.010721 (52ms)
  step 700/1562: loss=0.902674 (45ms)
  step 800/1562: loss=0.869006 (46ms)
  step 900/1562: loss=0.807470 (47ms)
  step 1000/1562: loss=0.977507 (47ms)
  step 1100/1562: loss=0.844084 (47ms)
  step 1200/1562: loss=0.910277 (49ms)
  step 1300/1562: loss=0.834444 (44ms)
  step 1400/1562: loss=0.839932 (48ms)
  step 1500/1562: loss=0.737947 (47ms)
Epoch 30/30: loss=0.839426 lr=0.000003 (75246ms)
  val accuracy (running BN): 7612/9984 = 76.241987%
Saved params + BN stats.
